#
# A fatal error has been detected by the Java Runtime Environment:
#
#  EXCEPTION_ACCESS_VIOLATION (0xc0000005) at pc=0x00007fff7d936a87, pid=8292, tid=2592
#
# JRE version: OpenJDK Runtime Environment (17.0+35) (build 17+35-2724)
# Java VM: OpenJDK 64-Bit Server VM (17+35-2724, mixed mode, sharing, tiered, compressed oops, compressed class ptrs, g1 gc, windows-amd64)
# Problematic frame:
# C  [glass.dll+0x26a87]
#
# No core dump will be written. Minidumps are not enabled by default on client versions of Windows
#
# If you would like to submit a bug report, please visit:
#   https://bugreport.java.com/bugreport/crash.jsp
#

---------------  S U M M A R Y ------------

Command Line: -javaagent:C:\Program Files\JetBrains\IntelliJ IDEA Community Edition 2021.2.2\lib\idea_rt.jar=63923:C:\Program Files\JetBrains\IntelliJ IDEA Community Edition 2021.2.2\bin -Dfile.encoding=UTF-8 --module-path=C:\Users\Nikita\.m2\repository\org\openjfx\javafx-fxml\17-ea+11\javafx-fxml-17-ea+11-win.jar;C:\Users\Nikita\IdeaProjects\ProgectKurs\target\classes;C:\Users\Nikita\.m2\repository\org\openjfx\javafx-base\17-ea+11\javafx-base-17-ea+11-win.jar;C:\Users\Nikita\.m2\repository\org\openjfx\javafx-graphics\17-ea+11\javafx-graphics-17-ea+11-win.jar;C:\Users\Nikita\.m2\repository\org\openjfx\javafx-controls\17-ea+11\javafx-controls-17-ea+11-win.jar -Djdk.module.main=com.example.progectkurs com.example.progectkurs/com.example.progectkurs.Main

Host: Intel(R) Core(TM) i3-7100 CPU @ 3.90GHz, 4 cores, 15G,  Windows 10 , 64 bit Build 17763 (10.0.17763.2989)
Time: Sat Jul  9 15:47:11 2022 RTZ 2 (зима) elapsed time: 30.462997 seconds (0d 0h 0m 30s)

---------------  T H R E A D  ---------------

Current thread (0x000001ad2f5124b0):  VMThread "VM Thread" [stack: 0x0000003100b00000,0x0000003100c00000] [id=2592]

Stack: [0x0000003100b00000,0x0000003100c00000],  sp=0x0000003100bff390,  free space=1020k
Native frames: (J=compiled Java code, j=interpreted, Vv=VM code, C=native code)
C  [glass.dll+0x26a87]


siginfo: EXCEPTION_ACCESS_VIOLATION (0xc0000005), reading address 0x0000000000000000


Register to memory mapping:

RIP=0x00007fff7d936a87 glass.dll
RAX=0x0 is NULL
RBX=0x000001ad2f51f520 is a global jni handle
RCX=0x000001ad2f5124b0 points into unknown readable memory: 0x00007fff5e95c540 | 40 c5 95 5e ff 7f 00 00
RDX=0x0000003100bff390 points into unknown readable memory: 0x0000000000000000 | 00 00 00 00 00 00 00 00
RSP=0x0000003100bff390 points into unknown readable memory: 0x0000000000000000 | 00 00 00 00 00 00 00 00
RBP=0x000001ad3090aec8 points into unknown readable memory: 0x00002edcd2c6e063 | 63 e0 c6 d2 dc 2e 00 00
RSI=0x000001ad3090aea0 points into unknown readable memory: 0xec99ddbcd2c51f98 | 98 1f c5 d2 bc dd 99 ec
RDI=0x00002edcd2c6e063 is an unknown value
R8 =0x0000000000010002 is an unknown value
R9 =0x00002edcd2c6e063 is an unknown value
R10=0x000001ad0aeb0000 points into unknown readable memory: 0x0000000000000000 | 00 00 00 00 00 00 00 00
R11=0x0000003100bff290 points into unknown readable memory: 0x000001ad30a2b7a0 | a0 b7 a2 30 ad 01 00 00
R12=0x00007fff7d934354 glass.dll
R13=0x00007fff5eb02940 jvm.dll
R14=0x0000003100bff488 points into unknown readable memory: 0x0000003100bff470 | 70 f4 bf 00 31 00 00 00
R15=0x000001ad3090aea0 points into unknown readable memory: 0xec99ddbcd2c51f98 | 98 1f c5 d2 bc dd 99 ec


Registers:
RAX=0x0000000000000000, RBX=0x000001ad2f51f520, RCX=0x000001ad2f5124b0, RDX=0x0000003100bff390
RSP=0x0000003100bff390, RBP=0x000001ad3090aec8, RSI=0x000001ad3090aea0, RDI=0x00002edcd2c6e063
R8 =0x0000000000010002, R9 =0x00002edcd2c6e063, R10=0x000001ad0aeb0000, R11=0x0000003100bff290
R12=0x00007fff7d934354, R13=0x00007fff5eb02940, R14=0x0000003100bff488, R15=0x000001ad3090aea0
RIP=0x00007fff7d936a87, EFLAGS=0x0000000000010206

Top of Stack: (sp=0x0000003100bff390)
0x0000003100bff390:   0000000000000000 000001ad00000000
0x0000003100bff3a0:   000001ad3090aea0 00007fff7d9471a0
0x0000003100bff3b0:   000001ad3090aea8 00007fff94c61cf6
0x0000003100bff3c0:   00002edcd2c6e063 000001ad00000000
0x0000003100bff3d0:   0000000000000001 00007fff94c5f114
0x0000003100bff3e0:   fffffffffffffffe 0000000000000001
0x0000003100bff3f0:   0000000000000001 00007fff7d910000
0x0000003100bff400:   0000003100bff478 00007fff94c61c1b
0x0000003100bff410:   0000000000000000 0000003100bff488
0x0000003100bff420:   0000003100bff750 00007fff94d3c130
0x0000003100bff430:   0000000000000001 00007fff94c61bd4
0x0000003100bff440:   0000000000000000 0000000000000001
0x0000003100bff450:   0000000000000000 0000003100bff478
0x0000003100bff460:   ffffffff00000001 00007fff7d9341e1
0x0000003100bff470:   00007fff7d94a138 00007fff00000002
0x0000003100bff480:   0000000000000002 0000003100bff470 

Instructions: (pc=0x00007fff7d936a87)
0x00007fff7d936987:   8b 4d 58 e8 01 cf ff ff 48 8b 4d 60 e8 f8 ce ff
0x00007fff7d936997:   ff 48 8b 95 80 00 00 00 48 8b 8d 18 01 00 00 e8
0x00007fff7d9369a7:   c6 c3 ff ff 33 d2 33 c9 e8 3c e1 ff ff 90 48 89
0x00007fff7d9369b7:   54 24 10 55 48 83 ec 20 48 8b ea 48 b8 00 00 00
0x00007fff7d9369c7:   00 00 00 00 00 48 83 c4 20 5d c3 cc 40 55 48 8b
0x00007fff7d9369d7:   ea 48 8b 01 33 c9 81 38 05 00 00 c0 0f 94 c1 8b
0x00007fff7d9369e7:   c1 5d c3 cc 40 55 48 83 ec 20 48 8b ea 8a 4d 40
0x00007fff7d9369f7:   48 83 c4 20 5d e9 f7 d2 ff ff cc 40 55 48 83 ec
0x00007fff7d936a07:   20 48 8b ea 8a 4d 20 e8 e5 d2 ff ff 90 48 83 c4
0x00007fff7d936a17:   20 5d c3 cc 40 55 48 83 ec 20 48 8b ea 48 83 c4
0x00007fff7d936a27:   20 5d e9 46 d1 ff ff cc 40 55 48 83 ec 30 48 8b
0x00007fff7d936a37:   ea 48 8b 01 8b 10 48 89 4c 24 28 89 54 24 20 4c
0x00007fff7d936a47:   8d 0d e7 d5 ff ff 4c 8b 45 70 8b 55 68 48 8b 4d
0x00007fff7d936a57:   60 e8 87 d0 ff ff 90 48 83 c4 30 5d c3 cc cc cc
0x00007fff7d936a67:   cc cc cc cc cc cc cc cc cc 40 53 48 83 ec 20 48
0x00007fff7d936a77:   8b 1d b3 30 01 00 48 85 db 74 16 e8 09 8b ff ff
0x00007fff7d936a87:   4c 8b 00 48 8b d3 48 8b c8 41 ff 90 b0 00 00 00
0x00007fff7d936a97:   90 48 83 c4 20 5b c3 cc cc 40 53 48 83 ec 20 48
0x00007fff7d936aa7:   8b 1d 2b 32 01 00 48 85 db 74 57 b8 ff ff ff ff
0x00007fff7d936ab7:   f0 0f c1 43 10 83 f8 01 75 3d 48 85 db 74 38 48
0x00007fff7d936ac7:   8b 0b 48 85 c9 74 0d ff 15 d4 07 00 00 48 c7 03
0x00007fff7d936ad7:   00 00 00 00 48 8b 4b 08 48 85 c9 74 0d e8 a7 cd
0x00007fff7d936ae7:   ff ff 48 c7 43 08 00 00 00 00 ba 18 00 00 00 48
0x00007fff7d936af7:   8b cb e8 92 cd ff ff 48 c7 05 cf 31 01 00 00 00
0x00007fff7d936b07:   00 00 48 83 c4 20 5b c3 cc 40 53 48 83 ec 20 48
0x00007fff7d936b17:   8b 1d 9b 31 01 00 48 85 db 74 57 b8 ff ff ff ff
0x00007fff7d936b27:   f0 0f c1 43 10 83 f8 01 75 3d 48 85 db 74 38 48
0x00007fff7d936b37:   8b 0b 48 85 c9 74 0d ff 15 64 07 00 00 48 c7 03
0x00007fff7d936b47:   00 00 00 00 48 8b 4b 08 48 85 c9 74 0d e8 37 cd
0x00007fff7d936b57:   ff ff 48 c7 43 08 00 00 00 00 ba 18 00 00 00 48
0x00007fff7d936b67:   8b cb e8 22 cd ff ff 48 c7 05 3f 31 01 00 00 00
0x00007fff7d936b77:   00 00 48 83 c4 20 5b c3 cc 40 53 48 83 ec 20 48 


Stack slot to memory mapping:
stack at sp + 0 slots: 0x0 is NULL
stack at sp + 1 slots: 0x000001ad00000000 is an unknown value
stack at sp + 2 slots: 0x000001ad3090aea0 points into unknown readable memory: 0xec99ddbcd2c51f98 | 98 1f c5 d2 bc dd 99 ec
stack at sp + 3 slots: 0x00007fff7d9471a0 glass.dll
stack at sp + 4 slots: 0x000001ad3090aea8 points into unknown readable memory: 0x00002edcd2c6e063 | 63 e0 c6 d2 dc 2e 00 00
stack at sp + 5 slots: 0x00007fff94c61cf6 ucrtbase.dll
stack at sp + 6 slots: 0x00002edcd2c6e063 is an unknown value
stack at sp + 7 slots: 0x000001ad00000000 is an unknown value

VM_Operation (0x0000003102aff250): Exit, mode: safepoint, requested by thread 0x000001ad3556d510


---------------  P R O C E S S  ---------------

Threads class SMR info:
_java_thread_list=0x000001ad3571b980, length=21, elements={
0x000001ad0d094f70, 0x000001ad2f518ca0, 0x000001ad2f51ab20, 0x000001ad2f52e360,
0x000001ad2f530d20, 0x000001ad2f5316d0, 0x000001ad2f532460, 0x000001ad300339c0,
0x000001ad30038bb0, 0x000001ad3009adb0, 0x000001ad305a4b60, 0x000001ad305a5030,
0x000001ad3093c0b0, 0x000001ad30a2c9a0, 0x000001ad309ea9f0, 0x000001ad35319a30,
0x000001ad30a531b0, 0x000001ad35486e20, 0x000001ad3556a9c0, 0x000001ad3556d510,
0x000001ad3556bd00
}

Java Threads: ( => current thread )
  0x000001ad0d094f70 JavaThread "main" [_thread_blocked, id=13388, stack(0x0000003100500000,0x0000003100600000)]
  0x000001ad2f518ca0 JavaThread "Reference Handler" daemon [_thread_blocked, id=5040, stack(0x0000003100c00000,0x0000003100d00000)]
  0x000001ad2f51ab20 JavaThread "Finalizer" daemon [_thread_blocked, id=6616, stack(0x0000003100d00000,0x0000003100e00000)]
  0x000001ad2f52e360 JavaThread "Attach Listener" daemon [_thread_blocked, id=10944, stack(0x0000003100f00000,0x0000003101000000)]
  0x000001ad2f530d20 JavaThread "Service Thread" daemon [_thread_blocked, id=13836, stack(0x0000003101000000,0x0000003101100000)]
  0x000001ad2f5316d0 JavaThread "Monitor Deflation Thread" daemon [_thread_blocked, id=12620, stack(0x0000003101100000,0x0000003101200000)]
  0x000001ad2f532460 JavaThread "C2 CompilerThread0" daemon [_thread_blocked, id=18396, stack(0x0000003101200000,0x0000003101300000)]
  0x000001ad300339c0 JavaThread "C1 CompilerThread0" daemon [_thread_blocked, id=17800, stack(0x0000003101300000,0x0000003101400000)]
  0x000001ad30038bb0 JavaThread "Sweeper thread" daemon [_thread_blocked, id=14028, stack(0x0000003101400000,0x0000003101500000)]
  0x000001ad3009adb0 JavaThread "Common-Cleaner" daemon [_thread_blocked, id=11256, stack(0x0000003101500000,0x0000003101600000)]
  0x000001ad305a4b60 JavaThread "Monitor Ctrl-Break" daemon [_thread_in_native, id=6632, stack(0x0000003101700000,0x0000003101800000)]
  0x000001ad305a5030 JavaThread "Notification Thread" daemon [_thread_blocked, id=1616, stack(0x0000003101800000,0x0000003101900000)]
  0x000001ad3093c0b0 JavaThread "QuantumRenderer-0" daemon [_thread_blocked, id=12044, stack(0x0000003101c00000,0x0000003101d00000)]
  0x000001ad30a2c9a0 JavaThread "InvokeLaterDispatcher" daemon [_thread_blocked, id=648, stack(0x0000003101e00000,0x0000003101f00000)]
  0x000001ad309ea9f0 JavaThread "JavaFX Application Thread" [_thread_in_native, id=17008, stack(0x0000003101f00000,0x0000003102000000)]
  0x000001ad35319a30 JavaThread "JavaFX-Launcher" [_thread_blocked, id=10196, stack(0x0000003102200000,0x0000003102300000)]
  0x000001ad30a531b0 JavaThread "Thread-2" daemon [_thread_in_native, id=16844, stack(0x0000003102100000,0x0000003102200000)]
  0x000001ad35486e20 JavaThread "Prism Font Disposer" daemon [_thread_blocked, id=16480, stack(0x0000003102300000,0x0000003102400000)]
  0x000001ad3556a9c0 JavaThread "Cleaner-0" daemon [_thread_blocked, id=17420, stack(0x0000003102800000,0x0000003102900000)]
  0x000001ad3556d510 JavaThread "SIGINT handler" daemon [_thread_blocked, id=11148, stack(0x0000003102a00000,0x0000003102b00000)]
  0x000001ad3556bd00 JavaThread "Glass/Prism Shutdown Hook" [_thread_blocked, id=13756, stack(0x0000003102c00000,0x0000003102d00000)]

Other Threads:
=>0x000001ad2f5124b0 VMThread "VM Thread" [stack: 0x0000003100b00000,0x0000003100c00000] [id=2592]
  0x000001ad0d0e1ca0 GCTaskThread "GC Thread#0" [stack: 0x0000003100600000,0x0000003100700000] [id=4664]
  0x000001ad3077afc0 GCTaskThread "GC Thread#1" [stack: 0x0000003101600000,0x0000003101700000] [id=4540]
  0x000001ad3077b270 GCTaskThread "GC Thread#2" [stack: 0x0000003101a00000,0x0000003101b00000] [id=13028]
  0x000001ad307b8040 GCTaskThread "GC Thread#3" [stack: 0x0000003101b00000,0x0000003101c00000] [id=15604]
  0x000001ad0d0f3b70 ConcurrentGCThread "G1 Main Marker" terminated
  0x000001ad0d0f4580 ConcurrentGCThread "G1 Conc#0" [stack: 0x0000003100800000,0x0000003100900000] [id=13612]
  0x000001ad2f3d20c0 ConcurrentGCThread "G1 Refine#0" terminated
  0x000001ad2f3d2ae0 ConcurrentGCThread "G1 Service" terminated

Threads with active compile tasks:
C1 CompilerThread0  
[error occurred during error reporting (printing all threads), id 0xc0000005, EXCEPTION_ACCESS_VIOLATION (0xc0000005) at pc=0x00007fff5e76ce63]

VM state: at safepoint (shutting down)

VM Mutex/Monitor currently owned by a thread:  ([mutex/lock_event])
[0x000001ad0d091120] Threads_lock - owner thread: 0x000001ad2f5124b0
[0x000001ad0d091510] Heap_lock - owner thread: 0x000001ad3556d510

Heap address: 0x0000000700800000, size: 4088 MB, Compressed Oops mode: Zero based, Oop shift amount: 3

CDS archive(s) mapped at: [0x0000000800000000-0x0000000800bc0000-0x0000000800bc0000), size 12320768, SharedBaseAddress: 0x0000000800000000, ArchiveRelocationMode: 0.
Compressed class space mapped at: 0x0000000800c00000-0x0000000840c00000, reserved size: 1073741824
Narrow klass base: 0x0000000800000000, Narrow klass shift: 0, Narrow klass range: 0x100000000

GC Precious Log:
 CPUs: 4 total, 4 available
 Memory: 16347M
 Large Page Support: Disabled
 NUMA Support: Disabled
 Compressed Oops: Enabled (Zero based)
 Heap Region Size: 2M
 Heap Min Capacity: 8M
 Heap Initial Capacity: 256M
 Heap Max Capacity: 4088M
 Pre-touch: Disabled
 Parallel Workers: 4
 Concurrent Workers: 1
 Concurrent Refinement Workers: 4
 Periodic GC: Disabled

Heap:
 garbage-first heap   total 262144K, used 47479K [0x0000000700800000, 0x0000000800000000)
  region size 2048K, 23 young (47104K), 2 survivors (4096K)
 Metaspace       used 15529K, committed 15744K, reserved 1064960K
  class space    used 2162K, committed 2304K, reserved 1048576K

Heap Regions: E=young(eden), S=young(survivor), O=old, HS=humongous(starts), HC=humongous(continues), CS=collection set, F=free, OA=open archive, CA=closed archive, TAMS=top-at-mark-start (previous, next)
|   0|0x0000000700800000, 0x000000070085dc00, 0x0000000700a00000| 18%| O|  |TAMS 0x0000000700800000, 0x0000000700800000| Untracked 
|   1|0x0000000700a00000, 0x0000000700c00000, 0x0000000700c00000|100%|HS|  |TAMS 0x0000000700a00000, 0x0000000700a00000| Complete 
|   2|0x0000000700c00000, 0x0000000700c00000, 0x0000000700e00000|  0%| F|  |TAMS 0x0000000700c00000, 0x0000000700c00000| Untracked 
|   3|0x0000000700e00000, 0x0000000700e00000, 0x0000000701000000|  0%| F|  |TAMS 0x0000000700e00000, 0x0000000700e00000| Untracked 
|   4|0x0000000701000000, 0x0000000701000000, 0x0000000701200000|  0%| F|  |TAMS 0x0000000701000000, 0x0000000701000000| Untracked 
|   5|0x0000000701200000, 0x0000000701200000, 0x0000000701400000|  0%| F|  |TAMS 0x0000000701200000, 0x0000000701200000| Untracked 
|   6|0x0000000701400000, 0x0000000701400000, 0x0000000701600000|  0%| F|  |TAMS 0x0000000701400000, 0x0000000701400000| Untracked 
|   7|0x0000000701600000, 0x0000000701600000, 0x0000000701800000|  0%| F|  |TAMS 0x0000000701600000, 0x0000000701600000| Untracked 
|   8|0x0000000701800000, 0x0000000701800000, 0x0000000701a00000|  0%| F|  |TAMS 0x0000000701800000, 0x0000000701800000| Untracked 
|   9|0x0000000701a00000, 0x0000000701a00000, 0x0000000701c00000|  0%| F|  |TAMS 0x0000000701a00000, 0x0000000701a00000| Untracked 
|  10|0x0000000701c00000, 0x0000000701c00000, 0x0000000701e00000|  0%| F|  |TAMS 0x0000000701c00000, 0x0000000701c00000| Untracked 
|  11|0x0000000701e00000, 0x0000000701e00000, 0x0000000702000000|  0%| F|  |TAMS 0x0000000701e00000, 0x0000000701e00000| Untracked 
|  12|0x0000000702000000, 0x0000000702000000, 0x0000000702200000|  0%| F|  |TAMS 0x0000000702000000, 0x0000000702000000| Untracked 
|  13|0x0000000702200000, 0x0000000702200000, 0x0000000702400000|  0%| F|  |TAMS 0x0000000702200000, 0x0000000702200000| Untracked 
|  14|0x0000000702400000, 0x0000000702400000, 0x0000000702600000|  0%| F|  |TAMS 0x0000000702400000, 0x0000000702400000| Untracked 
|  15|0x0000000702600000, 0x0000000702600000, 0x0000000702800000|  0%| F|  |TAMS 0x0000000702600000, 0x0000000702600000| Untracked 
|  16|0x0000000702800000, 0x0000000702800000, 0x0000000702a00000|  0%| F|  |TAMS 0x0000000702800000, 0x0000000702800000| Untracked 
|  17|0x0000000702a00000, 0x0000000702a00000, 0x0000000702c00000|  0%| F|  |TAMS 0x0000000702a00000, 0x0000000702a00000| Untracked 
|  18|0x0000000702c00000, 0x0000000702c00000, 0x0000000702e00000|  0%| F|  |TAMS 0x0000000702c00000, 0x0000000702c00000| Untracked 
|  19|0x0000000702e00000, 0x0000000702e00000, 0x0000000703000000|  0%| F|  |TAMS 0x0000000702e00000, 0x0000000702e00000| Untracked 
|  20|0x0000000703000000, 0x0000000703000000, 0x0000000703200000|  0%| F|  |TAMS 0x0000000703000000, 0x0000000703000000| Untracked 
|  21|0x0000000703200000, 0x0000000703200000, 0x0000000703400000|  0%| F|  |TAMS 0x0000000703200000, 0x0000000703200000| Untracked 
|  22|0x0000000703400000, 0x0000000703400000, 0x0000000703600000|  0%| F|  |TAMS 0x0000000703400000, 0x0000000703400000| Untracked 
|  23|0x0000000703600000, 0x0000000703600000, 0x0000000703800000|  0%| F|  |TAMS 0x0000000703600000, 0x0000000703600000| Untracked 
|  24|0x0000000703800000, 0x0000000703800000, 0x0000000703a00000|  0%| F|  |TAMS 0x0000000703800000, 0x0000000703800000| Untracked 
|  25|0x0000000703a00000, 0x0000000703a00000, 0x0000000703c00000|  0%| F|  |TAMS 0x0000000703a00000, 0x0000000703a00000| Untracked 
|  26|0x0000000703c00000, 0x0000000703c00000, 0x0000000703e00000|  0%| F|  |TAMS 0x0000000703c00000, 0x0000000703c00000| Untracked 
|  27|0x0000000703e00000, 0x0000000703e00000, 0x0000000704000000|  0%| F|  |TAMS 0x0000000703e00000, 0x0000000703e00000| Untracked 
|  28|0x0000000704000000, 0x0000000704000000, 0x0000000704200000|  0%| F|  |TAMS 0x0000000704000000, 0x0000000704000000| Untracked 
|  29|0x0000000704200000, 0x0000000704200000, 0x0000000704400000|  0%| F|  |TAMS 0x0000000704200000, 0x0000000704200000| Untracked 
|  30|0x0000000704400000, 0x0000000704400000, 0x0000000704600000|  0%| F|  |TAMS 0x0000000704400000, 0x0000000704400000| Untracked 
|  31|0x0000000704600000, 0x0000000704600000, 0x0000000704800000|  0%| F|  |TAMS 0x0000000704600000, 0x0000000704600000| Untracked 
|  32|0x0000000704800000, 0x0000000704800000, 0x0000000704a00000|  0%| F|  |TAMS 0x0000000704800000, 0x0000000704800000| Untracked 
|  33|0x0000000704a00000, 0x0000000704a00000, 0x0000000704c00000|  0%| F|  |TAMS 0x0000000704a00000, 0x0000000704a00000| Untracked 
|  34|0x0000000704c00000, 0x0000000704c00000, 0x0000000704e00000|  0%| F|  |TAMS 0x0000000704c00000, 0x0000000704c00000| Untracked 
|  35|0x0000000704e00000, 0x0000000704e00000, 0x0000000705000000|  0%| F|  |TAMS 0x0000000704e00000, 0x0000000704e00000| Untracked 
|  36|0x0000000705000000, 0x0000000705000000, 0x0000000705200000|  0%| F|  |TAMS 0x0000000705000000, 0x0000000705000000| Untracked 
|  37|0x0000000705200000, 0x0000000705200000, 0x0000000705400000|  0%| F|  |TAMS 0x0000000705200000, 0x0000000705200000| Untracked 
|  38|0x0000000705400000, 0x0000000705400000, 0x0000000705600000|  0%| F|  |TAMS 0x0000000705400000, 0x0000000705400000| Untracked 
|  39|0x0000000705600000, 0x0000000705600000, 0x0000000705800000|  0%| F|  |TAMS 0x0000000705600000, 0x0000000705600000| Untracked 
|  40|0x0000000705800000, 0x0000000705800000, 0x0000000705a00000|  0%| F|  |TAMS 0x0000000705800000, 0x0000000705800000| Untracked 
|  41|0x0000000705a00000, 0x0000000705a00000, 0x0000000705c00000|  0%| F|  |TAMS 0x0000000705a00000, 0x0000000705a00000| Untracked 
|  42|0x0000000705c00000, 0x0000000705c00000, 0x0000000705e00000|  0%| F|  |TAMS 0x0000000705c00000, 0x0000000705c00000| Untracked 
|  43|0x0000000705e00000, 0x0000000705e00000, 0x0000000706000000|  0%| F|  |TAMS 0x0000000705e00000, 0x0000000705e00000| Untracked 
|  44|0x0000000706000000, 0x0000000706000000, 0x0000000706200000|  0%| F|  |TAMS 0x0000000706000000, 0x0000000706000000| Untracked 
|  45|0x0000000706200000, 0x0000000706200000, 0x0000000706400000|  0%| F|  |TAMS 0x0000000706200000, 0x0000000706200000| Untracked 
|  46|0x0000000706400000, 0x0000000706400000, 0x0000000706600000|  0%| F|  |TAMS 0x0000000706400000, 0x0000000706400000| Untracked 
|  47|0x0000000706600000, 0x0000000706600000, 0x0000000706800000|  0%| F|  |TAMS 0x0000000706600000, 0x0000000706600000| Untracked 
|  48|0x0000000706800000, 0x0000000706800000, 0x0000000706a00000|  0%| F|  |TAMS 0x0000000706800000, 0x0000000706800000| Untracked 
|  49|0x0000000706a00000, 0x0000000706a00000, 0x0000000706c00000|  0%| F|  |TAMS 0x0000000706a00000, 0x0000000706a00000| Untracked 
|  50|0x0000000706c00000, 0x0000000706c00000, 0x0000000706e00000|  0%| F|  |TAMS 0x0000000706c00000, 0x0000000706c00000| Untracked 
|  51|0x0000000706e00000, 0x0000000706e00000, 0x0000000707000000|  0%| F|  |TAMS 0x0000000706e00000, 0x0000000706e00000| Untracked 
|  52|0x0000000707000000, 0x0000000707000000, 0x0000000707200000|  0%| F|  |TAMS 0x0000000707000000, 0x0000000707000000| Untracked 
|  53|0x0000000707200000, 0x0000000707200000, 0x0000000707400000|  0%| F|  |TAMS 0x0000000707200000, 0x0000000707200000| Untracked 
|  54|0x0000000707400000, 0x0000000707400000, 0x0000000707600000|  0%| F|  |TAMS 0x0000000707400000, 0x0000000707400000| Untracked 
|  55|0x0000000707600000, 0x0000000707600000, 0x0000000707800000|  0%| F|  |TAMS 0x0000000707600000, 0x0000000707600000| Untracked 
|  56|0x0000000707800000, 0x0000000707800000, 0x0000000707a00000|  0%| F|  |TAMS 0x0000000707800000, 0x0000000707800000| Untracked 
|  57|0x0000000707a00000, 0x0000000707a00000, 0x0000000707c00000|  0%| F|  |TAMS 0x0000000707a00000, 0x0000000707a00000| Untracked 
|  58|0x0000000707c00000, 0x0000000707c00000, 0x0000000707e00000|  0%| F|  |TAMS 0x0000000707c00000, 0x0000000707c00000| Untracked 
|  59|0x0000000707e00000, 0x0000000707e00000, 0x0000000708000000|  0%| F|  |TAMS 0x0000000707e00000, 0x0000000707e00000| Untracked 
|  60|0x0000000708000000, 0x0000000708000000, 0x0000000708200000|  0%| F|  |TAMS 0x0000000708000000, 0x0000000708000000| Untracked 
|  61|0x0000000708200000, 0x0000000708200000, 0x0000000708400000|  0%| F|  |TAMS 0x0000000708200000, 0x0000000708200000| Untracked 
|  62|0x0000000708400000, 0x0000000708400000, 0x0000000708600000|  0%| F|  |TAMS 0x0000000708400000, 0x0000000708400000| Untracked 
|  63|0x0000000708600000, 0x0000000708600000, 0x0000000708800000|  0%| F|  |TAMS 0x0000000708600000, 0x0000000708600000| Untracked 
|  64|0x0000000708800000, 0x0000000708800000, 0x0000000708a00000|  0%| F|  |TAMS 0x0000000708800000, 0x0000000708800000| Untracked 
|  65|0x0000000708a00000, 0x0000000708a00000, 0x0000000708c00000|  0%| F|  |TAMS 0x0000000708a00000, 0x0000000708a00000| Untracked 
|  66|0x0000000708c00000, 0x0000000708c00000, 0x0000000708e00000|  0%| F|  |TAMS 0x0000000708c00000, 0x0000000708c00000| Untracked 
|  67|0x0000000708e00000, 0x0000000708e00000, 0x0000000709000000|  0%| F|  |TAMS 0x0000000708e00000, 0x0000000708e00000| Untracked 
|  68|0x0000000709000000, 0x0000000709000000, 0x0000000709200000|  0%| F|  |TAMS 0x0000000709000000, 0x0000000709000000| Untracked 
|  69|0x0000000709200000, 0x0000000709200000, 0x0000000709400000|  0%| F|  |TAMS 0x0000000709200000, 0x0000000709200000| Untracked 
|  70|0x0000000709400000, 0x0000000709400000, 0x0000000709600000|  0%| F|  |TAMS 0x0000000709400000, 0x0000000709400000| Untracked 
|  71|0x0000000709600000, 0x0000000709600000, 0x0000000709800000|  0%| F|  |TAMS 0x0000000709600000, 0x0000000709600000| Untracked 
|  72|0x0000000709800000, 0x0000000709800000, 0x0000000709a00000|  0%| F|  |TAMS 0x0000000709800000, 0x0000000709800000| Untracked 
|  73|0x0000000709a00000, 0x0000000709a00000, 0x0000000709c00000|  0%| F|  |TAMS 0x0000000709a00000, 0x0000000709a00000| Untracked 
|  74|0x0000000709c00000, 0x0000000709c00000, 0x0000000709e00000|  0%| F|  |TAMS 0x0000000709c00000, 0x0000000709c00000| Untracked 
|  75|0x0000000709e00000, 0x0000000709e00000, 0x000000070a000000|  0%| F|  |TAMS 0x0000000709e00000, 0x0000000709e00000| Untracked 
|  76|0x000000070a000000, 0x000000070a000000, 0x000000070a200000|  0%| F|  |TAMS 0x000000070a000000, 0x000000070a000000| Untracked 
|  77|0x000000070a200000, 0x000000070a200000, 0x000000070a400000|  0%| F|  |TAMS 0x000000070a200000, 0x000000070a200000| Untracked 
|  78|0x000000070a400000, 0x000000070a400000, 0x000000070a600000|  0%| F|  |TAMS 0x000000070a400000, 0x000000070a400000| Untracked 
|  79|0x000000070a600000, 0x000000070a600000, 0x000000070a800000|  0%| F|  |TAMS 0x000000070a600000, 0x000000070a600000| Untracked 
|  80|0x000000070a800000, 0x000000070a800000, 0x000000070aa00000|  0%| F|  |TAMS 0x000000070a800000, 0x000000070a800000| Untracked 
|  81|0x000000070aa00000, 0x000000070aa00000, 0x000000070ac00000|  0%| F|  |TAMS 0x000000070aa00000, 0x000000070aa00000| Untracked 
|  82|0x000000070ac00000, 0x000000070ac00000, 0x000000070ae00000|  0%| F|  |TAMS 0x000000070ac00000, 0x000000070ac00000| Untracked 
|  83|0x000000070ae00000, 0x000000070ae00000, 0x000000070b000000|  0%| F|  |TAMS 0x000000070ae00000, 0x000000070ae00000| Untracked 
|  84|0x000000070b000000, 0x000000070b000000, 0x000000070b200000|  0%| F|  |TAMS 0x000000070b000000, 0x000000070b000000| Untracked 
|  85|0x000000070b200000, 0x000000070b200000, 0x000000070b400000|  0%| F|  |TAMS 0x000000070b200000, 0x000000070b200000| Untracked 
|  86|0x000000070b400000, 0x000000070b400000, 0x000000070b600000|  0%| F|  |TAMS 0x000000070b400000, 0x000000070b400000| Untracked 
|  87|0x000000070b600000, 0x000000070b600000, 0x000000070b800000|  0%| F|  |TAMS 0x000000070b600000, 0x000000070b600000| Untracked 
|  88|0x000000070b800000, 0x000000070b800000, 0x000000070ba00000|  0%| F|  |TAMS 0x000000070b800000, 0x000000070b800000| Untracked 
|  89|0x000000070ba00000, 0x000000070ba00000, 0x000000070bc00000|  0%| F|  |TAMS 0x000000070ba00000, 0x000000070ba00000| Untracked 
|  90|0x000000070bc00000, 0x000000070bc00000, 0x000000070be00000|  0%| F|  |TAMS 0x000000070bc00000, 0x000000070bc00000| Untracked 
|  91|0x000000070be00000, 0x000000070be00000, 0x000000070c000000|  0%| F|  |TAMS 0x000000070be00000, 0x000000070be00000| Untracked 
|  92|0x000000070c000000, 0x000000070c000000, 0x000000070c200000|  0%| F|  |TAMS 0x000000070c000000, 0x000000070c000000| Untracked 
|  93|0x000000070c200000, 0x000000070c200000, 0x000000070c400000|  0%| F|  |TAMS 0x000000070c200000, 0x000000070c200000| Untracked 
|  94|0x000000070c400000, 0x000000070c400000, 0x000000070c600000|  0%| F|  |TAMS 0x000000070c400000, 0x000000070c400000| Untracked 
|  95|0x000000070c600000, 0x000000070c600000, 0x000000070c800000|  0%| F|  |TAMS 0x000000070c600000, 0x000000070c600000| Untracked 
|  96|0x000000070c800000, 0x000000070c800000, 0x000000070ca00000|  0%| F|  |TAMS 0x000000070c800000, 0x000000070c800000| Untracked 
|  97|0x000000070ca00000, 0x000000070ca00000, 0x000000070cc00000|  0%| F|  |TAMS 0x000000070ca00000, 0x000000070ca00000| Untracked 
|  98|0x000000070cc00000, 0x000000070cc00000, 0x000000070ce00000|  0%| F|  |TAMS 0x000000070cc00000, 0x000000070cc00000| Untracked 
|  99|0x000000070ce00000, 0x000000070ce00000, 0x000000070d000000|  0%| F|  |TAMS 0x000000070ce00000, 0x000000070ce00000| Untracked 
| 100|0x000000070d000000, 0x000000070d000000, 0x000000070d200000|  0%| F|  |TAMS 0x000000070d000000, 0x000000070d000000| Untracked 
| 101|0x000000070d200000, 0x000000070d200000, 0x000000070d400000|  0%| F|  |TAMS 0x000000070d200000, 0x000000070d200000| Untracked 
| 102|0x000000070d400000, 0x000000070d400000, 0x000000070d600000|  0%| F|  |TAMS 0x000000070d400000, 0x000000070d400000| Untracked 
| 103|0x000000070d600000, 0x000000070d600000, 0x000000070d800000|  0%| F|  |TAMS 0x000000070d600000, 0x000000070d600000| Untracked 
| 104|0x000000070d800000, 0x000000070d800000, 0x000000070da00000|  0%| F|  |TAMS 0x000000070d800000, 0x000000070d800000| Untracked 
| 105|0x000000070da00000, 0x000000070db2f9f0, 0x000000070dc00000| 59%| E|  |TAMS 0x000000070da00000, 0x000000070da00000| Complete 
| 106|0x000000070dc00000, 0x000000070de00000, 0x000000070de00000|100%| E|CS|TAMS 0x000000070dc00000, 0x000000070dc00000| Complete 
| 107|0x000000070de00000, 0x000000070e000000, 0x000000070e000000|100%| E|CS|TAMS 0x000000070de00000, 0x000000070de00000| Complete 
| 108|0x000000070e000000, 0x000000070e200000, 0x000000070e200000|100%| E|CS|TAMS 0x000000070e000000, 0x000000070e000000| Complete 
| 109|0x000000070e200000, 0x000000070e400000, 0x000000070e400000|100%| E|CS|TAMS 0x000000070e200000, 0x000000070e200000| Complete 
| 110|0x000000070e400000, 0x000000070e600000, 0x000000070e600000|100%| E|CS|TAMS 0x000000070e400000, 0x000000070e400000| Complete 
| 111|0x000000070e600000, 0x000000070e800000, 0x000000070e800000|100%| E|CS|TAMS 0x000000070e600000, 0x000000070e600000| Complete 
| 112|0x000000070e800000, 0x000000070ea00000, 0x000000070ea00000|100%| E|CS|TAMS 0x000000070e800000, 0x000000070e800000| Complete 
| 113|0x000000070ea00000, 0x000000070ec00000, 0x000000070ec00000|100%| E|CS|TAMS 0x000000070ea00000, 0x000000070ea00000| Complete 
| 114|0x000000070ec00000, 0x000000070ee00000, 0x000000070ee00000|100%| E|CS|TAMS 0x000000070ec00000, 0x000000070ec00000| Complete 
| 115|0x000000070ee00000, 0x000000070f000000, 0x000000070f000000|100%| E|CS|TAMS 0x000000070ee00000, 0x000000070ee00000| Complete 
| 116|0x000000070f000000, 0x000000070f200000, 0x000000070f200000|100%| E|CS|TAMS 0x000000070f000000, 0x000000070f000000| Complete 
| 117|0x000000070f200000, 0x000000070f400000, 0x000000070f400000|100%| S|CS|TAMS 0x000000070f200000, 0x000000070f200000| Complete 
| 118|0x000000070f400000, 0x000000070f600000, 0x000000070f600000|100%| S|CS|TAMS 0x000000070f400000, 0x000000070f400000| Complete 
| 119|0x000000070f600000, 0x000000070f800000, 0x000000070f800000|100%| E|CS|TAMS 0x000000070f600000, 0x000000070f600000| Complete 
| 120|0x000000070f800000, 0x000000070fa00000, 0x000000070fa00000|100%| E|CS|TAMS 0x000000070f800000, 0x000000070f800000| Complete 
| 121|0x000000070fa00000, 0x000000070fc00000, 0x000000070fc00000|100%| E|CS|TAMS 0x000000070fa00000, 0x000000070fa00000| Complete 
| 122|0x000000070fc00000, 0x000000070fe00000, 0x000000070fe00000|100%| E|CS|TAMS 0x000000070fc00000, 0x000000070fc00000| Complete 
| 123|0x000000070fe00000, 0x0000000710000000, 0x0000000710000000|100%| E|CS|TAMS 0x000000070fe00000, 0x000000070fe00000| Complete 
| 124|0x0000000710000000, 0x0000000710200000, 0x0000000710200000|100%| E|CS|TAMS 0x0000000710000000, 0x0000000710000000| Complete 
| 125|0x0000000710200000, 0x0000000710400000, 0x0000000710400000|100%| E|CS|TAMS 0x0000000710200000, 0x0000000710200000| Complete 
| 126|0x0000000710400000, 0x0000000710600000, 0x0000000710600000|100%| E|CS|TAMS 0x0000000710400000, 0x0000000710400000| Complete 
| 127|0x0000000710600000, 0x0000000710800000, 0x0000000710800000|100%| E|CS|TAMS 0x0000000710600000, 0x0000000710600000| Complete 

Card table byte_map: [0x000001ad24080000,0x000001ad24880000] _byte_map_base: 0x000001ad2087c000

Marking Bits (Prev, Next): (CMBitMap*) 0x000001ad0d0e32c0, (CMBitMap*) 0x000001ad0d0e3300
 Prev Bits: [0x000001ad25080000, 0x000001ad29060000)
 Next Bits: [0x000001ad29060000, 0x000001ad2d040000)

Polling page: 0x000001ad0afd0000

Metaspace:

Usage:
  Non-class:     13.05 MB used.
      Class:      2.11 MB used.
       Both:     15.17 MB used.

Virtual space:
  Non-class space:       16.00 MB reserved,      13.13 MB ( 82%) committed,  2 nodes.
      Class space:        1.00 GB reserved,       2.25 MB ( <1%) committed,  1 nodes.
             Both:        1.02 GB reserved,      15.38 MB (  1%) committed. 

Chunk freelists:
   Non-Class:  2.81 MB
       Class:  1.77 MB
        Both:  4.59 MB

MaxMetaspaceSize: unlimited
CompressedClassSpaceSize: 1.00 GB
Initial GC threshold: 21.00 MB
Current GC threshold: 21.00 MB
CDS: on
MetaspaceReclaimPolicy: balanced
 - commit_granule_bytes: 65536.
 - commit_granule_words: 8192.
 - virtual_space_node_default_size: 1048576.
 - enlarge_chunks_in_place: 1.
 - new_chunks_are_fully_committed: 0.
 - uncommit_free_chunks: 1.
 - use_allocation_guard: 0.
 - handle_deallocations: 1.


Internal statistics:

num_allocs_failed_limit: 0.
num_arena_births: 212.
num_arena_deaths: 0.
num_vsnodes_births: 3.
num_vsnodes_deaths: 0.
num_space_committed: 246.
num_space_uncommitted: 0.
num_chunks_returned_to_freelist: 0.
num_chunks_taken_from_freelist: 699.
num_chunk_merges: 0.
num_chunk_splits: 477.
num_chunks_enlarged: 371.
num_purges: 0.
num_inconsistent_stats: 0.

CodeHeap 'non-profiled nmethods': size=120000Kb used=1156Kb max_used=1156Kb free=118843Kb
 bounds [0x000001ad1c350000, 0x000001ad1c5c0000, 0x000001ad23880000]
CodeHeap 'profiled nmethods': size=120000Kb used=5346Kb max_used=5346Kb free=114654Kb
 bounds [0x000001ad14e20000, 0x000001ad15360000, 0x000001ad1c350000]
CodeHeap 'non-nmethods': size=5760Kb used=1420Kb max_used=1474Kb free=4339Kb
 bounds [0x000001ad14880000, 0x000001ad14af0000, 0x000001ad14e20000]
 total_blobs=3669 nmethods=2887 adapters=693
 compilation: enabled
              stopped_count=0, restarted_count=0
 full_count=0

Compilation events (20 events):
Event: 23.495 Thread 0x000001ad300339c0 nmethod 2880 0x000001ad15352790 code [0x000001ad153529a0, 0x000001ad15353038]
Event: 23.495 Thread 0x000001ad300339c0 2881       3       com.sun.javafx.geom.RectBounds::deriveWithUnion (64 bytes)
Event: 23.498 Thread 0x000001ad300339c0 nmethod 2881 0x000001ad15353210 code [0x000001ad15353440, 0x000001ad15353cd8]
Event: 23.763 Thread 0x000001ad300339c0 2882       3       javafx.scene.text.Text::getText (24 bytes)
Event: 23.763 Thread 0x000001ad300339c0 nmethod 2882 0x000001ad15353f90 code [0x000001ad15354140, 0x000001ad15354468]
Event: 23.763 Thread 0x000001ad300339c0 2884       3       javafx.scene.Node::doNotifyLayoutBoundsChanged (47 bytes)
Event: 23.764 Thread 0x000001ad300339c0 nmethod 2884 0x000001ad15354590 code [0x000001ad153547e0, 0x000001ad15355548]
Event: 23.764 Thread 0x000001ad300339c0 2885       3       com.sun.javafx.geom.Path2D$TxIterator::currentSegment (45 bytes)
Event: 23.764 Thread 0x000001ad300339c0 nmethod 2885 0x000001ad15355810 code [0x000001ad153559c0, 0x000001ad15355c88]
Event: 23.764 Thread 0x000001ad300339c0 2883       3       javafx.scene.Node::notifyAccessibleAttributeChanged (41 bytes)
Event: 23.764 Thread 0x000001ad300339c0 nmethod 2883 0x000001ad15355e10 code [0x000001ad15356020, 0x000001ad153569c8]
Event: 23.764 Thread 0x000001ad300339c0 2886       3       com.sun.javafx.geom.Path2D$Iterator::next (35 bytes)
Event: 23.765 Thread 0x000001ad300339c0 nmethod 2886 0x000001ad15356c10 code [0x000001ad15356da0, 0x000001ad15356f38]
Event: 23.971 Thread 0x000001ad2f532460 2887   !   4       com.sun.javafx.tk.quantum.QuantumToolkit::runWithoutRenderLock (49 bytes)
Event: 23.979 Thread 0x000001ad2f532460 nmethod 2887 0x000001ad1c470a10 code [0x000001ad1c470bc0, 0x000001ad1c470ef0]
Event: 24.120 Thread 0x000001ad300339c0 2888       3       java.util.ArrayDeque::remove (5 bytes)
Event: 24.120 Thread 0x000001ad300339c0 nmethod 2888 0x000001ad15357090 code [0x000001ad15357260, 0x000001ad15357518]
Event: 30.015 Thread 0x000001ad300339c0 2889       3       java.lang.invoke.MethodHandles$Lookup::getDirectConstructorCommon (69 bytes)
Event: 30.016 Thread 0x000001ad300339c0 nmethod 2889 0x000001ad15357690 code [0x000001ad15357900, 0x000001ad15358438]
Event: 30.016 Thread 0x000001ad300339c0 2890       3       java.lang.invoke.MemberName::asConstructor (58 bytes)

GC Heap History (4 events):
Event: 1.092 GC heap before
{Heap before GC invocations=0 (full 0):
 garbage-first heap   total 262144K, used 12288K [0x0000000700800000, 0x0000000800000000)
  region size 2048K, 6 young (12288K), 0 survivors (0K)
 Metaspace       used 2547K, committed 2688K, reserved 1056768K
  class space    used 259K, committed 320K, reserved 1048576K
}
Event: 1.096 GC heap after
{Heap after GC invocations=1 (full 0):
 garbage-first heap   total 262144K, used 2188K [0x0000000700800000, 0x0000000800000000)
  region size 2048K, 1 young (2048K), 1 survivors (2048K)
 Metaspace       used 2547K, committed 2688K, reserved 1056768K
  class space    used 259K, committed 320K, reserved 1048576K
}
Event: 1.960 GC heap before
{Heap before GC invocations=1 (full 0):
 garbage-first heap   total 262144K, used 18572K [0x0000000700800000, 0x0000000800000000)
  region size 2048K, 9 young (18432K), 1 survivors (2048K)
 Metaspace       used 7988K, committed 8128K, reserved 1056768K
  class space    used 1000K, committed 1088K, reserved 1048576K
}
Event: 1.966 GC heap after
{Heap after GC invocations=2 (full 0):
 garbage-first heap   total 262144K, used 4471K [0x0000000700800000, 0x0000000800000000)
  region size 2048K, 2 young (4096K), 2 survivors (4096K)
 Metaspace       used 7988K, committed 8128K, reserved 1056768K
  class space    used 1000K, committed 1088K, reserved 1048576K
}

Deoptimization events (20 events):
Event: 2.882 Thread 0x000001ad309ea9f0 DEOPT PACKING pc=0x000001ad1c3cf240 sp=0x0000003101ffd2d0
Event: 2.882 Thread 0x000001ad309ea9f0 DEOPT UNPACKING pc=0x000001ad148d23a3 sp=0x0000003101ffd270 mode 2
Event: 5.010 Thread 0x000001ad309ea9f0 Uncommon trap: trap_request=0xffffff45 fr.pc=0x000001ad1c401978 relative=0x0000000000000638
Event: 5.011 Thread 0x000001ad309ea9f0 Uncommon trap: reason=unstable_if action=reinterpret pc=0x000001ad1c401978 method=com.sun.javafx.geom.RectBounds.deriveWithNewBounds(Lcom/sun/javafx/geom/BaseBounds;)Lcom/sun/javafx/geom/BaseBounds; @ 4 c2
Event: 5.011 Thread 0x000001ad309ea9f0 DEOPT PACKING pc=0x000001ad1c401978 sp=0x0000003101ffdca0
Event: 5.011 Thread 0x000001ad309ea9f0 DEOPT UNPACKING pc=0x000001ad148d23a3 sp=0x0000003101ffdb40 mode 2
Event: 5.011 Thread 0x000001ad309ea9f0 Uncommon trap: trap_request=0xffffff45 fr.pc=0x000001ad1c400c60 relative=0x00000000000000c0
Event: 5.011 Thread 0x000001ad309ea9f0 Uncommon trap: reason=unstable_if action=reinterpret pc=0x000001ad1c400c60 method=com.sun.javafx.geom.RectBounds.deriveWithNewBounds(Lcom/sun/javafx/geom/BaseBounds;)Lcom/sun/javafx/geom/BaseBounds; @ 4 c2
Event: 5.011 Thread 0x000001ad309ea9f0 DEOPT PACKING pc=0x000001ad1c400c60 sp=0x0000003101ffdd50
Event: 5.011 Thread 0x000001ad309ea9f0 DEOPT UNPACKING pc=0x000001ad148d23a3 sp=0x0000003101ffdce8 mode 2
Event: 5.701 Thread 0x000001ad309ea9f0 Uncommon trap: trap_request=0xffffff45 fr.pc=0x000001ad1c3fb7dc relative=0x000000000000005c
Event: 5.701 Thread 0x000001ad309ea9f0 Uncommon trap: reason=unstable_if action=reinterpret pc=0x000001ad1c3fb7dc method=javafx.scene.Node.updateLocalToParentTransform()V @ 4 c2
Event: 5.701 Thread 0x000001ad309ea9f0 DEOPT PACKING pc=0x000001ad1c3fb7dc sp=0x0000003101ffc5d0
Event: 5.701 Thread 0x000001ad309ea9f0 DEOPT UNPACKING pc=0x000001ad148d23a3 sp=0x0000003101ffc528 mode 2
Event: 6.871 Thread 0x000001ad3093c0b0 DEOPT PACKING pc=0x000001ad1522c703 sp=0x0000003101cfdfc0
Event: 6.871 Thread 0x000001ad3093c0b0 DEOPT UNPACKING pc=0x000001ad148d2b43 sp=0x0000003101cfd3e0 mode 0
Event: 9.711 Thread 0x000001ad309ea9f0 Uncommon trap: trap_request=0xffffff45 fr.pc=0x000001ad1c3fc624 relative=0x0000000000000104
Event: 9.711 Thread 0x000001ad309ea9f0 Uncommon trap: reason=unstable_if action=reinterpret pc=0x000001ad1c3fc624 method=java.lang.ThreadLocal$ThreadLocalMap.getEntry(Ljava/lang/ThreadLocal;)Ljava/lang/ThreadLocal$ThreadLocalMap$Entry; @ 21 c2
Event: 9.711 Thread 0x000001ad309ea9f0 DEOPT PACKING pc=0x000001ad1c3fc624 sp=0x0000003101ff8740
Event: 9.711 Thread 0x000001ad309ea9f0 DEOPT UNPACKING pc=0x000001ad148d23a3 sp=0x0000003101ff8658 mode 2

Classes unloaded (0 events):
No events

Classes redefined (0 events):
No events

Internal exceptions (20 events):
Event: 2.336 Thread 0x000001ad309ea9f0 Implicit null exception at 0x000001ad1c367ce0 to 0x000001ad1c367d7a
Event: 2.348 Thread 0x000001ad309ea9f0 Implicit null exception at 0x000001ad1c3b808d to 0x000001ad1c3b8738
Event: 2.348 Thread 0x000001ad309ea9f0 Implicit null exception at 0x000001ad1c3b670d to 0x000001ad1c3b6da0
Event: 2.351 Thread 0x000001ad309ea9f0 Implicit null exception at 0x000001ad1c36768f to 0x000001ad1c367709
Event: 2.701 Thread 0x000001ad309ea9f0 Exception <a 'java/lang/ClassNotFoundException'{0x000000070f945558}: com/sun/javafx/scene/control/skin/resources/controls> (0x000000070f945558) 
thrown [t:\workspace\open\src\hotspot\share\prims\jni.cpp, line 535]
Event: 2.702 Thread 0x000001ad309ea9f0 Exception <a 'java/lang/ClassNotFoundException'{0x000000070f953058}: com/sun/javafx/scene/control/skin/resources/controls_ru> (0x000000070f953058) 
thrown [t:\workspace\open\src\hotspot\share\prims\jni.cpp, line 535]
Event: 2.702 Thread 0x000001ad309ea9f0 Exception <a 'java/lang/ClassNotFoundException'{0x000000070f953ff0}: com/sun/javafx/scene/control/skin/resources/controls_ru_RU> (0x000000070f953ff0) 
thrown [t:\workspace\open\src\hotspot\share\prims\jni.cpp, line 535]
Event: 2.767 Thread 0x000001ad309ea9f0 Exception <a 'java/lang/NoSuchMethodError'{0x000000070f00fd40}: 'void java.lang.invoke.DirectMethodHandle$Holder.invokeSpecial(java.lang.Object, java.lang.Object, java.lang.Object, java.lang.Object, java.lang.Object, java.lang.Object)'> (0x000000070f00fd40) 
thrown [t:\workspace\open\src\hotspot\share\interpreter\linkResolver.cpp, line 766]
Event: 2.804 Thread 0x000001ad309ea9f0 Exception <a 'java/lang/NoSuchMethodError'{0x000000070ee72128}: 'java.lang.Object java.lang.invoke.DirectMethodHandle$Holder.invokeInterface(java.lang.Object, java.lang.Object, java.lang.Object)'> (0x000000070ee72128) 
thrown [t:\workspace\open\src\hotspot\share\interpreter\linkResolver.cpp, line 766]
Event: 2.804 Thread 0x000001ad309ea9f0 Exception <a 'java/lang/IncompatibleClassChangeError'{0x000000070ee75ab0}: Found class java.lang.Object, but interface was expected> (0x000000070ee75ab0) 
thrown [t:\workspace\open\src\hotspot\share\interpreter\linkResolver.cpp, line 833]
Event: 2.889 Thread 0x000001ad309ea9f0 Exception <a 'java/lang/NoSuchMethodError'{0x000000070ec3bea8}: 'java.lang.Object java.lang.invoke.DirectMethodHandle$Holder.newInvokeSpecial(java.lang.Object, java.lang.Object, int)'> (0x000000070ec3bea8) 
thrown [t:\workspace\open\src\hotspot\share\interpreter\linkResolver.cpp, line 766]
Event: 2.908 Thread 0x000001ad3093c0b0 Exception <a 'java/lang/NoSuchMethodError'{0x000000070ea196a0}: 'int java.lang.invoke.DirectMethodHandle$Holder.invokeStaticInit(java.lang.Object, java.lang.Object)'> (0x000000070ea196a0) 
thrown [t:\workspace\open\src\hotspot\share\interpreter\linkResolver.cpp, line 766]
Event: 2.967 Thread 0x000001ad309ea9f0 Exception <a 'java/lang/NoSuchMethodError'{0x000000070ec909e0}: 'long java.lang.invoke.DirectMethodHandle$Holder.invokeStatic(java.lang.Object, java.lang.Object, java.lang.Object)'> (0x000000070ec909e0) 
thrown [t:\workspace\open\src\hotspot\share\interpreter\linkResolver.cpp, line 766]
Event: 2.968 Thread 0x000001ad309ea9f0 Exception <a 'java/lang/NoSuchMethodError'{0x000000070ec94188}: 'long java.lang.invoke.DirectMethodHandle$Holder.invokeStaticInit(java.lang.Object, java.lang.Object, java.lang.Object)'> (0x000000070ec94188) 
thrown [t:\workspace\open\src\hotspot\share\interpreter\linkResolver.cpp, line 766]
Event: 2.972 Thread 0x000001ad309ea9f0 Exception <a 'java/lang/NoSuchMethodError'{0x000000070ecabd90}: 'java.lang.Object java.lang.invoke.DirectMethodHandle$Holder.newInvokeSpecial(java.lang.Object, java.lang.Object, long)'> (0x000000070ecabd90) 
thrown [t:\workspace\open\src\hotspot\share\interpreter\linkResolver.cpp, line 766]
Event: 2.973 Thread 0x000001ad309ea9f0 Exception <a 'java/lang/NoSuchMethodError'{0x000000070ecaf900}: 'java.lang.Object java.lang.invoke.Invokers$Holder.linkToTargetMethod(java.lang.Object, long, java.lang.Object)'> (0x000000070ecaf900) 
thrown [t:\workspace\open\src\hotspot\share\interpreter\linkResolver.cpp, line 766]
Event: 3.836 Thread 0x000001ad309ea9f0 Exception <a 'java/lang/NoSuchMethodError'{0x000000070e656de8}: 'java.lang.Object java.lang.invoke.DirectMethodHandle$Holder.newInvokeSpecial(java.lang.Object, java.lang.Object, int, int, int, int, int, java.lang.Object)'> (0x000000070e656de8) 
thrown [t:\workspace\open\src\hotspot\share\interpreter\linkResolver.cpp, line 766]
Event: 3.841 Thread 0x000001ad309ea9f0 Exception <a 'java/lang/NoSuchMethodError'{0x000000070e669dc8}: 'java.lang.Object java.lang.invoke.DirectMethodHandle$Holder.newInvokeSpecial(java.lang.Object, java.lang.Object, java.lang.Object, int, int, int, int, int)'> (0x000000070e669dc8) 
thrown [t:\workspace\open\src\hotspot\share\interpreter\linkResolver.cpp, line 766]
Event: 3.842 Thread 0x000001ad309ea9f0 Exception <a 'java/lang/NoSuchMethodError'{0x000000070e671628}: 'java.lang.Object java.lang.invoke.Invokers$Holder.linkToTargetMethod(java.lang.Object, java.lang.Object, int, int, int, int, int, java.lang.Object)'> (0x000000070e671628) 
thrown [t:\workspace\open\src\hotspot\share\interpreter\linkResolver.cpp, line 766]
Event: 9.711 Thread 0x000001ad309ea9f0 Implicit null exception at 0x000001ad1c3fc58d to 0x000001ad1c3fc608

VM Operations (20 events):
Event: 7.875 Executing VM operation: Cleanup done
Event: 8.875 Executing VM operation: Cleanup
Event: 8.875 Executing VM operation: Cleanup done
Event: 9.875 Executing VM operation: Cleanup
Event: 9.876 Executing VM operation: Cleanup done
Event: 11.877 Executing VM operation: Cleanup
Event: 11.877 Executing VM operation: Cleanup done
Event: 16.878 Executing VM operation: Cleanup
Event: 16.879 Executing VM operation: Cleanup done
Event: 18.879 Executing VM operation: Cleanup
Event: 18.880 Executing VM operation: Cleanup done
Event: 20.880 Executing VM operation: Cleanup
Event: 20.880 Executing VM operation: Cleanup done
Event: 21.881 Executing VM operation: Cleanup
Event: 21.881 Executing VM operation: Cleanup done
Event: 23.881 Executing VM operation: Cleanup
Event: 23.882 Executing VM operation: Cleanup done
Event: 24.882 Executing VM operation: Cleanup
Event: 24.882 Executing VM operation: Cleanup done
Event: 30.017 Executing VM operation: Exit

Events (20 events):
Event: 4.363 loading class sun/util/resources/BreakIteratorResourceBundle
Event: 4.363 loading class sun/util/resources/BreakIteratorResourceBundle done
Event: 4.363 loading class sun/text/resources/BreakIteratorResources done
Event: 4.364 loading class sun/text/RuleBasedBreakIterator
Event: 4.364 loading class sun/text/RuleBasedBreakIterator done
Event: 4.365 loading class sun/text/CompactByteArray
Event: 4.365 loading class sun/text/CompactByteArray done
Event: 4.366 loading class sun/text/SupplementaryCharacterData
Event: 4.366 loading class sun/text/SupplementaryCharacterData done
Event: 4.366 loading class java/text/BreakIterator$BreakIteratorCache
Event: 4.366 loading class java/text/BreakIterator$BreakIteratorCache done
Event: 5.748 Thread 0x000001ad35593a10 Thread added: 0x000001ad35593a10
Event: 5.958 Thread 0x000001ad35593a10 Thread exited: 0x000001ad35593a10
Event: 30.014 loading class jdk/internal/misc/Signal$1
Event: 30.014 loading class jdk/internal/misc/Signal$1 done
Event: 30.014 Thread 0x000001ad3556d510 Thread added: 0x000001ad3556d510
Event: 30.014 Thread 0x000001ad3556cb70 Thread added: 0x000001ad3556cb70
Event: 30.014 Thread 0x000001ad3556bd00 Thread added: 0x000001ad3556bd00
Event: 30.015 Thread 0x000001ad3556cb70 Thread exited: 0x000001ad3556cb70
Event: 30.017 Thread 0x000001ad2f52d7b0 Thread exited: 0x000001ad2f52d7b0


Dynamic libraries:
0x00007ff63abd0000 - 0x00007ff63abde000 	C:\Users\Nikita\.jdks\openjdk-17\bin\java.exe
0x00007fff98810000 - 0x00007fff989fd000 	C:\Windows\SYSTEM32\ntdll.dll
0x00007fff98600000 - 0x00007fff986b3000 	C:\Windows\System32\KERNEL32.DLL
0x00007fff949b0000 - 0x00007fff94c4a000 	C:\Windows\System32\KERNELBASE.dll
0x00007fff94c50000 - 0x00007fff94d4a000 	C:\Windows\System32\ucrtbase.dll
0x00007fff8d0b0000 - 0x00007fff8d0c8000 	C:\Users\Nikita\.jdks\openjdk-17\bin\jli.dll
0x00007fff975a0000 - 0x00007fff97737000 	C:\Windows\System32\USER32.dll
0x00007fff94f50000 - 0x00007fff94f70000 	C:\Windows\System32\win32u.dll
0x00007fff95e30000 - 0x00007fff95e59000 	C:\Windows\System32\GDI32.dll
0x00007fff8a800000 - 0x00007fff8a81a000 	C:\Users\Nikita\.jdks\openjdk-17\bin\VCRUNTIME140.dll
0x00007fff94ff0000 - 0x00007fff9518c000 	C:\Windows\System32\gdi32full.dll
0x00007fff77430000 - 0x00007fff776a9000 	C:\Windows\WinSxS\amd64_microsoft.windows.common-controls_6595b64144ccf1df_6.0.17763.3046_none_de715ebe534b36e3\COMCTL32.dll
0x00007fff958e0000 - 0x00007fff95980000 	C:\Windows\System32\msvcp_win.dll
0x00007fff983b0000 - 0x00007fff9844e000 	C:\Windows\System32\msvcrt.dll
0x00007fff977b0000 - 0x00007fff97adb000 	C:\Windows\System32\combase.dll
0x00007fff986c0000 - 0x00007fff987dd000 	C:\Windows\System32\RPCRT4.dll
0x00007fff95980000 - 0x00007fff95a02000 	C:\Windows\System32\bcryptPrimitives.dll
0x00007fff96010000 - 0x00007fff9603e000 	C:\Windows\System32\IMM32.DLL
0x00007fff8ef90000 - 0x00007fff8ef9c000 	C:\Users\Nikita\.jdks\openjdk-17\bin\vcruntime140_1.dll
0x00007fff7b6a0000 - 0x00007fff7b72d000 	C:\Users\Nikita\.jdks\openjdk-17\bin\msvcp140.dll
0x00007fff5dfe0000 - 0x00007fff5eb9e000 	C:\Users\Nikita\.jdks\openjdk-17\bin\server\jvm.dll
0x00007fff95aa0000 - 0x00007fff95b47000 	C:\Windows\System32\ADVAPI32.dll
0x00007fff97d70000 - 0x00007fff97e0f000 	C:\Windows\System32\sechost.dll
0x00007fff983a0000 - 0x00007fff983a8000 	C:\Windows\System32\PSAPI.DLL
0x00007fff8ede0000 - 0x00007fff8ede9000 	C:\Windows\SYSTEM32\WSOCK32.dll
0x00007fff97740000 - 0x00007fff977ad000 	C:\Windows\System32\WS2_32.dll
0x00007fff92910000 - 0x00007fff92934000 	C:\Windows\SYSTEM32\WINMM.dll
0x00007fff8d010000 - 0x00007fff8d01a000 	C:\Windows\SYSTEM32\VERSION.dll
0x00007fff928e0000 - 0x00007fff9290d000 	C:\Windows\SYSTEM32\WINMMBASE.dll
0x00007fff948b0000 - 0x00007fff948fa000 	C:\Windows\System32\cfgmgr32.dll
0x00007fff94840000 - 0x00007fff94851000 	C:\Windows\System32\kernel.appcore.dll
0x00007fff8edf0000 - 0x00007fff8edfa000 	C:\Users\Nikita\.jdks\openjdk-17\bin\jimage.dll
0x00007fff86010000 - 0x00007fff861fd000 	C:\Windows\SYSTEM32\DBGHELP.DLL
0x00007fff85e60000 - 0x00007fff85e8a000 	C:\Windows\SYSTEM32\dbgcore.DLL
0x00007fff8a7f0000 - 0x00007fff8a7fe000 	C:\Users\Nikita\.jdks\openjdk-17\bin\instrument.dll
0x00007fff824c0000 - 0x00007fff824e5000 	C:\Users\Nikita\.jdks\openjdk-17\bin\java.dll
0x00007fff75390000 - 0x00007fff75466000 	C:\Users\Nikita\.jdks\openjdk-17\bin\svml.dll
0x00007fff96040000 - 0x00007fff97538000 	C:\Windows\System32\SHELL32.dll
0x00007fff97e10000 - 0x00007fff97eb7000 	C:\Windows\System32\shcore.dll
0x00007fff95190000 - 0x00007fff958d8000 	C:\Windows\System32\windows.storage.dll
0x00007fff94860000 - 0x00007fff94883000 	C:\Windows\System32\profapi.dll
0x00007fff947e0000 - 0x00007fff9483d000 	C:\Windows\System32\powrprof.dll
0x00007fff98340000 - 0x00007fff98392000 	C:\Windows\System32\shlwapi.dll
0x00007fff94f70000 - 0x00007fff94f87000 	C:\Windows\System32\cryptsp.dll
0x00007fff83310000 - 0x00007fff83329000 	C:\Users\Nikita\.jdks\openjdk-17\bin\net.dll
0x00007fff8ffc0000 - 0x00007fff900b1000 	C:\Windows\SYSTEM32\WINHTTP.dll
0x00007fff93fd0000 - 0x00007fff94037000 	C:\Windows\system32\mswsock.dll
0x00007fff824a0000 - 0x00007fff824b5000 	C:\Users\Nikita\.jdks\openjdk-17\bin\nio.dll
0x00007fff81ee0000 - 0x00007fff81ef8000 	C:\Users\Nikita\.jdks\openjdk-17\bin\zip.dll
0x00007fff81ec0000 - 0x00007fff81eda000 	C:\Program Files\JetBrains\IntelliJ IDEA Community Edition 2021.2.2\bin\breakgen64.dll
0x000001ad0b070000 - 0x000001ad0b073000 	C:\Users\Nikita\.openjfx\cache\17-ea\api-ms-win-core-console-l1-1-0.dll
0x000001ad0b080000 - 0x000001ad0b083000 	C:\Users\Nikita\.openjfx\cache\17-ea\api-ms-win-core-console-l1-2-0.dll
0x000001ad0b090000 - 0x000001ad0b093000 	C:\Users\Nikita\.openjfx\cache\17-ea\api-ms-win-core-datetime-l1-1-0.dll
0x000001ad0b0a0000 - 0x000001ad0b0a3000 	C:\Users\Nikita\.openjfx\cache\17-ea\api-ms-win-core-debug-l1-1-0.dll
0x000001ad0cf90000 - 0x000001ad0cf93000 	C:\Users\Nikita\.openjfx\cache\17-ea\api-ms-win-core-errorhandling-l1-1-0.dll
0x000001ad0cfa0000 - 0x000001ad0cfa4000 	C:\Users\Nikita\.openjfx\cache\17-ea\api-ms-win-core-file-l1-1-0.dll
0x000001ad0cfb0000 - 0x000001ad0cfb3000 	C:\Users\Nikita\.openjfx\cache\17-ea\api-ms-win-core-file-l1-2-0.dll
0x000001ad0cfc0000 - 0x000001ad0cfc3000 	C:\Users\Nikita\.openjfx\cache\17-ea\api-ms-win-core-file-l2-1-0.dll
0x000001ad0cfd0000 - 0x000001ad0cfd3000 	C:\Users\Nikita\.openjfx\cache\17-ea\api-ms-win-core-handle-l1-1-0.dll
0x000001ad0cfe0000 - 0x000001ad0cfe3000 	C:\Users\Nikita\.openjfx\cache\17-ea\api-ms-win-core-heap-l1-1-0.dll
0x000001ad0cff0000 - 0x000001ad0cff3000 	C:\Users\Nikita\.openjfx\cache\17-ea\api-ms-win-core-interlocked-l1-1-0.dll
0x000001ad0d000000 - 0x000001ad0d003000 	C:\Users\Nikita\.openjfx\cache\17-ea\api-ms-win-core-libraryloader-l1-1-0.dll
0x000001ad0d010000 - 0x000001ad0d013000 	C:\Users\Nikita\.openjfx\cache\17-ea\api-ms-win-core-localization-l1-2-0.dll
0x000001ad0d040000 - 0x000001ad0d043000 	C:\Users\Nikita\.openjfx\cache\17-ea\api-ms-win-core-memory-l1-1-0.dll
0x000001ad0d020000 - 0x000001ad0d023000 	C:\Users\Nikita\.openjfx\cache\17-ea\api-ms-win-core-namedpipe-l1-1-0.dll
0x000001ad0d030000 - 0x000001ad0d033000 	C:\Users\Nikita\.openjfx\cache\17-ea\api-ms-win-core-processenvironment-l1-1-0.dll
0x000001ad0d050000 - 0x000001ad0d053000 	C:\Users\Nikita\.openjfx\cache\17-ea\api-ms-win-core-processthreads-l1-1-0.dll
0x000001ad2f670000 - 0x000001ad2f673000 	C:\Users\Nikita\.openjfx\cache\17-ea\api-ms-win-core-processthreads-l1-1-1.dll
0x000001ad2f680000 - 0x000001ad2f683000 	C:\Users\Nikita\.openjfx\cache\17-ea\api-ms-win-core-profile-l1-1-0.dll
0x000001ad2f690000 - 0x000001ad2f693000 	C:\Users\Nikita\.openjfx\cache\17-ea\api-ms-win-core-rtlsupport-l1-1-0.dll
0x000001ad2f6a0000 - 0x000001ad2f6a3000 	C:\Users\Nikita\.openjfx\cache\17-ea\api-ms-win-core-string-l1-1-0.dll
0x000001ad2f6b0000 - 0x000001ad2f6b3000 	C:\Users\Nikita\.openjfx\cache\17-ea\api-ms-win-core-synch-l1-1-0.dll
0x000001ad2f6c0000 - 0x000001ad2f6c3000 	C:\Users\Nikita\.openjfx\cache\17-ea\api-ms-win-core-synch-l1-2-0.dll
0x000001ad2f6d0000 - 0x000001ad2f6d3000 	C:\Users\Nikita\.openjfx\cache\17-ea\api-ms-win-core-sysinfo-l1-1-0.dll
0x000001ad2f6e0000 - 0x000001ad2f6e3000 	C:\Users\Nikita\.openjfx\cache\17-ea\api-ms-win-core-timezone-l1-1-0.dll
0x000001ad2f6f0000 - 0x000001ad2f6f3000 	C:\Users\Nikita\.openjfx\cache\17-ea\api-ms-win-core-util-l1-1-0.dll
0x000001ad2f700000 - 0x000001ad2f703000 	C:\Users\Nikita\.openjfx\cache\17-ea\api-ms-win-crt-conio-l1-1-0.dll
0x000001ad2f710000 - 0x000001ad2f714000 	C:\Users\Nikita\.openjfx\cache\17-ea\api-ms-win-crt-convert-l1-1-0.dll
0x000001ad2f720000 - 0x000001ad2f723000 	C:\Users\Nikita\.openjfx\cache\17-ea\api-ms-win-crt-environment-l1-1-0.dll
0x000001ad2f730000 - 0x000001ad2f733000 	C:\Users\Nikita\.openjfx\cache\17-ea\api-ms-win-crt-filesystem-l1-1-0.dll
0x000001ad2f740000 - 0x000001ad2f743000 	C:\Users\Nikita\.openjfx\cache\17-ea\api-ms-win-crt-heap-l1-1-0.dll
0x000001ad2f750000 - 0x000001ad2f753000 	C:\Users\Nikita\.openjfx\cache\17-ea\api-ms-win-crt-locale-l1-1-0.dll
0x000001ad2f760000 - 0x000001ad2f765000 	C:\Users\Nikita\.openjfx\cache\17-ea\api-ms-win-crt-math-l1-1-0.dll
0x000001ad2f770000 - 0x000001ad2f775000 	C:\Users\Nikita\.openjfx\cache\17-ea\api-ms-win-crt-multibyte-l1-1-0.dll
0x000001ad2f780000 - 0x000001ad2f790000 	C:\Users\Nikita\.openjfx\cache\17-ea\api-ms-win-crt-private-l1-1-0.dll
0x000001ad2f790000 - 0x000001ad2f793000 	C:\Users\Nikita\.openjfx\cache\17-ea\api-ms-win-crt-process-l1-1-0.dll
0x000001ad2f7a0000 - 0x000001ad2f7a4000 	C:\Users\Nikita\.openjfx\cache\17-ea\api-ms-win-crt-runtime-l1-1-0.dll
0x000001ad2f7b0000 - 0x000001ad2f7b4000 	C:\Users\Nikita\.openjfx\cache\17-ea\api-ms-win-crt-stdio-l1-1-0.dll
0x000001ad2f7c0000 - 0x000001ad2f7c4000 	C:\Users\Nikita\.openjfx\cache\17-ea\api-ms-win-crt-string-l1-1-0.dll
0x000001ad2f7d0000 - 0x000001ad2f7d3000 	C:\Users\Nikita\.openjfx\cache\17-ea\api-ms-win-crt-time-l1-1-0.dll
0x000001ad2f7e0000 - 0x000001ad2f7e3000 	C:\Users\Nikita\.openjfx\cache\17-ea\api-ms-win-crt-utility-l1-1-0.dll
0x00007fff72810000 - 0x00007fff7290c000 	C:\Users\Nikita\.openjfx\cache\17-ea\ucrtbase.dll
0x00007fff81c50000 - 0x00007fff81c6a000 	C:\Users\Nikita\.openjfx\cache\17-ea\vcruntime140.dll
0x00007fff85080000 - 0x00007fff8508c000 	C:\Users\Nikita\.openjfx\cache\17-ea\vcruntime140_1.dll
0x00007fff75300000 - 0x00007fff7538d000 	C:\Users\Nikita\.openjfx\cache\17-ea\msvcp140.dll
0x00007fff81c20000 - 0x00007fff81c47000 	C:\Users\Nikita\.openjfx\cache\17-ea\prism_d3d.dll
0x00007fff8abf0000 - 0x00007fff8ad8d000 	C:\Windows\system32\d3d9.dll
0x00007fff930a0000 - 0x00007fff930ce000 	C:\Windows\SYSTEM32\dwmapi.dll
0x00007fff94d50000 - 0x00007fff94f45000 	C:\Windows\System32\CRYPT32.dll
0x00007fff94890000 - 0x00007fff948a2000 	C:\Windows\System32\MSASN1.dll
0x00007fff92d60000 - 0x00007fff92dfc000 	C:\Windows\system32\uxtheme.dll
0x00007fff79cf0000 - 0x00007fff79e07000 	C:\Windows\System32\DriverStore\FileRepository\nv_dispsi.inf_amd64_7c4486dea3d29a83\nvldumdx.dll
0x00007fff8cb40000 - 0x00007fff8cb6f000 	C:\Windows\SYSTEM32\cryptnet.dll
0x00007fff8be20000 - 0x00007fff8bf55000 	C:\Windows\SYSTEM32\drvstore.dll
0x00007fff94580000 - 0x00007fff945a9000 	C:\Windows\SYSTEM32\devobj.dll
0x00007fff94230000 - 0x00007fff94255000 	C:\Windows\SYSTEM32\wldp.dll
0x00007fff94f90000 - 0x00007fff94fef000 	C:\Windows\System32\WINTRUST.dll
0x00007fff941a0000 - 0x00007fff941ac000 	C:\Windows\SYSTEM32\cryptbase.dll
0x00007fff95bd0000 - 0x00007fff95bed000 	C:\Windows\System32\imagehlp.dll
0x00007fff93b50000 - 0x00007fff93b83000 	C:\Windows\system32\rsaenh.dll
0x00007fff95a10000 - 0x00007fff95a36000 	C:\Windows\System32\bcrypt.dll
0x00007fff53460000 - 0x00007fff54c6a000 	C:\Windows\System32\DriverStore\FileRepository\nv_dispsi.inf_amd64_7c4486dea3d29a83\nvd3dumx.dll
0x00007fff7d910000 - 0x00007fff7d952000 	C:\Users\Nikita\.openjfx\cache\17-ea\glass.dll
0x00007fff95e60000 - 0x00007fff95f86000 	C:\Windows\System32\COMDLG32.dll
0x00007fff97bb0000 - 0x00007fff97d06000 	C:\Windows\System32\ole32.dll
0x00007fff95d60000 - 0x00007fff95e24000 	C:\Windows\System32\OLEAUT32.dll
0x00007fff95bf0000 - 0x00007fff95d5b000 	C:\Windows\System32\MSCTF.dll
0x00007fff64650000 - 0x00007fff64917000 	C:\Windows\system32\nvspcap64.dll
0x00007fff93920000 - 0x00007fff93951000 	C:\Windows\SYSTEM32\ntmarta.dll
0x00007fff93440000 - 0x00007fff93462000 	C:\Windows\SYSTEM32\gpapi.dll
0x00007fff81330000 - 0x00007fff81344000 	C:\Users\Nikita\.openjfx\cache\17-ea\javafx_font.dll
0x00007fff88480000 - 0x00007fff88787000 	C:\Windows\SYSTEM32\dwrite.dll
0x00007fff97ae0000 - 0x00007fff97b82000 	C:\Windows\System32\clbcatq.dll
0x00007fff8d890000 - 0x00007fff8da48000 	C:\Windows\SYSTEM32\WindowsCodecs.dll
0x00007fff7e920000 - 0x00007fff7e976000 	C:\Windows\system32\dataexchange.dll
0x00007fff91730000 - 0x00007fff919ae000 	C:\Windows\system32\d3d11.dll
0x00007fff91bc0000 - 0x00007fff91d83000 	C:\Windows\system32\dcomp.dll
0x00007fff934c0000 - 0x00007fff93582000 	C:\Windows\system32\dxgi.dll

dbghelp: loaded successfully - version: 4.0.5 - missing functions: none
symbol engine: initialized successfully - sym options: 0x614 - pdb path: .;C:\Users\Nikita\.jdks\openjdk-17\bin;C:\Windows\SYSTEM32;C:\Windows\WinSxS\amd64_microsoft.windows.common-controls_6595b64144ccf1df_6.0.17763.3046_none_de715ebe534b36e3;C:\Users\Nikita\.jdks\openjdk-17\bin\server;C:\Program Files\JetBrains\IntelliJ IDEA Community Edition 2021.2.2\bin;C:\Users\Nikita\.openjfx\cache\17-ea;C:\Windows\System32\DriverStore\FileRepository\nv_dispsi.inf_amd64_7c4486dea3d29a83;C:\Program Files\Common Files\Microsoft Shared\Ink

VM Arguments:
jvm_args: -javaagent:C:\Program Files\JetBrains\IntelliJ IDEA Community Edition 2021.2.2\lib\idea_rt.jar=63923:C:\Program Files\JetBrains\IntelliJ IDEA Community Edition 2021.2.2\bin -Dfile.encoding=UTF-8 --module-path=C:\Users\Nikita\.m2\repository\org\openjfx\javafx-fxml\17-ea+11\javafx-fxml-17-ea+11-win.jar;C:\Users\Nikita\IdeaProjects\ProgectKurs\target\classes;C:\Users\Nikita\.m2\repository\org\openjfx\javafx-base\17-ea+11\javafx-base-17-ea+11-win.jar;C:\Users\Nikita\.m2\repository\org\openjfx\javafx-graphics\17-ea+11\javafx-graphics-17-ea+11-win.jar;C:\Users\Nikita\.m2\repository\org\openjfx\javafx-controls\17-ea+11\javafx-controls-17-ea+11-win.jar -Djdk.module.main=com.example.progectkurs 
java_command: com.example.progectkurs/com.example.progectkurs.Main
java_class_path (initial): C:\Users\Nikita\.m2\repository\org\openjfx\javafx-controls\17-ea+11\javafx-controls-17-ea+11.jar;C:\Users\Nikita\.m2\repository\org\openjfx\javafx-graphics\17-ea+11\javafx-graphics-17-ea+11.jar;C:\Users\Nikita\.m2\repository\org\openjfx\javafx-base\17-ea+11\javafx-base-17-ea+11.jar;C:\Users\Nikita\.m2\repository\org\openjfx\javafx-fxml\17-ea+11\javafx-fxml-17-ea+11.jar
Launcher Type: SUN_STANDARD

[Global flags]
     intx CICompilerCount                          = 3                                         {product} {ergonomic}
     uint ConcGCThreads                            = 1                                         {product} {ergonomic}
     uint G1ConcRefinementThreads                  = 4                                         {product} {ergonomic}
   size_t G1HeapRegionSize                         = 2097152                                   {product} {ergonomic}
    uintx GCDrainStackTargetSize                   = 64                                        {product} {ergonomic}
   size_t InitialHeapSize                          = 268435456                                 {product} {ergonomic}
   size_t MarkStackSize                            = 4194304                                   {product} {ergonomic}
   size_t MaxHeapSize                              = 4286578688                                {product} {ergonomic}
   size_t MaxNewSize                               = 2571108352                                {product} {ergonomic}
   size_t MinHeapDeltaBytes                        = 2097152                                   {product} {ergonomic}
   size_t MinHeapSize                              = 8388608                                   {product} {ergonomic}
    uintx NonNMethodCodeHeapSize                   = 5832780                                {pd product} {ergonomic}
    uintx NonProfiledCodeHeapSize                  = 122912730                              {pd product} {ergonomic}
    uintx ProfiledCodeHeapSize                     = 122912730                              {pd product} {ergonomic}
    uintx ReservedCodeCacheSize                    = 251658240                              {pd product} {ergonomic}
     bool SegmentedCodeCache                       = true                                      {product} {ergonomic}
   size_t SoftMaxHeapSize                          = 4286578688                             {manageable} {ergonomic}
     bool UseCompressedClassPointers               = true                           {product lp64_product} {ergonomic}
     bool UseCompressedOops                        = true                           {product lp64_product} {ergonomic}
     bool UseG1GC                                  = true                                      {product} {ergonomic}
     bool UseLargePagesIndividualAllocation        = false                                  {pd product} {ergonomic}

Logging:
Log output configuration:
 #0: stdout all=off uptime,level,tags
 #1: stderr all=off uptime,level,tags

Environment Variables:
PATH=C:\Program Files (x86)\Common Files\Oracle\Java\javapath;C:\ProgramData\Oracle\Java\javapath;C:\Windows\system32;C:\Windows;C:\Windows\System32\Wbem;C:\Windows\System32\WindowsPowerShell\v1.0\;C:\Windows\System32\OpenSSH\;C:\Program Files (x86)\NVIDIA Corporation\PhysX\Common;C:\Program Files\NVIDIA Corporation\NVIDIA NvDLISR;C:\Program Files\dotnet\;C:\Program Files\Git\cmd;C:\Users\Nikita\AppData\Local\Microsoft\WindowsApps;
USERNAME=Nikita
OS=Windows_NT
PROCESSOR_IDENTIFIER=Intel64 Family 6 Model 158 Stepping 9, GenuineIntel



---------------  S Y S T E M  ---------------

OS:
 Windows 10 , 64 bit Build 17763 (10.0.17763.2989)
OS uptime: 10 days 0:00 hours

CPU: total 4 (initial active 4) (2 cores per cpu, 2 threads per core) family 6 model 158 stepping 9 microcode 0xde, cx8, cmov, fxsr, ht, mmx, 3dnowpref, sse, sse2, sse3, ssse3, sse4.1, sse4.2, popcnt, lzcnt, tsc, tscinvbit, avx, avx2, aes, erms, clmul, bmi1, bmi2, adx, fma, vzeroupper, clflush, clflushopt

Memory: 4k page, system-wide physical 16347M (9435M free)
TotalPageFile size 26585M (AvailPageFile size 16078M)
current process WorkingSet (physical memory assigned to process): 133M, peak: 142M
current process commit charge ("private bytes"): 407M, peak: 420M

vm_info: OpenJDK 64-Bit Server VM (17+35-2724) for windows-amd64 JRE (17+35-2724), built on Aug  5 2021 23:26:02 by "mach5one" with MS VC++ 16.8 (VS2019)

END.
