#
# A fatal error has been detected by the Java Runtime Environment:
#
#  EXCEPTION_ACCESS_VIOLATION (0xc0000005) at pc=0x00007fff824c6a87, pid=8536, tid=14652
#
# JRE version: OpenJDK Runtime Environment (17.0+35) (build 17+35-2724)
# Java VM: OpenJDK 64-Bit Server VM (17+35-2724, mixed mode, sharing, tiered, compressed oops, compressed class ptrs, g1 gc, windows-amd64)
# Problematic frame:
# C  [glass.dll+0x26a87]
#
# No core dump will be written. Minidumps are not enabled by default on client versions of Windows
#
# If you would like to submit a bug report, please visit:
#   https://bugreport.java.com/bugreport/crash.jsp
#

---------------  S U M M A R Y ------------

Command Line: -javaagent:C:\Program Files\JetBrains\IntelliJ IDEA Community Edition 2021.2.2\lib\idea_rt.jar=64107:C:\Program Files\JetBrains\IntelliJ IDEA Community Edition 2021.2.2\bin -Dfile.encoding=UTF-8 --module-path=C:\Users\Nikita\.m2\repository\org\openjfx\javafx-fxml\17-ea+11\javafx-fxml-17-ea+11-win.jar;C:\Users\Nikita\IdeaProjects\ProgectKurs\target\classes;C:\Users\Nikita\.m2\repository\org\openjfx\javafx-base\17-ea+11\javafx-base-17-ea+11-win.jar;C:\Users\Nikita\.m2\repository\org\openjfx\javafx-graphics\17-ea+11\javafx-graphics-17-ea+11-win.jar;C:\Users\Nikita\.m2\repository\org\openjfx\javafx-controls\17-ea+11\javafx-controls-17-ea+11-win.jar -Djdk.module.main=com.example.progectkurs com.example.progectkurs/com.example.progectkurs.Main

Host: Intel(R) Core(TM) i3-7100 CPU @ 3.90GHz, 4 cores, 15G,  Windows 10 , 64 bit Build 17763 (10.0.17763.2989)
Time: Sat Jul  9 15:53:13 2022 RTZ 2 (зима) elapsed time: 63.967070 seconds (0d 0h 1m 3s)

---------------  T H R E A D  ---------------

Current thread (0x00000190aa6a2770):  VMThread "VM Thread" [stack: 0x0000001a93d00000,0x0000001a93e00000] [id=14652]

Stack: [0x0000001a93d00000,0x0000001a93e00000],  sp=0x0000001a93dff180,  free space=1020k
Native frames: (J=compiled Java code, j=interpreted, Vv=VM code, C=native code)
C  [glass.dll+0x26a87]


siginfo: EXCEPTION_ACCESS_VIOLATION (0xc0000005), reading address 0x0000000000000000


Register to memory mapping:

RIP=0x00007fff824c6a87 glass.dll
RAX=0x0 is NULL
RBX=0x00000190aa6ab828 is a global jni handle
RCX=0x00000190aa6a2770 points into unknown readable memory: 0x00007fff72f7c540 | 40 c5 f7 72 ff 7f 00 00
RDX=0x0000001a93dff180 points into unknown readable memory: 0x0000000000000000 | 00 00 00 00 00 00 00 00
RSP=0x0000001a93dff180 points into unknown readable memory: 0x0000000000000000 | 00 00 00 00 00 00 00 00
RBP=0x00000190ab9531a8 points into unknown readable memory: 0x00009da3e9ead9d7 | d7 d9 ea e9 a3 9d 00 00
RSI=0x00000190ab953180 points into unknown readable memory: 0xffc1bbbcdfead9e8 | e8 d9 ea df bc bb c1 ff
RDI=0x00009da3e9ead9d7 is an unknown value
R8 =0x0000000000010002 is an unknown value
R9 =0x00009da3e9ead9d7 is an unknown value
R10=0x0 is NULL
R11=0x0000001a93dff080 points into unknown readable memory: 0x00000190ab9e9aa0 | a0 9a 9e ab 90 01 00 00
R12=0x00007fff824c4354 glass.dll
R13=0x00007fff73122940 jvm.dll
R14=0x0000001a93dff278 points into unknown readable memory: 0x0000001a93dff260 | 60 f2 df 93 1a 00 00 00
R15=0x00000190ab953180 points into unknown readable memory: 0xffc1bbbcdfead9e8 | e8 d9 ea df bc bb c1 ff


Registers:
RAX=0x0000000000000000, RBX=0x00000190aa6ab828, RCX=0x00000190aa6a2770, RDX=0x0000001a93dff180
RSP=0x0000001a93dff180, RBP=0x00000190ab9531a8, RSI=0x00000190ab953180, RDI=0x00009da3e9ead9d7
R8 =0x0000000000010002, R9 =0x00009da3e9ead9d7, R10=0x0000000000000000, R11=0x0000001a93dff080
R12=0x00007fff824c4354, R13=0x00007fff73122940, R14=0x0000001a93dff278, R15=0x00000190ab953180
RIP=0x00007fff824c6a87, EFLAGS=0x0000000000010206

Top of Stack: (sp=0x0000001a93dff180)
0x0000001a93dff180:   0000000000000000 0000019000000000
0x0000001a93dff190:   00000190ab953180 00007fff824d71a0
0x0000001a93dff1a0:   00000190ab953188 00007fff94c61cf6
0x0000001a93dff1b0:   00009da3e9ead9d7 0000019000000000
0x0000001a93dff1c0:   0000000000000001 00007fff94c5f114
0x0000001a93dff1d0:   fffffffffffffffe 0000000000000001
0x0000001a93dff1e0:   0000000000000001 00007fff824a0000
0x0000001a93dff1f0:   0000001a93dff268 00007fff94c61c1b
0x0000001a93dff200:   0000000000000000 0000001a93dff278
0x0000001a93dff210:   0000001a93dff540 00007fff94d3c130
0x0000001a93dff220:   0000000000000001 00007fff94c61bd4
0x0000001a93dff230:   0000000000000000 0000000000000001
0x0000001a93dff240:   0000000000000000 0000001a93dff268
0x0000001a93dff250:   ffffffff00000001 00007fff824c41e1
0x0000001a93dff260:   00007fff824da138 00007fff00000002
0x0000001a93dff270:   0000000000000002 0000001a93dff260 

Instructions: (pc=0x00007fff824c6a87)
0x00007fff824c6987:   8b 4d 58 e8 01 cf ff ff 48 8b 4d 60 e8 f8 ce ff
0x00007fff824c6997:   ff 48 8b 95 80 00 00 00 48 8b 8d 18 01 00 00 e8
0x00007fff824c69a7:   c6 c3 ff ff 33 d2 33 c9 e8 3c e1 ff ff 90 48 89
0x00007fff824c69b7:   54 24 10 55 48 83 ec 20 48 8b ea 48 b8 00 00 00
0x00007fff824c69c7:   00 00 00 00 00 48 83 c4 20 5d c3 cc 40 55 48 8b
0x00007fff824c69d7:   ea 48 8b 01 33 c9 81 38 05 00 00 c0 0f 94 c1 8b
0x00007fff824c69e7:   c1 5d c3 cc 40 55 48 83 ec 20 48 8b ea 8a 4d 40
0x00007fff824c69f7:   48 83 c4 20 5d e9 f7 d2 ff ff cc 40 55 48 83 ec
0x00007fff824c6a07:   20 48 8b ea 8a 4d 20 e8 e5 d2 ff ff 90 48 83 c4
0x00007fff824c6a17:   20 5d c3 cc 40 55 48 83 ec 20 48 8b ea 48 83 c4
0x00007fff824c6a27:   20 5d e9 46 d1 ff ff cc 40 55 48 83 ec 30 48 8b
0x00007fff824c6a37:   ea 48 8b 01 8b 10 48 89 4c 24 28 89 54 24 20 4c
0x00007fff824c6a47:   8d 0d e7 d5 ff ff 4c 8b 45 70 8b 55 68 48 8b 4d
0x00007fff824c6a57:   60 e8 87 d0 ff ff 90 48 83 c4 30 5d c3 cc cc cc
0x00007fff824c6a67:   cc cc cc cc cc cc cc cc cc 40 53 48 83 ec 20 48
0x00007fff824c6a77:   8b 1d b3 30 01 00 48 85 db 74 16 e8 09 8b ff ff
0x00007fff824c6a87:   4c 8b 00 48 8b d3 48 8b c8 41 ff 90 b0 00 00 00
0x00007fff824c6a97:   90 48 83 c4 20 5b c3 cc cc 40 53 48 83 ec 20 48
0x00007fff824c6aa7:   8b 1d 2b 32 01 00 48 85 db 74 57 b8 ff ff ff ff
0x00007fff824c6ab7:   f0 0f c1 43 10 83 f8 01 75 3d 48 85 db 74 38 48
0x00007fff824c6ac7:   8b 0b 48 85 c9 74 0d ff 15 d4 07 00 00 48 c7 03
0x00007fff824c6ad7:   00 00 00 00 48 8b 4b 08 48 85 c9 74 0d e8 a7 cd
0x00007fff824c6ae7:   ff ff 48 c7 43 08 00 00 00 00 ba 18 00 00 00 48
0x00007fff824c6af7:   8b cb e8 92 cd ff ff 48 c7 05 cf 31 01 00 00 00
0x00007fff824c6b07:   00 00 48 83 c4 20 5b c3 cc 40 53 48 83 ec 20 48
0x00007fff824c6b17:   8b 1d 9b 31 01 00 48 85 db 74 57 b8 ff ff ff ff
0x00007fff824c6b27:   f0 0f c1 43 10 83 f8 01 75 3d 48 85 db 74 38 48
0x00007fff824c6b37:   8b 0b 48 85 c9 74 0d ff 15 64 07 00 00 48 c7 03
0x00007fff824c6b47:   00 00 00 00 48 8b 4b 08 48 85 c9 74 0d e8 37 cd
0x00007fff824c6b57:   ff ff 48 c7 43 08 00 00 00 00 ba 18 00 00 00 48
0x00007fff824c6b67:   8b cb e8 22 cd ff ff 48 c7 05 3f 31 01 00 00 00
0x00007fff824c6b77:   00 00 48 83 c4 20 5b c3 cc 40 53 48 83 ec 20 48 


Stack slot to memory mapping:
stack at sp + 0 slots: 0x0 is NULL
stack at sp + 1 slots: 0x0000019000000000 is an unknown value
stack at sp + 2 slots: 0x00000190ab953180 points into unknown readable memory: 0xffc1bbbcdfead9e8 | e8 d9 ea df bc bb c1 ff
stack at sp + 3 slots: 0x00007fff824d71a0 glass.dll
stack at sp + 4 slots: 0x00000190ab953188 points into unknown readable memory: 0x00009da3e9ead9d7 | d7 d9 ea e9 a3 9d 00 00
stack at sp + 5 slots: 0x00007fff94c61cf6 ucrtbase.dll
stack at sp + 6 slots: 0x00009da3e9ead9d7 is an unknown value
stack at sp + 7 slots: 0x0000019000000000 is an unknown value

VM_Operation (0x0000001a935ff2e0): Exit, mode: safepoint, requested by thread 0x00000190ac133c40


---------------  P R O C E S S  ---------------

Threads class SMR info:
_java_thread_list=0x00000190b418e870, length=20, elements={
0x0000019088211080, 0x00000190aa6a5af0, 0x00000190aa6a7880, 0x00000190aa6bed60,
0x00000190aa6c4330, 0x00000190aa6c5c00, 0x00000190aa6cb050, 0x00000190aa6c31b0,
0x00000190ab068750, 0x00000190ab0ed350, 0x00000190ab1eac70, 0x00000190ab66abe0,
0x00000190ab4c2360, 0x00000190ab897530, 0x00000190abd69fe0, 0x00000190abcc0030,
0x00000190abcc0500, 0x00000190ac9cb880, 0x00000190ac135920, 0x00000190ac133c40
}

Java Threads: ( => current thread )
  0x0000019088211080 JavaThread "main" [_thread_blocked, id=8728, stack(0x0000001a93700000,0x0000001a93800000)]
  0x00000190aa6a5af0 JavaThread "Reference Handler" daemon [_thread_blocked, id=18112, stack(0x0000001a93e00000,0x0000001a93f00000)]
  0x00000190aa6a7880 JavaThread "Finalizer" daemon [_thread_blocked, id=12136, stack(0x0000001a93f00000,0x0000001a94000000)]
  0x00000190aa6bed60 JavaThread "Attach Listener" daemon [_thread_blocked, id=15184, stack(0x0000001a94100000,0x0000001a94200000)]
  0x00000190aa6c4330 JavaThread "Service Thread" daemon [_thread_blocked, id=13948, stack(0x0000001a94200000,0x0000001a94300000)]
  0x00000190aa6c5c00 JavaThread "Monitor Deflation Thread" daemon [_thread_blocked, id=11624, stack(0x0000001a94300000,0x0000001a94400000)]
  0x00000190aa6cb050 JavaThread "C2 CompilerThread0" daemon [_thread_blocked, id=9100, stack(0x0000001a94400000,0x0000001a94500000)]
  0x00000190aa6c31b0 JavaThread "C1 CompilerThread0" daemon [_thread_blocked, id=13320, stack(0x0000001a94500000,0x0000001a94600000)]
  0x00000190ab068750 JavaThread "Sweeper thread" daemon [_thread_blocked, id=7640, stack(0x0000001a94600000,0x0000001a94700000)]
  0x00000190ab0ed350 JavaThread "Common-Cleaner" daemon [_thread_blocked, id=10776, stack(0x0000001a94700000,0x0000001a94800000)]
  0x00000190ab1eac70 JavaThread "Monitor Ctrl-Break" daemon [_thread_in_native, id=13476, stack(0x0000001a94900000,0x0000001a94a00000)]
  0x00000190ab66abe0 JavaThread "Notification Thread" daemon [_thread_blocked, id=5684, stack(0x0000001a94a00000,0x0000001a94b00000)]
  0x00000190ab4c2360 JavaThread "QuantumRenderer-0" daemon [_thread_blocked, id=9224, stack(0x0000001a94f00000,0x0000001a95000000)]
  0x00000190ab897530 JavaThread "InvokeLaterDispatcher" daemon [_thread_blocked, id=11032, stack(0x0000001a95200000,0x0000001a95300000)]
  0x00000190abd69fe0 JavaThread "JavaFX Application Thread" [_thread_in_native, id=1816, stack(0x0000001a95300000,0x0000001a95400000)]
  0x00000190abcc0030 JavaThread "JavaFX-Launcher" [_thread_blocked, id=11772, stack(0x0000001a95500000,0x0000001a95600000)]
  0x00000190abcc0500 JavaThread "Thread-2" daemon [_thread_in_native, id=228, stack(0x0000001a94800000,0x0000001a94900000)]
  0x00000190ac9cb880 JavaThread "Prism Font Disposer" daemon [_thread_blocked, id=6912, stack(0x0000001a95600000,0x0000001a95700000)]
  0x00000190ac135920 JavaThread "Cleaner-0" daemon [_thread_blocked, id=16272, stack(0x0000001a95700000,0x0000001a95800000)]
  0x00000190ac133c40 JavaThread "SIGINT handler" daemon [_thread_blocked, id=448, stack(0x0000001a93500000,0x0000001a93600000)]

Other Threads:
=>0x00000190aa6a2770 VMThread "VM Thread" [stack: 0x0000001a93d00000,0x0000001a93e00000] [id=14652]
  0x000001908825e130 GCTaskThread "GC Thread#0" [stack: 0x0000001a93800000,0x0000001a93900000] [id=6312]
  0x00000190ac66cf60 GCTaskThread "GC Thread#1" [stack: 0x0000001a94c00000,0x0000001a94d00000] [id=8232]
  0x00000190abba1030 GCTaskThread "GC Thread#2" [stack: 0x0000001a94d00000,0x0000001a94e00000] [id=7824]
  0x00000190ab89d5c0 GCTaskThread "GC Thread#3" [stack: 0x0000001a94e00000,0x0000001a94f00000] [id=68]
  0x0000019088270f20 ConcurrentGCThread "G1 Main Marker" terminated
  0x0000019088271840 ConcurrentGCThread "G1 Conc#0" [stack: 0x0000001a93a00000,0x0000001a93b00000] [id=7108]
  0x00000190aa5620c0 ConcurrentGCThread "G1 Refine#0" terminated
  0x00000190aa5628f0 ConcurrentGCThread "G1 Service" terminated

Threads with active compile tasks:
C2 CompilerThread0  
[error occurred during error reporting (printing all threads), id 0xc0000005, EXCEPTION_ACCESS_VIOLATION (0xc0000005) at pc=0x00007fff72d8ce63]

VM state: at safepoint (shutting down)

VM Mutex/Monitor currently owned by a thread:  ([mutex/lock_event])
[0x000001908820d8f0] Threads_lock - owner thread: 0x00000190aa6a2770
[0x000001908820de00] Heap_lock - owner thread: 0x00000190ac133c40

Heap address: 0x0000000700800000, size: 4088 MB, Compressed Oops mode: Zero based, Oop shift amount: 3

CDS archive(s) mapped at: [0x0000000800000000-0x0000000800bc0000-0x0000000800bc0000), size 12320768, SharedBaseAddress: 0x0000000800000000, ArchiveRelocationMode: 0.
Compressed class space mapped at: 0x0000000800c00000-0x0000000840c00000, reserved size: 1073741824
Narrow klass base: 0x0000000800000000, Narrow klass shift: 0, Narrow klass range: 0x100000000

GC Precious Log:
 CPUs: 4 total, 4 available
 Memory: 16347M
 Large Page Support: Disabled
 NUMA Support: Disabled
 Compressed Oops: Enabled (Zero based)
 Heap Region Size: 2M
 Heap Min Capacity: 8M
 Heap Initial Capacity: 256M
 Heap Max Capacity: 4088M
 Pre-touch: Disabled
 Parallel Workers: 4
 Concurrent Workers: 1
 Concurrent Refinement Workers: 4
 Periodic GC: Disabled

Heap:
 garbage-first heap   total 262144K, used 41600K [0x0000000700800000, 0x0000000800000000)
  region size 2048K, 20 young (40960K), 2 survivors (4096K)
 Metaspace       used 15399K, committed 15680K, reserved 1064960K
  class space    used 2162K, committed 2304K, reserved 1048576K

Heap Regions: E=young(eden), S=young(survivor), O=old, HS=humongous(starts), HC=humongous(continues), CS=collection set, F=free, OA=open archive, CA=closed archive, TAMS=top-at-mark-start (previous, next)
|   0|0x0000000700800000, 0x00000007008a0000, 0x0000000700a00000| 31%| O|  |TAMS 0x0000000700800000, 0x0000000700800000| Untracked 
|   1|0x0000000700a00000, 0x0000000700c00000, 0x0000000700c00000|100%|HS|  |TAMS 0x0000000700a00000, 0x0000000700a00000| Complete 
|   2|0x0000000700c00000, 0x0000000700c00000, 0x0000000700e00000|  0%| F|  |TAMS 0x0000000700c00000, 0x0000000700c00000| Untracked 
|   3|0x0000000700e00000, 0x0000000700e00000, 0x0000000701000000|  0%| F|  |TAMS 0x0000000700e00000, 0x0000000700e00000| Untracked 
|   4|0x0000000701000000, 0x0000000701000000, 0x0000000701200000|  0%| F|  |TAMS 0x0000000701000000, 0x0000000701000000| Untracked 
|   5|0x0000000701200000, 0x0000000701200000, 0x0000000701400000|  0%| F|  |TAMS 0x0000000701200000, 0x0000000701200000| Untracked 
|   6|0x0000000701400000, 0x0000000701400000, 0x0000000701600000|  0%| F|  |TAMS 0x0000000701400000, 0x0000000701400000| Untracked 
|   7|0x0000000701600000, 0x0000000701600000, 0x0000000701800000|  0%| F|  |TAMS 0x0000000701600000, 0x0000000701600000| Untracked 
|   8|0x0000000701800000, 0x0000000701800000, 0x0000000701a00000|  0%| F|  |TAMS 0x0000000701800000, 0x0000000701800000| Untracked 
|   9|0x0000000701a00000, 0x0000000701a00000, 0x0000000701c00000|  0%| F|  |TAMS 0x0000000701a00000, 0x0000000701a00000| Untracked 
|  10|0x0000000701c00000, 0x0000000701c00000, 0x0000000701e00000|  0%| F|  |TAMS 0x0000000701c00000, 0x0000000701c00000| Untracked 
|  11|0x0000000701e00000, 0x0000000701e00000, 0x0000000702000000|  0%| F|  |TAMS 0x0000000701e00000, 0x0000000701e00000| Untracked 
|  12|0x0000000702000000, 0x0000000702000000, 0x0000000702200000|  0%| F|  |TAMS 0x0000000702000000, 0x0000000702000000| Untracked 
|  13|0x0000000702200000, 0x0000000702200000, 0x0000000702400000|  0%| F|  |TAMS 0x0000000702200000, 0x0000000702200000| Untracked 
|  14|0x0000000702400000, 0x0000000702400000, 0x0000000702600000|  0%| F|  |TAMS 0x0000000702400000, 0x0000000702400000| Untracked 
|  15|0x0000000702600000, 0x0000000702600000, 0x0000000702800000|  0%| F|  |TAMS 0x0000000702600000, 0x0000000702600000| Untracked 
|  16|0x0000000702800000, 0x0000000702800000, 0x0000000702a00000|  0%| F|  |TAMS 0x0000000702800000, 0x0000000702800000| Untracked 
|  17|0x0000000702a00000, 0x0000000702a00000, 0x0000000702c00000|  0%| F|  |TAMS 0x0000000702a00000, 0x0000000702a00000| Untracked 
|  18|0x0000000702c00000, 0x0000000702c00000, 0x0000000702e00000|  0%| F|  |TAMS 0x0000000702c00000, 0x0000000702c00000| Untracked 
|  19|0x0000000702e00000, 0x0000000702e00000, 0x0000000703000000|  0%| F|  |TAMS 0x0000000702e00000, 0x0000000702e00000| Untracked 
|  20|0x0000000703000000, 0x0000000703000000, 0x0000000703200000|  0%| F|  |TAMS 0x0000000703000000, 0x0000000703000000| Untracked 
|  21|0x0000000703200000, 0x0000000703200000, 0x0000000703400000|  0%| F|  |TAMS 0x0000000703200000, 0x0000000703200000| Untracked 
|  22|0x0000000703400000, 0x0000000703400000, 0x0000000703600000|  0%| F|  |TAMS 0x0000000703400000, 0x0000000703400000| Untracked 
|  23|0x0000000703600000, 0x0000000703600000, 0x0000000703800000|  0%| F|  |TAMS 0x0000000703600000, 0x0000000703600000| Untracked 
|  24|0x0000000703800000, 0x0000000703800000, 0x0000000703a00000|  0%| F|  |TAMS 0x0000000703800000, 0x0000000703800000| Untracked 
|  25|0x0000000703a00000, 0x0000000703a00000, 0x0000000703c00000|  0%| F|  |TAMS 0x0000000703a00000, 0x0000000703a00000| Untracked 
|  26|0x0000000703c00000, 0x0000000703c00000, 0x0000000703e00000|  0%| F|  |TAMS 0x0000000703c00000, 0x0000000703c00000| Untracked 
|  27|0x0000000703e00000, 0x0000000703e00000, 0x0000000704000000|  0%| F|  |TAMS 0x0000000703e00000, 0x0000000703e00000| Untracked 
|  28|0x0000000704000000, 0x0000000704000000, 0x0000000704200000|  0%| F|  |TAMS 0x0000000704000000, 0x0000000704000000| Untracked 
|  29|0x0000000704200000, 0x0000000704200000, 0x0000000704400000|  0%| F|  |TAMS 0x0000000704200000, 0x0000000704200000| Untracked 
|  30|0x0000000704400000, 0x0000000704400000, 0x0000000704600000|  0%| F|  |TAMS 0x0000000704400000, 0x0000000704400000| Untracked 
|  31|0x0000000704600000, 0x0000000704600000, 0x0000000704800000|  0%| F|  |TAMS 0x0000000704600000, 0x0000000704600000| Untracked 
|  32|0x0000000704800000, 0x0000000704800000, 0x0000000704a00000|  0%| F|  |TAMS 0x0000000704800000, 0x0000000704800000| Untracked 
|  33|0x0000000704a00000, 0x0000000704a00000, 0x0000000704c00000|  0%| F|  |TAMS 0x0000000704a00000, 0x0000000704a00000| Untracked 
|  34|0x0000000704c00000, 0x0000000704c00000, 0x0000000704e00000|  0%| F|  |TAMS 0x0000000704c00000, 0x0000000704c00000| Untracked 
|  35|0x0000000704e00000, 0x0000000704e00000, 0x0000000705000000|  0%| F|  |TAMS 0x0000000704e00000, 0x0000000704e00000| Untracked 
|  36|0x0000000705000000, 0x0000000705000000, 0x0000000705200000|  0%| F|  |TAMS 0x0000000705000000, 0x0000000705000000| Untracked 
|  37|0x0000000705200000, 0x0000000705200000, 0x0000000705400000|  0%| F|  |TAMS 0x0000000705200000, 0x0000000705200000| Untracked 
|  38|0x0000000705400000, 0x0000000705400000, 0x0000000705600000|  0%| F|  |TAMS 0x0000000705400000, 0x0000000705400000| Untracked 
|  39|0x0000000705600000, 0x0000000705600000, 0x0000000705800000|  0%| F|  |TAMS 0x0000000705600000, 0x0000000705600000| Untracked 
|  40|0x0000000705800000, 0x0000000705800000, 0x0000000705a00000|  0%| F|  |TAMS 0x0000000705800000, 0x0000000705800000| Untracked 
|  41|0x0000000705a00000, 0x0000000705a00000, 0x0000000705c00000|  0%| F|  |TAMS 0x0000000705a00000, 0x0000000705a00000| Untracked 
|  42|0x0000000705c00000, 0x0000000705c00000, 0x0000000705e00000|  0%| F|  |TAMS 0x0000000705c00000, 0x0000000705c00000| Untracked 
|  43|0x0000000705e00000, 0x0000000705e00000, 0x0000000706000000|  0%| F|  |TAMS 0x0000000705e00000, 0x0000000705e00000| Untracked 
|  44|0x0000000706000000, 0x0000000706000000, 0x0000000706200000|  0%| F|  |TAMS 0x0000000706000000, 0x0000000706000000| Untracked 
|  45|0x0000000706200000, 0x0000000706200000, 0x0000000706400000|  0%| F|  |TAMS 0x0000000706200000, 0x0000000706200000| Untracked 
|  46|0x0000000706400000, 0x0000000706400000, 0x0000000706600000|  0%| F|  |TAMS 0x0000000706400000, 0x0000000706400000| Untracked 
|  47|0x0000000706600000, 0x0000000706600000, 0x0000000706800000|  0%| F|  |TAMS 0x0000000706600000, 0x0000000706600000| Untracked 
|  48|0x0000000706800000, 0x0000000706800000, 0x0000000706a00000|  0%| F|  |TAMS 0x0000000706800000, 0x0000000706800000| Untracked 
|  49|0x0000000706a00000, 0x0000000706a00000, 0x0000000706c00000|  0%| F|  |TAMS 0x0000000706a00000, 0x0000000706a00000| Untracked 
|  50|0x0000000706c00000, 0x0000000706c00000, 0x0000000706e00000|  0%| F|  |TAMS 0x0000000706c00000, 0x0000000706c00000| Untracked 
|  51|0x0000000706e00000, 0x0000000706e00000, 0x0000000707000000|  0%| F|  |TAMS 0x0000000706e00000, 0x0000000706e00000| Untracked 
|  52|0x0000000707000000, 0x0000000707000000, 0x0000000707200000|  0%| F|  |TAMS 0x0000000707000000, 0x0000000707000000| Untracked 
|  53|0x0000000707200000, 0x0000000707200000, 0x0000000707400000|  0%| F|  |TAMS 0x0000000707200000, 0x0000000707200000| Untracked 
|  54|0x0000000707400000, 0x0000000707400000, 0x0000000707600000|  0%| F|  |TAMS 0x0000000707400000, 0x0000000707400000| Untracked 
|  55|0x0000000707600000, 0x0000000707600000, 0x0000000707800000|  0%| F|  |TAMS 0x0000000707600000, 0x0000000707600000| Untracked 
|  56|0x0000000707800000, 0x0000000707800000, 0x0000000707a00000|  0%| F|  |TAMS 0x0000000707800000, 0x0000000707800000| Untracked 
|  57|0x0000000707a00000, 0x0000000707a00000, 0x0000000707c00000|  0%| F|  |TAMS 0x0000000707a00000, 0x0000000707a00000| Untracked 
|  58|0x0000000707c00000, 0x0000000707c00000, 0x0000000707e00000|  0%| F|  |TAMS 0x0000000707c00000, 0x0000000707c00000| Untracked 
|  59|0x0000000707e00000, 0x0000000707e00000, 0x0000000708000000|  0%| F|  |TAMS 0x0000000707e00000, 0x0000000707e00000| Untracked 
|  60|0x0000000708000000, 0x0000000708000000, 0x0000000708200000|  0%| F|  |TAMS 0x0000000708000000, 0x0000000708000000| Untracked 
|  61|0x0000000708200000, 0x0000000708200000, 0x0000000708400000|  0%| F|  |TAMS 0x0000000708200000, 0x0000000708200000| Untracked 
|  62|0x0000000708400000, 0x0000000708400000, 0x0000000708600000|  0%| F|  |TAMS 0x0000000708400000, 0x0000000708400000| Untracked 
|  63|0x0000000708600000, 0x0000000708600000, 0x0000000708800000|  0%| F|  |TAMS 0x0000000708600000, 0x0000000708600000| Untracked 
|  64|0x0000000708800000, 0x0000000708800000, 0x0000000708a00000|  0%| F|  |TAMS 0x0000000708800000, 0x0000000708800000| Untracked 
|  65|0x0000000708a00000, 0x0000000708a00000, 0x0000000708c00000|  0%| F|  |TAMS 0x0000000708a00000, 0x0000000708a00000| Untracked 
|  66|0x0000000708c00000, 0x0000000708c00000, 0x0000000708e00000|  0%| F|  |TAMS 0x0000000708c00000, 0x0000000708c00000| Untracked 
|  67|0x0000000708e00000, 0x0000000708e00000, 0x0000000709000000|  0%| F|  |TAMS 0x0000000708e00000, 0x0000000708e00000| Untracked 
|  68|0x0000000709000000, 0x0000000709000000, 0x0000000709200000|  0%| F|  |TAMS 0x0000000709000000, 0x0000000709000000| Untracked 
|  69|0x0000000709200000, 0x0000000709200000, 0x0000000709400000|  0%| F|  |TAMS 0x0000000709200000, 0x0000000709200000| Untracked 
|  70|0x0000000709400000, 0x0000000709400000, 0x0000000709600000|  0%| F|  |TAMS 0x0000000709400000, 0x0000000709400000| Untracked 
|  71|0x0000000709600000, 0x0000000709600000, 0x0000000709800000|  0%| F|  |TAMS 0x0000000709600000, 0x0000000709600000| Untracked 
|  72|0x0000000709800000, 0x0000000709800000, 0x0000000709a00000|  0%| F|  |TAMS 0x0000000709800000, 0x0000000709800000| Untracked 
|  73|0x0000000709a00000, 0x0000000709a00000, 0x0000000709c00000|  0%| F|  |TAMS 0x0000000709a00000, 0x0000000709a00000| Untracked 
|  74|0x0000000709c00000, 0x0000000709c00000, 0x0000000709e00000|  0%| F|  |TAMS 0x0000000709c00000, 0x0000000709c00000| Untracked 
|  75|0x0000000709e00000, 0x0000000709e00000, 0x000000070a000000|  0%| F|  |TAMS 0x0000000709e00000, 0x0000000709e00000| Untracked 
|  76|0x000000070a000000, 0x000000070a000000, 0x000000070a200000|  0%| F|  |TAMS 0x000000070a000000, 0x000000070a000000| Untracked 
|  77|0x000000070a200000, 0x000000070a200000, 0x000000070a400000|  0%| F|  |TAMS 0x000000070a200000, 0x000000070a200000| Untracked 
|  78|0x000000070a400000, 0x000000070a400000, 0x000000070a600000|  0%| F|  |TAMS 0x000000070a400000, 0x000000070a400000| Untracked 
|  79|0x000000070a600000, 0x000000070a600000, 0x000000070a800000|  0%| F|  |TAMS 0x000000070a600000, 0x000000070a600000| Untracked 
|  80|0x000000070a800000, 0x000000070a800000, 0x000000070aa00000|  0%| F|  |TAMS 0x000000070a800000, 0x000000070a800000| Untracked 
|  81|0x000000070aa00000, 0x000000070aa00000, 0x000000070ac00000|  0%| F|  |TAMS 0x000000070aa00000, 0x000000070aa00000| Untracked 
|  82|0x000000070ac00000, 0x000000070ac00000, 0x000000070ae00000|  0%| F|  |TAMS 0x000000070ac00000, 0x000000070ac00000| Untracked 
|  83|0x000000070ae00000, 0x000000070ae00000, 0x000000070b000000|  0%| F|  |TAMS 0x000000070ae00000, 0x000000070ae00000| Untracked 
|  84|0x000000070b000000, 0x000000070b000000, 0x000000070b200000|  0%| F|  |TAMS 0x000000070b000000, 0x000000070b000000| Untracked 
|  85|0x000000070b200000, 0x000000070b200000, 0x000000070b400000|  0%| F|  |TAMS 0x000000070b200000, 0x000000070b200000| Untracked 
|  86|0x000000070b400000, 0x000000070b400000, 0x000000070b600000|  0%| F|  |TAMS 0x000000070b400000, 0x000000070b400000| Untracked 
|  87|0x000000070b600000, 0x000000070b600000, 0x000000070b800000|  0%| F|  |TAMS 0x000000070b600000, 0x000000070b600000| Untracked 
|  88|0x000000070b800000, 0x000000070b800000, 0x000000070ba00000|  0%| F|  |TAMS 0x000000070b800000, 0x000000070b800000| Untracked 
|  89|0x000000070ba00000, 0x000000070ba00000, 0x000000070bc00000|  0%| F|  |TAMS 0x000000070ba00000, 0x000000070ba00000| Untracked 
|  90|0x000000070bc00000, 0x000000070bc00000, 0x000000070be00000|  0%| F|  |TAMS 0x000000070bc00000, 0x000000070bc00000| Untracked 
|  91|0x000000070be00000, 0x000000070be00000, 0x000000070c000000|  0%| F|  |TAMS 0x000000070be00000, 0x000000070be00000| Untracked 
|  92|0x000000070c000000, 0x000000070c000000, 0x000000070c200000|  0%| F|  |TAMS 0x000000070c000000, 0x000000070c000000| Untracked 
|  93|0x000000070c200000, 0x000000070c200000, 0x000000070c400000|  0%| F|  |TAMS 0x000000070c200000, 0x000000070c200000| Untracked 
|  94|0x000000070c400000, 0x000000070c400000, 0x000000070c600000|  0%| F|  |TAMS 0x000000070c400000, 0x000000070c400000| Untracked 
|  95|0x000000070c600000, 0x000000070c600000, 0x000000070c800000|  0%| F|  |TAMS 0x000000070c600000, 0x000000070c600000| Untracked 
|  96|0x000000070c800000, 0x000000070c800000, 0x000000070ca00000|  0%| F|  |TAMS 0x000000070c800000, 0x000000070c800000| Untracked 
|  97|0x000000070ca00000, 0x000000070ca00000, 0x000000070cc00000|  0%| F|  |TAMS 0x000000070ca00000, 0x000000070ca00000| Untracked 
|  98|0x000000070cc00000, 0x000000070cc00000, 0x000000070ce00000|  0%| F|  |TAMS 0x000000070cc00000, 0x000000070cc00000| Untracked 
|  99|0x000000070ce00000, 0x000000070ce00000, 0x000000070d000000|  0%| F|  |TAMS 0x000000070ce00000, 0x000000070ce00000| Untracked 
| 100|0x000000070d000000, 0x000000070d000000, 0x000000070d200000|  0%| F|  |TAMS 0x000000070d000000, 0x000000070d000000| Untracked 
| 101|0x000000070d200000, 0x000000070d200000, 0x000000070d400000|  0%| F|  |TAMS 0x000000070d200000, 0x000000070d200000| Untracked 
| 102|0x000000070d400000, 0x000000070d400000, 0x000000070d600000|  0%| F|  |TAMS 0x000000070d400000, 0x000000070d400000| Untracked 
| 103|0x000000070d600000, 0x000000070d600000, 0x000000070d800000|  0%| F|  |TAMS 0x000000070d600000, 0x000000070d600000| Untracked 
| 104|0x000000070d800000, 0x000000070d800000, 0x000000070da00000|  0%| F|  |TAMS 0x000000070d800000, 0x000000070d800000| Untracked 
| 105|0x000000070da00000, 0x000000070da00000, 0x000000070dc00000|  0%| F|  |TAMS 0x000000070da00000, 0x000000070da00000| Untracked 
| 106|0x000000070dc00000, 0x000000070dc00000, 0x000000070de00000|  0%| F|  |TAMS 0x000000070dc00000, 0x000000070dc00000| Untracked 
| 107|0x000000070de00000, 0x000000070de00000, 0x000000070e000000|  0%| F|  |TAMS 0x000000070de00000, 0x000000070de00000| Untracked 
| 108|0x000000070e000000, 0x000000070e139dd8, 0x000000070e200000| 61%| E|  |TAMS 0x000000070e000000, 0x000000070e000000| Complete 
| 109|0x000000070e200000, 0x000000070e400000, 0x000000070e400000|100%| E|CS|TAMS 0x000000070e200000, 0x000000070e200000| Complete 
| 110|0x000000070e400000, 0x000000070e600000, 0x000000070e600000|100%| E|CS|TAMS 0x000000070e400000, 0x000000070e400000| Complete 
| 111|0x000000070e600000, 0x000000070e800000, 0x000000070e800000|100%| E|CS|TAMS 0x000000070e600000, 0x000000070e600000| Complete 
| 112|0x000000070e800000, 0x000000070ea00000, 0x000000070ea00000|100%| E|CS|TAMS 0x000000070e800000, 0x000000070e800000| Complete 
| 113|0x000000070ea00000, 0x000000070ec00000, 0x000000070ec00000|100%| E|CS|TAMS 0x000000070ea00000, 0x000000070ea00000| Complete 
| 114|0x000000070ec00000, 0x000000070ee00000, 0x000000070ee00000|100%| E|CS|TAMS 0x000000070ec00000, 0x000000070ec00000| Complete 
| 115|0x000000070ee00000, 0x000000070f000000, 0x000000070f000000|100%| E|CS|TAMS 0x000000070ee00000, 0x000000070ee00000| Complete 
| 116|0x000000070f000000, 0x000000070f200000, 0x000000070f200000|100%| E|CS|TAMS 0x000000070f000000, 0x000000070f000000| Complete 
| 117|0x000000070f200000, 0x000000070f400000, 0x000000070f400000|100%| S|CS|TAMS 0x000000070f200000, 0x000000070f200000| Complete 
| 118|0x000000070f400000, 0x000000070f600000, 0x000000070f600000|100%| S|CS|TAMS 0x000000070f400000, 0x000000070f400000| Complete 
| 119|0x000000070f600000, 0x000000070f800000, 0x000000070f800000|100%| E|CS|TAMS 0x000000070f600000, 0x000000070f600000| Complete 
| 120|0x000000070f800000, 0x000000070fa00000, 0x000000070fa00000|100%| E|CS|TAMS 0x000000070f800000, 0x000000070f800000| Complete 
| 121|0x000000070fa00000, 0x000000070fc00000, 0x000000070fc00000|100%| E|CS|TAMS 0x000000070fa00000, 0x000000070fa00000| Complete 
| 122|0x000000070fc00000, 0x000000070fe00000, 0x000000070fe00000|100%| E|CS|TAMS 0x000000070fc00000, 0x000000070fc00000| Complete 
| 123|0x000000070fe00000, 0x0000000710000000, 0x0000000710000000|100%| E|CS|TAMS 0x000000070fe00000, 0x000000070fe00000| Complete 
| 124|0x0000000710000000, 0x0000000710200000, 0x0000000710200000|100%| E|CS|TAMS 0x0000000710000000, 0x0000000710000000| Complete 
| 125|0x0000000710200000, 0x0000000710400000, 0x0000000710400000|100%| E|CS|TAMS 0x0000000710200000, 0x0000000710200000| Complete 
| 126|0x0000000710400000, 0x0000000710600000, 0x0000000710600000|100%| E|CS|TAMS 0x0000000710400000, 0x0000000710400000| Complete 
| 127|0x0000000710600000, 0x0000000710800000, 0x0000000710800000|100%| E|CS|TAMS 0x0000000710600000, 0x0000000710600000| Complete 

Card table byte_map: [0x000001909f200000,0x000001909fa00000] _byte_map_base: 0x000001909b9fc000

Marking Bits (Prev, Next): (CMBitMap*) 0x0000019088260670, (CMBitMap*) 0x00000190882606b0
 Prev Bits: [0x00000190a0200000, 0x00000190a41e0000)
 Next Bits: [0x00000190a41e0000, 0x00000190a81c0000)

Polling page: 0x0000019086050000

Metaspace:

Usage:
  Non-class:     12.93 MB used.
      Class:      2.11 MB used.
       Both:     15.04 MB used.

Virtual space:
  Non-class space:       16.00 MB reserved,      13.06 MB ( 82%) committed,  2 nodes.
      Class space:        1.00 GB reserved,       2.25 MB ( <1%) committed,  1 nodes.
             Both:        1.02 GB reserved,      15.31 MB (  1%) committed. 

Chunk freelists:
   Non-Class:  2.91 MB
       Class:  1.78 MB
        Both:  4.68 MB

MaxMetaspaceSize: unlimited
CompressedClassSpaceSize: 1.00 GB
Initial GC threshold: 21.00 MB
Current GC threshold: 21.00 MB
CDS: on
MetaspaceReclaimPolicy: balanced
 - commit_granule_bytes: 65536.
 - commit_granule_words: 8192.
 - virtual_space_node_default_size: 1048576.
 - enlarge_chunks_in_place: 1.
 - new_chunks_are_fully_committed: 0.
 - uncommit_free_chunks: 1.
 - use_allocation_guard: 0.
 - handle_deallocations: 1.


Internal statistics:

num_allocs_failed_limit: 0.
num_arena_births: 208.
num_arena_deaths: 0.
num_vsnodes_births: 3.
num_vsnodes_deaths: 0.
num_space_committed: 245.
num_space_uncommitted: 0.
num_chunks_returned_to_freelist: 0.
num_chunks_taken_from_freelist: 691.
num_chunk_merges: 0.
num_chunk_splits: 481.
num_chunks_enlarged: 372.
num_purges: 0.
num_inconsistent_stats: 0.

CodeHeap 'non-profiled nmethods': size=120000Kb used=1031Kb max_used=1031Kb free=118968Kb
 bounds [0x00000190974d0000, 0x0000019097740000, 0x000001909ea00000]
CodeHeap 'profiled nmethods': size=120000Kb used=4925Kb max_used=4925Kb free=115074Kb
 bounds [0x000001908ffa0000, 0x0000019090470000, 0x00000190974d0000]
CodeHeap 'non-nmethods': size=5760Kb used=1415Kb max_used=1470Kb free=4344Kb
 bounds [0x000001908fa00000, 0x000001908fc70000, 0x000001908ffa0000]
 total_blobs=3421 nmethods=2640 adapters=693
 compilation: enabled
              stopped_count=0, restarted_count=0
 full_count=0

Compilation events (20 events):
Event: 15.843 Thread 0x00000190aa6c31b0 nmethod 2635 0x000001909046c890 code [0x000001909046ca20, 0x000001909046cb98]
Event: 15.845 Thread 0x00000190aa6c31b0 2636       3       com.sun.javafx.scene.ParentHelper::pickNodeLocalImpl (12 bytes)
Event: 15.846 Thread 0x00000190aa6c31b0 nmethod 2636 0x000001909046cc10 code [0x000001909046cdc0, 0x000001909046d0c8]
Event: 15.846 Thread 0x00000190aa6c31b0 2637       3       javafx.scene.Parent$1::doPickNodeLocal (10 bytes)
Event: 15.846 Thread 0x00000190aa6c31b0 nmethod 2637 0x000001909046d210 code [0x000001909046d3c0, 0x000001909046d608]
Event: 15.846 Thread 0x00000190aa6c31b0 2638       3       javafx.scene.Parent::doPickNodeLocal (42 bytes)
Event: 15.848 Thread 0x00000190aa6c31b0 nmethod 2638 0x000001909046d710 code [0x000001909046d920, 0x000001909046e048]
Event: 15.848 Thread 0x00000190aa6c31b0 2639       1       java.util.ArrayList$ArrayListSpliterator::characteristics (4 bytes)
Event: 15.848 Thread 0x00000190aa6c31b0 nmethod 2639 0x00000190975d1790 code [0x00000190975d1920, 0x00000190975d19f8]
Event: 15.848 Thread 0x00000190aa6c31b0 2640       1       java.util.stream.ReferencePipeline$StatelessOp::opIsStateful (2 bytes)
Event: 15.848 Thread 0x00000190aa6c31b0 nmethod 2640 0x00000190975d1a90 code [0x00000190975d1c20, 0x00000190975d1cf8]
Event: 15.851 Thread 0x00000190aa6c31b0 2641       3       com.sun.javafx.util.Utils::clamp (16 bytes)
Event: 15.852 Thread 0x00000190aa6c31b0 nmethod 2641 0x000001909046e290 code [0x000001909046e440, 0x000001909046e5f8]
Event: 15.855 Thread 0x00000190aa6c31b0 2642       3       javafx.scene.text.Text::getTextAttribute (24 bytes)
Event: 15.856 Thread 0x00000190aa6c31b0 nmethod 2642 0x000001909046e690 code [0x000001909046e840, 0x000001909046eb98]
Event: 15.856 Thread 0x00000190aa6c31b0 2643       3       java.util.ArrayList::toArray (12 bytes)
Event: 15.856 Thread 0x00000190aa6c31b0 nmethod 2643 0x000001909046ec90 code [0x000001909046ee40, 0x000001909046f028]
Event: 63.472 Thread 0x00000190aa6cb050 2644       4       java.lang.invoke.MethodType::makeImpl (109 bytes)
Event: 63.472 Thread 0x00000190aa6c31b0 2645       3       com.sun.prism.impl.BaseResourcePool$WeakLinkedList::getResource (11 bytes)
Event: 63.472 Thread 0x00000190aa6c31b0 nmethod 2645 0x000001909046f110 code [0x000001909046f2c0, 0x000001909046f598]

GC Heap History (4 events):
Event: 0.831 GC heap before
{Heap before GC invocations=0 (full 0):
 garbage-first heap   total 262144K, used 12288K [0x0000000700800000, 0x0000000800000000)
  region size 2048K, 6 young (12288K), 0 survivors (0K)
 Metaspace       used 2518K, committed 2624K, reserved 1056768K
  class space    used 267K, committed 320K, reserved 1048576K
}
Event: 0.834 GC heap after
{Heap after GC invocations=1 (full 0):
 garbage-first heap   total 262144K, used 1741K [0x0000000700800000, 0x0000000800000000)
  region size 2048K, 1 young (2048K), 1 survivors (2048K)
 Metaspace       used 2518K, committed 2624K, reserved 1056768K
  class space    used 267K, committed 320K, reserved 1048576K
}
Event: 1.563 GC heap before
{Heap before GC invocations=1 (full 0):
 garbage-first heap   total 262144K, used 16077K [0x0000000700800000, 0x0000000800000000)
  region size 2048K, 9 young (18432K), 1 survivors (2048K)
 Metaspace       used 8112K, committed 8256K, reserved 1056768K
  class space    used 1013K, committed 1088K, reserved 1048576K
}
Event: 1.568 GC heap after
{Heap after GC invocations=2 (full 0):
 garbage-first heap   total 262144K, used 4736K [0x0000000700800000, 0x0000000800000000)
  region size 2048K, 2 young (4096K), 2 survivors (4096K)
 Metaspace       used 8112K, committed 8256K, reserved 1056768K
  class space    used 1013K, committed 1088K, reserved 1048576K
}

Deoptimization events (20 events):
Event: 1.820 Thread 0x00000190abd69fe0 DEOPT PACKING pc=0x00000190974e59ec sp=0x0000001a953fda20
Event: 1.820 Thread 0x00000190abd69fe0 DEOPT UNPACKING pc=0x000001908fa523a3 sp=0x0000001a953fd970 mode 2
Event: 1.835 Thread 0x00000190abd69fe0 Uncommon trap: trap_request=0xffffff45 fr.pc=0x000001909753ecdc relative=0x000000000000071c
Event: 1.835 Thread 0x00000190abd69fe0 Uncommon trap: reason=unstable_if action=reinterpret pc=0x000001909753ecdc method=java.util.HashMap.hash(Ljava/lang/Object;)I @ 1 c2
Event: 1.835 Thread 0x00000190abd69fe0 DEOPT PACKING pc=0x000001909753ecdc sp=0x0000001a953fda30
Event: 1.835 Thread 0x00000190abd69fe0 DEOPT UNPACKING pc=0x000001908fa523a3 sp=0x0000001a953fd8d8 mode 2
Event: 2.435 Thread 0x00000190abd69fe0 Uncommon trap: trap_request=0xffffff45 fr.pc=0x000001909753db40 relative=0x00000000000001c0
Event: 2.435 Thread 0x00000190abd69fe0 Uncommon trap: reason=unstable_if action=reinterpret pc=0x000001909753db40 method=java.io.ByteArrayInputStream.read()I @ 8 c2
Event: 2.435 Thread 0x00000190abd69fe0 DEOPT PACKING pc=0x000001909753db40 sp=0x0000001a953fc370
Event: 2.435 Thread 0x00000190abd69fe0 DEOPT UNPACKING pc=0x000001908fa523a3 sp=0x0000001a953fc328 mode 2
Event: 2.443 Thread 0x00000190abd69fe0 Uncommon trap: trap_request=0xffffff45 fr.pc=0x000001909751b6d8 relative=0x0000000000000158
Event: 2.443 Thread 0x00000190abd69fe0 Uncommon trap: reason=unstable_if action=reinterpret pc=0x000001909751b6d8 method=java.lang.String.indexOf(II)I @ 4 c2
Event: 2.443 Thread 0x00000190abd69fe0 DEOPT PACKING pc=0x000001909751b6d8 sp=0x0000001a953fd740
Event: 2.443 Thread 0x00000190abd69fe0 DEOPT UNPACKING pc=0x000001908fa523a3 sp=0x0000001a953fd670 mode 2
Event: 9.596 Thread 0x00000190abd69fe0 Uncommon trap: trap_request=0xffffff45 fr.pc=0x0000019097598cdc relative=0x000000000000005c
Event: 9.596 Thread 0x00000190abd69fe0 Uncommon trap: reason=unstable_if action=reinterpret pc=0x0000019097598cdc method=javafx.scene.Node.updateLocalToParentTransform()V @ 4 c2
Event: 9.596 Thread 0x00000190abd69fe0 DEOPT PACKING pc=0x0000019097598cdc sp=0x0000001a953fc8f0
Event: 9.596 Thread 0x00000190abd69fe0 DEOPT UNPACKING pc=0x000001908fa523a3 sp=0x0000001a953fc848 mode 2
Event: 10.299 Thread 0x00000190abd69fe0 DEOPT PACKING pc=0x0000019090136c56 sp=0x0000001a953fa350
Event: 10.299 Thread 0x00000190abd69fe0 DEOPT UNPACKING pc=0x000001908fa52b43 sp=0x0000001a953f97f0 mode 0

Classes unloaded (0 events):
No events

Classes redefined (0 events):
No events

Internal exceptions (20 events):
Event: 1.501 Thread 0x00000190abd69fe0 Exception <a 'java/lang/ClassNotFoundException'{0x000000070f98c238}: sun/util/logging/resources/spi/loggingProvider> (0x000000070f98c238) 
thrown [t:\workspace\open\src\hotspot\share\classfile\systemDictionary.cpp, line 256]
Event: 1.710 Thread 0x00000190abd69fe0 Exception <a 'java/lang/NoSuchMethodError'{0x00000007102b8508}: 'void java.lang.invoke.DirectMethodHandle$Holder.invokeStaticInit(java.lang.Object, java.lang.Object)'> (0x00000007102b8508) 
thrown [t:\workspace\open\src\hotspot\share\interpreter\linkResolver.cpp, line 766]
Event: 1.723 Thread 0x00000190abd69fe0 Exception <a 'java/lang/NoSuchMethodError'{0x000000071033c850}: 'void java.lang.invoke.DirectMethodHandle$Holder.invokeSpecial(java.lang.Object, java.lang.Object, java.lang.Object, java.lang.Object, java.lang.Object)'> (0x000000071033c850) 
thrown [t:\workspace\open\src\hotspot\share\interpreter\linkResolver.cpp, line 766]
Event: 1.820 Thread 0x00000190abd69fe0 Implicit null exception at 0x00000190974e5760 to 0x00000190974e59d8
Event: 1.835 Thread 0x00000190abd69fe0 Implicit null exception at 0x000001909753e60d to 0x000001909753ecbc
Event: 2.092 Thread 0x00000190abd69fe0 Exception <a 'java/lang/ClassNotFoundException'{0x000000070f9b91c0}: com/sun/javafx/scene/control/skin/resources/controls> (0x000000070f9b91c0) 
thrown [t:\workspace\open\src\hotspot\share\prims\jni.cpp, line 535]
Event: 2.094 Thread 0x00000190abd69fe0 Exception <a 'java/lang/ClassNotFoundException'{0x000000070f9c6cc0}: com/sun/javafx/scene/control/skin/resources/controls_ru> (0x000000070f9c6cc0) 
thrown [t:\workspace\open\src\hotspot\share\prims\jni.cpp, line 535]
Event: 2.095 Thread 0x00000190abd69fe0 Exception <a 'java/lang/ClassNotFoundException'{0x000000070f9c7c58}: com/sun/javafx/scene/control/skin/resources/controls_ru_RU> (0x000000070f9c7c58) 
thrown [t:\workspace\open\src\hotspot\share\prims\jni.cpp, line 535]
Event: 2.156 Thread 0x00000190abd69fe0 Exception <a 'java/lang/NoSuchMethodError'{0x000000070f78b588}: 'void java.lang.invoke.DirectMethodHandle$Holder.invokeSpecial(java.lang.Object, java.lang.Object, java.lang.Object, java.lang.Object, java.lang.Object, java.lang.Object)'> (0x000000070f78b588) 
thrown [t:\workspace\open\src\hotspot\share\interpreter\linkResolver.cpp, line 766]
Event: 2.205 Thread 0x00000190abd69fe0 Exception <a 'java/lang/NoSuchMethodError'{0x000000070f1f0580}: 'java.lang.Object java.lang.invoke.DirectMethodHandle$Holder.invokeInterface(java.lang.Object, java.lang.Object, java.lang.Object)'> (0x000000070f1f0580) 
thrown [t:\workspace\open\src\hotspot\share\interpreter\linkResolver.cpp, line 766]
Event: 2.206 Thread 0x00000190abd69fe0 Exception <a 'java/lang/IncompatibleClassChangeError'{0x000000070f1f3f08}: Found class java.lang.Object, but interface was expected> (0x000000070f1f3f08) 
thrown [t:\workspace\open\src\hotspot\share\interpreter\linkResolver.cpp, line 833]
Event: 2.450 Thread 0x00000190abd69fe0 Exception <a 'java/lang/NoSuchMethodError'{0x000000070ec82308}: 'java.lang.Object java.lang.invoke.DirectMethodHandle$Holder.newInvokeSpecial(java.lang.Object, java.lang.Object, int)'> (0x000000070ec82308) 
thrown [t:\workspace\open\src\hotspot\share\interpreter\linkResolver.cpp, line 766]
Event: 2.472 Thread 0x00000190ab4c2360 Exception <a 'java/lang/NoSuchMethodError'{0x000000070ede7a40}: 'int java.lang.invoke.DirectMethodHandle$Holder.invokeStaticInit(java.lang.Object, java.lang.Object)'> (0x000000070ede7a40) 
thrown [t:\workspace\open\src\hotspot\share\interpreter\linkResolver.cpp, line 766]
Event: 2.545 Thread 0x00000190abd69fe0 Exception <a 'java/lang/NoSuchMethodError'{0x000000070ece89f8}: 'long java.lang.invoke.DirectMethodHandle$Holder.invokeStatic(java.lang.Object, java.lang.Object, java.lang.Object)'> (0x000000070ece89f8) 
thrown [t:\workspace\open\src\hotspot\share\interpreter\linkResolver.cpp, line 766]
Event: 2.546 Thread 0x00000190abd69fe0 Exception <a 'java/lang/NoSuchMethodError'{0x000000070ecec1a0}: 'long java.lang.invoke.DirectMethodHandle$Holder.invokeStaticInit(java.lang.Object, java.lang.Object, java.lang.Object)'> (0x000000070ecec1a0) 
thrown [t:\workspace\open\src\hotspot\share\interpreter\linkResolver.cpp, line 766]
Event: 2.592 Thread 0x00000190abd69fe0 Exception <a 'java/lang/NoSuchMethodError'{0x000000070e891450}: 'java.lang.Object java.lang.invoke.DirectMethodHandle$Holder.newInvokeSpecial(java.lang.Object, java.lang.Object, long)'> (0x000000070e891450) 
thrown [t:\workspace\open\src\hotspot\share\interpreter\linkResolver.cpp, line 766]
Event: 2.594 Thread 0x00000190abd69fe0 Exception <a 'java/lang/NoSuchMethodError'{0x000000070e894fc0}: 'java.lang.Object java.lang.invoke.Invokers$Holder.linkToTargetMethod(java.lang.Object, long, java.lang.Object)'> (0x000000070e894fc0) 
thrown [t:\workspace\open\src\hotspot\share\interpreter\linkResolver.cpp, line 766]
Event: 9.158 Thread 0x00000190abd69fe0 Exception <a 'java/lang/NoSuchMethodError'{0x000000070e7dba60}: 'java.lang.Object java.lang.invoke.DirectMethodHandle$Holder.newInvokeSpecial(java.lang.Object, java.lang.Object, int, int, int, int, int, java.lang.Object)'> (0x000000070e7dba60) 
thrown [t:\workspace\open\src\hotspot\share\interpreter\linkResolver.cpp, line 766]
Event: 9.160 Thread 0x00000190abd69fe0 Exception <a 'java/lang/NoSuchMethodError'{0x000000070e7eea40}: 'java.lang.Object java.lang.invoke.DirectMethodHandle$Holder.newInvokeSpecial(java.lang.Object, java.lang.Object, java.lang.Object, int, int, int, int, int)'> (0x000000070e7eea40) 
thrown [t:\workspace\open\src\hotspot\share\interpreter\linkResolver.cpp, line 766]
Event: 9.161 Thread 0x00000190abd69fe0 Exception <a 'java/lang/NoSuchMethodError'{0x000000070e7f62a0}: 'java.lang.Object java.lang.invoke.Invokers$Holder.linkToTargetMethod(java.lang.Object, java.lang.Object, int, int, int, int, int, java.lang.Object)'> (0x000000070e7f62a0) 
thrown [t:\workspace\open\src\hotspot\share\interpreter\linkResolver.cpp, line 766]

VM Operations (20 events):
Event: 3.334 Executing VM operation: Cleanup done
Event: 4.335 Executing VM operation: Cleanup
Event: 4.335 Executing VM operation: Cleanup done
Event: 6.336 Executing VM operation: Cleanup
Event: 6.336 Executing VM operation: Cleanup done
Event: 8.336 Executing VM operation: Cleanup
Event: 8.336 Executing VM operation: Cleanup done
Event: 9.161 Executing VM operation: ICBufferFull
Event: 9.161 Executing VM operation: ICBufferFull done
Event: 11.161 Executing VM operation: Cleanup
Event: 11.161 Executing VM operation: Cleanup done
Event: 12.162 Executing VM operation: Cleanup
Event: 12.162 Executing VM operation: Cleanup done
Event: 15.163 Executing VM operation: Cleanup
Event: 15.163 Executing VM operation: Cleanup done
Event: 17.164 Executing VM operation: Cleanup
Event: 17.164 Executing VM operation: Cleanup done
Event: 18.165 Executing VM operation: Cleanup
Event: 18.165 Executing VM operation: Cleanup done
Event: 63.472 Executing VM operation: Exit

Events (20 events):
Event: 8.803 loading class sun/text/RuleBasedBreakIterator
Event: 8.804 loading class sun/text/RuleBasedBreakIterator done
Event: 8.807 loading class sun/text/CompactByteArray
Event: 8.807 loading class sun/text/CompactByteArray done
Event: 8.808 loading class sun/text/SupplementaryCharacterData
Event: 8.808 loading class sun/text/SupplementaryCharacterData done
Event: 8.808 loading class java/text/BreakIterator$BreakIteratorCache
Event: 8.808 loading class java/text/BreakIterator$BreakIteratorCache done
Event: 10.314 Thread 0x00000190ab9c0c00 Thread added: 0x00000190ab9c0c00
Event: 10.620 Thread 0x00000190ab9c0c00 Thread exited: 0x00000190ab9c0c00
Event: 15.478 loading class java/text/StringCharacterIterator
Event: 15.478 loading class java/text/StringCharacterIterator done
Event: 63.469 loading class jdk/internal/misc/Signal$1
Event: 63.469 loading class jdk/internal/misc/Signal$1 done
Event: 63.470 Thread 0x00000190ac133c40 Thread added: 0x00000190ac133c40
Event: 63.470 Thread 0x00000190ac135df0 Thread added: 0x00000190ac135df0
Event: 63.470 Thread 0x00000190ac134110 Thread added: 0x00000190ac134110
Event: 63.471 Thread 0x00000190ac135df0 Thread exited: 0x00000190ac135df0
Event: 63.472 Thread 0x00000190ac134110 Thread exited: 0x00000190ac134110
Event: 63.472 Thread 0x00000190aa6be2a0 Thread exited: 0x00000190aa6be2a0


Dynamic libraries:
0x00007ff63abd0000 - 0x00007ff63abde000 	C:\Users\Nikita\.jdks\openjdk-17\bin\java.exe
0x00007fff98810000 - 0x00007fff989fd000 	C:\Windows\SYSTEM32\ntdll.dll
0x00007fff98600000 - 0x00007fff986b3000 	C:\Windows\System32\KERNEL32.DLL
0x00007fff949b0000 - 0x00007fff94c4a000 	C:\Windows\System32\KERNELBASE.dll
0x00007fff94c50000 - 0x00007fff94d4a000 	C:\Windows\System32\ucrtbase.dll
0x00007fff8d0b0000 - 0x00007fff8d0c8000 	C:\Users\Nikita\.jdks\openjdk-17\bin\jli.dll
0x00007fff975a0000 - 0x00007fff97737000 	C:\Windows\System32\USER32.dll
0x00007fff94f50000 - 0x00007fff94f70000 	C:\Windows\System32\win32u.dll
0x00007fff95e30000 - 0x00007fff95e59000 	C:\Windows\System32\GDI32.dll
0x00007fff94ff0000 - 0x00007fff9518c000 	C:\Windows\System32\gdi32full.dll
0x00007fff958e0000 - 0x00007fff95980000 	C:\Windows\System32\msvcp_win.dll
0x00007fff8a800000 - 0x00007fff8a81a000 	C:\Users\Nikita\.jdks\openjdk-17\bin\VCRUNTIME140.dll
0x00007fff77430000 - 0x00007fff776a9000 	C:\Windows\WinSxS\amd64_microsoft.windows.common-controls_6595b64144ccf1df_6.0.17763.3046_none_de715ebe534b36e3\COMCTL32.dll
0x00007fff983b0000 - 0x00007fff9844e000 	C:\Windows\System32\msvcrt.dll
0x00007fff977b0000 - 0x00007fff97adb000 	C:\Windows\System32\combase.dll
0x00007fff986c0000 - 0x00007fff987dd000 	C:\Windows\System32\RPCRT4.dll
0x00007fff95980000 - 0x00007fff95a02000 	C:\Windows\System32\bcryptPrimitives.dll
0x00007fff96010000 - 0x00007fff9603e000 	C:\Windows\System32\IMM32.DLL
0x00007fff8efd0000 - 0x00007fff8efdc000 	C:\Users\Nikita\.jdks\openjdk-17\bin\vcruntime140_1.dll
0x00007fff7b6a0000 - 0x00007fff7b72d000 	C:\Users\Nikita\.jdks\openjdk-17\bin\msvcp140.dll
0x00007fff72600000 - 0x00007fff731be000 	C:\Users\Nikita\.jdks\openjdk-17\bin\server\jvm.dll
0x00007fff95aa0000 - 0x00007fff95b47000 	C:\Windows\System32\ADVAPI32.dll
0x00007fff97d70000 - 0x00007fff97e0f000 	C:\Windows\System32\sechost.dll
0x00007fff983a0000 - 0x00007fff983a8000 	C:\Windows\System32\PSAPI.DLL
0x00007fff8ede0000 - 0x00007fff8ede9000 	C:\Windows\SYSTEM32\WSOCK32.dll
0x00007fff97740000 - 0x00007fff977ad000 	C:\Windows\System32\WS2_32.dll
0x00007fff92910000 - 0x00007fff92934000 	C:\Windows\SYSTEM32\WINMM.dll
0x00007fff8d010000 - 0x00007fff8d01a000 	C:\Windows\SYSTEM32\VERSION.dll
0x00007fff928e0000 - 0x00007fff9290d000 	C:\Windows\SYSTEM32\WINMMBASE.dll
0x00007fff948b0000 - 0x00007fff948fa000 	C:\Windows\System32\cfgmgr32.dll
0x00007fff94840000 - 0x00007fff94851000 	C:\Windows\System32\kernel.appcore.dll
0x00007fff8ef90000 - 0x00007fff8ef9a000 	C:\Users\Nikita\.jdks\openjdk-17\bin\jimage.dll
0x00007fff86010000 - 0x00007fff861fd000 	C:\Windows\SYSTEM32\DBGHELP.DLL
0x00007fff85e60000 - 0x00007fff85e8a000 	C:\Windows\SYSTEM32\dbgcore.DLL
0x00007fff8edf0000 - 0x00007fff8edfe000 	C:\Users\Nikita\.jdks\openjdk-17\bin\instrument.dll
0x00007fff87c50000 - 0x00007fff87c75000 	C:\Users\Nikita\.jdks\openjdk-17\bin\java.dll
0x00007fff75390000 - 0x00007fff75466000 	C:\Users\Nikita\.jdks\openjdk-17\bin\svml.dll
0x00007fff96040000 - 0x00007fff97538000 	C:\Windows\System32\SHELL32.dll
0x00007fff97e10000 - 0x00007fff97eb7000 	C:\Windows\System32\shcore.dll
0x00007fff95190000 - 0x00007fff958d8000 	C:\Windows\System32\windows.storage.dll
0x00007fff94860000 - 0x00007fff94883000 	C:\Windows\System32\profapi.dll
0x00007fff947e0000 - 0x00007fff9483d000 	C:\Windows\System32\powrprof.dll
0x00007fff98340000 - 0x00007fff98392000 	C:\Windows\System32\shlwapi.dll
0x00007fff94f70000 - 0x00007fff94f87000 	C:\Windows\System32\cryptsp.dll
0x00007fff8a7e0000 - 0x00007fff8a7f9000 	C:\Users\Nikita\.jdks\openjdk-17\bin\net.dll
0x00007fff8ffc0000 - 0x00007fff900b1000 	C:\Windows\SYSTEM32\WINHTTP.dll
0x00007fff93fd0000 - 0x00007fff94037000 	C:\Windows\system32\mswsock.dll
0x00007fff87f10000 - 0x00007fff87f25000 	C:\Users\Nikita\.jdks\openjdk-17\bin\nio.dll
0x00007fff87c30000 - 0x00007fff87c48000 	C:\Users\Nikita\.jdks\openjdk-17\bin\zip.dll
0x00007fff87c10000 - 0x00007fff87c2a000 	C:\Program Files\JetBrains\IntelliJ IDEA Community Edition 2021.2.2\bin\breakgen64.dll
0x00000190860f0000 - 0x00000190860f3000 	C:\Users\Nikita\.openjfx\cache\17-ea\api-ms-win-core-console-l1-1-0.dll
0x0000019086390000 - 0x0000019086393000 	C:\Users\Nikita\.openjfx\cache\17-ea\api-ms-win-core-console-l1-2-0.dll
0x00000190863a0000 - 0x00000190863a3000 	C:\Users\Nikita\.openjfx\cache\17-ea\api-ms-win-core-datetime-l1-1-0.dll
0x00000190863b0000 - 0x00000190863b3000 	C:\Users\Nikita\.openjfx\cache\17-ea\api-ms-win-core-debug-l1-1-0.dll
0x0000019088110000 - 0x0000019088113000 	C:\Users\Nikita\.openjfx\cache\17-ea\api-ms-win-core-errorhandling-l1-1-0.dll
0x0000019088120000 - 0x0000019088124000 	C:\Users\Nikita\.openjfx\cache\17-ea\api-ms-win-core-file-l1-1-0.dll
0x0000019088130000 - 0x0000019088133000 	C:\Users\Nikita\.openjfx\cache\17-ea\api-ms-win-core-file-l1-2-0.dll
0x0000019088140000 - 0x0000019088143000 	C:\Users\Nikita\.openjfx\cache\17-ea\api-ms-win-core-file-l2-1-0.dll
0x0000019088150000 - 0x0000019088153000 	C:\Users\Nikita\.openjfx\cache\17-ea\api-ms-win-core-handle-l1-1-0.dll
0x0000019088160000 - 0x0000019088163000 	C:\Users\Nikita\.openjfx\cache\17-ea\api-ms-win-core-heap-l1-1-0.dll
0x0000019088170000 - 0x0000019088173000 	C:\Users\Nikita\.openjfx\cache\17-ea\api-ms-win-core-interlocked-l1-1-0.dll
0x0000019088180000 - 0x0000019088183000 	C:\Users\Nikita\.openjfx\cache\17-ea\api-ms-win-core-libraryloader-l1-1-0.dll
0x0000019088190000 - 0x0000019088193000 	C:\Users\Nikita\.openjfx\cache\17-ea\api-ms-win-core-localization-l1-2-0.dll
0x00000190881a0000 - 0x00000190881a3000 	C:\Users\Nikita\.openjfx\cache\17-ea\api-ms-win-core-memory-l1-1-0.dll
0x00000190881b0000 - 0x00000190881b3000 	C:\Users\Nikita\.openjfx\cache\17-ea\api-ms-win-core-namedpipe-l1-1-0.dll
0x00000190881c0000 - 0x00000190881c3000 	C:\Users\Nikita\.openjfx\cache\17-ea\api-ms-win-core-processenvironment-l1-1-0.dll
0x00000190881d0000 - 0x00000190881d3000 	C:\Users\Nikita\.openjfx\cache\17-ea\api-ms-win-core-processthreads-l1-1-0.dll
0x00000190ace40000 - 0x00000190ace43000 	C:\Users\Nikita\.openjfx\cache\17-ea\api-ms-win-core-processthreads-l1-1-1.dll
0x00000190ace50000 - 0x00000190ace53000 	C:\Users\Nikita\.openjfx\cache\17-ea\api-ms-win-core-profile-l1-1-0.dll
0x00000190acbd0000 - 0x00000190acbd3000 	C:\Users\Nikita\.openjfx\cache\17-ea\api-ms-win-core-rtlsupport-l1-1-0.dll
0x00000190acbe0000 - 0x00000190acbe3000 	C:\Users\Nikita\.openjfx\cache\17-ea\api-ms-win-core-string-l1-1-0.dll
0x00000190acbf0000 - 0x00000190acbf3000 	C:\Users\Nikita\.openjfx\cache\17-ea\api-ms-win-core-synch-l1-1-0.dll
0x00000190acc00000 - 0x00000190acc03000 	C:\Users\Nikita\.openjfx\cache\17-ea\api-ms-win-core-synch-l1-2-0.dll
0x00000190acc10000 - 0x00000190acc13000 	C:\Users\Nikita\.openjfx\cache\17-ea\api-ms-win-core-sysinfo-l1-1-0.dll
0x00000190acc20000 - 0x00000190acc23000 	C:\Users\Nikita\.openjfx\cache\17-ea\api-ms-win-core-timezone-l1-1-0.dll
0x00000190acc30000 - 0x00000190acc33000 	C:\Users\Nikita\.openjfx\cache\17-ea\api-ms-win-core-util-l1-1-0.dll
0x00000190acc40000 - 0x00000190acc43000 	C:\Users\Nikita\.openjfx\cache\17-ea\api-ms-win-crt-conio-l1-1-0.dll
0x00000190acc50000 - 0x00000190acc54000 	C:\Users\Nikita\.openjfx\cache\17-ea\api-ms-win-crt-convert-l1-1-0.dll
0x00000190acc60000 - 0x00000190acc63000 	C:\Users\Nikita\.openjfx\cache\17-ea\api-ms-win-crt-environment-l1-1-0.dll
0x00000190acc70000 - 0x00000190acc73000 	C:\Users\Nikita\.openjfx\cache\17-ea\api-ms-win-crt-filesystem-l1-1-0.dll
0x00000190acc80000 - 0x00000190acc83000 	C:\Users\Nikita\.openjfx\cache\17-ea\api-ms-win-crt-heap-l1-1-0.dll
0x00000190acc90000 - 0x00000190acc93000 	C:\Users\Nikita\.openjfx\cache\17-ea\api-ms-win-crt-locale-l1-1-0.dll
0x00000190acca0000 - 0x00000190acca5000 	C:\Users\Nikita\.openjfx\cache\17-ea\api-ms-win-crt-math-l1-1-0.dll
0x00000190accb0000 - 0x00000190accb5000 	C:\Users\Nikita\.openjfx\cache\17-ea\api-ms-win-crt-multibyte-l1-1-0.dll
0x00000190accc0000 - 0x00000190accd0000 	C:\Users\Nikita\.openjfx\cache\17-ea\api-ms-win-crt-private-l1-1-0.dll
0x00000190accd0000 - 0x00000190accd3000 	C:\Users\Nikita\.openjfx\cache\17-ea\api-ms-win-crt-process-l1-1-0.dll
0x00000190acce0000 - 0x00000190acce4000 	C:\Users\Nikita\.openjfx\cache\17-ea\api-ms-win-crt-runtime-l1-1-0.dll
0x00000190accf0000 - 0x00000190accf4000 	C:\Users\Nikita\.openjfx\cache\17-ea\api-ms-win-crt-stdio-l1-1-0.dll
0x00000190acd00000 - 0x00000190acd04000 	C:\Users\Nikita\.openjfx\cache\17-ea\api-ms-win-crt-string-l1-1-0.dll
0x00000190acd10000 - 0x00000190acd13000 	C:\Users\Nikita\.openjfx\cache\17-ea\api-ms-win-crt-time-l1-1-0.dll
0x00000190acd20000 - 0x00000190acd23000 	C:\Users\Nikita\.openjfx\cache\17-ea\api-ms-win-crt-utility-l1-1-0.dll
0x00007fff72500000 - 0x00007fff725fc000 	C:\Users\Nikita\.openjfx\cache\17-ea\ucrtbase.dll
0x00007fff875f0000 - 0x00007fff8760a000 	C:\Users\Nikita\.openjfx\cache\17-ea\vcruntime140.dll
0x00007fff875e0000 - 0x00007fff875ec000 	C:\Users\Nikita\.openjfx\cache\17-ea\vcruntime140_1.dll
0x00007fff75300000 - 0x00007fff7538d000 	C:\Users\Nikita\.openjfx\cache\17-ea\msvcp140.dll
0x00007fff83ea0000 - 0x00007fff83ec7000 	C:\Users\Nikita\.openjfx\cache\17-ea\prism_d3d.dll
0x00007fff8abf0000 - 0x00007fff8ad8d000 	C:\Windows\system32\d3d9.dll
0x00007fff930a0000 - 0x00007fff930ce000 	C:\Windows\SYSTEM32\dwmapi.dll
0x00007fff94d50000 - 0x00007fff94f45000 	C:\Windows\System32\CRYPT32.dll
0x00007fff94890000 - 0x00007fff948a2000 	C:\Windows\System32\MSASN1.dll
0x00007fff92d60000 - 0x00007fff92dfc000 	C:\Windows\system32\uxtheme.dll
0x00007fff79cf0000 - 0x00007fff79e07000 	C:\Windows\System32\DriverStore\FileRepository\nv_dispsi.inf_amd64_7c4486dea3d29a83\nvldumdx.dll
0x00007fff8cb40000 - 0x00007fff8cb6f000 	C:\Windows\SYSTEM32\cryptnet.dll
0x00007fff8be20000 - 0x00007fff8bf55000 	C:\Windows\SYSTEM32\drvstore.dll
0x00007fff94580000 - 0x00007fff945a9000 	C:\Windows\SYSTEM32\devobj.dll
0x00007fff94230000 - 0x00007fff94255000 	C:\Windows\SYSTEM32\wldp.dll
0x00007fff94f90000 - 0x00007fff94fef000 	C:\Windows\System32\WINTRUST.dll
0x00007fff941a0000 - 0x00007fff941ac000 	C:\Windows\SYSTEM32\cryptbase.dll
0x00007fff95bd0000 - 0x00007fff95bed000 	C:\Windows\System32\imagehlp.dll
0x00007fff93b50000 - 0x00007fff93b83000 	C:\Windows\system32\rsaenh.dll
0x00007fff95a10000 - 0x00007fff95a36000 	C:\Windows\System32\bcrypt.dll
0x00007fff53460000 - 0x00007fff54c6a000 	C:\Windows\System32\DriverStore\FileRepository\nv_dispsi.inf_amd64_7c4486dea3d29a83\nvd3dumx.dll
0x00007fff824a0000 - 0x00007fff824e2000 	C:\Users\Nikita\.openjfx\cache\17-ea\glass.dll
0x00007fff95e60000 - 0x00007fff95f86000 	C:\Windows\System32\COMDLG32.dll
0x00007fff97bb0000 - 0x00007fff97d06000 	C:\Windows\System32\ole32.dll
0x00007fff95d60000 - 0x00007fff95e24000 	C:\Windows\System32\OLEAUT32.dll
0x00007fff95bf0000 - 0x00007fff95d5b000 	C:\Windows\System32\MSCTF.dll
0x00007fff64650000 - 0x00007fff64917000 	C:\Windows\system32\nvspcap64.dll
0x00007fff93920000 - 0x00007fff93951000 	C:\Windows\SYSTEM32\ntmarta.dll
0x00007fff93440000 - 0x00007fff93462000 	C:\Windows\SYSTEM32\gpapi.dll
0x00007fff83330000 - 0x00007fff83344000 	C:\Users\Nikita\.openjfx\cache\17-ea\javafx_font.dll
0x00007fff88480000 - 0x00007fff88787000 	C:\Windows\SYSTEM32\dwrite.dll
0x00007fff97ae0000 - 0x00007fff97b82000 	C:\Windows\System32\clbcatq.dll
0x00007fff8d890000 - 0x00007fff8da48000 	C:\Windows\SYSTEM32\WindowsCodecs.dll
0x00007fff7e920000 - 0x00007fff7e976000 	C:\Windows\system32\dataexchange.dll
0x00007fff91730000 - 0x00007fff919ae000 	C:\Windows\system32\d3d11.dll
0x00007fff91bc0000 - 0x00007fff91d83000 	C:\Windows\system32\dcomp.dll
0x00007fff934c0000 - 0x00007fff93582000 	C:\Windows\system32\dxgi.dll

dbghelp: loaded successfully - version: 4.0.5 - missing functions: none
symbol engine: initialized successfully - sym options: 0x614 - pdb path: .;C:\Users\Nikita\.jdks\openjdk-17\bin;C:\Windows\SYSTEM32;C:\Windows\WinSxS\amd64_microsoft.windows.common-controls_6595b64144ccf1df_6.0.17763.3046_none_de715ebe534b36e3;C:\Users\Nikita\.jdks\openjdk-17\bin\server;C:\Program Files\JetBrains\IntelliJ IDEA Community Edition 2021.2.2\bin;C:\Users\Nikita\.openjfx\cache\17-ea;C:\Windows\System32\DriverStore\FileRepository\nv_dispsi.inf_amd64_7c4486dea3d29a83;C:\Program Files\Common Files\Microsoft Shared\Ink

VM Arguments:
jvm_args: -javaagent:C:\Program Files\JetBrains\IntelliJ IDEA Community Edition 2021.2.2\lib\idea_rt.jar=64107:C:\Program Files\JetBrains\IntelliJ IDEA Community Edition 2021.2.2\bin -Dfile.encoding=UTF-8 --module-path=C:\Users\Nikita\.m2\repository\org\openjfx\javafx-fxml\17-ea+11\javafx-fxml-17-ea+11-win.jar;C:\Users\Nikita\IdeaProjects\ProgectKurs\target\classes;C:\Users\Nikita\.m2\repository\org\openjfx\javafx-base\17-ea+11\javafx-base-17-ea+11-win.jar;C:\Users\Nikita\.m2\repository\org\openjfx\javafx-graphics\17-ea+11\javafx-graphics-17-ea+11-win.jar;C:\Users\Nikita\.m2\repository\org\openjfx\javafx-controls\17-ea+11\javafx-controls-17-ea+11-win.jar -Djdk.module.main=com.example.progectkurs 
java_command: com.example.progectkurs/com.example.progectkurs.Main
java_class_path (initial): C:\Users\Nikita\.m2\repository\org\openjfx\javafx-controls\17-ea+11\javafx-controls-17-ea+11.jar;C:\Users\Nikita\.m2\repository\org\openjfx\javafx-graphics\17-ea+11\javafx-graphics-17-ea+11.jar;C:\Users\Nikita\.m2\repository\org\openjfx\javafx-base\17-ea+11\javafx-base-17-ea+11.jar;C:\Users\Nikita\.m2\repository\org\openjfx\javafx-fxml\17-ea+11\javafx-fxml-17-ea+11.jar
Launcher Type: SUN_STANDARD

[Global flags]
     intx CICompilerCount                          = 3                                         {product} {ergonomic}
     uint ConcGCThreads                            = 1                                         {product} {ergonomic}
     uint G1ConcRefinementThreads                  = 4                                         {product} {ergonomic}
   size_t G1HeapRegionSize                         = 2097152                                   {product} {ergonomic}
    uintx GCDrainStackTargetSize                   = 64                                        {product} {ergonomic}
   size_t InitialHeapSize                          = 268435456                                 {product} {ergonomic}
   size_t MarkStackSize                            = 4194304                                   {product} {ergonomic}
   size_t MaxHeapSize                              = 4286578688                                {product} {ergonomic}
   size_t MaxNewSize                               = 2571108352                                {product} {ergonomic}
   size_t MinHeapDeltaBytes                        = 2097152                                   {product} {ergonomic}
   size_t MinHeapSize                              = 8388608                                   {product} {ergonomic}
    uintx NonNMethodCodeHeapSize                   = 5832780                                {pd product} {ergonomic}
    uintx NonProfiledCodeHeapSize                  = 122912730                              {pd product} {ergonomic}
    uintx ProfiledCodeHeapSize                     = 122912730                              {pd product} {ergonomic}
    uintx ReservedCodeCacheSize                    = 251658240                              {pd product} {ergonomic}
     bool SegmentedCodeCache                       = true                                      {product} {ergonomic}
   size_t SoftMaxHeapSize                          = 4286578688                             {manageable} {ergonomic}
     bool UseCompressedClassPointers               = true                           {product lp64_product} {ergonomic}
     bool UseCompressedOops                        = true                           {product lp64_product} {ergonomic}
     bool UseG1GC                                  = true                                      {product} {ergonomic}
     bool UseLargePagesIndividualAllocation        = false                                  {pd product} {ergonomic}

Logging:
Log output configuration:
 #0: stdout all=off uptime,level,tags
 #1: stderr all=off uptime,level,tags

Environment Variables:
PATH=C:\Program Files (x86)\Common Files\Oracle\Java\javapath;C:\ProgramData\Oracle\Java\javapath;C:\Windows\system32;C:\Windows;C:\Windows\System32\Wbem;C:\Windows\System32\WindowsPowerShell\v1.0\;C:\Windows\System32\OpenSSH\;C:\Program Files (x86)\NVIDIA Corporation\PhysX\Common;C:\Program Files\NVIDIA Corporation\NVIDIA NvDLISR;C:\Program Files\dotnet\;C:\Program Files\Git\cmd;C:\Users\Nikita\AppData\Local\Microsoft\WindowsApps;
USERNAME=Nikita
OS=Windows_NT
PROCESSOR_IDENTIFIER=Intel64 Family 6 Model 158 Stepping 9, GenuineIntel



---------------  S Y S T E M  ---------------

OS:
 Windows 10 , 64 bit Build 17763 (10.0.17763.2989)
OS uptime: 10 days 0:06 hours

CPU: total 4 (initial active 4) (2 cores per cpu, 2 threads per core) family 6 model 158 stepping 9 microcode 0xde, cx8, cmov, fxsr, ht, mmx, 3dnowpref, sse, sse2, sse3, ssse3, sse4.1, sse4.2, popcnt, lzcnt, tsc, tscinvbit, avx, avx2, aes, erms, clmul, bmi1, bmi2, adx, fma, vzeroupper, clflush, clflushopt

Memory: 4k page, system-wide physical 16347M (9342M free)
TotalPageFile size 26585M (AvailPageFile size 15911M)
current process WorkingSet (physical memory assigned to process): 128M, peak: 139M
current process commit charge ("private bytes"): 439M, peak: 443M

vm_info: OpenJDK 64-Bit Server VM (17+35-2724) for windows-amd64 JRE (17+35-2724), built on Aug  5 2021 23:26:02 by "mach5one" with MS VC++ 16.8 (VS2019)

END.
