#
# A fatal error has been detected by the Java Runtime Environment:
#
#  EXCEPTION_ACCESS_VIOLATION (0xc0000005) at pc=0x00007fff81ed6a87, pid=3400, tid=9324
#
# JRE version: OpenJDK Runtime Environment (17.0+35) (build 17+35-2724)
# Java VM: OpenJDK 64-Bit Server VM (17+35-2724, mixed mode, sharing, tiered, compressed oops, compressed class ptrs, g1 gc, windows-amd64)
# Problematic frame:
# C  [glass.dll+0x26a87]
#
# No core dump will be written. Minidumps are not enabled by default on client versions of Windows
#
# If you would like to submit a bug report, please visit:
#   https://bugreport.java.com/bugreport/crash.jsp
#

---------------  S U M M A R Y ------------

Command Line: -javaagent:C:\Program Files\JetBrains\IntelliJ IDEA Community Edition 2021.2.2\lib\idea_rt.jar=51826:C:\Program Files\JetBrains\IntelliJ IDEA Community Edition 2021.2.2\bin -Dfile.encoding=UTF-8 --module-path=C:\Users\Nikita\IdeaProjects\ProgectKurs\target\classes;C:\Users\Nikita\.m2\repository\org\openjfx\javafx-base\17-ea+11\javafx-base-17-ea+11-win.jar;C:\Users\Nikita\.m2\repository\org\openjfx\javafx-fxml\17-ea+11\javafx-fxml-17-ea+11-win.jar;C:\Users\Nikita\.m2\repository\org\openjfx\javafx-graphics\17-ea+11\javafx-graphics-17-ea+11-win.jar;C:\Users\Nikita\.m2\repository\org\openjfx\javafx-controls\17-ea+11\javafx-controls-17-ea+11-win.jar -Djdk.module.main=com.example.progectkurs com.example.progectkurs/com.example.progectkurs.Main

Host: Intel(R) Core(TM) i3-7100 CPU @ 3.90GHz, 4 cores, 15G,  Windows 10 , 64 bit Build 17763 (10.0.17763.2989)
Time: Sat Jul  9 16:47:15 2022 RTZ 2 (зима) elapsed time: 135.446069 seconds (0d 0h 2m 15s)

---------------  T H R E A D  ---------------

Current thread (0x000002313c29a4e0):  VMThread "VM Thread" [stack: 0x000000b558a00000,0x000000b558b00000] [id=9324]

Stack: [0x000000b558a00000,0x000000b558b00000],  sp=0x000000b558aff0f0,  free space=1020k
Native frames: (J=compiled Java code, j=interpreted, Vv=VM code, C=native code)
C  [glass.dll+0x26a87]


siginfo: EXCEPTION_ACCESS_VIOLATION (0xc0000005), reading address 0x0000000000000000


Register to memory mapping:

RIP=0x00007fff81ed6a87 glass.dll
RAX=0x0 is NULL
RBX=0x000002313c2a4320 is a global jni handle
RCX=0x000002313c29a4e0 points into unknown readable memory: 0x00007fff72f7c540 | 40 c5 f7 72 ff 7f 00 00
RDX=0x000000b558aff0f0 points into unknown readable memory: 0x0000000000000000 | 00 00 00 00 00 00 00 00
RSP=0x000000b558aff0f0 points into unknown readable memory: 0x0000000000000000 | 00 00 00 00 00 00 00 00
RBP=0x000002313d51c588 points into unknown readable memory: 0x0000b3a30d206ba4 | a4 6b 20 0d a3 b3 00 00
RSI=0x000002313d51c560 points into unknown readable memory: 0x1ed355630d27945c | 5c 94 27 0d 63 55 d3 1e
RDI=0x0000b3a30d206ba4 is an unknown value
R8 =0x0000000000010002 is an unknown value
R9 =0x0000b3a30d206ba4 is an unknown value
R10=0x0000023117c200f0 points into unknown readable memory: 0x0000000000180001 | 01 00 18 00 00 00 00 00
R11=0x000002313d686030 points into unknown readable memory: 0x0000000000000000 | 00 00 00 00 00 00 00 00
R12=0x00007fff81ed4354 glass.dll
R13=0x00007fff73122940 jvm.dll
R14=0x000000b558aff1e8 points into unknown readable memory: 0x000000b558aff1d0 | d0 f1 af 58 b5 00 00 00
R15=0x000002313d51c560 points into unknown readable memory: 0x1ed355630d27945c | 5c 94 27 0d 63 55 d3 1e


Registers:
RAX=0x0000000000000000, RBX=0x000002313c2a4320, RCX=0x000002313c29a4e0, RDX=0x000000b558aff0f0
RSP=0x000000b558aff0f0, RBP=0x000002313d51c588, RSI=0x000002313d51c560, RDI=0x0000b3a30d206ba4
R8 =0x0000000000010002, R9 =0x0000b3a30d206ba4, R10=0x0000023117c200f0, R11=0x000002313d686030
R12=0x00007fff81ed4354, R13=0x00007fff73122940, R14=0x000000b558aff1e8, R15=0x000002313d51c560
RIP=0x00007fff81ed6a87, EFLAGS=0x0000000000010206

Top of Stack: (sp=0x000000b558aff0f0)
0x000000b558aff0f0:   0000000000000000 0000023100000000
0x000000b558aff100:   000002313d51c560 00007fff81ee71a0
0x000000b558aff110:   000002313d51c568 00007fff94c61cf6
0x000000b558aff120:   0000b3a30d206ba4 0000023100000000
0x000000b558aff130:   0000000000000001 00007fff94c5f114
0x000000b558aff140:   fffffffffffffffe 0000000000000001
0x000000b558aff150:   0000000000000001 00007fff81eb0000
0x000000b558aff160:   000000b558aff1d8 00007fff94c61c1b
0x000000b558aff170:   0000000000000000 000000b558aff1e8
0x000000b558aff180:   000000b558aff4b0 00007fff94d3c130
0x000000b558aff190:   0000000000000001 00007fff94c61bd4
0x000000b558aff1a0:   0000000000000000 0000000000000001
0x000000b558aff1b0:   0000000000000000 000000b558aff1d8
0x000000b558aff1c0:   ffffffff00000001 00007fff81ed41e1
0x000000b558aff1d0:   00007fff81eea138 00007fff00000002
0x000000b558aff1e0:   0000000000000002 000000b558aff1d0 

Instructions: (pc=0x00007fff81ed6a87)
0x00007fff81ed6987:   8b 4d 58 e8 01 cf ff ff 48 8b 4d 60 e8 f8 ce ff
0x00007fff81ed6997:   ff 48 8b 95 80 00 00 00 48 8b 8d 18 01 00 00 e8
0x00007fff81ed69a7:   c6 c3 ff ff 33 d2 33 c9 e8 3c e1 ff ff 90 48 89
0x00007fff81ed69b7:   54 24 10 55 48 83 ec 20 48 8b ea 48 b8 00 00 00
0x00007fff81ed69c7:   00 00 00 00 00 48 83 c4 20 5d c3 cc 40 55 48 8b
0x00007fff81ed69d7:   ea 48 8b 01 33 c9 81 38 05 00 00 c0 0f 94 c1 8b
0x00007fff81ed69e7:   c1 5d c3 cc 40 55 48 83 ec 20 48 8b ea 8a 4d 40
0x00007fff81ed69f7:   48 83 c4 20 5d e9 f7 d2 ff ff cc 40 55 48 83 ec
0x00007fff81ed6a07:   20 48 8b ea 8a 4d 20 e8 e5 d2 ff ff 90 48 83 c4
0x00007fff81ed6a17:   20 5d c3 cc 40 55 48 83 ec 20 48 8b ea 48 83 c4
0x00007fff81ed6a27:   20 5d e9 46 d1 ff ff cc 40 55 48 83 ec 30 48 8b
0x00007fff81ed6a37:   ea 48 8b 01 8b 10 48 89 4c 24 28 89 54 24 20 4c
0x00007fff81ed6a47:   8d 0d e7 d5 ff ff 4c 8b 45 70 8b 55 68 48 8b 4d
0x00007fff81ed6a57:   60 e8 87 d0 ff ff 90 48 83 c4 30 5d c3 cc cc cc
0x00007fff81ed6a67:   cc cc cc cc cc cc cc cc cc 40 53 48 83 ec 20 48
0x00007fff81ed6a77:   8b 1d b3 30 01 00 48 85 db 74 16 e8 09 8b ff ff
0x00007fff81ed6a87:   4c 8b 00 48 8b d3 48 8b c8 41 ff 90 b0 00 00 00
0x00007fff81ed6a97:   90 48 83 c4 20 5b c3 cc cc 40 53 48 83 ec 20 48
0x00007fff81ed6aa7:   8b 1d 2b 32 01 00 48 85 db 74 57 b8 ff ff ff ff
0x00007fff81ed6ab7:   f0 0f c1 43 10 83 f8 01 75 3d 48 85 db 74 38 48
0x00007fff81ed6ac7:   8b 0b 48 85 c9 74 0d ff 15 d4 07 00 00 48 c7 03
0x00007fff81ed6ad7:   00 00 00 00 48 8b 4b 08 48 85 c9 74 0d e8 a7 cd
0x00007fff81ed6ae7:   ff ff 48 c7 43 08 00 00 00 00 ba 18 00 00 00 48
0x00007fff81ed6af7:   8b cb e8 92 cd ff ff 48 c7 05 cf 31 01 00 00 00
0x00007fff81ed6b07:   00 00 48 83 c4 20 5b c3 cc 40 53 48 83 ec 20 48
0x00007fff81ed6b17:   8b 1d 9b 31 01 00 48 85 db 74 57 b8 ff ff ff ff
0x00007fff81ed6b27:   f0 0f c1 43 10 83 f8 01 75 3d 48 85 db 74 38 48
0x00007fff81ed6b37:   8b 0b 48 85 c9 74 0d ff 15 64 07 00 00 48 c7 03
0x00007fff81ed6b47:   00 00 00 00 48 8b 4b 08 48 85 c9 74 0d e8 37 cd
0x00007fff81ed6b57:   ff ff 48 c7 43 08 00 00 00 00 ba 18 00 00 00 48
0x00007fff81ed6b67:   8b cb e8 22 cd ff ff 48 c7 05 3f 31 01 00 00 00
0x00007fff81ed6b77:   00 00 48 83 c4 20 5b c3 cc 40 53 48 83 ec 20 48 


Stack slot to memory mapping:
stack at sp + 0 slots: 0x0 is NULL
stack at sp + 1 slots: 0x0000023100000000 is an unknown value
stack at sp + 2 slots: 0x000002313d51c560 points into unknown readable memory: 0x1ed355630d27945c | 5c 94 27 0d 63 55 d3 1e
stack at sp + 3 slots: 0x00007fff81ee71a0 glass.dll
stack at sp + 4 slots: 0x000002313d51c568 points into unknown readable memory: 0x0000b3a30d206ba4 | a4 6b 20 0d a3 b3 00 00
stack at sp + 5 slots: 0x00007fff94c61cf6 ucrtbase.dll
stack at sp + 6 slots: 0x0000b3a30d206ba4 is an unknown value
stack at sp + 7 slots: 0x0000023100000000 is an unknown value

VM_Operation (0x000000b5581ff1d0): Exit, mode: safepoint, requested by thread 0x000002313e4105e0


---------------  P R O C E S S  ---------------

Threads class SMR info:
_java_thread_list=0x000002313e541f50, length=20, elements={
0x0000023119e021e0, 0x000002313c29d520, 0x000002313c29f7c0, 0x000002313c2b5660,
0x000002313c2b6210, 0x000002313c2b8ff0, 0x000002313c2bbc20, 0x000002313c2ede30,
0x000002313cc42030, 0x000002313ccb7360, 0x000002313d292600, 0x000002313d292ad0,
0x000002313d5216b0, 0x000002313d66dcf0, 0x000002313d68c990, 0x000002313e07a0c0,
0x000002313e07fb20, 0x000002313e411920, 0x000002313e40f770, 0x000002313e4105e0
}

Java Threads: ( => current thread )
  0x0000023119e021e0 JavaThread "main" [_thread_blocked, id=9012, stack(0x000000b558400000,0x000000b558500000)]
  0x000002313c29d520 JavaThread "Reference Handler" daemon [_thread_blocked, id=18256, stack(0x000000b558b00000,0x000000b558c00000)]
  0x000002313c29f7c0 JavaThread "Finalizer" daemon [_thread_blocked, id=12220, stack(0x000000b558c00000,0x000000b558d00000)]
  0x000002313c2b5660 JavaThread "Attach Listener" daemon [_thread_blocked, id=4816, stack(0x000000b558e00000,0x000000b558f00000)]
  0x000002313c2b6210 JavaThread "Service Thread" daemon [_thread_blocked, id=14068, stack(0x000000b558f00000,0x000000b559000000)]
  0x000002313c2b8ff0 JavaThread "Monitor Deflation Thread" daemon [_thread_blocked, id=16488, stack(0x000000b559000000,0x000000b559100000)]
  0x000002313c2bbc20 JavaThread "C2 CompilerThread0" daemon [_thread_blocked, id=13320, stack(0x000000b559100000,0x000000b559200000)]
  0x000002313c2ede30 JavaThread "C1 CompilerThread0" daemon [_thread_blocked, id=18192, stack(0x000000b559200000,0x000000b559300000)]
  0x000002313cc42030 JavaThread "Sweeper thread" daemon [_thread_blocked, id=7296, stack(0x000000b559300000,0x000000b559400000)]
  0x000002313ccb7360 JavaThread "Common-Cleaner" daemon [_thread_blocked, id=6704, stack(0x000000b559400000,0x000000b559500000)]
  0x000002313d292600 JavaThread "Monitor Ctrl-Break" daemon [_thread_in_native, id=8880, stack(0x000000b559600000,0x000000b559700000)]
  0x000002313d292ad0 JavaThread "Notification Thread" daemon [_thread_blocked, id=13496, stack(0x000000b559700000,0x000000b559800000)]
  0x000002313d5216b0 JavaThread "QuantumRenderer-0" daemon [_thread_blocked, id=6264, stack(0x000000b559b00000,0x000000b559c00000)]
  0x000002313d66dcf0 JavaThread "InvokeLaterDispatcher" daemon [_thread_blocked, id=14356, stack(0x000000b559d00000,0x000000b559e00000)]
  0x000002313d68c990 JavaThread "JavaFX Application Thread" [_thread_in_native, id=12712, stack(0x000000b559e00000,0x000000b559f00000)]
  0x000002313e07a0c0 JavaThread "Thread-1" daemon [_thread_in_native, id=9668, stack(0x000000b55a000000,0x000000b55a100000)]
  0x000002313e07fb20 JavaThread "JavaFX-Launcher" [_thread_blocked, id=1332, stack(0x000000b55a100000,0x000000b55a200000)]
  0x000002313e411920 JavaThread "Prism Font Disposer" daemon [_thread_blocked, id=13244, stack(0x000000b55a300000,0x000000b55a400000)]
  0x000002313e40f770 JavaThread "Cleaner-0" daemon [_thread_blocked, id=14388, stack(0x000000b55a700000,0x000000b55a800000)]
  0x000002313e4105e0 JavaThread "SIGINT handler" daemon [_thread_blocked, id=13020, stack(0x000000b558100000,0x000000b558200000)]

Other Threads:
=>0x000002313c29a4e0 VMThread "VM Thread" [stack: 0x000000b558a00000,0x000000b558b00000] [id=9324]
  0x0000023119e4fd30 GCTaskThread "GC Thread#0" [stack: 0x000000b558500000,0x000000b558600000] [id=16256]
  0x000002313d428f20 GCTaskThread "GC Thread#1" [stack: 0x000000b559500000,0x000000b559600000] [id=13732]
  0x000002313cffa030 GCTaskThread "GC Thread#2" [stack: 0x000000b559900000,0x000000b559a00000] [id=9956]
  0x000002313d0ba420 GCTaskThread "GC Thread#3" [stack: 0x000000b559a00000,0x000000b559b00000] [id=15452]
  0x0000023119e61c00 ConcurrentGCThread "G1 Main Marker" terminated
  0x0000023119e62610 ConcurrentGCThread "G1 Conc#0" [stack: 0x000000b558700000,0x000000b558800000] [id=3840]
  0x0000023119ec8af0 ConcurrentGCThread "G1 Refine#0" terminated
  0x0000023119ec9510 ConcurrentGCThread "G1 Service" terminated

Threads with active compile tasks:

VM state: at safepoint (shutting down)

VM Mutex/Monitor currently owned by a thread:  ([mutex/lock_event])
[0x0000023119dfdec0] Threads_lock - owner thread: 0x000002313c29a4e0
[0x0000023119dfccc0] Heap_lock - owner thread: 0x000002313e4105e0

Heap address: 0x0000000700800000, size: 4088 MB, Compressed Oops mode: Zero based, Oop shift amount: 3

CDS archive(s) mapped at: [0x0000000800000000-0x0000000800bc0000-0x0000000800bc0000), size 12320768, SharedBaseAddress: 0x0000000800000000, ArchiveRelocationMode: 0.
Compressed class space mapped at: 0x0000000800c00000-0x0000000840c00000, reserved size: 1073741824
Narrow klass base: 0x0000000800000000, Narrow klass shift: 0, Narrow klass range: 0x100000000

GC Precious Log:
 CPUs: 4 total, 4 available
 Memory: 16347M
 Large Page Support: Disabled
 NUMA Support: Disabled
 Compressed Oops: Enabled (Zero based)
 Heap Region Size: 2M
 Heap Min Capacity: 8M
 Heap Initial Capacity: 256M
 Heap Max Capacity: 4088M
 Pre-touch: Disabled
 Parallel Workers: 4
 Concurrent Workers: 1
 Concurrent Refinement Workers: 4
 Periodic GC: Disabled

Heap:
 garbage-first heap   total 262144K, used 49419K [0x0000000700800000, 0x0000000800000000)
  region size 2048K, 24 young (49152K), 2 survivors (4096K)
 Metaspace       used 15746K, committed 16000K, reserved 1064960K
  class space    used 2165K, committed 2304K, reserved 1048576K

Heap Regions: E=young(eden), S=young(survivor), O=old, HS=humongous(starts), HC=humongous(continues), CS=collection set, F=free, OA=open archive, CA=closed archive, TAMS=top-at-mark-start (previous, next)
|   0|0x0000000700800000, 0x0000000700842e00, 0x0000000700a00000| 13%| O|  |TAMS 0x0000000700800000, 0x0000000700800000| Untracked 
|   1|0x0000000700a00000, 0x0000000700c00000, 0x0000000700c00000|100%|HS|  |TAMS 0x0000000700a00000, 0x0000000700a00000| Complete 
|   2|0x0000000700c00000, 0x0000000700c00000, 0x0000000700e00000|  0%| F|  |TAMS 0x0000000700c00000, 0x0000000700c00000| Untracked 
|   3|0x0000000700e00000, 0x0000000700e00000, 0x0000000701000000|  0%| F|  |TAMS 0x0000000700e00000, 0x0000000700e00000| Untracked 
|   4|0x0000000701000000, 0x0000000701000000, 0x0000000701200000|  0%| F|  |TAMS 0x0000000701000000, 0x0000000701000000| Untracked 
|   5|0x0000000701200000, 0x0000000701200000, 0x0000000701400000|  0%| F|  |TAMS 0x0000000701200000, 0x0000000701200000| Untracked 
|   6|0x0000000701400000, 0x0000000701400000, 0x0000000701600000|  0%| F|  |TAMS 0x0000000701400000, 0x0000000701400000| Untracked 
|   7|0x0000000701600000, 0x0000000701600000, 0x0000000701800000|  0%| F|  |TAMS 0x0000000701600000, 0x0000000701600000| Untracked 
|   8|0x0000000701800000, 0x0000000701800000, 0x0000000701a00000|  0%| F|  |TAMS 0x0000000701800000, 0x0000000701800000| Untracked 
|   9|0x0000000701a00000, 0x0000000701a00000, 0x0000000701c00000|  0%| F|  |TAMS 0x0000000701a00000, 0x0000000701a00000| Untracked 
|  10|0x0000000701c00000, 0x0000000701c00000, 0x0000000701e00000|  0%| F|  |TAMS 0x0000000701c00000, 0x0000000701c00000| Untracked 
|  11|0x0000000701e00000, 0x0000000701e00000, 0x0000000702000000|  0%| F|  |TAMS 0x0000000701e00000, 0x0000000701e00000| Untracked 
|  12|0x0000000702000000, 0x0000000702000000, 0x0000000702200000|  0%| F|  |TAMS 0x0000000702000000, 0x0000000702000000| Untracked 
|  13|0x0000000702200000, 0x0000000702200000, 0x0000000702400000|  0%| F|  |TAMS 0x0000000702200000, 0x0000000702200000| Untracked 
|  14|0x0000000702400000, 0x0000000702400000, 0x0000000702600000|  0%| F|  |TAMS 0x0000000702400000, 0x0000000702400000| Untracked 
|  15|0x0000000702600000, 0x0000000702600000, 0x0000000702800000|  0%| F|  |TAMS 0x0000000702600000, 0x0000000702600000| Untracked 
|  16|0x0000000702800000, 0x0000000702800000, 0x0000000702a00000|  0%| F|  |TAMS 0x0000000702800000, 0x0000000702800000| Untracked 
|  17|0x0000000702a00000, 0x0000000702a00000, 0x0000000702c00000|  0%| F|  |TAMS 0x0000000702a00000, 0x0000000702a00000| Untracked 
|  18|0x0000000702c00000, 0x0000000702c00000, 0x0000000702e00000|  0%| F|  |TAMS 0x0000000702c00000, 0x0000000702c00000| Untracked 
|  19|0x0000000702e00000, 0x0000000702e00000, 0x0000000703000000|  0%| F|  |TAMS 0x0000000702e00000, 0x0000000702e00000| Untracked 
|  20|0x0000000703000000, 0x0000000703000000, 0x0000000703200000|  0%| F|  |TAMS 0x0000000703000000, 0x0000000703000000| Untracked 
|  21|0x0000000703200000, 0x0000000703200000, 0x0000000703400000|  0%| F|  |TAMS 0x0000000703200000, 0x0000000703200000| Untracked 
|  22|0x0000000703400000, 0x0000000703400000, 0x0000000703600000|  0%| F|  |TAMS 0x0000000703400000, 0x0000000703400000| Untracked 
|  23|0x0000000703600000, 0x0000000703600000, 0x0000000703800000|  0%| F|  |TAMS 0x0000000703600000, 0x0000000703600000| Untracked 
|  24|0x0000000703800000, 0x0000000703800000, 0x0000000703a00000|  0%| F|  |TAMS 0x0000000703800000, 0x0000000703800000| Untracked 
|  25|0x0000000703a00000, 0x0000000703a00000, 0x0000000703c00000|  0%| F|  |TAMS 0x0000000703a00000, 0x0000000703a00000| Untracked 
|  26|0x0000000703c00000, 0x0000000703c00000, 0x0000000703e00000|  0%| F|  |TAMS 0x0000000703c00000, 0x0000000703c00000| Untracked 
|  27|0x0000000703e00000, 0x0000000703e00000, 0x0000000704000000|  0%| F|  |TAMS 0x0000000703e00000, 0x0000000703e00000| Untracked 
|  28|0x0000000704000000, 0x0000000704000000, 0x0000000704200000|  0%| F|  |TAMS 0x0000000704000000, 0x0000000704000000| Untracked 
|  29|0x0000000704200000, 0x0000000704200000, 0x0000000704400000|  0%| F|  |TAMS 0x0000000704200000, 0x0000000704200000| Untracked 
|  30|0x0000000704400000, 0x0000000704400000, 0x0000000704600000|  0%| F|  |TAMS 0x0000000704400000, 0x0000000704400000| Untracked 
|  31|0x0000000704600000, 0x0000000704600000, 0x0000000704800000|  0%| F|  |TAMS 0x0000000704600000, 0x0000000704600000| Untracked 
|  32|0x0000000704800000, 0x0000000704800000, 0x0000000704a00000|  0%| F|  |TAMS 0x0000000704800000, 0x0000000704800000| Untracked 
|  33|0x0000000704a00000, 0x0000000704a00000, 0x0000000704c00000|  0%| F|  |TAMS 0x0000000704a00000, 0x0000000704a00000| Untracked 
|  34|0x0000000704c00000, 0x0000000704c00000, 0x0000000704e00000|  0%| F|  |TAMS 0x0000000704c00000, 0x0000000704c00000| Untracked 
|  35|0x0000000704e00000, 0x0000000704e00000, 0x0000000705000000|  0%| F|  |TAMS 0x0000000704e00000, 0x0000000704e00000| Untracked 
|  36|0x0000000705000000, 0x0000000705000000, 0x0000000705200000|  0%| F|  |TAMS 0x0000000705000000, 0x0000000705000000| Untracked 
|  37|0x0000000705200000, 0x0000000705200000, 0x0000000705400000|  0%| F|  |TAMS 0x0000000705200000, 0x0000000705200000| Untracked 
|  38|0x0000000705400000, 0x0000000705400000, 0x0000000705600000|  0%| F|  |TAMS 0x0000000705400000, 0x0000000705400000| Untracked 
|  39|0x0000000705600000, 0x0000000705600000, 0x0000000705800000|  0%| F|  |TAMS 0x0000000705600000, 0x0000000705600000| Untracked 
|  40|0x0000000705800000, 0x0000000705800000, 0x0000000705a00000|  0%| F|  |TAMS 0x0000000705800000, 0x0000000705800000| Untracked 
|  41|0x0000000705a00000, 0x0000000705a00000, 0x0000000705c00000|  0%| F|  |TAMS 0x0000000705a00000, 0x0000000705a00000| Untracked 
|  42|0x0000000705c00000, 0x0000000705c00000, 0x0000000705e00000|  0%| F|  |TAMS 0x0000000705c00000, 0x0000000705c00000| Untracked 
|  43|0x0000000705e00000, 0x0000000705e00000, 0x0000000706000000|  0%| F|  |TAMS 0x0000000705e00000, 0x0000000705e00000| Untracked 
|  44|0x0000000706000000, 0x0000000706000000, 0x0000000706200000|  0%| F|  |TAMS 0x0000000706000000, 0x0000000706000000| Untracked 
|  45|0x0000000706200000, 0x0000000706200000, 0x0000000706400000|  0%| F|  |TAMS 0x0000000706200000, 0x0000000706200000| Untracked 
|  46|0x0000000706400000, 0x0000000706400000, 0x0000000706600000|  0%| F|  |TAMS 0x0000000706400000, 0x0000000706400000| Untracked 
|  47|0x0000000706600000, 0x0000000706600000, 0x0000000706800000|  0%| F|  |TAMS 0x0000000706600000, 0x0000000706600000| Untracked 
|  48|0x0000000706800000, 0x0000000706800000, 0x0000000706a00000|  0%| F|  |TAMS 0x0000000706800000, 0x0000000706800000| Untracked 
|  49|0x0000000706a00000, 0x0000000706a00000, 0x0000000706c00000|  0%| F|  |TAMS 0x0000000706a00000, 0x0000000706a00000| Untracked 
|  50|0x0000000706c00000, 0x0000000706c00000, 0x0000000706e00000|  0%| F|  |TAMS 0x0000000706c00000, 0x0000000706c00000| Untracked 
|  51|0x0000000706e00000, 0x0000000706e00000, 0x0000000707000000|  0%| F|  |TAMS 0x0000000706e00000, 0x0000000706e00000| Untracked 
|  52|0x0000000707000000, 0x0000000707000000, 0x0000000707200000|  0%| F|  |TAMS 0x0000000707000000, 0x0000000707000000| Untracked 
|  53|0x0000000707200000, 0x0000000707200000, 0x0000000707400000|  0%| F|  |TAMS 0x0000000707200000, 0x0000000707200000| Untracked 
|  54|0x0000000707400000, 0x0000000707400000, 0x0000000707600000|  0%| F|  |TAMS 0x0000000707400000, 0x0000000707400000| Untracked 
|  55|0x0000000707600000, 0x0000000707600000, 0x0000000707800000|  0%| F|  |TAMS 0x0000000707600000, 0x0000000707600000| Untracked 
|  56|0x0000000707800000, 0x0000000707800000, 0x0000000707a00000|  0%| F|  |TAMS 0x0000000707800000, 0x0000000707800000| Untracked 
|  57|0x0000000707a00000, 0x0000000707a00000, 0x0000000707c00000|  0%| F|  |TAMS 0x0000000707a00000, 0x0000000707a00000| Untracked 
|  58|0x0000000707c00000, 0x0000000707c00000, 0x0000000707e00000|  0%| F|  |TAMS 0x0000000707c00000, 0x0000000707c00000| Untracked 
|  59|0x0000000707e00000, 0x0000000707e00000, 0x0000000708000000|  0%| F|  |TAMS 0x0000000707e00000, 0x0000000707e00000| Untracked 
|  60|0x0000000708000000, 0x0000000708000000, 0x0000000708200000|  0%| F|  |TAMS 0x0000000708000000, 0x0000000708000000| Untracked 
|  61|0x0000000708200000, 0x0000000708200000, 0x0000000708400000|  0%| F|  |TAMS 0x0000000708200000, 0x0000000708200000| Untracked 
|  62|0x0000000708400000, 0x0000000708400000, 0x0000000708600000|  0%| F|  |TAMS 0x0000000708400000, 0x0000000708400000| Untracked 
|  63|0x0000000708600000, 0x0000000708600000, 0x0000000708800000|  0%| F|  |TAMS 0x0000000708600000, 0x0000000708600000| Untracked 
|  64|0x0000000708800000, 0x0000000708800000, 0x0000000708a00000|  0%| F|  |TAMS 0x0000000708800000, 0x0000000708800000| Untracked 
|  65|0x0000000708a00000, 0x0000000708a00000, 0x0000000708c00000|  0%| F|  |TAMS 0x0000000708a00000, 0x0000000708a00000| Untracked 
|  66|0x0000000708c00000, 0x0000000708c00000, 0x0000000708e00000|  0%| F|  |TAMS 0x0000000708c00000, 0x0000000708c00000| Untracked 
|  67|0x0000000708e00000, 0x0000000708e00000, 0x0000000709000000|  0%| F|  |TAMS 0x0000000708e00000, 0x0000000708e00000| Untracked 
|  68|0x0000000709000000, 0x0000000709000000, 0x0000000709200000|  0%| F|  |TAMS 0x0000000709000000, 0x0000000709000000| Untracked 
|  69|0x0000000709200000, 0x0000000709200000, 0x0000000709400000|  0%| F|  |TAMS 0x0000000709200000, 0x0000000709200000| Untracked 
|  70|0x0000000709400000, 0x0000000709400000, 0x0000000709600000|  0%| F|  |TAMS 0x0000000709400000, 0x0000000709400000| Untracked 
|  71|0x0000000709600000, 0x0000000709600000, 0x0000000709800000|  0%| F|  |TAMS 0x0000000709600000, 0x0000000709600000| Untracked 
|  72|0x0000000709800000, 0x0000000709800000, 0x0000000709a00000|  0%| F|  |TAMS 0x0000000709800000, 0x0000000709800000| Untracked 
|  73|0x0000000709a00000, 0x0000000709a00000, 0x0000000709c00000|  0%| F|  |TAMS 0x0000000709a00000, 0x0000000709a00000| Untracked 
|  74|0x0000000709c00000, 0x0000000709c00000, 0x0000000709e00000|  0%| F|  |TAMS 0x0000000709c00000, 0x0000000709c00000| Untracked 
|  75|0x0000000709e00000, 0x0000000709e00000, 0x000000070a000000|  0%| F|  |TAMS 0x0000000709e00000, 0x0000000709e00000| Untracked 
|  76|0x000000070a000000, 0x000000070a000000, 0x000000070a200000|  0%| F|  |TAMS 0x000000070a000000, 0x000000070a000000| Untracked 
|  77|0x000000070a200000, 0x000000070a200000, 0x000000070a400000|  0%| F|  |TAMS 0x000000070a200000, 0x000000070a200000| Untracked 
|  78|0x000000070a400000, 0x000000070a400000, 0x000000070a600000|  0%| F|  |TAMS 0x000000070a400000, 0x000000070a400000| Untracked 
|  79|0x000000070a600000, 0x000000070a600000, 0x000000070a800000|  0%| F|  |TAMS 0x000000070a600000, 0x000000070a600000| Untracked 
|  80|0x000000070a800000, 0x000000070a800000, 0x000000070aa00000|  0%| F|  |TAMS 0x000000070a800000, 0x000000070a800000| Untracked 
|  81|0x000000070aa00000, 0x000000070aa00000, 0x000000070ac00000|  0%| F|  |TAMS 0x000000070aa00000, 0x000000070aa00000| Untracked 
|  82|0x000000070ac00000, 0x000000070ac00000, 0x000000070ae00000|  0%| F|  |TAMS 0x000000070ac00000, 0x000000070ac00000| Untracked 
|  83|0x000000070ae00000, 0x000000070ae00000, 0x000000070b000000|  0%| F|  |TAMS 0x000000070ae00000, 0x000000070ae00000| Untracked 
|  84|0x000000070b000000, 0x000000070b000000, 0x000000070b200000|  0%| F|  |TAMS 0x000000070b000000, 0x000000070b000000| Untracked 
|  85|0x000000070b200000, 0x000000070b200000, 0x000000070b400000|  0%| F|  |TAMS 0x000000070b200000, 0x000000070b200000| Untracked 
|  86|0x000000070b400000, 0x000000070b400000, 0x000000070b600000|  0%| F|  |TAMS 0x000000070b400000, 0x000000070b400000| Untracked 
|  87|0x000000070b600000, 0x000000070b600000, 0x000000070b800000|  0%| F|  |TAMS 0x000000070b600000, 0x000000070b600000| Untracked 
|  88|0x000000070b800000, 0x000000070b800000, 0x000000070ba00000|  0%| F|  |TAMS 0x000000070b800000, 0x000000070b800000| Untracked 
|  89|0x000000070ba00000, 0x000000070ba00000, 0x000000070bc00000|  0%| F|  |TAMS 0x000000070ba00000, 0x000000070ba00000| Untracked 
|  90|0x000000070bc00000, 0x000000070bc00000, 0x000000070be00000|  0%| F|  |TAMS 0x000000070bc00000, 0x000000070bc00000| Untracked 
|  91|0x000000070be00000, 0x000000070be00000, 0x000000070c000000|  0%| F|  |TAMS 0x000000070be00000, 0x000000070be00000| Untracked 
|  92|0x000000070c000000, 0x000000070c000000, 0x000000070c200000|  0%| F|  |TAMS 0x000000070c000000, 0x000000070c000000| Untracked 
|  93|0x000000070c200000, 0x000000070c200000, 0x000000070c400000|  0%| F|  |TAMS 0x000000070c200000, 0x000000070c200000| Untracked 
|  94|0x000000070c400000, 0x000000070c400000, 0x000000070c600000|  0%| F|  |TAMS 0x000000070c400000, 0x000000070c400000| Untracked 
|  95|0x000000070c600000, 0x000000070c600000, 0x000000070c800000|  0%| F|  |TAMS 0x000000070c600000, 0x000000070c600000| Untracked 
|  96|0x000000070c800000, 0x000000070c800000, 0x000000070ca00000|  0%| F|  |TAMS 0x000000070c800000, 0x000000070c800000| Untracked 
|  97|0x000000070ca00000, 0x000000070ca00000, 0x000000070cc00000|  0%| F|  |TAMS 0x000000070ca00000, 0x000000070ca00000| Untracked 
|  98|0x000000070cc00000, 0x000000070cc00000, 0x000000070ce00000|  0%| F|  |TAMS 0x000000070cc00000, 0x000000070cc00000| Untracked 
|  99|0x000000070ce00000, 0x000000070ce00000, 0x000000070d000000|  0%| F|  |TAMS 0x000000070ce00000, 0x000000070ce00000| Untracked 
| 100|0x000000070d000000, 0x000000070d000000, 0x000000070d200000|  0%| F|  |TAMS 0x000000070d000000, 0x000000070d000000| Untracked 
| 101|0x000000070d200000, 0x000000070d200000, 0x000000070d400000|  0%| F|  |TAMS 0x000000070d200000, 0x000000070d200000| Untracked 
| 102|0x000000070d400000, 0x000000070d400000, 0x000000070d600000|  0%| F|  |TAMS 0x000000070d400000, 0x000000070d400000| Untracked 
| 103|0x000000070d600000, 0x000000070d600000, 0x000000070d800000|  0%| F|  |TAMS 0x000000070d600000, 0x000000070d600000| Untracked 
| 104|0x000000070d800000, 0x000000070d983980, 0x000000070da00000| 75%| E|  |TAMS 0x000000070d800000, 0x000000070d800000| Complete 
| 105|0x000000070da00000, 0x000000070dc00000, 0x000000070dc00000|100%| E|CS|TAMS 0x000000070da00000, 0x000000070da00000| Complete 
| 106|0x000000070dc00000, 0x000000070de00000, 0x000000070de00000|100%| E|CS|TAMS 0x000000070dc00000, 0x000000070dc00000| Complete 
| 107|0x000000070de00000, 0x000000070e000000, 0x000000070e000000|100%| E|CS|TAMS 0x000000070de00000, 0x000000070de00000| Complete 
| 108|0x000000070e000000, 0x000000070e200000, 0x000000070e200000|100%| E|CS|TAMS 0x000000070e000000, 0x000000070e000000| Complete 
| 109|0x000000070e200000, 0x000000070e400000, 0x000000070e400000|100%| E|CS|TAMS 0x000000070e200000, 0x000000070e200000| Complete 
| 110|0x000000070e400000, 0x000000070e600000, 0x000000070e600000|100%| E|CS|TAMS 0x000000070e400000, 0x000000070e400000| Complete 
| 111|0x000000070e600000, 0x000000070e800000, 0x000000070e800000|100%| E|CS|TAMS 0x000000070e600000, 0x000000070e600000| Complete 
| 112|0x000000070e800000, 0x000000070ea00000, 0x000000070ea00000|100%| E|CS|TAMS 0x000000070e800000, 0x000000070e800000| Complete 
| 113|0x000000070ea00000, 0x000000070ec00000, 0x000000070ec00000|100%| E|CS|TAMS 0x000000070ea00000, 0x000000070ea00000| Complete 
| 114|0x000000070ec00000, 0x000000070ee00000, 0x000000070ee00000|100%| E|CS|TAMS 0x000000070ec00000, 0x000000070ec00000| Complete 
| 115|0x000000070ee00000, 0x000000070f000000, 0x000000070f000000|100%| E|CS|TAMS 0x000000070ee00000, 0x000000070ee00000| Complete 
| 116|0x000000070f000000, 0x000000070f200000, 0x000000070f200000|100%| E|CS|TAMS 0x000000070f000000, 0x000000070f000000| Complete 
| 117|0x000000070f200000, 0x000000070f400000, 0x000000070f400000|100%| S|CS|TAMS 0x000000070f200000, 0x000000070f200000| Complete 
| 118|0x000000070f400000, 0x000000070f600000, 0x000000070f600000|100%| S|CS|TAMS 0x000000070f400000, 0x000000070f400000| Complete 
| 119|0x000000070f600000, 0x000000070f800000, 0x000000070f800000|100%| E|CS|TAMS 0x000000070f600000, 0x000000070f600000| Complete 
| 120|0x000000070f800000, 0x000000070fa00000, 0x000000070fa00000|100%| E|CS|TAMS 0x000000070f800000, 0x000000070f800000| Complete 
| 121|0x000000070fa00000, 0x000000070fc00000, 0x000000070fc00000|100%| E|CS|TAMS 0x000000070fa00000, 0x000000070fa00000| Complete 
| 122|0x000000070fc00000, 0x000000070fe00000, 0x000000070fe00000|100%| E|CS|TAMS 0x000000070fc00000, 0x000000070fc00000| Complete 
| 123|0x000000070fe00000, 0x0000000710000000, 0x0000000710000000|100%| E|CS|TAMS 0x000000070fe00000, 0x000000070fe00000| Complete 
| 124|0x0000000710000000, 0x0000000710200000, 0x0000000710200000|100%| E|CS|TAMS 0x0000000710000000, 0x0000000710000000| Complete 
| 125|0x0000000710200000, 0x0000000710400000, 0x0000000710400000|100%| E|CS|TAMS 0x0000000710200000, 0x0000000710200000| Complete 
| 126|0x0000000710400000, 0x0000000710600000, 0x0000000710600000|100%| E|CS|TAMS 0x0000000710400000, 0x0000000710400000| Complete 
| 127|0x0000000710600000, 0x0000000710800000, 0x0000000710800000|100%| E|CS|TAMS 0x0000000710600000, 0x0000000710600000| Complete 

Card table byte_map: [0x0000023130df0000,0x00000231315f0000] _byte_map_base: 0x000002312d5ec000

Marking Bits (Prev, Next): (CMBitMap*) 0x0000023119e51350, (CMBitMap*) 0x0000023119e51390
 Prev Bits: [0x0000023131df0000, 0x0000023135dd0000)
 Next Bits: [0x0000023135dd0000, 0x0000023139db0000)

Polling page: 0x0000023117c80000

Metaspace:

Usage:
  Non-class:     13.26 MB used.
      Class:      2.11 MB used.
       Both:     15.38 MB used.

Virtual space:
  Non-class space:       16.00 MB reserved,      13.38 MB ( 84%) committed,  2 nodes.
      Class space:        1.00 GB reserved,       2.25 MB ( <1%) committed,  1 nodes.
             Both:        1.02 GB reserved,      15.63 MB (  2%) committed. 

Chunk freelists:
   Non-Class:  2.64 MB
       Class:  1.76 MB
        Both:  4.40 MB

MaxMetaspaceSize: unlimited
CompressedClassSpaceSize: 1.00 GB
Initial GC threshold: 21.00 MB
Current GC threshold: 21.00 MB
CDS: on
MetaspaceReclaimPolicy: balanced
 - commit_granule_bytes: 65536.
 - commit_granule_words: 8192.
 - virtual_space_node_default_size: 1048576.
 - enlarge_chunks_in_place: 1.
 - new_chunks_are_fully_committed: 0.
 - uncommit_free_chunks: 1.
 - use_allocation_guard: 0.
 - handle_deallocations: 1.


Internal statistics:

num_allocs_failed_limit: 0.
num_arena_births: 212.
num_arena_deaths: 0.
num_vsnodes_births: 3.
num_vsnodes_deaths: 0.
num_space_committed: 250.
num_space_uncommitted: 0.
num_chunks_returned_to_freelist: 0.
num_chunks_taken_from_freelist: 707.
num_chunk_merges: 0.
num_chunk_splits: 491.
num_chunks_enlarged: 375.
num_purges: 0.
num_inconsistent_stats: 0.

CodeHeap 'non-profiled nmethods': size=120000Kb used=1339Kb max_used=1339Kb free=118660Kb
 bounds [0x00000231290c0000, 0x0000023129330000, 0x00000231305f0000]
CodeHeap 'profiled nmethods': size=120000Kb used=6020Kb max_used=6020Kb free=113979Kb
 bounds [0x0000023121b90000, 0x0000023122180000, 0x00000231290c0000]
CodeHeap 'non-nmethods': size=5760Kb used=1423Kb max_used=1472Kb free=4336Kb
 bounds [0x00000231215f0000, 0x0000023121860000, 0x0000023121b90000]
 total_blobs=3868 nmethods=3086 adapters=693
 compilation: enabled
              stopped_count=0, restarted_count=0
 full_count=0

Compilation events (20 events):
Event: 16.617 Thread 0x000002313c2bbc20 3079   !   4       java.util.AbstractList$Itr::next (46 bytes)
Event: 16.619 Thread 0x000002313c2bbc20 nmethod 3079 0x0000023129206410 code [0x00000231292065a0, 0x00000231292066e8]
Event: 16.676 Thread 0x000002313c2bbc20 3080       4       javafx.scene.Scene$MouseHandler::updateCursorFrame (61 bytes)
Event: 16.680 Thread 0x000002313c2bbc20 nmethod 3080 0x0000023129206890 code [0x0000023129206a20, 0x0000023129206c88]
Event: 28.270 Thread 0x000002313c2bbc20 3081       4       java.util.AbstractList$Itr::hasNext (20 bytes)
Event: 28.270 Thread 0x000002313c2bbc20 nmethod 3081 0x0000023129206e10 code [0x0000023129206f80, 0x0000023129207038]
Event: 28.477 Thread 0x000002313c2bbc20 3082       4       com.sun.javafx.collections.VetoableListDecorator::size (10 bytes)
Event: 28.479 Thread 0x000002313c2bbc20 nmethod 3082 0x0000023129207110 code [0x00000231292072a0, 0x0000023129207398]
Event: 29.995 Thread 0x000002313c2bbc20 3083       4       javafx.scene.Scene::getEffectiveCamera (80 bytes)
Event: 30.080 Thread 0x000002313c2bbc20 nmethod 3083 0x0000023129207490 code [0x0000023129207800, 0x000002312920acb8]
Event: 30.081 Thread 0x000002313c2bbc20 3084       4       java.util.ArrayDeque::isEmpty (17 bytes)
Event: 30.081 Thread 0x000002313c2bbc20 nmethod 3084 0x000002312920bd10 code [0x000002312920be80, 0x000002312920bf18]
Event: 30.083 Thread 0x000002313c2bbc20 3085       4       com.sun.javafx.collections.VetoableListDecorator$VetoableIteratorDecorator::hasNext (14 bytes)
Event: 30.084 Thread 0x000002313c2bbc20 nmethod 3085 0x000002312920c010 code [0x000002312920c1a0, 0x000002312920c2f8]
Event: 30.114 Thread 0x000002313c2bbc20 3086   !   4       com.sun.javafx.event.EventUtil::fireEvent (81 bytes)
Event: 30.122 Thread 0x000002313c2bbc20 nmethod 3086 0x000002312920c490 code [0x000002312920c680, 0x000002312920ce08]
Event: 86.011 Thread 0x000002313c2bbc20 3087       4       com.sun.javafx.tk.quantum.QuantumToolkit::postPulse (133 bytes)
Event: 86.035 Thread 0x000002313c2bbc20 nmethod 3087 0x000002312920d390 code [0x000002312920d580, 0x000002312920dbc0]
Event: 86.907 Thread 0x000002313c2bbc20 3088       4       com.sun.javafx.tk.quantum.QuantumToolkit$$Lambda$83/0x0000000800c37050::run (8 bytes)
Event: 86.912 Thread 0x000002313c2bbc20 nmethod 3088 0x000002312920e090 code [0x000002312920e280, 0x000002312920e930]

GC Heap History (4 events):
Event: 0.607 GC heap before
{Heap before GC invocations=0 (full 0):
 garbage-first heap   total 262144K, used 12288K [0x0000000700800000, 0x0000000800000000)
  region size 2048K, 6 young (12288K), 0 survivors (0K)
 Metaspace       used 2526K, committed 2624K, reserved 1056768K
  class space    used 267K, committed 320K, reserved 1048576K
}
Event: 0.610 GC heap after
{Heap after GC invocations=1 (full 0):
 garbage-first heap   total 262144K, used 1721K [0x0000000700800000, 0x0000000800000000)
  region size 2048K, 1 young (2048K), 1 survivors (2048K)
 Metaspace       used 2526K, committed 2624K, reserved 1056768K
  class space    used 267K, committed 320K, reserved 1048576K
}
Event: 1.210 GC heap before
{Heap before GC invocations=1 (full 0):
 garbage-first heap   total 262144K, used 16057K [0x0000000700800000, 0x0000000800000000)
  region size 2048K, 9 young (18432K), 1 survivors (2048K)
 Metaspace       used 8026K, committed 8192K, reserved 1056768K
  class space    used 1005K, committed 1088K, reserved 1048576K
}
Event: 1.215 GC heap after
{Heap after GC invocations=2 (full 0):
 garbage-first heap   total 262144K, used 4363K [0x0000000700800000, 0x0000000800000000)
  region size 2048K, 2 young (4096K), 2 survivors (4096K)
 Metaspace       used 8026K, committed 8192K, reserved 1056768K
  class space    used 1005K, committed 1088K, reserved 1048576K
}

Deoptimization events (20 events):
Event: 4.123 Thread 0x000002313d68c990 DEOPT PACKING pc=0x0000023129179edc sp=0x000000b559efc9e0
Event: 4.123 Thread 0x000002313d68c990 DEOPT UNPACKING pc=0x00000231216423a3 sp=0x000000b559efc938 mode 2
Event: 4.123 Thread 0x000002313d68c990 Uncommon trap: trap_request=0xffffff45 fr.pc=0x000002312917cf60 relative=0x00000000000000c0
Event: 4.123 Thread 0x000002313d68c990 Uncommon trap: reason=unstable_if action=reinterpret pc=0x000002312917cf60 method=com.sun.javafx.geom.RectBounds.deriveWithNewBounds(Lcom/sun/javafx/geom/BaseBounds;)Lcom/sun/javafx/geom/BaseBounds; @ 4 c2
Event: 4.123 Thread 0x000002313d68c990 DEOPT PACKING pc=0x000002312917cf60 sp=0x000000b559efcbd0
Event: 4.123 Thread 0x000002313d68c990 DEOPT UNPACKING pc=0x00000231216423a3 sp=0x000000b559efcb68 mode 2
Event: 7.921 Thread 0x000002313d5216b0 DEOPT PACKING pc=0x0000023122007b03 sp=0x000000b559bfe0e0
Event: 7.921 Thread 0x000002313d5216b0 DEOPT UNPACKING pc=0x0000023121642b43 sp=0x000000b559bfd500 mode 0
Event: 8.893 Thread 0x000002313d5216b0 DEOPT PACKING pc=0x0000023121ea30b8 sp=0x000000b559bfdd30
Event: 8.893 Thread 0x000002313d5216b0 DEOPT UNPACKING pc=0x0000023121642b43 sp=0x000000b559bfd0e8 mode 0
Event: 9.742 Thread 0x000002313d68c990 Uncommon trap: trap_request=0xffffff45 fr.pc=0x00000231291b5d34 relative=0x0000000000000154
Event: 9.742 Thread 0x000002313d68c990 Uncommon trap: reason=unstable_if action=reinterpret pc=0x00000231291b5d34 method=javafx.scene.Scene$ClickCounter.stopTimeout()V @ 4 c2
Event: 9.742 Thread 0x000002313d68c990 DEOPT PACKING pc=0x00000231291b5d34 sp=0x000000b559efdd90
Event: 9.742 Thread 0x000002313d68c990 DEOPT UNPACKING pc=0x00000231216423a3 sp=0x000000b559efdc58 mode 2
Event: 11.612 Thread 0x000002313d5216b0 DEOPT PACKING pc=0x0000023121ea1ac2 sp=0x000000b559bfd600
Event: 11.612 Thread 0x000002313d5216b0 DEOPT UNPACKING pc=0x0000023121642b43 sp=0x000000b559bfca90 mode 0
Event: 15.772 Thread 0x000002313d68c990 Uncommon trap: trap_request=0xffffff45 fr.pc=0x00000231291b1d50 relative=0x00000000000008d0
Event: 15.772 Thread 0x000002313d68c990 Uncommon trap: reason=unstable_if action=reinterpret pc=0x00000231291b1d50 method=javafx.scene.Parent.getOrderedChildren()Ljava/util/List; @ 7 c2
Event: 15.772 Thread 0x000002313d68c990 DEOPT PACKING pc=0x00000231291b1d50 sp=0x000000b559ef9ca0
Event: 15.772 Thread 0x000002313d68c990 DEOPT UNPACKING pc=0x00000231216423a3 sp=0x000000b559ef99f0 mode 2

Classes unloaded (0 events):
No events

Classes redefined (0 events):
No events

Internal exceptions (20 events):
Event: 1.383 Thread 0x000002313d68c990 Exception <a 'java/lang/NoSuchMethodError'{0x000000071007daf8}: 'void java.lang.invoke.DirectMethodHandle$Holder.invokeSpecial(java.lang.Object, java.lang.Object, java.lang.Object, java.lang.Object, java.lang.Object)'> (0x000000071007daf8) 
thrown [t:\workspace\open\src\hotspot\share\interpreter\linkResolver.cpp, line 766]
Event: 1.486 Thread 0x000002313d68c990 Implicit null exception at 0x00000231290db060 to 0x00000231290db2f0
Event: 1.498 Thread 0x000002313d68c990 Implicit null exception at 0x000002312912ff34 to 0x0000023129130430
Event: 1.498 Thread 0x000002313d68c990 Implicit null exception at 0x000002312912a02f to 0x000002312912a558
Event: 1.501 Thread 0x000002313d68c990 Implicit null exception at 0x00000231290d76af to 0x00000231290d7900
Event: 1.689 Thread 0x000002313d68c990 Exception <a 'java/lang/ClassNotFoundException'{0x000000070f9930b8}: com/sun/javafx/scene/control/skin/resources/controls> (0x000000070f9930b8) 
thrown [t:\workspace\open\src\hotspot\share\prims\jni.cpp, line 535]
Event: 1.691 Thread 0x000002313d68c990 Exception <a 'java/lang/ClassNotFoundException'{0x000000070f9a0bb8}: com/sun/javafx/scene/control/skin/resources/controls_ru> (0x000000070f9a0bb8) 
thrown [t:\workspace\open\src\hotspot\share\prims\jni.cpp, line 535]
Event: 1.691 Thread 0x000002313d68c990 Exception <a 'java/lang/ClassNotFoundException'{0x000000070f9a1b50}: com/sun/javafx/scene/control/skin/resources/controls_ru_RU> (0x000000070f9a1b50) 
thrown [t:\workspace\open\src\hotspot\share\prims\jni.cpp, line 535]
Event: 1.756 Thread 0x000002313d68c990 Exception <a 'java/lang/NoSuchMethodError'{0x000000070f7668e8}: 'void java.lang.invoke.DirectMethodHandle$Holder.invokeSpecial(java.lang.Object, java.lang.Object, java.lang.Object, java.lang.Object, java.lang.Object, java.lang.Object)'> (0x000000070f7668e8) 
thrown [t:\workspace\open\src\hotspot\share\interpreter\linkResolver.cpp, line 766]
Event: 1.788 Thread 0x000002313d68c990 Exception <a 'java/lang/NoSuchMethodError'{0x000000070f1ca7b0}: 'java.lang.Object java.lang.invoke.DirectMethodHandle$Holder.invokeInterface(java.lang.Object, java.lang.Object, java.lang.Object)'> (0x000000070f1ca7b0) 
thrown [t:\workspace\open\src\hotspot\share\interpreter\linkResolver.cpp, line 766]
Event: 1.788 Thread 0x000002313d68c990 Exception <a 'java/lang/IncompatibleClassChangeError'{0x000000070f1ce138}: Found class java.lang.Object, but interface was expected> (0x000000070f1ce138) 
thrown [t:\workspace\open\src\hotspot\share\interpreter\linkResolver.cpp, line 833]
Event: 1.861 Thread 0x000002313d68c990 Exception <a 'java/lang/NoSuchMethodError'{0x000000070ef94710}: 'java.lang.Object java.lang.invoke.DirectMethodHandle$Holder.newInvokeSpecial(java.lang.Object, java.lang.Object, int)'> (0x000000070ef94710) 
thrown [t:\workspace\open\src\hotspot\share\interpreter\linkResolver.cpp, line 766]
Event: 1.881 Thread 0x000002313d5216b0 Exception <a 'java/lang/NoSuchMethodError'{0x000000070ecf1e20}: 'int java.lang.invoke.DirectMethodHandle$Holder.invokeStaticInit(java.lang.Object, java.lang.Object)'> (0x000000070ecf1e20) 
thrown [t:\workspace\open\src\hotspot\share\interpreter\linkResolver.cpp, line 766]
Event: 1.888 Thread 0x000002313d68c990 Exception <a 'java/lang/NoSuchMethodError'{0x000000070efe9a28}: 'long java.lang.invoke.DirectMethodHandle$Holder.invokeStatic(java.lang.Object, java.lang.Object, java.lang.Object)'> (0x000000070efe9a28) 
thrown [t:\workspace\open\src\hotspot\share\interpreter\linkResolver.cpp, line 766]
Event: 1.889 Thread 0x000002313d68c990 Exception <a 'java/lang/NoSuchMethodError'{0x000000070efed1d0}: 'long java.lang.invoke.DirectMethodHandle$Holder.invokeStaticInit(java.lang.Object, java.lang.Object, java.lang.Object)'> (0x000000070efed1d0) 
thrown [t:\workspace\open\src\hotspot\share\interpreter\linkResolver.cpp, line 766]
Event: 1.892 Thread 0x000002313d68c990 Exception <a 'java/lang/NoSuchMethodError'{0x000000070ed6f558}: 'java.lang.Object java.lang.invoke.DirectMethodHandle$Holder.newInvokeSpecial(java.lang.Object, java.lang.Object, long)'> (0x000000070ed6f558) 
thrown [t:\workspace\open\src\hotspot\share\interpreter\linkResolver.cpp, line 766]
Event: 1.892 Thread 0x000002313d68c990 Exception <a 'java/lang/NoSuchMethodError'{0x000000070ed730c8}: 'java.lang.Object java.lang.invoke.Invokers$Holder.linkToTargetMethod(java.lang.Object, long, java.lang.Object)'> (0x000000070ed730c8) 
thrown [t:\workspace\open\src\hotspot\share\interpreter\linkResolver.cpp, line 766]
Event: 5.274 Thread 0x000002313d68c990 Exception <a 'java/lang/NoSuchMethodError'{0x000000070e5e07e8}: 'java.lang.Object java.lang.invoke.DirectMethodHandle$Holder.newInvokeSpecial(java.lang.Object, java.lang.Object, int, int, int, int, int, java.lang.Object)'> (0x000000070e5e07e8) 
thrown [t:\workspace\open\src\hotspot\share\interpreter\linkResolver.cpp, line 766]
Event: 5.276 Thread 0x000002313d68c990 Exception <a 'java/lang/NoSuchMethodError'{0x000000070e5f3d18}: 'java.lang.Object java.lang.invoke.DirectMethodHandle$Holder.newInvokeSpecial(java.lang.Object, java.lang.Object, java.lang.Object, int, int, int, int, int)'> (0x000000070e5f3d18) 
thrown [t:\workspace\open\src\hotspot\share\interpreter\linkResolver.cpp, line 766]
Event: 5.277 Thread 0x000002313d68c990 Exception <a 'java/lang/NoSuchMethodError'{0x000000070e5fbac8}: 'java.lang.Object java.lang.invoke.Invokers$Holder.linkToTargetMethod(java.lang.Object, java.lang.Object, int, int, int, int, int, java.lang.Object)'> (0x000000070e5fbac8) 
thrown [t:\workspace\open\src\hotspot\share\interpreter\linkResolver.cpp, line 766]

VM Operations (20 events):
Event: 10.687 Executing VM operation: Cleanup done
Event: 12.687 Executing VM operation: Cleanup
Event: 12.687 Executing VM operation: Cleanup done
Event: 13.688 Executing VM operation: Cleanup
Event: 13.688 Executing VM operation: Cleanup done
Event: 14.688 Executing VM operation: Cleanup
Event: 14.688 Executing VM operation: Cleanup done
Event: 15.689 Executing VM operation: Cleanup
Event: 15.689 Executing VM operation: Cleanup done
Event: 16.690 Executing VM operation: Cleanup
Event: 16.690 Executing VM operation: Cleanup done
Event: 17.690 Executing VM operation: Cleanup
Event: 17.690 Executing VM operation: Cleanup done
Event: 27.695 Executing VM operation: Cleanup
Event: 27.696 Executing VM operation: Cleanup done
Event: 28.696 Executing VM operation: Cleanup
Event: 28.696 Executing VM operation: Cleanup done
Event: 30.697 Executing VM operation: Cleanup
Event: 30.697 Executing VM operation: Cleanup done
Event: 135.067 Executing VM operation: Exit

Events (20 events):
Event: 10.572 loading class sun/util/resources/BreakIteratorResourceBundle done
Event: 10.573 loading class sun/text/resources/BreakIteratorResources done
Event: 10.573 loading class sun/text/RuleBasedBreakIterator
Event: 10.574 loading class sun/text/RuleBasedBreakIterator done
Event: 10.575 loading class jdk/internal/misc/ScopedMemoryAccess$Scope
Event: 10.575 loading class jdk/internal/misc/ScopedMemoryAccess$Scope done
Event: 10.575 loading class sun/text/CompactByteArray
Event: 10.575 loading class sun/text/CompactByteArray done
Event: 10.576 loading class sun/text/SupplementaryCharacterData
Event: 10.576 loading class sun/text/SupplementaryCharacterData done
Event: 10.576 loading class java/text/BreakIterator$BreakIteratorCache
Event: 10.576 loading class java/text/BreakIterator$BreakIteratorCache done
Event: 135.064 loading class jdk/internal/misc/Signal$1
Event: 135.064 loading class jdk/internal/misc/Signal$1 done
Event: 135.065 Thread 0x000002313e4105e0 Thread added: 0x000002313e4105e0
Event: 135.065 Thread 0x000002313e4122c0 Thread added: 0x000002313e4122c0
Event: 135.065 Thread 0x000002313e411450 Thread added: 0x000002313e411450
Event: 135.066 Thread 0x000002313e4122c0 Thread exited: 0x000002313e4122c0
Event: 135.067 Thread 0x000002313e411450 Thread exited: 0x000002313e411450
Event: 135.067 Thread 0x000002313c2b4ab0 Thread exited: 0x000002313c2b4ab0


Dynamic libraries:
0x00007ff63abd0000 - 0x00007ff63abde000 	C:\Users\Nikita\.jdks\openjdk-17\bin\java.exe
0x00007fff98810000 - 0x00007fff989fd000 	C:\Windows\SYSTEM32\ntdll.dll
0x00007fff98600000 - 0x00007fff986b3000 	C:\Windows\System32\KERNEL32.DLL
0x00007fff949b0000 - 0x00007fff94c4a000 	C:\Windows\System32\KERNELBASE.dll
0x00007fff94c50000 - 0x00007fff94d4a000 	C:\Windows\System32\ucrtbase.dll
0x00007fff8d0b0000 - 0x00007fff8d0c8000 	C:\Users\Nikita\.jdks\openjdk-17\bin\jli.dll
0x00007fff8bab0000 - 0x00007fff8baca000 	C:\Users\Nikita\.jdks\openjdk-17\bin\VCRUNTIME140.dll
0x00007fff975a0000 - 0x00007fff97737000 	C:\Windows\System32\USER32.dll
0x00007fff77430000 - 0x00007fff776a9000 	C:\Windows\WinSxS\amd64_microsoft.windows.common-controls_6595b64144ccf1df_6.0.17763.3046_none_de715ebe534b36e3\COMCTL32.dll
0x00007fff983b0000 - 0x00007fff9844e000 	C:\Windows\System32\msvcrt.dll
0x00007fff977b0000 - 0x00007fff97adb000 	C:\Windows\System32\combase.dll
0x00007fff94f50000 - 0x00007fff94f70000 	C:\Windows\System32\win32u.dll
0x00007fff986c0000 - 0x00007fff987dd000 	C:\Windows\System32\RPCRT4.dll
0x00007fff95980000 - 0x00007fff95a02000 	C:\Windows\System32\bcryptPrimitives.dll
0x00007fff95e30000 - 0x00007fff95e59000 	C:\Windows\System32\GDI32.dll
0x00007fff94ff0000 - 0x00007fff9518c000 	C:\Windows\System32\gdi32full.dll
0x00007fff958e0000 - 0x00007fff95980000 	C:\Windows\System32\msvcp_win.dll
0x00007fff96010000 - 0x00007fff9603e000 	C:\Windows\System32\IMM32.DLL
0x00007fff8efd0000 - 0x00007fff8efdc000 	C:\Users\Nikita\.jdks\openjdk-17\bin\vcruntime140_1.dll
0x00007fff7b6a0000 - 0x00007fff7b72d000 	C:\Users\Nikita\.jdks\openjdk-17\bin\msvcp140.dll
0x00007fff72600000 - 0x00007fff731be000 	C:\Users\Nikita\.jdks\openjdk-17\bin\server\jvm.dll
0x00007fff95aa0000 - 0x00007fff95b47000 	C:\Windows\System32\ADVAPI32.dll
0x00007fff97d70000 - 0x00007fff97e0f000 	C:\Windows\System32\sechost.dll
0x00007fff983a0000 - 0x00007fff983a8000 	C:\Windows\System32\PSAPI.DLL
0x00007fff92910000 - 0x00007fff92934000 	C:\Windows\SYSTEM32\WINMM.dll
0x00007fff8ede0000 - 0x00007fff8ede9000 	C:\Windows\SYSTEM32\WSOCK32.dll
0x00007fff8d010000 - 0x00007fff8d01a000 	C:\Windows\SYSTEM32\VERSION.dll
0x00007fff97740000 - 0x00007fff977ad000 	C:\Windows\System32\WS2_32.dll
0x00007fff928e0000 - 0x00007fff9290d000 	C:\Windows\SYSTEM32\WINMMBASE.dll
0x00007fff948b0000 - 0x00007fff948fa000 	C:\Windows\System32\cfgmgr32.dll
0x00007fff94840000 - 0x00007fff94851000 	C:\Windows\System32\kernel.appcore.dll
0x00007fff8ef90000 - 0x00007fff8ef9a000 	C:\Users\Nikita\.jdks\openjdk-17\bin\jimage.dll
0x00007fff86010000 - 0x00007fff861fd000 	C:\Windows\SYSTEM32\DBGHELP.DLL
0x00007fff85e60000 - 0x00007fff85e8a000 	C:\Windows\SYSTEM32\dbgcore.DLL
0x00007fff8edf0000 - 0x00007fff8edfe000 	C:\Users\Nikita\.jdks\openjdk-17\bin\instrument.dll
0x00007fff8a7f0000 - 0x00007fff8a815000 	C:\Users\Nikita\.jdks\openjdk-17\bin\java.dll
0x00007fff7a540000 - 0x00007fff7a616000 	C:\Users\Nikita\.jdks\openjdk-17\bin\svml.dll
0x00007fff96040000 - 0x00007fff97538000 	C:\Windows\System32\SHELL32.dll
0x00007fff97e10000 - 0x00007fff97eb7000 	C:\Windows\System32\shcore.dll
0x00007fff95190000 - 0x00007fff958d8000 	C:\Windows\System32\windows.storage.dll
0x00007fff94860000 - 0x00007fff94883000 	C:\Windows\System32\profapi.dll
0x00007fff947e0000 - 0x00007fff9483d000 	C:\Windows\System32\powrprof.dll
0x00007fff98340000 - 0x00007fff98392000 	C:\Windows\System32\shlwapi.dll
0x00007fff94f70000 - 0x00007fff94f87000 	C:\Windows\System32\cryptsp.dll
0x00007fff87f50000 - 0x00007fff87f69000 	C:\Users\Nikita\.jdks\openjdk-17\bin\net.dll
0x00007fff8ffc0000 - 0x00007fff900b1000 	C:\Windows\SYSTEM32\WINHTTP.dll
0x00007fff93fd0000 - 0x00007fff94037000 	C:\Windows\system32\mswsock.dll
0x00007fff87f30000 - 0x00007fff87f45000 	C:\Users\Nikita\.jdks\openjdk-17\bin\nio.dll
0x00007fff87f10000 - 0x00007fff87f28000 	C:\Users\Nikita\.jdks\openjdk-17\bin\zip.dll
0x00007fff83eb0000 - 0x00007fff83eca000 	C:\Program Files\JetBrains\IntelliJ IDEA Community Edition 2021.2.2\bin\breakgen64.dll
0x0000023119d00000 - 0x0000023119d03000 	C:\Users\Nikita\.openjfx\cache\17-ea\api-ms-win-core-console-l1-1-0.dll
0x0000023119d10000 - 0x0000023119d13000 	C:\Users\Nikita\.openjfx\cache\17-ea\api-ms-win-core-console-l1-2-0.dll
0x0000023119d20000 - 0x0000023119d23000 	C:\Users\Nikita\.openjfx\cache\17-ea\api-ms-win-core-datetime-l1-1-0.dll
0x0000023119d30000 - 0x0000023119d33000 	C:\Users\Nikita\.openjfx\cache\17-ea\api-ms-win-core-debug-l1-1-0.dll
0x0000023119d40000 - 0x0000023119d43000 	C:\Users\Nikita\.openjfx\cache\17-ea\api-ms-win-core-errorhandling-l1-1-0.dll
0x0000023119d50000 - 0x0000023119d54000 	C:\Users\Nikita\.openjfx\cache\17-ea\api-ms-win-core-file-l1-1-0.dll
0x0000023119d60000 - 0x0000023119d63000 	C:\Users\Nikita\.openjfx\cache\17-ea\api-ms-win-core-file-l1-2-0.dll
0x0000023119d70000 - 0x0000023119d73000 	C:\Users\Nikita\.openjfx\cache\17-ea\api-ms-win-core-file-l2-1-0.dll
0x0000023119d80000 - 0x0000023119d83000 	C:\Users\Nikita\.openjfx\cache\17-ea\api-ms-win-core-handle-l1-1-0.dll
0x0000023119d90000 - 0x0000023119d93000 	C:\Users\Nikita\.openjfx\cache\17-ea\api-ms-win-core-heap-l1-1-0.dll
0x0000023119da0000 - 0x0000023119da3000 	C:\Users\Nikita\.openjfx\cache\17-ea\api-ms-win-core-interlocked-l1-1-0.dll
0x0000023119db0000 - 0x0000023119db3000 	C:\Users\Nikita\.openjfx\cache\17-ea\api-ms-win-core-libraryloader-l1-1-0.dll
0x0000023119dc0000 - 0x0000023119dc3000 	C:\Users\Nikita\.openjfx\cache\17-ea\api-ms-win-core-localization-l1-2-0.dll
0x000002313c3f0000 - 0x000002313c3f3000 	C:\Users\Nikita\.openjfx\cache\17-ea\api-ms-win-core-memory-l1-1-0.dll
0x000002313d800000 - 0x000002313d803000 	C:\Users\Nikita\.openjfx\cache\17-ea\api-ms-win-core-namedpipe-l1-1-0.dll
0x000002313d810000 - 0x000002313d813000 	C:\Users\Nikita\.openjfx\cache\17-ea\api-ms-win-core-processenvironment-l1-1-0.dll
0x000002313d820000 - 0x000002313d823000 	C:\Users\Nikita\.openjfx\cache\17-ea\api-ms-win-core-processthreads-l1-1-0.dll
0x000002313d830000 - 0x000002313d833000 	C:\Users\Nikita\.openjfx\cache\17-ea\api-ms-win-core-processthreads-l1-1-1.dll
0x000002313d840000 - 0x000002313d843000 	C:\Users\Nikita\.openjfx\cache\17-ea\api-ms-win-core-profile-l1-1-0.dll
0x000002313d850000 - 0x000002313d853000 	C:\Users\Nikita\.openjfx\cache\17-ea\api-ms-win-core-rtlsupport-l1-1-0.dll
0x000002313d860000 - 0x000002313d863000 	C:\Users\Nikita\.openjfx\cache\17-ea\api-ms-win-core-string-l1-1-0.dll
0x000002313d870000 - 0x000002313d873000 	C:\Users\Nikita\.openjfx\cache\17-ea\api-ms-win-core-synch-l1-1-0.dll
0x000002313d880000 - 0x000002313d883000 	C:\Users\Nikita\.openjfx\cache\17-ea\api-ms-win-core-synch-l1-2-0.dll
0x000002313d890000 - 0x000002313d893000 	C:\Users\Nikita\.openjfx\cache\17-ea\api-ms-win-core-sysinfo-l1-1-0.dll
0x000002313d8a0000 - 0x000002313d8a3000 	C:\Users\Nikita\.openjfx\cache\17-ea\api-ms-win-core-timezone-l1-1-0.dll
0x000002313d8b0000 - 0x000002313d8b3000 	C:\Users\Nikita\.openjfx\cache\17-ea\api-ms-win-core-util-l1-1-0.dll
0x000002313d8c0000 - 0x000002313d8c3000 	C:\Users\Nikita\.openjfx\cache\17-ea\api-ms-win-crt-conio-l1-1-0.dll
0x000002313d8d0000 - 0x000002313d8d4000 	C:\Users\Nikita\.openjfx\cache\17-ea\api-ms-win-crt-convert-l1-1-0.dll
0x000002313d8e0000 - 0x000002313d8e3000 	C:\Users\Nikita\.openjfx\cache\17-ea\api-ms-win-crt-environment-l1-1-0.dll
0x000002313d8f0000 - 0x000002313d8f3000 	C:\Users\Nikita\.openjfx\cache\17-ea\api-ms-win-crt-filesystem-l1-1-0.dll
0x000002313d900000 - 0x000002313d903000 	C:\Users\Nikita\.openjfx\cache\17-ea\api-ms-win-crt-heap-l1-1-0.dll
0x000002313d910000 - 0x000002313d913000 	C:\Users\Nikita\.openjfx\cache\17-ea\api-ms-win-crt-locale-l1-1-0.dll
0x000002313d920000 - 0x000002313d925000 	C:\Users\Nikita\.openjfx\cache\17-ea\api-ms-win-crt-math-l1-1-0.dll
0x000002313d930000 - 0x000002313d935000 	C:\Users\Nikita\.openjfx\cache\17-ea\api-ms-win-crt-multibyte-l1-1-0.dll
0x000002313d940000 - 0x000002313d950000 	C:\Users\Nikita\.openjfx\cache\17-ea\api-ms-win-crt-private-l1-1-0.dll
0x000002313d950000 - 0x000002313d953000 	C:\Users\Nikita\.openjfx\cache\17-ea\api-ms-win-crt-process-l1-1-0.dll
0x000002313d960000 - 0x000002313d964000 	C:\Users\Nikita\.openjfx\cache\17-ea\api-ms-win-crt-runtime-l1-1-0.dll
0x000002313d970000 - 0x000002313d974000 	C:\Users\Nikita\.openjfx\cache\17-ea\api-ms-win-crt-stdio-l1-1-0.dll
0x000002313d980000 - 0x000002313d984000 	C:\Users\Nikita\.openjfx\cache\17-ea\api-ms-win-crt-string-l1-1-0.dll
0x000002313d990000 - 0x000002313d993000 	C:\Users\Nikita\.openjfx\cache\17-ea\api-ms-win-crt-time-l1-1-0.dll
0x000002313d9a0000 - 0x000002313d9a3000 	C:\Users\Nikita\.openjfx\cache\17-ea\api-ms-win-crt-utility-l1-1-0.dll
0x00007fff75370000 - 0x00007fff7546c000 	C:\Users\Nikita\.openjfx\cache\17-ea\ucrtbase.dll
0x00007fff83e90000 - 0x00007fff83eaa000 	C:\Users\Nikita\.openjfx\cache\17-ea\vcruntime140.dll
0x00007fff8a7e0000 - 0x00007fff8a7ec000 	C:\Users\Nikita\.openjfx\cache\17-ea\vcruntime140_1.dll
0x00007fff72570000 - 0x00007fff725fd000 	C:\Users\Nikita\.openjfx\cache\17-ea\msvcp140.dll
0x00007fff824c0000 - 0x00007fff824e7000 	C:\Users\Nikita\.openjfx\cache\17-ea\prism_d3d.dll
0x00007fff8abf0000 - 0x00007fff8ad8d000 	C:\Windows\system32\d3d9.dll
0x00007fff930a0000 - 0x00007fff930ce000 	C:\Windows\SYSTEM32\dwmapi.dll
0x00007fff94d50000 - 0x00007fff94f45000 	C:\Windows\System32\CRYPT32.dll
0x00007fff94890000 - 0x00007fff948a2000 	C:\Windows\System32\MSASN1.dll
0x00007fff92d60000 - 0x00007fff92dfc000 	C:\Windows\system32\uxtheme.dll
0x00007fff79cf0000 - 0x00007fff79e07000 	C:\Windows\System32\DriverStore\FileRepository\nv_dispsi.inf_amd64_7c4486dea3d29a83\nvldumdx.dll
0x00007fff8cb40000 - 0x00007fff8cb6f000 	C:\Windows\SYSTEM32\cryptnet.dll
0x00007fff8be20000 - 0x00007fff8bf55000 	C:\Windows\SYSTEM32\drvstore.dll
0x00007fff94580000 - 0x00007fff945a9000 	C:\Windows\SYSTEM32\devobj.dll
0x00007fff94230000 - 0x00007fff94255000 	C:\Windows\SYSTEM32\wldp.dll
0x00007fff94f90000 - 0x00007fff94fef000 	C:\Windows\System32\WINTRUST.dll
0x00007fff941a0000 - 0x00007fff941ac000 	C:\Windows\SYSTEM32\cryptbase.dll
0x00007fff95bd0000 - 0x00007fff95bed000 	C:\Windows\System32\imagehlp.dll
0x00007fff93b50000 - 0x00007fff93b83000 	C:\Windows\system32\rsaenh.dll
0x00007fff95a10000 - 0x00007fff95a36000 	C:\Windows\System32\bcrypt.dll
0x00007fff53460000 - 0x00007fff54c6a000 	C:\Windows\System32\DriverStore\FileRepository\nv_dispsi.inf_amd64_7c4486dea3d29a83\nvd3dumx.dll
0x00007fff81eb0000 - 0x00007fff81ef2000 	C:\Users\Nikita\.openjfx\cache\17-ea\glass.dll
0x00007fff95e60000 - 0x00007fff95f86000 	C:\Windows\System32\COMDLG32.dll
0x00007fff97bb0000 - 0x00007fff97d06000 	C:\Windows\System32\ole32.dll
0x00007fff95d60000 - 0x00007fff95e24000 	C:\Windows\System32\OLEAUT32.dll
0x00007fff95bf0000 - 0x00007fff95d5b000 	C:\Windows\System32\MSCTF.dll
0x00007fff64650000 - 0x00007fff64917000 	C:\Windows\system32\nvspcap64.dll
0x00007fff93920000 - 0x00007fff93951000 	C:\Windows\SYSTEM32\ntmarta.dll
0x00007fff93440000 - 0x00007fff93462000 	C:\Windows\SYSTEM32\gpapi.dll
0x00007fff83330000 - 0x00007fff83344000 	C:\Users\Nikita\.openjfx\cache\17-ea\javafx_font.dll
0x00007fff88480000 - 0x00007fff88787000 	C:\Windows\SYSTEM32\dwrite.dll
0x00007fff97ae0000 - 0x00007fff97b82000 	C:\Windows\System32\clbcatq.dll
0x00007fff8d890000 - 0x00007fff8da48000 	C:\Windows\SYSTEM32\WindowsCodecs.dll
0x00007fff7e920000 - 0x00007fff7e976000 	C:\Windows\system32\dataexchange.dll
0x00007fff91bc0000 - 0x00007fff91d83000 	C:\Windows\system32\dcomp.dll
0x00007fff91730000 - 0x00007fff919ae000 	C:\Windows\system32\d3d11.dll
0x00007fff934c0000 - 0x00007fff93582000 	C:\Windows\system32\dxgi.dll

dbghelp: loaded successfully - version: 4.0.5 - missing functions: none
symbol engine: initialized successfully - sym options: 0x614 - pdb path: .;C:\Users\Nikita\.jdks\openjdk-17\bin;C:\Windows\SYSTEM32;C:\Windows\WinSxS\amd64_microsoft.windows.common-controls_6595b64144ccf1df_6.0.17763.3046_none_de715ebe534b36e3;C:\Users\Nikita\.jdks\openjdk-17\bin\server;C:\Program Files\JetBrains\IntelliJ IDEA Community Edition 2021.2.2\bin;C:\Users\Nikita\.openjfx\cache\17-ea;C:\Windows\System32\DriverStore\FileRepository\nv_dispsi.inf_amd64_7c4486dea3d29a83;C:\Program Files\Common Files\Microsoft Shared\Ink

VM Arguments:
jvm_args: -javaagent:C:\Program Files\JetBrains\IntelliJ IDEA Community Edition 2021.2.2\lib\idea_rt.jar=51826:C:\Program Files\JetBrains\IntelliJ IDEA Community Edition 2021.2.2\bin -Dfile.encoding=UTF-8 --module-path=C:\Users\Nikita\IdeaProjects\ProgectKurs\target\classes;C:\Users\Nikita\.m2\repository\org\openjfx\javafx-base\17-ea+11\javafx-base-17-ea+11-win.jar;C:\Users\Nikita\.m2\repository\org\openjfx\javafx-fxml\17-ea+11\javafx-fxml-17-ea+11-win.jar;C:\Users\Nikita\.m2\repository\org\openjfx\javafx-graphics\17-ea+11\javafx-graphics-17-ea+11-win.jar;C:\Users\Nikita\.m2\repository\org\openjfx\javafx-controls\17-ea+11\javafx-controls-17-ea+11-win.jar -Djdk.module.main=com.example.progectkurs 
java_command: com.example.progectkurs/com.example.progectkurs.Main
java_class_path (initial): C:\Users\Nikita\.m2\repository\org\openjfx\javafx-controls\17-ea+11\javafx-controls-17-ea+11.jar;C:\Users\Nikita\.m2\repository\org\openjfx\javafx-graphics\17-ea+11\javafx-graphics-17-ea+11.jar;C:\Users\Nikita\.m2\repository\org\openjfx\javafx-base\17-ea+11\javafx-base-17-ea+11.jar;C:\Users\Nikita\.m2\repository\org\openjfx\javafx-fxml\17-ea+11\javafx-fxml-17-ea+11.jar
Launcher Type: SUN_STANDARD

[Global flags]
     intx CICompilerCount                          = 3                                         {product} {ergonomic}
     uint ConcGCThreads                            = 1                                         {product} {ergonomic}
     uint G1ConcRefinementThreads                  = 4                                         {product} {ergonomic}
   size_t G1HeapRegionSize                         = 2097152                                   {product} {ergonomic}
    uintx GCDrainStackTargetSize                   = 64                                        {product} {ergonomic}
   size_t InitialHeapSize                          = 268435456                                 {product} {ergonomic}
   size_t MarkStackSize                            = 4194304                                   {product} {ergonomic}
   size_t MaxHeapSize                              = 4286578688                                {product} {ergonomic}
   size_t MaxNewSize                               = 2571108352                                {product} {ergonomic}
   size_t MinHeapDeltaBytes                        = 2097152                                   {product} {ergonomic}
   size_t MinHeapSize                              = 8388608                                   {product} {ergonomic}
    uintx NonNMethodCodeHeapSize                   = 5832780                                {pd product} {ergonomic}
    uintx NonProfiledCodeHeapSize                  = 122912730                              {pd product} {ergonomic}
    uintx ProfiledCodeHeapSize                     = 122912730                              {pd product} {ergonomic}
    uintx ReservedCodeCacheSize                    = 251658240                              {pd product} {ergonomic}
     bool SegmentedCodeCache                       = true                                      {product} {ergonomic}
   size_t SoftMaxHeapSize                          = 4286578688                             {manageable} {ergonomic}
     bool UseCompressedClassPointers               = true                           {product lp64_product} {ergonomic}
     bool UseCompressedOops                        = true                           {product lp64_product} {ergonomic}
     bool UseG1GC                                  = true                                      {product} {ergonomic}
     bool UseLargePagesIndividualAllocation        = false                                  {pd product} {ergonomic}

Logging:
Log output configuration:
 #0: stdout all=off uptime,level,tags
 #1: stderr all=off uptime,level,tags

Environment Variables:
PATH=C:\Program Files (x86)\Common Files\Oracle\Java\javapath;C:\ProgramData\Oracle\Java\javapath;C:\Windows\system32;C:\Windows;C:\Windows\System32\Wbem;C:\Windows\System32\WindowsPowerShell\v1.0\;C:\Windows\System32\OpenSSH\;C:\Program Files (x86)\NVIDIA Corporation\PhysX\Common;C:\Program Files\NVIDIA Corporation\NVIDIA NvDLISR;C:\Program Files\dotnet\;C:\Program Files\Git\cmd;C:\Users\Nikita\AppData\Local\Microsoft\WindowsApps;
USERNAME=Nikita
OS=Windows_NT
PROCESSOR_IDENTIFIER=Intel64 Family 6 Model 158 Stepping 9, GenuineIntel



---------------  S Y S T E M  ---------------

OS:
 Windows 10 , 64 bit Build 17763 (10.0.17763.2989)
OS uptime: 10 days 1:00 hours

CPU: total 4 (initial active 4) (2 cores per cpu, 2 threads per core) family 6 model 158 stepping 9 microcode 0xde, cx8, cmov, fxsr, ht, mmx, 3dnowpref, sse, sse2, sse3, ssse3, sse4.1, sse4.2, popcnt, lzcnt, tsc, tscinvbit, avx, avx2, aes, erms, clmul, bmi1, bmi2, adx, fma, vzeroupper, clflush, clflushopt

Memory: 4k page, system-wide physical 16347M (9125M free)
TotalPageFile size 26585M (AvailPageFile size 15647M)
current process WorkingSet (physical memory assigned to process): 131M, peak: 151M
current process commit charge ("private bytes"): 410M, peak: 432M

vm_info: OpenJDK 64-Bit Server VM (17+35-2724) for windows-amd64 JRE (17+35-2724), built on Aug  5 2021 23:26:02 by "mach5one" with MS VC++ 16.8 (VS2019)

END.
