#
# A fatal error has been detected by the Java Runtime Environment:
#
#  EXCEPTION_ACCESS_VIOLATION (0xc0000005) at pc=0x00007fff824c6a87, pid=13684, tid=5068
#
# JRE version: OpenJDK Runtime Environment (17.0+35) (build 17+35-2724)
# Java VM: OpenJDK 64-Bit Server VM (17+35-2724, mixed mode, sharing, tiered, compressed oops, compressed class ptrs, g1 gc, windows-amd64)
# Problematic frame:
# C  [glass.dll+0x26a87]
#
# No core dump will be written. Minidumps are not enabled by default on client versions of Windows
#
# If you would like to submit a bug report, please visit:
#   https://bugreport.java.com/bugreport/crash.jsp
#

---------------  S U M M A R Y ------------

Command Line: -javaagent:C:\Program Files\JetBrains\IntelliJ IDEA Community Edition 2021.2.2\lib\idea_rt.jar=64396:C:\Program Files\JetBrains\IntelliJ IDEA Community Edition 2021.2.2\bin -Dfile.encoding=UTF-8 --module-path=C:\Users\Nikita\.m2\repository\org\openjfx\javafx-fxml\17-ea+11\javafx-fxml-17-ea+11-win.jar;C:\Users\Nikita\IdeaProjects\ProgectKurs\target\classes;C:\Users\Nikita\.m2\repository\org\openjfx\javafx-base\17-ea+11\javafx-base-17-ea+11-win.jar;C:\Users\Nikita\.m2\repository\org\openjfx\javafx-graphics\17-ea+11\javafx-graphics-17-ea+11-win.jar;C:\Users\Nikita\.m2\repository\org\openjfx\javafx-controls\17-ea+11\javafx-controls-17-ea+11-win.jar -Djdk.module.main=com.example.progectkurs com.example.progectkurs/com.example.progectkurs.Main

Host: Intel(R) Core(TM) i3-7100 CPU @ 3.90GHz, 4 cores, 15G,  Windows 10 , 64 bit Build 17763 (10.0.17763.2989)
Time: Sat Jul  9 16:00:09 2022 RTZ 2 (зима) elapsed time: 26.286567 seconds (0d 0h 0m 26s)

---------------  T H R E A D  ---------------

Current thread (0x000001997e551e50):  VMThread "VM Thread" [stack: 0x000000477d800000,0x000000477d900000] [id=5068]

Stack: [0x000000477d800000,0x000000477d900000],  sp=0x000000477d8ff050,  free space=1020k
Native frames: (J=compiled Java code, j=interpreted, Vv=VM code, C=native code)
C  [glass.dll+0x26a87]


siginfo: EXCEPTION_ACCESS_VIOLATION (0xc0000005), reading address 0x0000000000000000


Register to memory mapping:

RIP=0x00007fff824c6a87 glass.dll
RAX=0x0 is NULL
RBX=0x000001997e55e368 is a global jni handle
RCX=0x000001997e551e50 points into unknown readable memory: 0x00007fff72f7c540 | 40 c5 f7 72 ff 7f 00 00
RDX=0x000000477d8ff050 points into unknown readable memory: 0x0000000000000000 | 00 00 00 00 00 00 00 00
RSP=0x000000477d8ff050 points into unknown readable memory: 0x0000000000000000 | 00 00 00 00 00 00 00 00
RBP=0x00000199114fd0c8 points into unknown readable memory: 0x0000e7eac3229e52 | 52 9e 22 c3 ea e7 00 00
RSI=0x00000199114fd0a0 points into unknown readable memory: 0xfffeeeda3a929e53 | 53 9e 92 3a da ee fe ff
RDI=0x0000e7eac3229e52 is an unknown value
R8 =0x0000000000010002 is an unknown value
R9 =0x0000e7eac3229e52 is an unknown value
R10=0x000001996af80000 points into unknown readable memory: 0x0000000000000000 | 00 00 00 00 00 00 00 00
R11=0x000000477d8fef50 points into unknown readable memory: 0x0000019911287fb0 | b0 7f 28 11 99 01 00 00
R12=0x00007fff824c4354 glass.dll
R13=0x00007fff73122940 jvm.dll
R14=0x000000477d8ff148 points into unknown readable memory: 0x000000477d8ff130 | 30 f1 8f 7d 47 00 00 00
R15=0x00000199114fd0a0 points into unknown readable memory: 0xfffeeeda3a929e53 | 53 9e 92 3a da ee fe ff


Registers:
RAX=0x0000000000000000, RBX=0x000001997e55e368, RCX=0x000001997e551e50, RDX=0x000000477d8ff050
RSP=0x000000477d8ff050, RBP=0x00000199114fd0c8, RSI=0x00000199114fd0a0, RDI=0x0000e7eac3229e52
R8 =0x0000000000010002, R9 =0x0000e7eac3229e52, R10=0x000001996af80000, R11=0x000000477d8fef50
R12=0x00007fff824c4354, R13=0x00007fff73122940, R14=0x000000477d8ff148, R15=0x00000199114fd0a0
RIP=0x00007fff824c6a87, EFLAGS=0x0000000000010206

Top of Stack: (sp=0x000000477d8ff050)
0x000000477d8ff050:   0000000000000000 0000019900000000
0x000000477d8ff060:   00000199114fd0a0 00007fff824d71a0
0x000000477d8ff070:   00000199114fd0a8 00007fff94c61cf6
0x000000477d8ff080:   0000e7eac3229e52 0000019900000000
0x000000477d8ff090:   0000000000000001 00007fff94c5f114
0x000000477d8ff0a0:   fffffffffffffffe 0000000000000001
0x000000477d8ff0b0:   0000000000000001 00007fff824a0000
0x000000477d8ff0c0:   000000477d8ff138 00007fff94c61c1b
0x000000477d8ff0d0:   0000000000000000 000000477d8ff148
0x000000477d8ff0e0:   000000477d8ff410 00007fff94d3c130
0x000000477d8ff0f0:   0000000000000001 00007fff94c61bd4
0x000000477d8ff100:   0000000000000000 0000000000000001
0x000000477d8ff110:   0000000000000000 000000477d8ff138
0x000000477d8ff120:   ffffffff00000001 00007fff824c41e1
0x000000477d8ff130:   00007fff824da138 00007fff00000002
0x000000477d8ff140:   0000000000000002 000000477d8ff130 

Instructions: (pc=0x00007fff824c6a87)
0x00007fff824c6987:   8b 4d 58 e8 01 cf ff ff 48 8b 4d 60 e8 f8 ce ff
0x00007fff824c6997:   ff 48 8b 95 80 00 00 00 48 8b 8d 18 01 00 00 e8
0x00007fff824c69a7:   c6 c3 ff ff 33 d2 33 c9 e8 3c e1 ff ff 90 48 89
0x00007fff824c69b7:   54 24 10 55 48 83 ec 20 48 8b ea 48 b8 00 00 00
0x00007fff824c69c7:   00 00 00 00 00 48 83 c4 20 5d c3 cc 40 55 48 8b
0x00007fff824c69d7:   ea 48 8b 01 33 c9 81 38 05 00 00 c0 0f 94 c1 8b
0x00007fff824c69e7:   c1 5d c3 cc 40 55 48 83 ec 20 48 8b ea 8a 4d 40
0x00007fff824c69f7:   48 83 c4 20 5d e9 f7 d2 ff ff cc 40 55 48 83 ec
0x00007fff824c6a07:   20 48 8b ea 8a 4d 20 e8 e5 d2 ff ff 90 48 83 c4
0x00007fff824c6a17:   20 5d c3 cc 40 55 48 83 ec 20 48 8b ea 48 83 c4
0x00007fff824c6a27:   20 5d e9 46 d1 ff ff cc 40 55 48 83 ec 30 48 8b
0x00007fff824c6a37:   ea 48 8b 01 8b 10 48 89 4c 24 28 89 54 24 20 4c
0x00007fff824c6a47:   8d 0d e7 d5 ff ff 4c 8b 45 70 8b 55 68 48 8b 4d
0x00007fff824c6a57:   60 e8 87 d0 ff ff 90 48 83 c4 30 5d c3 cc cc cc
0x00007fff824c6a67:   cc cc cc cc cc cc cc cc cc 40 53 48 83 ec 20 48
0x00007fff824c6a77:   8b 1d b3 30 01 00 48 85 db 74 16 e8 09 8b ff ff
0x00007fff824c6a87:   4c 8b 00 48 8b d3 48 8b c8 41 ff 90 b0 00 00 00
0x00007fff824c6a97:   90 48 83 c4 20 5b c3 cc cc 40 53 48 83 ec 20 48
0x00007fff824c6aa7:   8b 1d 2b 32 01 00 48 85 db 74 57 b8 ff ff ff ff
0x00007fff824c6ab7:   f0 0f c1 43 10 83 f8 01 75 3d 48 85 db 74 38 48
0x00007fff824c6ac7:   8b 0b 48 85 c9 74 0d ff 15 d4 07 00 00 48 c7 03
0x00007fff824c6ad7:   00 00 00 00 48 8b 4b 08 48 85 c9 74 0d e8 a7 cd
0x00007fff824c6ae7:   ff ff 48 c7 43 08 00 00 00 00 ba 18 00 00 00 48
0x00007fff824c6af7:   8b cb e8 92 cd ff ff 48 c7 05 cf 31 01 00 00 00
0x00007fff824c6b07:   00 00 48 83 c4 20 5b c3 cc 40 53 48 83 ec 20 48
0x00007fff824c6b17:   8b 1d 9b 31 01 00 48 85 db 74 57 b8 ff ff ff ff
0x00007fff824c6b27:   f0 0f c1 43 10 83 f8 01 75 3d 48 85 db 74 38 48
0x00007fff824c6b37:   8b 0b 48 85 c9 74 0d ff 15 64 07 00 00 48 c7 03
0x00007fff824c6b47:   00 00 00 00 48 8b 4b 08 48 85 c9 74 0d e8 37 cd
0x00007fff824c6b57:   ff ff 48 c7 43 08 00 00 00 00 ba 18 00 00 00 48
0x00007fff824c6b67:   8b cb e8 22 cd ff ff 48 c7 05 3f 31 01 00 00 00
0x00007fff824c6b77:   00 00 48 83 c4 20 5b c3 cc 40 53 48 83 ec 20 48 


Stack slot to memory mapping:
stack at sp + 0 slots: 0x0 is NULL
stack at sp + 1 slots: 0x0000019900000000 points into unknown readable memory: 0x0000000000000006 | 06 00 00 00 00 00 00 00
stack at sp + 2 slots: 0x00000199114fd0a0 points into unknown readable memory: 0xfffeeeda3a929e53 | 53 9e 92 3a da ee fe ff
stack at sp + 3 slots: 0x00007fff824d71a0 glass.dll
stack at sp + 4 slots: 0x00000199114fd0a8 points into unknown readable memory: 0x0000e7eac3229e52 | 52 9e 22 c3 ea e7 00 00
stack at sp + 5 slots: 0x00007fff94c61cf6 ucrtbase.dll
stack at sp + 6 slots: 0x0000e7eac3229e52 is an unknown value
stack at sp + 7 slots: 0x0000019900000000 points into unknown readable memory: 0x0000000000000006 | 06 00 00 00 00 00 00 00

VM_Operation (0x000000477f7feea0): Exit, mode: safepoint, requested by thread 0x0000019911b52260


---------------  P R O C E S S  ---------------

Threads class SMR info:
_java_thread_list=0x000001991181cd90, length=21, elements={
0x000001996d0c1850, 0x000001997e557340, 0x000001997e5593d0, 0x000001997e56f450,
0x000001997e570000, 0x000001997e572bd0, 0x000001997e576970, 0x000001997e5749f0,
0x000001997e598de0, 0x000001997e53f910, 0x000001997f8bcc60, 0x000001997fa06a80,
0x00000199111c6450, 0x00000199112ac3a0, 0x0000019911344600, 0x00000199119073f0,
0x000001991193a950, 0x0000019911ac69e0, 0x0000019911b52730, 0x0000019911b52260,
0x0000019911b52c00
}

Java Threads: ( => current thread )
  0x000001996d0c1850 JavaThread "main" [_thread_blocked, id=16444, stack(0x000000477d200000,0x000000477d300000)]
  0x000001997e557340 JavaThread "Reference Handler" daemon [_thread_blocked, id=7172, stack(0x000000477d900000,0x000000477da00000)]
  0x000001997e5593d0 JavaThread "Finalizer" daemon [_thread_blocked, id=15964, stack(0x000000477da00000,0x000000477db00000)]
  0x000001997e56f450 JavaThread "Attach Listener" daemon [_thread_blocked, id=12152, stack(0x000000477dc00000,0x000000477dd00000)]
  0x000001997e570000 JavaThread "Service Thread" daemon [_thread_blocked, id=11640, stack(0x000000477dd00000,0x000000477de00000)]
  0x000001997e572bd0 JavaThread "Monitor Deflation Thread" daemon [_thread_blocked, id=12364, stack(0x000000477de00000,0x000000477df00000)]
  0x000001997e576970 JavaThread "C2 CompilerThread0" daemon [_thread_blocked, id=7232, stack(0x000000477df00000,0x000000477e000000)]
  0x000001997e5749f0 JavaThread "C1 CompilerThread0" daemon [_thread_blocked, id=5296, stack(0x000000477e000000,0x000000477e100000)]
  0x000001997e598de0 JavaThread "Sweeper thread" daemon [_thread_blocked, id=12928, stack(0x000000477e100000,0x000000477e200000)]
  0x000001997e53f910 JavaThread "Common-Cleaner" daemon [_thread_blocked, id=3436, stack(0x000000477e200000,0x000000477e300000)]
  0x000001997f8bcc60 JavaThread "Monitor Ctrl-Break" daemon [_thread_in_native, id=8496, stack(0x000000477e400000,0x000000477e500000)]
  0x000001997fa06a80 JavaThread "Notification Thread" daemon [_thread_blocked, id=17752, stack(0x000000477e500000,0x000000477e600000)]
  0x00000199111c6450 JavaThread "QuantumRenderer-0" daemon [_thread_blocked, id=14732, stack(0x000000477e900000,0x000000477ea00000)]
  0x00000199112ac3a0 JavaThread "InvokeLaterDispatcher" daemon [_thread_blocked, id=17292, stack(0x000000477eb00000,0x000000477ec00000)]
  0x0000019911344600 JavaThread "JavaFX Application Thread" [_thread_in_native, id=4172, stack(0x000000477ec00000,0x000000477ed00000)]
  0x00000199119073f0 JavaThread "Thread-1" daemon [_thread_in_native, id=17856, stack(0x000000477ee00000,0x000000477ef00000)]
  0x000001991193a950 JavaThread "JavaFX-Launcher" [_thread_blocked, id=16056, stack(0x000000477ef00000,0x000000477f000000)]
  0x0000019911ac69e0 JavaThread "Prism Font Disposer" daemon [_thread_blocked, id=8304, stack(0x000000477f100000,0x000000477f200000)]
  0x0000019911b52730 JavaThread "Cleaner-0" daemon [_thread_blocked, id=5948, stack(0x000000477f500000,0x000000477f600000)]
  0x0000019911b52260 JavaThread "SIGINT handler" daemon [_thread_blocked, id=392, stack(0x000000477f700000,0x000000477f800000)]
  0x0000019911b52c00 JavaThread "Glass/Prism Shutdown Hook" [_thread_blocked, id=5576, stack(0x000000477f800000,0x000000477f900000)]

Other Threads:
=>0x000001997e551e50 VMThread "VM Thread" [stack: 0x000000477d800000,0x000000477d900000] [id=5068]
  0x000001996d111390 GCTaskThread "GC Thread#0" [stack: 0x000000477d300000,0x000000477d400000] [id=17844]
  0x000001997f99bf80 GCTaskThread "GC Thread#1" [stack: 0x000000477e300000,0x000000477e400000] [id=6064]
  0x000001997fb0eb70 GCTaskThread "GC Thread#2" [stack: 0x000000477e700000,0x000000477e800000] [id=1484]
  0x0000019911490e30 GCTaskThread "GC Thread#3" [stack: 0x000000477e800000,0x000000477e900000] [id=14236]
  0x000001996d123260 ConcurrentGCThread "G1 Main Marker" terminated
  0x000001996d123c70 ConcurrentGCThread "G1 Conc#0" [stack: 0x000000477d500000,0x000000477d600000] [id=17444]
  0x000001996d188360 ConcurrentGCThread "G1 Refine#0" terminated
  0x000001997e4124c0 ConcurrentGCThread "G1 Service" terminated

Threads with active compile tasks:

VM state: at safepoint (shutting down)

VM Mutex/Monitor currently owned by a thread:  ([mutex/lock_event])
[0x000001996d0be9d0] Threads_lock - owner thread: 0x000001997e551e50
[0x000001996d0bdaa0] Heap_lock - owner thread: 0x0000019911b52260

Heap address: 0x0000000700800000, size: 4088 MB, Compressed Oops mode: Zero based, Oop shift amount: 3

CDS archive(s) mapped at: [0x0000000800000000-0x0000000800bc0000-0x0000000800bc0000), size 12320768, SharedBaseAddress: 0x0000000800000000, ArchiveRelocationMode: 0.
Compressed class space mapped at: 0x0000000800c00000-0x0000000840c00000, reserved size: 1073741824
Narrow klass base: 0x0000000800000000, Narrow klass shift: 0, Narrow klass range: 0x100000000

GC Precious Log:
 CPUs: 4 total, 4 available
 Memory: 16347M
 Large Page Support: Disabled
 NUMA Support: Disabled
 Compressed Oops: Enabled (Zero based)
 Heap Region Size: 2M
 Heap Min Capacity: 8M
 Heap Initial Capacity: 256M
 Heap Max Capacity: 4088M
 Pre-touch: Disabled
 Parallel Workers: 4
 Concurrent Workers: 1
 Concurrent Refinement Workers: 4
 Periodic GC: Disabled

Heap:
 garbage-first heap   total 262144K, used 43261K [0x0000000700800000, 0x0000000800000000)
  region size 2048K, 21 young (43008K), 2 survivors (4096K)
 Metaspace       used 15355K, committed 15616K, reserved 1064960K
  class space    used 2167K, committed 2304K, reserved 1048576K

Heap Regions: E=young(eden), S=young(survivor), O=old, HS=humongous(starts), HC=humongous(continues), CS=collection set, F=free, OA=open archive, CA=closed archive, TAMS=top-at-mark-start (previous, next)
|   0|0x0000000700800000, 0x000000070083f400, 0x0000000700a00000| 12%| O|  |TAMS 0x0000000700800000, 0x0000000700800000| Untracked 
|   1|0x0000000700a00000, 0x0000000700c00000, 0x0000000700c00000|100%|HS|  |TAMS 0x0000000700a00000, 0x0000000700a00000| Complete 
|   2|0x0000000700c00000, 0x0000000700c00000, 0x0000000700e00000|  0%| F|  |TAMS 0x0000000700c00000, 0x0000000700c00000| Untracked 
|   3|0x0000000700e00000, 0x0000000700e00000, 0x0000000701000000|  0%| F|  |TAMS 0x0000000700e00000, 0x0000000700e00000| Untracked 
|   4|0x0000000701000000, 0x0000000701000000, 0x0000000701200000|  0%| F|  |TAMS 0x0000000701000000, 0x0000000701000000| Untracked 
|   5|0x0000000701200000, 0x0000000701200000, 0x0000000701400000|  0%| F|  |TAMS 0x0000000701200000, 0x0000000701200000| Untracked 
|   6|0x0000000701400000, 0x0000000701400000, 0x0000000701600000|  0%| F|  |TAMS 0x0000000701400000, 0x0000000701400000| Untracked 
|   7|0x0000000701600000, 0x0000000701600000, 0x0000000701800000|  0%| F|  |TAMS 0x0000000701600000, 0x0000000701600000| Untracked 
|   8|0x0000000701800000, 0x0000000701800000, 0x0000000701a00000|  0%| F|  |TAMS 0x0000000701800000, 0x0000000701800000| Untracked 
|   9|0x0000000701a00000, 0x0000000701a00000, 0x0000000701c00000|  0%| F|  |TAMS 0x0000000701a00000, 0x0000000701a00000| Untracked 
|  10|0x0000000701c00000, 0x0000000701c00000, 0x0000000701e00000|  0%| F|  |TAMS 0x0000000701c00000, 0x0000000701c00000| Untracked 
|  11|0x0000000701e00000, 0x0000000701e00000, 0x0000000702000000|  0%| F|  |TAMS 0x0000000701e00000, 0x0000000701e00000| Untracked 
|  12|0x0000000702000000, 0x0000000702000000, 0x0000000702200000|  0%| F|  |TAMS 0x0000000702000000, 0x0000000702000000| Untracked 
|  13|0x0000000702200000, 0x0000000702200000, 0x0000000702400000|  0%| F|  |TAMS 0x0000000702200000, 0x0000000702200000| Untracked 
|  14|0x0000000702400000, 0x0000000702400000, 0x0000000702600000|  0%| F|  |TAMS 0x0000000702400000, 0x0000000702400000| Untracked 
|  15|0x0000000702600000, 0x0000000702600000, 0x0000000702800000|  0%| F|  |TAMS 0x0000000702600000, 0x0000000702600000| Untracked 
|  16|0x0000000702800000, 0x0000000702800000, 0x0000000702a00000|  0%| F|  |TAMS 0x0000000702800000, 0x0000000702800000| Untracked 
|  17|0x0000000702a00000, 0x0000000702a00000, 0x0000000702c00000|  0%| F|  |TAMS 0x0000000702a00000, 0x0000000702a00000| Untracked 
|  18|0x0000000702c00000, 0x0000000702c00000, 0x0000000702e00000|  0%| F|  |TAMS 0x0000000702c00000, 0x0000000702c00000| Untracked 
|  19|0x0000000702e00000, 0x0000000702e00000, 0x0000000703000000|  0%| F|  |TAMS 0x0000000702e00000, 0x0000000702e00000| Untracked 
|  20|0x0000000703000000, 0x0000000703000000, 0x0000000703200000|  0%| F|  |TAMS 0x0000000703000000, 0x0000000703000000| Untracked 
|  21|0x0000000703200000, 0x0000000703200000, 0x0000000703400000|  0%| F|  |TAMS 0x0000000703200000, 0x0000000703200000| Untracked 
|  22|0x0000000703400000, 0x0000000703400000, 0x0000000703600000|  0%| F|  |TAMS 0x0000000703400000, 0x0000000703400000| Untracked 
|  23|0x0000000703600000, 0x0000000703600000, 0x0000000703800000|  0%| F|  |TAMS 0x0000000703600000, 0x0000000703600000| Untracked 
|  24|0x0000000703800000, 0x0000000703800000, 0x0000000703a00000|  0%| F|  |TAMS 0x0000000703800000, 0x0000000703800000| Untracked 
|  25|0x0000000703a00000, 0x0000000703a00000, 0x0000000703c00000|  0%| F|  |TAMS 0x0000000703a00000, 0x0000000703a00000| Untracked 
|  26|0x0000000703c00000, 0x0000000703c00000, 0x0000000703e00000|  0%| F|  |TAMS 0x0000000703c00000, 0x0000000703c00000| Untracked 
|  27|0x0000000703e00000, 0x0000000703e00000, 0x0000000704000000|  0%| F|  |TAMS 0x0000000703e00000, 0x0000000703e00000| Untracked 
|  28|0x0000000704000000, 0x0000000704000000, 0x0000000704200000|  0%| F|  |TAMS 0x0000000704000000, 0x0000000704000000| Untracked 
|  29|0x0000000704200000, 0x0000000704200000, 0x0000000704400000|  0%| F|  |TAMS 0x0000000704200000, 0x0000000704200000| Untracked 
|  30|0x0000000704400000, 0x0000000704400000, 0x0000000704600000|  0%| F|  |TAMS 0x0000000704400000, 0x0000000704400000| Untracked 
|  31|0x0000000704600000, 0x0000000704600000, 0x0000000704800000|  0%| F|  |TAMS 0x0000000704600000, 0x0000000704600000| Untracked 
|  32|0x0000000704800000, 0x0000000704800000, 0x0000000704a00000|  0%| F|  |TAMS 0x0000000704800000, 0x0000000704800000| Untracked 
|  33|0x0000000704a00000, 0x0000000704a00000, 0x0000000704c00000|  0%| F|  |TAMS 0x0000000704a00000, 0x0000000704a00000| Untracked 
|  34|0x0000000704c00000, 0x0000000704c00000, 0x0000000704e00000|  0%| F|  |TAMS 0x0000000704c00000, 0x0000000704c00000| Untracked 
|  35|0x0000000704e00000, 0x0000000704e00000, 0x0000000705000000|  0%| F|  |TAMS 0x0000000704e00000, 0x0000000704e00000| Untracked 
|  36|0x0000000705000000, 0x0000000705000000, 0x0000000705200000|  0%| F|  |TAMS 0x0000000705000000, 0x0000000705000000| Untracked 
|  37|0x0000000705200000, 0x0000000705200000, 0x0000000705400000|  0%| F|  |TAMS 0x0000000705200000, 0x0000000705200000| Untracked 
|  38|0x0000000705400000, 0x0000000705400000, 0x0000000705600000|  0%| F|  |TAMS 0x0000000705400000, 0x0000000705400000| Untracked 
|  39|0x0000000705600000, 0x0000000705600000, 0x0000000705800000|  0%| F|  |TAMS 0x0000000705600000, 0x0000000705600000| Untracked 
|  40|0x0000000705800000, 0x0000000705800000, 0x0000000705a00000|  0%| F|  |TAMS 0x0000000705800000, 0x0000000705800000| Untracked 
|  41|0x0000000705a00000, 0x0000000705a00000, 0x0000000705c00000|  0%| F|  |TAMS 0x0000000705a00000, 0x0000000705a00000| Untracked 
|  42|0x0000000705c00000, 0x0000000705c00000, 0x0000000705e00000|  0%| F|  |TAMS 0x0000000705c00000, 0x0000000705c00000| Untracked 
|  43|0x0000000705e00000, 0x0000000705e00000, 0x0000000706000000|  0%| F|  |TAMS 0x0000000705e00000, 0x0000000705e00000| Untracked 
|  44|0x0000000706000000, 0x0000000706000000, 0x0000000706200000|  0%| F|  |TAMS 0x0000000706000000, 0x0000000706000000| Untracked 
|  45|0x0000000706200000, 0x0000000706200000, 0x0000000706400000|  0%| F|  |TAMS 0x0000000706200000, 0x0000000706200000| Untracked 
|  46|0x0000000706400000, 0x0000000706400000, 0x0000000706600000|  0%| F|  |TAMS 0x0000000706400000, 0x0000000706400000| Untracked 
|  47|0x0000000706600000, 0x0000000706600000, 0x0000000706800000|  0%| F|  |TAMS 0x0000000706600000, 0x0000000706600000| Untracked 
|  48|0x0000000706800000, 0x0000000706800000, 0x0000000706a00000|  0%| F|  |TAMS 0x0000000706800000, 0x0000000706800000| Untracked 
|  49|0x0000000706a00000, 0x0000000706a00000, 0x0000000706c00000|  0%| F|  |TAMS 0x0000000706a00000, 0x0000000706a00000| Untracked 
|  50|0x0000000706c00000, 0x0000000706c00000, 0x0000000706e00000|  0%| F|  |TAMS 0x0000000706c00000, 0x0000000706c00000| Untracked 
|  51|0x0000000706e00000, 0x0000000706e00000, 0x0000000707000000|  0%| F|  |TAMS 0x0000000706e00000, 0x0000000706e00000| Untracked 
|  52|0x0000000707000000, 0x0000000707000000, 0x0000000707200000|  0%| F|  |TAMS 0x0000000707000000, 0x0000000707000000| Untracked 
|  53|0x0000000707200000, 0x0000000707200000, 0x0000000707400000|  0%| F|  |TAMS 0x0000000707200000, 0x0000000707200000| Untracked 
|  54|0x0000000707400000, 0x0000000707400000, 0x0000000707600000|  0%| F|  |TAMS 0x0000000707400000, 0x0000000707400000| Untracked 
|  55|0x0000000707600000, 0x0000000707600000, 0x0000000707800000|  0%| F|  |TAMS 0x0000000707600000, 0x0000000707600000| Untracked 
|  56|0x0000000707800000, 0x0000000707800000, 0x0000000707a00000|  0%| F|  |TAMS 0x0000000707800000, 0x0000000707800000| Untracked 
|  57|0x0000000707a00000, 0x0000000707a00000, 0x0000000707c00000|  0%| F|  |TAMS 0x0000000707a00000, 0x0000000707a00000| Untracked 
|  58|0x0000000707c00000, 0x0000000707c00000, 0x0000000707e00000|  0%| F|  |TAMS 0x0000000707c00000, 0x0000000707c00000| Untracked 
|  59|0x0000000707e00000, 0x0000000707e00000, 0x0000000708000000|  0%| F|  |TAMS 0x0000000707e00000, 0x0000000707e00000| Untracked 
|  60|0x0000000708000000, 0x0000000708000000, 0x0000000708200000|  0%| F|  |TAMS 0x0000000708000000, 0x0000000708000000| Untracked 
|  61|0x0000000708200000, 0x0000000708200000, 0x0000000708400000|  0%| F|  |TAMS 0x0000000708200000, 0x0000000708200000| Untracked 
|  62|0x0000000708400000, 0x0000000708400000, 0x0000000708600000|  0%| F|  |TAMS 0x0000000708400000, 0x0000000708400000| Untracked 
|  63|0x0000000708600000, 0x0000000708600000, 0x0000000708800000|  0%| F|  |TAMS 0x0000000708600000, 0x0000000708600000| Untracked 
|  64|0x0000000708800000, 0x0000000708800000, 0x0000000708a00000|  0%| F|  |TAMS 0x0000000708800000, 0x0000000708800000| Untracked 
|  65|0x0000000708a00000, 0x0000000708a00000, 0x0000000708c00000|  0%| F|  |TAMS 0x0000000708a00000, 0x0000000708a00000| Untracked 
|  66|0x0000000708c00000, 0x0000000708c00000, 0x0000000708e00000|  0%| F|  |TAMS 0x0000000708c00000, 0x0000000708c00000| Untracked 
|  67|0x0000000708e00000, 0x0000000708e00000, 0x0000000709000000|  0%| F|  |TAMS 0x0000000708e00000, 0x0000000708e00000| Untracked 
|  68|0x0000000709000000, 0x0000000709000000, 0x0000000709200000|  0%| F|  |TAMS 0x0000000709000000, 0x0000000709000000| Untracked 
|  69|0x0000000709200000, 0x0000000709200000, 0x0000000709400000|  0%| F|  |TAMS 0x0000000709200000, 0x0000000709200000| Untracked 
|  70|0x0000000709400000, 0x0000000709400000, 0x0000000709600000|  0%| F|  |TAMS 0x0000000709400000, 0x0000000709400000| Untracked 
|  71|0x0000000709600000, 0x0000000709600000, 0x0000000709800000|  0%| F|  |TAMS 0x0000000709600000, 0x0000000709600000| Untracked 
|  72|0x0000000709800000, 0x0000000709800000, 0x0000000709a00000|  0%| F|  |TAMS 0x0000000709800000, 0x0000000709800000| Untracked 
|  73|0x0000000709a00000, 0x0000000709a00000, 0x0000000709c00000|  0%| F|  |TAMS 0x0000000709a00000, 0x0000000709a00000| Untracked 
|  74|0x0000000709c00000, 0x0000000709c00000, 0x0000000709e00000|  0%| F|  |TAMS 0x0000000709c00000, 0x0000000709c00000| Untracked 
|  75|0x0000000709e00000, 0x0000000709e00000, 0x000000070a000000|  0%| F|  |TAMS 0x0000000709e00000, 0x0000000709e00000| Untracked 
|  76|0x000000070a000000, 0x000000070a000000, 0x000000070a200000|  0%| F|  |TAMS 0x000000070a000000, 0x000000070a000000| Untracked 
|  77|0x000000070a200000, 0x000000070a200000, 0x000000070a400000|  0%| F|  |TAMS 0x000000070a200000, 0x000000070a200000| Untracked 
|  78|0x000000070a400000, 0x000000070a400000, 0x000000070a600000|  0%| F|  |TAMS 0x000000070a400000, 0x000000070a400000| Untracked 
|  79|0x000000070a600000, 0x000000070a600000, 0x000000070a800000|  0%| F|  |TAMS 0x000000070a600000, 0x000000070a600000| Untracked 
|  80|0x000000070a800000, 0x000000070a800000, 0x000000070aa00000|  0%| F|  |TAMS 0x000000070a800000, 0x000000070a800000| Untracked 
|  81|0x000000070aa00000, 0x000000070aa00000, 0x000000070ac00000|  0%| F|  |TAMS 0x000000070aa00000, 0x000000070aa00000| Untracked 
|  82|0x000000070ac00000, 0x000000070ac00000, 0x000000070ae00000|  0%| F|  |TAMS 0x000000070ac00000, 0x000000070ac00000| Untracked 
|  83|0x000000070ae00000, 0x000000070ae00000, 0x000000070b000000|  0%| F|  |TAMS 0x000000070ae00000, 0x000000070ae00000| Untracked 
|  84|0x000000070b000000, 0x000000070b000000, 0x000000070b200000|  0%| F|  |TAMS 0x000000070b000000, 0x000000070b000000| Untracked 
|  85|0x000000070b200000, 0x000000070b200000, 0x000000070b400000|  0%| F|  |TAMS 0x000000070b200000, 0x000000070b200000| Untracked 
|  86|0x000000070b400000, 0x000000070b400000, 0x000000070b600000|  0%| F|  |TAMS 0x000000070b400000, 0x000000070b400000| Untracked 
|  87|0x000000070b600000, 0x000000070b600000, 0x000000070b800000|  0%| F|  |TAMS 0x000000070b600000, 0x000000070b600000| Untracked 
|  88|0x000000070b800000, 0x000000070b800000, 0x000000070ba00000|  0%| F|  |TAMS 0x000000070b800000, 0x000000070b800000| Untracked 
|  89|0x000000070ba00000, 0x000000070ba00000, 0x000000070bc00000|  0%| F|  |TAMS 0x000000070ba00000, 0x000000070ba00000| Untracked 
|  90|0x000000070bc00000, 0x000000070bc00000, 0x000000070be00000|  0%| F|  |TAMS 0x000000070bc00000, 0x000000070bc00000| Untracked 
|  91|0x000000070be00000, 0x000000070be00000, 0x000000070c000000|  0%| F|  |TAMS 0x000000070be00000, 0x000000070be00000| Untracked 
|  92|0x000000070c000000, 0x000000070c000000, 0x000000070c200000|  0%| F|  |TAMS 0x000000070c000000, 0x000000070c000000| Untracked 
|  93|0x000000070c200000, 0x000000070c200000, 0x000000070c400000|  0%| F|  |TAMS 0x000000070c200000, 0x000000070c200000| Untracked 
|  94|0x000000070c400000, 0x000000070c400000, 0x000000070c600000|  0%| F|  |TAMS 0x000000070c400000, 0x000000070c400000| Untracked 
|  95|0x000000070c600000, 0x000000070c600000, 0x000000070c800000|  0%| F|  |TAMS 0x000000070c600000, 0x000000070c600000| Untracked 
|  96|0x000000070c800000, 0x000000070c800000, 0x000000070ca00000|  0%| F|  |TAMS 0x000000070c800000, 0x000000070c800000| Untracked 
|  97|0x000000070ca00000, 0x000000070ca00000, 0x000000070cc00000|  0%| F|  |TAMS 0x000000070ca00000, 0x000000070ca00000| Untracked 
|  98|0x000000070cc00000, 0x000000070cc00000, 0x000000070ce00000|  0%| F|  |TAMS 0x000000070cc00000, 0x000000070cc00000| Untracked 
|  99|0x000000070ce00000, 0x000000070ce00000, 0x000000070d000000|  0%| F|  |TAMS 0x000000070ce00000, 0x000000070ce00000| Untracked 
| 100|0x000000070d000000, 0x000000070d000000, 0x000000070d200000|  0%| F|  |TAMS 0x000000070d000000, 0x000000070d000000| Untracked 
| 101|0x000000070d200000, 0x000000070d200000, 0x000000070d400000|  0%| F|  |TAMS 0x000000070d200000, 0x000000070d200000| Untracked 
| 102|0x000000070d400000, 0x000000070d400000, 0x000000070d600000|  0%| F|  |TAMS 0x000000070d400000, 0x000000070d400000| Untracked 
| 103|0x000000070d600000, 0x000000070d600000, 0x000000070d800000|  0%| F|  |TAMS 0x000000070d600000, 0x000000070d600000| Untracked 
| 104|0x000000070d800000, 0x000000070d800000, 0x000000070da00000|  0%| F|  |TAMS 0x000000070d800000, 0x000000070d800000| Untracked 
| 105|0x000000070da00000, 0x000000070da00000, 0x000000070dc00000|  0%| F|  |TAMS 0x000000070da00000, 0x000000070da00000| Untracked 
| 106|0x000000070dc00000, 0x000000070dc00000, 0x000000070de00000|  0%| F|  |TAMS 0x000000070dc00000, 0x000000070dc00000| Untracked 
| 107|0x000000070de00000, 0x000000070dfc72d0, 0x000000070e000000| 88%| E|  |TAMS 0x000000070de00000, 0x000000070de00000| Complete 
| 108|0x000000070e000000, 0x000000070e200000, 0x000000070e200000|100%| E|CS|TAMS 0x000000070e000000, 0x000000070e000000| Complete 
| 109|0x000000070e200000, 0x000000070e400000, 0x000000070e400000|100%| E|CS|TAMS 0x000000070e200000, 0x000000070e200000| Complete 
| 110|0x000000070e400000, 0x000000070e600000, 0x000000070e600000|100%| E|CS|TAMS 0x000000070e400000, 0x000000070e400000| Complete 
| 111|0x000000070e600000, 0x000000070e800000, 0x000000070e800000|100%| E|CS|TAMS 0x000000070e600000, 0x000000070e600000| Complete 
| 112|0x000000070e800000, 0x000000070ea00000, 0x000000070ea00000|100%| E|CS|TAMS 0x000000070e800000, 0x000000070e800000| Complete 
| 113|0x000000070ea00000, 0x000000070ec00000, 0x000000070ec00000|100%| E|CS|TAMS 0x000000070ea00000, 0x000000070ea00000| Complete 
| 114|0x000000070ec00000, 0x000000070ee00000, 0x000000070ee00000|100%| E|CS|TAMS 0x000000070ec00000, 0x000000070ec00000| Complete 
| 115|0x000000070ee00000, 0x000000070f000000, 0x000000070f000000|100%| E|CS|TAMS 0x000000070ee00000, 0x000000070ee00000| Complete 
| 116|0x000000070f000000, 0x000000070f200000, 0x000000070f200000|100%| E|CS|TAMS 0x000000070f000000, 0x000000070f000000| Complete 
| 117|0x000000070f200000, 0x000000070f400000, 0x000000070f400000|100%| S|CS|TAMS 0x000000070f200000, 0x000000070f200000| Complete 
| 118|0x000000070f400000, 0x000000070f600000, 0x000000070f600000|100%| S|CS|TAMS 0x000000070f400000, 0x000000070f400000| Complete 
| 119|0x000000070f600000, 0x000000070f800000, 0x000000070f800000|100%| E|CS|TAMS 0x000000070f600000, 0x000000070f600000| Complete 
| 120|0x000000070f800000, 0x000000070fa00000, 0x000000070fa00000|100%| E|CS|TAMS 0x000000070f800000, 0x000000070f800000| Complete 
| 121|0x000000070fa00000, 0x000000070fc00000, 0x000000070fc00000|100%| E|CS|TAMS 0x000000070fa00000, 0x000000070fa00000| Complete 
| 122|0x000000070fc00000, 0x000000070fe00000, 0x000000070fe00000|100%| E|CS|TAMS 0x000000070fc00000, 0x000000070fc00000| Complete 
| 123|0x000000070fe00000, 0x0000000710000000, 0x0000000710000000|100%| E|CS|TAMS 0x000000070fe00000, 0x000000070fe00000| Complete 
| 124|0x0000000710000000, 0x0000000710200000, 0x0000000710200000|100%| E|CS|TAMS 0x0000000710000000, 0x0000000710000000| Complete 
| 125|0x0000000710200000, 0x0000000710400000, 0x0000000710400000|100%| E|CS|TAMS 0x0000000710200000, 0x0000000710200000| Complete 
| 126|0x0000000710400000, 0x0000000710600000, 0x0000000710600000|100%| E|CS|TAMS 0x0000000710400000, 0x0000000710400000| Complete 
| 127|0x0000000710600000, 0x0000000710800000, 0x0000000710800000|100%| E|CS|TAMS 0x0000000710600000, 0x0000000710600000| Complete 

Card table byte_map: [0x00000199750b0000,0x00000199758b0000] _byte_map_base: 0x00000199718ac000

Marking Bits (Prev, Next): (CMBitMap*) 0x000001996d1129b0, (CMBitMap*) 0x000001996d1129f0
 Prev Bits: [0x00000199760b0000, 0x000001997a090000)
 Next Bits: [0x000001997a090000, 0x000001997e070000)

Polling page: 0x000001996c890000

Metaspace:

Usage:
  Non-class:     12.88 MB used.
      Class:      2.12 MB used.
       Both:     15.00 MB used.

Virtual space:
  Non-class space:       16.00 MB reserved,      13.00 MB ( 81%) committed,  2 nodes.
      Class space:        1.00 GB reserved,       2.25 MB ( <1%) committed,  1 nodes.
             Both:        1.02 GB reserved,      15.25 MB (  1%) committed. 

Chunk freelists:
   Non-Class:  2.97 MB
       Class:  1.76 MB
        Both:  4.73 MB

MaxMetaspaceSize: unlimited
CompressedClassSpaceSize: 1.00 GB
Initial GC threshold: 21.00 MB
Current GC threshold: 21.00 MB
CDS: on
MetaspaceReclaimPolicy: balanced
 - commit_granule_bytes: 65536.
 - commit_granule_words: 8192.
 - virtual_space_node_default_size: 1048576.
 - enlarge_chunks_in_place: 1.
 - new_chunks_are_fully_committed: 0.
 - uncommit_free_chunks: 1.
 - use_allocation_guard: 0.
 - handle_deallocations: 1.


Internal statistics:

num_allocs_failed_limit: 0.
num_arena_births: 216.
num_arena_deaths: 0.
num_vsnodes_births: 3.
num_vsnodes_deaths: 0.
num_space_committed: 244.
num_space_uncommitted: 0.
num_chunks_returned_to_freelist: 0.
num_chunks_taken_from_freelist: 698.
num_chunk_merges: 0.
num_chunk_splits: 477.
num_chunks_enlarged: 371.
num_purges: 0.
num_inconsistent_stats: 0.

CodeHeap 'non-profiled nmethods': size=120000Kb used=1065Kb max_used=1065Kb free=118934Kb
 bounds [0x0000019907ad0000, 0x0000019907d40000, 0x000001990f000000]
CodeHeap 'profiled nmethods': size=120000Kb used=4882Kb max_used=4882Kb free=115117Kb
 bounds [0x00000199005a0000, 0x0000019900a70000, 0x0000019907ad0000]
CodeHeap 'non-nmethods': size=5760Kb used=1426Kb max_used=1476Kb free=4333Kb
 bounds [0x0000019900000000, 0x0000019900270000, 0x00000199005a0000]
 total_blobs=3420 nmethods=2627 adapters=705
 compilation: enabled
              stopped_count=0, restarted_count=0
 full_count=0

Compilation events (20 events):
Event: 11.954 Thread 0x000001997e576970 2615       4       javafx.event.Event::<init> (36 bytes)
Event: 11.956 Thread 0x000001997e576970 nmethod 2615 0x0000019907bce910 code [0x0000019907bcea80, 0x0000019907bcedf8]
Event: 11.966 Thread 0x000001997e576970 2616       4       javafx.scene.input.MouseEvent::<init> (208 bytes)
Event: 11.990 Thread 0x000001997e576970 nmethod 2616 0x0000019907bcee90 code [0x0000019907bcf100, 0x0000019907bd0820]
Event: 11.991 Thread 0x000001997e576970 2617       4       javafx.scene.input.MouseEvent::<init> (45 bytes)
Event: 11.991 Thread 0x000001997e576970 nmethod 2617 0x0000019907bd1410 code [0x0000019907bd15a0, 0x0000019907bd1748]
Event: 12.185 Thread 0x000001997e5749f0 2619       3       sun.invoke.util.Wrapper::isDoubleWord (15 bytes)
Event: 12.186 Thread 0x000001997e5749f0 nmethod 2619 0x0000019900a62590 code [0x0000019900a62720, 0x0000019900a62898]
Event: 12.187 Thread 0x000001997e576970 2622       4       java.lang.invoke.MethodType$ConcurrentWeakInternSet::get (47 bytes)
Event: 12.190 Thread 0x000001997e5749f0 2625       3       java.lang.invoke.MethodHandles$Lookup::getDirectConstructorCommon (69 bytes)
Event: 12.192 Thread 0x000001997e5749f0 nmethod 2625 0x0000019900a62910 code [0x0000019900a62b80, 0x0000019900a636b8]
Event: 12.192 Thread 0x000001997e5749f0 2626       3       java.lang.invoke.MemberName::asConstructor (58 bytes)
Event: 12.193 Thread 0x000001997e5749f0 nmethod 2626 0x0000019900a63a90 code [0x0000019900a63ca0, 0x0000019900a642a8]
Event: 12.195 Thread 0x000001997e5749f0 2627       2       javafx.scene.input.InputEvent::getEventType (5 bytes)
Event: 12.195 Thread 0x000001997e5749f0 nmethod 2627 0x0000019900a64510 code [0x0000019900a646a0, 0x0000019900a647b8]
Event: 12.226 Thread 0x000001997e576970 nmethod 2622 0x0000019907bd2410 code [0x0000019907bd2600, 0x0000019907bd3668]
Event: 12.226 Thread 0x000001997e576970 2624       4       java.lang.invoke.MethodType::makeImpl (109 bytes)
Event: 12.320 Thread 0x000001997e576970 nmethod 2624 0x0000019907bd3c90 code [0x0000019907bd4160, 0x0000019907bd89e0]
Event: 12.539 Thread 0x000001997e576970 2628       4       com.sun.javafx.event.BasicEventDispatcher::dispatchBubblingEvent (2 bytes)
Event: 12.539 Thread 0x000001997e576970 nmethod 2628 0x0000019907bda410 code [0x0000019907bda580, 0x0000019907bda5f8]

GC Heap History (4 events):
Event: 1.121 GC heap before
{Heap before GC invocations=0 (full 0):
 garbage-first heap   total 262144K, used 12288K [0x0000000700800000, 0x0000000800000000)
  region size 2048K, 6 young (12288K), 0 survivors (0K)
 Metaspace       used 2568K, committed 2688K, reserved 1056768K
  class space    used 259K, committed 320K, reserved 1048576K
}
Event: 1.126 GC heap after
{Heap after GC invocations=1 (full 0):
 garbage-first heap   total 262144K, used 2216K [0x0000000700800000, 0x0000000800000000)
  region size 2048K, 1 young (2048K), 1 survivors (2048K)
 Metaspace       used 2568K, committed 2688K, reserved 1056768K
  class space    used 259K, committed 320K, reserved 1048576K
}
Event: 1.788 GC heap before
{Heap before GC invocations=1 (full 0):
 garbage-first heap   total 262144K, used 16552K [0x0000000700800000, 0x0000000800000000)
  region size 2048K, 9 young (18432K), 1 survivors (2048K)
 Metaspace       used 8128K, committed 8256K, reserved 1056768K
  class space    used 1015K, committed 1088K, reserved 1048576K
}
Event: 1.792 GC heap after
{Heap after GC invocations=2 (full 0):
 garbage-first heap   total 262144K, used 4349K [0x0000000700800000, 0x0000000800000000)
  region size 2048K, 2 young (4096K), 2 survivors (4096K)
 Metaspace       used 8128K, committed 8256K, reserved 1056768K
  class space    used 1015K, committed 1088K, reserved 1048576K
}

Deoptimization events (20 events):
Event: 2.028 Thread 0x0000019911344600 Uncommon trap: trap_request=0xffffff45 fr.pc=0x0000019907aeae84 relative=0x00000000000000e4
Event: 2.028 Thread 0x0000019911344600 Uncommon trap: reason=unstable_if action=reinterpret pc=0x0000019907aeae84 method=java.util.HashMap.hash(Ljava/lang/Object;)I @ 1 c2
Event: 2.028 Thread 0x0000019911344600 DEOPT PACKING pc=0x0000019907aeae84 sp=0x000000477ecfdca0
Event: 2.029 Thread 0x0000019911344600 DEOPT UNPACKING pc=0x00000199000523a3 sp=0x000000477ecfdbe0 mode 2
Event: 2.042 Thread 0x0000019911344600 Uncommon trap: trap_request=0xffffff45 fr.pc=0x0000019907b3e384 relative=0x00000000000004c4
Event: 2.042 Thread 0x0000019911344600 Uncommon trap: reason=unstable_if action=reinterpret pc=0x0000019907b3e384 method=java.util.HashMap.hash(Ljava/lang/Object;)I @ 1 c2
Event: 2.042 Thread 0x0000019911344600 DEOPT PACKING pc=0x0000019907b3e384 sp=0x000000477ecfdca0
Event: 2.042 Thread 0x0000019911344600 DEOPT UNPACKING pc=0x00000199000523a3 sp=0x000000477ecfdb48 mode 2
Event: 2.396 Thread 0x0000019911344600 Uncommon trap: trap_request=0xffffff45 fr.pc=0x0000019907b3b440 relative=0x00000000000001c0
Event: 2.396 Thread 0x0000019911344600 Uncommon trap: reason=unstable_if action=reinterpret pc=0x0000019907b3b440 method=java.io.ByteArrayInputStream.read()I @ 8 c2
Event: 2.396 Thread 0x0000019911344600 DEOPT PACKING pc=0x0000019907b3b440 sp=0x000000477ecfc5e0
Event: 2.396 Thread 0x0000019911344600 DEOPT UNPACKING pc=0x00000199000523a3 sp=0x000000477ecfc598 mode 2
Event: 2.405 Thread 0x0000019911344600 Uncommon trap: trap_request=0xffffff45 fr.pc=0x0000019907b12cd8 relative=0x0000000000000158
Event: 2.405 Thread 0x0000019911344600 Uncommon trap: reason=unstable_if action=reinterpret pc=0x0000019907b12cd8 method=java.lang.String.indexOf(II)I @ 4 c2
Event: 2.405 Thread 0x0000019911344600 DEOPT PACKING pc=0x0000019907b12cd8 sp=0x000000477ecfd9b0
Event: 2.405 Thread 0x0000019911344600 DEOPT UNPACKING pc=0x00000199000523a3 sp=0x000000477ecfd8e0 mode 2
Event: 7.368 Thread 0x0000019911344600 Uncommon trap: trap_request=0xffffff45 fr.pc=0x0000019907b90cdc relative=0x000000000000005c
Event: 7.368 Thread 0x0000019911344600 Uncommon trap: reason=unstable_if action=reinterpret pc=0x0000019907b90cdc method=javafx.scene.Node.updateLocalToParentTransform()V @ 4 c2
Event: 7.368 Thread 0x0000019911344600 DEOPT PACKING pc=0x0000019907b90cdc sp=0x000000477ecfcba0
Event: 7.368 Thread 0x0000019911344600 DEOPT UNPACKING pc=0x00000199000523a3 sp=0x000000477ecfcaf8 mode 2

Classes unloaded (0 events):
No events

Classes redefined (0 events):
No events

Internal exceptions (20 events):
Event: 1.884 Thread 0x0000019911344600 Exception <a 'java/lang/NoSuchMethodError'{0x00000007102b12a0}: 'void java.lang.invoke.DirectMethodHandle$Holder.invokeStaticInit(java.lang.Object, java.lang.Object)'> (0x00000007102b12a0) 
thrown [t:\workspace\open\src\hotspot\share\interpreter\linkResolver.cpp, line 766]
Event: 1.900 Thread 0x0000019911344600 Exception <a 'java/lang/NoSuchMethodError'{0x0000000710334788}: 'void java.lang.invoke.DirectMethodHandle$Holder.invokeSpecial(java.lang.Object, java.lang.Object, java.lang.Object, java.lang.Object, java.lang.Object)'> (0x0000000710334788) 
thrown [t:\workspace\open\src\hotspot\share\interpreter\linkResolver.cpp, line 766]
Event: 2.028 Thread 0x0000019911344600 Implicit null exception at 0x0000019907aeade0 to 0x0000019907aeae7a
Event: 2.042 Thread 0x0000019911344600 Implicit null exception at 0x0000019907b3df0f to 0x0000019907b3e364
Event: 2.227 Thread 0x0000019911344600 Exception <a 'java/lang/ClassNotFoundException'{0x000000070f9c7c90}: com/sun/javafx/scene/control/skin/resources/controls> (0x000000070f9c7c90) 
thrown [t:\workspace\open\src\hotspot\share\prims\jni.cpp, line 535]
Event: 2.231 Thread 0x0000019911344600 Exception <a 'java/lang/ClassNotFoundException'{0x000000070f9d5790}: com/sun/javafx/scene/control/skin/resources/controls_ru> (0x000000070f9d5790) 
thrown [t:\workspace\open\src\hotspot\share\prims\jni.cpp, line 535]
Event: 2.231 Thread 0x0000019911344600 Exception <a 'java/lang/ClassNotFoundException'{0x000000070f9d6728}: com/sun/javafx/scene/control/skin/resources/controls_ru_RU> (0x000000070f9d6728) 
thrown [t:\workspace\open\src\hotspot\share\prims\jni.cpp, line 535]
Event: 2.282 Thread 0x0000019911344600 Exception <a 'java/lang/NoSuchMethodError'{0x000000070f093c40}: 'void java.lang.invoke.DirectMethodHandle$Holder.invokeSpecial(java.lang.Object, java.lang.Object, java.lang.Object, java.lang.Object, java.lang.Object, java.lang.Object)'> (0x000000070f093c40) 
thrown [t:\workspace\open\src\hotspot\share\interpreter\linkResolver.cpp, line 766]
Event: 2.333 Thread 0x0000019911344600 Exception <a 'java/lang/NoSuchMethodError'{0x000000070eef54f8}: 'java.lang.Object java.lang.invoke.DirectMethodHandle$Holder.invokeInterface(java.lang.Object, java.lang.Object, java.lang.Object)'> (0x000000070eef54f8) 
thrown [t:\workspace\open\src\hotspot\share\interpreter\linkResolver.cpp, line 766]
Event: 2.334 Thread 0x0000019911344600 Exception <a 'java/lang/IncompatibleClassChangeError'{0x000000070eef8e80}: Found class java.lang.Object, but interface was expected> (0x000000070eef8e80) 
thrown [t:\workspace\open\src\hotspot\share\interpreter\linkResolver.cpp, line 833]
Event: 2.412 Thread 0x0000019911344600 Exception <a 'java/lang/NoSuchMethodError'{0x000000070ecbf748}: 'java.lang.Object java.lang.invoke.DirectMethodHandle$Holder.newInvokeSpecial(java.lang.Object, java.lang.Object, int)'> (0x000000070ecbf748) 
thrown [t:\workspace\open\src\hotspot\share\interpreter\linkResolver.cpp, line 766]
Event: 2.434 Thread 0x00000199111c6450 Exception <a 'java/lang/NoSuchMethodError'{0x000000070ea196a0}: 'int java.lang.invoke.DirectMethodHandle$Holder.invokeStaticInit(java.lang.Object, java.lang.Object)'> (0x000000070ea196a0) 
thrown [t:\workspace\open\src\hotspot\share\interpreter\linkResolver.cpp, line 766]
Event: 2.445 Thread 0x0000019911344600 Exception <a 'java/lang/NoSuchMethodError'{0x000000070eac16e0}: 'long java.lang.invoke.DirectMethodHandle$Holder.invokeStatic(java.lang.Object, java.lang.Object, java.lang.Object)'> (0x000000070eac16e0) 
thrown [t:\workspace\open\src\hotspot\share\interpreter\linkResolver.cpp, line 766]
Event: 2.446 Thread 0x0000019911344600 Exception <a 'java/lang/NoSuchMethodError'{0x000000070eac4e88}: 'long java.lang.invoke.DirectMethodHandle$Holder.invokeStaticInit(java.lang.Object, java.lang.Object, java.lang.Object)'> (0x000000070eac4e88) 
thrown [t:\workspace\open\src\hotspot\share\interpreter\linkResolver.cpp, line 766]
Event: 2.450 Thread 0x0000019911344600 Exception <a 'java/lang/NoSuchMethodError'{0x000000070eadca90}: 'java.lang.Object java.lang.invoke.DirectMethodHandle$Holder.newInvokeSpecial(java.lang.Object, java.lang.Object, long)'> (0x000000070eadca90) 
thrown [t:\workspace\open\src\hotspot\share\interpreter\linkResolver.cpp, line 766]
Event: 2.450 Thread 0x0000019911344600 Exception <a 'java/lang/NoSuchMethodError'{0x000000070eae0600}: 'java.lang.Object java.lang.invoke.Invokers$Holder.linkToTargetMethod(java.lang.Object, long, java.lang.Object)'> (0x000000070eae0600) 
thrown [t:\workspace\open\src\hotspot\share\interpreter\linkResolver.cpp, line 766]
Event: 6.392 Thread 0x0000019911344600 Exception <a 'java/lang/NoSuchMethodError'{0x000000070e79ea78}: 'java.lang.Object java.lang.invoke.DirectMethodHandle$Holder.newInvokeSpecial(java.lang.Object, java.lang.Object, int, int, int, int, int, java.lang.Object)'> (0x000000070e79ea78) 
thrown [t:\workspace\open\src\hotspot\share\interpreter\linkResolver.cpp, line 766]
Event: 6.394 Thread 0x0000019911344600 Exception <a 'java/lang/NoSuchMethodError'{0x000000070e7b1a58}: 'java.lang.Object java.lang.invoke.DirectMethodHandle$Holder.newInvokeSpecial(java.lang.Object, java.lang.Object, java.lang.Object, int, int, int, int, int)'> (0x000000070e7b1a58) 
thrown [t:\workspace\open\src\hotspot\share\interpreter\linkResolver.cpp, line 766]
Event: 6.395 Thread 0x0000019911344600 Exception <a 'java/lang/NoSuchMethodError'{0x000000070e7b92b8}: 'java.lang.Object java.lang.invoke.Invokers$Holder.linkToTargetMethod(java.lang.Object, java.lang.Object, int, int, int, int, int, java.lang.Object)'> (0x000000070e7b92b8) 
thrown [t:\workspace\open\src\hotspot\share\interpreter\linkResolver.cpp, line 766]
Event: 12.186 Thread 0x0000019911344600 Exception <a 'java/lang/NoSuchMethodError'{0x000000070e03b2d0}: 'java.lang.Object java.lang.invoke.DirectMethodHandle$Holder.newInvokeSpecial(java.lang.Object, java.lang.Object, java.lang.Object, double, double, double, double, int, int, int, int, int, int, int, int, int)'> (0x000000070e03b2d0) 
thrown [t:\workspace\open\src\hotspot\share\interpreter\linkResolver.cpp, line 766]

VM Operations (20 events):
Event: 2.386 Executing VM operation: ICBufferFull done
Event: 3.387 Executing VM operation: Cleanup
Event: 3.387 Executing VM operation: Cleanup done
Event: 4.388 Executing VM operation: Cleanup
Event: 4.388 Executing VM operation: Cleanup done
Event: 5.388 Executing VM operation: Cleanup
Event: 5.388 Executing VM operation: Cleanup done
Event: 7.372 Executing VM operation: ICBufferFull
Event: 7.372 Executing VM operation: ICBufferFull done
Event: 8.372 Executing VM operation: Cleanup
Event: 8.372 Executing VM operation: Cleanup done
Event: 9.372 Executing VM operation: Cleanup
Event: 9.372 Executing VM operation: Cleanup done
Event: 10.373 Executing VM operation: Cleanup
Event: 10.373 Executing VM operation: Cleanup done
Event: 11.374 Executing VM operation: Cleanup
Event: 11.374 Executing VM operation: Cleanup done
Event: 12.375 Executing VM operation: Cleanup
Event: 12.375 Executing VM operation: Cleanup done
Event: 25.879 Executing VM operation: Exit

Events (20 events):
Event: 6.386 loading class sun/text/CompactByteArray done
Event: 6.386 loading class sun/text/SupplementaryCharacterData
Event: 6.386 loading class sun/text/SupplementaryCharacterData done
Event: 6.386 loading class java/text/BreakIterator$BreakIteratorCache
Event: 6.386 loading class java/text/BreakIterator$BreakIteratorCache done
Event: 6.387 loading class java/text/StringCharacterIterator
Event: 6.387 loading class java/text/StringCharacterIterator done
Event: 8.566 Thread 0x0000019911b0b030 Thread added: 0x0000019911b0b030
Event: 8.744 Thread 0x0000019911b0b030 Thread exited: 0x0000019911b0b030
Event: 11.008 loading class java/lang/Throwable$WrappedPrintStream
Event: 11.008 loading class java/lang/Throwable$PrintStreamOrWriter
Event: 11.008 loading class java/lang/Throwable$PrintStreamOrWriter done
Event: 11.008 loading class java/lang/Throwable$WrappedPrintStream done
Event: 25.872 loading class jdk/internal/misc/Signal$1
Event: 25.873 loading class jdk/internal/misc/Signal$1 done
Event: 25.873 Thread 0x0000019911b52260 Thread added: 0x0000019911b52260
Event: 25.873 Thread 0x0000019911b52c00 Thread added: 0x0000019911b52c00
Event: 25.873 Thread 0x0000019911b54db0 Thread added: 0x0000019911b54db0
Event: 25.877 Thread 0x0000019911b54db0 Thread exited: 0x0000019911b54db0
Event: 25.879 Thread 0x000001997e56e8a0 Thread exited: 0x000001997e56e8a0


Dynamic libraries:
0x00007ff63abd0000 - 0x00007ff63abde000 	C:\Users\Nikita\.jdks\openjdk-17\bin\java.exe
0x00007fff98810000 - 0x00007fff989fd000 	C:\Windows\SYSTEM32\ntdll.dll
0x00007fff98600000 - 0x00007fff986b3000 	C:\Windows\System32\KERNEL32.DLL
0x00007fff949b0000 - 0x00007fff94c4a000 	C:\Windows\System32\KERNELBASE.dll
0x00007fff94c50000 - 0x00007fff94d4a000 	C:\Windows\System32\ucrtbase.dll
0x00007fff8d0b0000 - 0x00007fff8d0c8000 	C:\Users\Nikita\.jdks\openjdk-17\bin\jli.dll
0x00007fff8a800000 - 0x00007fff8a81a000 	C:\Users\Nikita\.jdks\openjdk-17\bin\VCRUNTIME140.dll
0x00007fff975a0000 - 0x00007fff97737000 	C:\Windows\System32\USER32.dll
0x00007fff77430000 - 0x00007fff776a9000 	C:\Windows\WinSxS\amd64_microsoft.windows.common-controls_6595b64144ccf1df_6.0.17763.3046_none_de715ebe534b36e3\COMCTL32.dll
0x00007fff94f50000 - 0x00007fff94f70000 	C:\Windows\System32\win32u.dll
0x00007fff983b0000 - 0x00007fff9844e000 	C:\Windows\System32\msvcrt.dll
0x00007fff95e30000 - 0x00007fff95e59000 	C:\Windows\System32\GDI32.dll
0x00007fff977b0000 - 0x00007fff97adb000 	C:\Windows\System32\combase.dll
0x00007fff94ff0000 - 0x00007fff9518c000 	C:\Windows\System32\gdi32full.dll
0x00007fff986c0000 - 0x00007fff987dd000 	C:\Windows\System32\RPCRT4.dll
0x00007fff958e0000 - 0x00007fff95980000 	C:\Windows\System32\msvcp_win.dll
0x00007fff95980000 - 0x00007fff95a02000 	C:\Windows\System32\bcryptPrimitives.dll
0x00007fff96010000 - 0x00007fff9603e000 	C:\Windows\System32\IMM32.DLL
0x00007fff8efd0000 - 0x00007fff8efdc000 	C:\Users\Nikita\.jdks\openjdk-17\bin\vcruntime140_1.dll
0x00007fff7b6a0000 - 0x00007fff7b72d000 	C:\Users\Nikita\.jdks\openjdk-17\bin\msvcp140.dll
0x00007fff72600000 - 0x00007fff731be000 	C:\Users\Nikita\.jdks\openjdk-17\bin\server\jvm.dll
0x00007fff95aa0000 - 0x00007fff95b47000 	C:\Windows\System32\ADVAPI32.dll
0x00007fff97d70000 - 0x00007fff97e0f000 	C:\Windows\System32\sechost.dll
0x00007fff983a0000 - 0x00007fff983a8000 	C:\Windows\System32\PSAPI.DLL
0x00007fff92910000 - 0x00007fff92934000 	C:\Windows\SYSTEM32\WINMM.dll
0x00007fff8ede0000 - 0x00007fff8ede9000 	C:\Windows\SYSTEM32\WSOCK32.dll
0x00007fff97740000 - 0x00007fff977ad000 	C:\Windows\System32\WS2_32.dll
0x00007fff8d010000 - 0x00007fff8d01a000 	C:\Windows\SYSTEM32\VERSION.dll
0x00007fff928e0000 - 0x00007fff9290d000 	C:\Windows\SYSTEM32\WINMMBASE.dll
0x00007fff948b0000 - 0x00007fff948fa000 	C:\Windows\System32\cfgmgr32.dll
0x00007fff94840000 - 0x00007fff94851000 	C:\Windows\System32\kernel.appcore.dll
0x00007fff8ef90000 - 0x00007fff8ef9a000 	C:\Users\Nikita\.jdks\openjdk-17\bin\jimage.dll
0x00007fff86010000 - 0x00007fff861fd000 	C:\Windows\SYSTEM32\DBGHELP.DLL
0x00007fff85e60000 - 0x00007fff85e8a000 	C:\Windows\SYSTEM32\dbgcore.DLL
0x00007fff8d070000 - 0x00007fff8d07e000 	C:\Users\Nikita\.jdks\openjdk-17\bin\instrument.dll
0x00007fff87c50000 - 0x00007fff87c75000 	C:\Users\Nikita\.jdks\openjdk-17\bin\java.dll
0x00007fff75390000 - 0x00007fff75466000 	C:\Users\Nikita\.jdks\openjdk-17\bin\svml.dll
0x00007fff96040000 - 0x00007fff97538000 	C:\Windows\System32\SHELL32.dll
0x00007fff97e10000 - 0x00007fff97eb7000 	C:\Windows\System32\shcore.dll
0x00007fff95190000 - 0x00007fff958d8000 	C:\Windows\System32\windows.storage.dll
0x00007fff94860000 - 0x00007fff94883000 	C:\Windows\System32\profapi.dll
0x00007fff947e0000 - 0x00007fff9483d000 	C:\Windows\System32\powrprof.dll
0x00007fff98340000 - 0x00007fff98392000 	C:\Windows\System32\shlwapi.dll
0x00007fff94f70000 - 0x00007fff94f87000 	C:\Windows\System32\cryptsp.dll
0x00007fff8a7e0000 - 0x00007fff8a7f9000 	C:\Users\Nikita\.jdks\openjdk-17\bin\net.dll
0x00007fff8ffc0000 - 0x00007fff900b1000 	C:\Windows\SYSTEM32\WINHTTP.dll
0x00007fff93fd0000 - 0x00007fff94037000 	C:\Windows\system32\mswsock.dll
0x00007fff87f10000 - 0x00007fff87f25000 	C:\Users\Nikita\.jdks\openjdk-17\bin\nio.dll
0x00007fff87c30000 - 0x00007fff87c48000 	C:\Users\Nikita\.jdks\openjdk-17\bin\zip.dll
0x00007fff87c00000 - 0x00007fff87c1a000 	C:\Program Files\JetBrains\IntelliJ IDEA Community Edition 2021.2.2\bin\breakgen64.dll
0x000001996d060000 - 0x000001996d063000 	C:\Users\Nikita\.openjfx\cache\17-ea\api-ms-win-core-console-l1-1-0.dll
0x000001996d070000 - 0x000001996d073000 	C:\Users\Nikita\.openjfx\cache\17-ea\api-ms-win-core-console-l1-2-0.dll
0x000001996d080000 - 0x000001996d083000 	C:\Users\Nikita\.openjfx\cache\17-ea\api-ms-win-core-datetime-l1-1-0.dll
0x000001997e6b0000 - 0x000001997e6b3000 	C:\Users\Nikita\.openjfx\cache\17-ea\api-ms-win-core-debug-l1-1-0.dll
0x000001997e6c0000 - 0x000001997e6c3000 	C:\Users\Nikita\.openjfx\cache\17-ea\api-ms-win-core-errorhandling-l1-1-0.dll
0x000001997e6d0000 - 0x000001997e6d4000 	C:\Users\Nikita\.openjfx\cache\17-ea\api-ms-win-core-file-l1-1-0.dll
0x000001997e6e0000 - 0x000001997e6e3000 	C:\Users\Nikita\.openjfx\cache\17-ea\api-ms-win-core-file-l1-2-0.dll
0x000001997e6f0000 - 0x000001997e6f3000 	C:\Users\Nikita\.openjfx\cache\17-ea\api-ms-win-core-file-l2-1-0.dll
0x000001997e700000 - 0x000001997e703000 	C:\Users\Nikita\.openjfx\cache\17-ea\api-ms-win-core-handle-l1-1-0.dll
0x000001997e710000 - 0x000001997e713000 	C:\Users\Nikita\.openjfx\cache\17-ea\api-ms-win-core-heap-l1-1-0.dll
0x000001997e720000 - 0x000001997e723000 	C:\Users\Nikita\.openjfx\cache\17-ea\api-ms-win-core-interlocked-l1-1-0.dll
0x000001997e730000 - 0x000001997e733000 	C:\Users\Nikita\.openjfx\cache\17-ea\api-ms-win-core-libraryloader-l1-1-0.dll
0x000001997e740000 - 0x000001997e743000 	C:\Users\Nikita\.openjfx\cache\17-ea\api-ms-win-core-localization-l1-2-0.dll
0x000001997e750000 - 0x000001997e753000 	C:\Users\Nikita\.openjfx\cache\17-ea\api-ms-win-core-memory-l1-1-0.dll
0x000001997e760000 - 0x000001997e763000 	C:\Users\Nikita\.openjfx\cache\17-ea\api-ms-win-core-namedpipe-l1-1-0.dll
0x000001997e770000 - 0x000001997e773000 	C:\Users\Nikita\.openjfx\cache\17-ea\api-ms-win-core-processenvironment-l1-1-0.dll
0x000001997e780000 - 0x000001997e783000 	C:\Users\Nikita\.openjfx\cache\17-ea\api-ms-win-core-processthreads-l1-1-0.dll
0x000001997e790000 - 0x000001997e793000 	C:\Users\Nikita\.openjfx\cache\17-ea\api-ms-win-core-processthreads-l1-1-1.dll
0x000001997e7a0000 - 0x000001997e7a3000 	C:\Users\Nikita\.openjfx\cache\17-ea\api-ms-win-core-profile-l1-1-0.dll
0x000001997e7b0000 - 0x000001997e7b3000 	C:\Users\Nikita\.openjfx\cache\17-ea\api-ms-win-core-rtlsupport-l1-1-0.dll
0x000001997e7c0000 - 0x000001997e7c3000 	C:\Users\Nikita\.openjfx\cache\17-ea\api-ms-win-core-string-l1-1-0.dll
0x000001997e7d0000 - 0x000001997e7d3000 	C:\Users\Nikita\.openjfx\cache\17-ea\api-ms-win-core-synch-l1-1-0.dll
0x000001997e7e0000 - 0x000001997e7e3000 	C:\Users\Nikita\.openjfx\cache\17-ea\api-ms-win-core-synch-l1-2-0.dll
0x000001997e7f0000 - 0x000001997e7f3000 	C:\Users\Nikita\.openjfx\cache\17-ea\api-ms-win-core-sysinfo-l1-1-0.dll
0x000001997fc00000 - 0x000001997fc03000 	C:\Users\Nikita\.openjfx\cache\17-ea\api-ms-win-core-timezone-l1-1-0.dll
0x000001997fc10000 - 0x000001997fc13000 	C:\Users\Nikita\.openjfx\cache\17-ea\api-ms-win-core-util-l1-1-0.dll
0x000001997fc20000 - 0x000001997fc23000 	C:\Users\Nikita\.openjfx\cache\17-ea\api-ms-win-crt-conio-l1-1-0.dll
0x000001997fc30000 - 0x000001997fc34000 	C:\Users\Nikita\.openjfx\cache\17-ea\api-ms-win-crt-convert-l1-1-0.dll
0x000001997fc40000 - 0x000001997fc43000 	C:\Users\Nikita\.openjfx\cache\17-ea\api-ms-win-crt-environment-l1-1-0.dll
0x000001997fc50000 - 0x000001997fc53000 	C:\Users\Nikita\.openjfx\cache\17-ea\api-ms-win-crt-filesystem-l1-1-0.dll
0x000001997fc60000 - 0x000001997fc63000 	C:\Users\Nikita\.openjfx\cache\17-ea\api-ms-win-crt-heap-l1-1-0.dll
0x000001997fc70000 - 0x000001997fc73000 	C:\Users\Nikita\.openjfx\cache\17-ea\api-ms-win-crt-locale-l1-1-0.dll
0x000001997fc80000 - 0x000001997fc85000 	C:\Users\Nikita\.openjfx\cache\17-ea\api-ms-win-crt-math-l1-1-0.dll
0x000001997fc90000 - 0x000001997fc95000 	C:\Users\Nikita\.openjfx\cache\17-ea\api-ms-win-crt-multibyte-l1-1-0.dll
0x000001997fca0000 - 0x000001997fcb0000 	C:\Users\Nikita\.openjfx\cache\17-ea\api-ms-win-crt-private-l1-1-0.dll
0x000001997fcd0000 - 0x000001997fcd3000 	C:\Users\Nikita\.openjfx\cache\17-ea\api-ms-win-crt-process-l1-1-0.dll
0x000001997fcb0000 - 0x000001997fcb4000 	C:\Users\Nikita\.openjfx\cache\17-ea\api-ms-win-crt-runtime-l1-1-0.dll
0x000001997fcc0000 - 0x000001997fcc4000 	C:\Users\Nikita\.openjfx\cache\17-ea\api-ms-win-crt-stdio-l1-1-0.dll
0x000001997fce0000 - 0x000001997fce4000 	C:\Users\Nikita\.openjfx\cache\17-ea\api-ms-win-crt-string-l1-1-0.dll
0x000001997fcf0000 - 0x000001997fcf3000 	C:\Users\Nikita\.openjfx\cache\17-ea\api-ms-win-crt-time-l1-1-0.dll
0x000001997fd00000 - 0x000001997fd03000 	C:\Users\Nikita\.openjfx\cache\17-ea\api-ms-win-crt-utility-l1-1-0.dll
0x00007fff72500000 - 0x00007fff725fc000 	C:\Users\Nikita\.openjfx\cache\17-ea\ucrtbase.dll
0x00007fff875d0000 - 0x00007fff875ea000 	C:\Users\Nikita\.openjfx\cache\17-ea\vcruntime140.dll
0x00007fff85480000 - 0x00007fff8548c000 	C:\Users\Nikita\.openjfx\cache\17-ea\vcruntime140_1.dll
0x00007fff75300000 - 0x00007fff7538d000 	C:\Users\Nikita\.openjfx\cache\17-ea\msvcp140.dll
0x00007fff83ea0000 - 0x00007fff83ec7000 	C:\Users\Nikita\.openjfx\cache\17-ea\prism_d3d.dll
0x00007fff8abf0000 - 0x00007fff8ad8d000 	C:\Windows\system32\d3d9.dll
0x00007fff930a0000 - 0x00007fff930ce000 	C:\Windows\SYSTEM32\dwmapi.dll
0x00007fff94d50000 - 0x00007fff94f45000 	C:\Windows\System32\CRYPT32.dll
0x00007fff94890000 - 0x00007fff948a2000 	C:\Windows\System32\MSASN1.dll
0x00007fff92d60000 - 0x00007fff92dfc000 	C:\Windows\system32\uxtheme.dll
0x00007fff8cb40000 - 0x00007fff8cb6f000 	C:\Windows\SYSTEM32\cryptnet.dll
0x00007fff8be20000 - 0x00007fff8bf55000 	C:\Windows\SYSTEM32\drvstore.dll
0x00007fff94580000 - 0x00007fff945a9000 	C:\Windows\SYSTEM32\devobj.dll
0x00007fff94230000 - 0x00007fff94255000 	C:\Windows\SYSTEM32\wldp.dll
0x00007fff94f90000 - 0x00007fff94fef000 	C:\Windows\System32\WINTRUST.dll
0x00007fff941a0000 - 0x00007fff941ac000 	C:\Windows\SYSTEM32\cryptbase.dll
0x00007fff95bd0000 - 0x00007fff95bed000 	C:\Windows\System32\imagehlp.dll
0x00007fff93b50000 - 0x00007fff93b83000 	C:\Windows\system32\rsaenh.dll
0x00007fff95a10000 - 0x00007fff95a36000 	C:\Windows\System32\bcrypt.dll
0x00007fff824a0000 - 0x00007fff824e2000 	C:\Users\Nikita\.openjfx\cache\17-ea\glass.dll
0x00007fff95e60000 - 0x00007fff95f86000 	C:\Windows\System32\COMDLG32.dll
0x00007fff97bb0000 - 0x00007fff97d06000 	C:\Windows\System32\ole32.dll
0x00007fff95d60000 - 0x00007fff95e24000 	C:\Windows\System32\OLEAUT32.dll
0x00007fff95bf0000 - 0x00007fff95d5b000 	C:\Windows\System32\MSCTF.dll
0x00007fff64650000 - 0x00007fff64917000 	C:\Windows\system32\nvspcap64.dll
0x00007fff93920000 - 0x00007fff93951000 	C:\Windows\SYSTEM32\ntmarta.dll
0x00007fff93440000 - 0x00007fff93462000 	C:\Windows\SYSTEM32\gpapi.dll
0x00007fff83330000 - 0x00007fff83344000 	C:\Users\Nikita\.openjfx\cache\17-ea\javafx_font.dll
0x00007fff88480000 - 0x00007fff88787000 	C:\Windows\SYSTEM32\dwrite.dll
0x00007fff97ae0000 - 0x00007fff97b82000 	C:\Windows\System32\clbcatq.dll
0x00007fff8d890000 - 0x00007fff8da48000 	C:\Windows\SYSTEM32\WindowsCodecs.dll
0x00007fff7e920000 - 0x00007fff7e976000 	C:\Windows\system32\dataexchange.dll
0x00007fff91730000 - 0x00007fff919ae000 	C:\Windows\system32\d3d11.dll
0x00007fff934c0000 - 0x00007fff93582000 	C:\Windows\system32\dxgi.dll
0x00007fff91bc0000 - 0x00007fff91d83000 	C:\Windows\system32\dcomp.dll
0x00007fff92e40000 - 0x00007fff9304c000 	C:\Windows\system32\twinapi.appcore.dll
0x00007fff93070000 - 0x00007fff93098000 	C:\Windows\system32\RMCLIENT.dll

dbghelp: loaded successfully - version: 4.0.5 - missing functions: none
symbol engine: initialized successfully - sym options: 0x614 - pdb path: .;C:\Users\Nikita\.jdks\openjdk-17\bin;C:\Windows\SYSTEM32;C:\Windows\WinSxS\amd64_microsoft.windows.common-controls_6595b64144ccf1df_6.0.17763.3046_none_de715ebe534b36e3;C:\Users\Nikita\.jdks\openjdk-17\bin\server;C:\Program Files\JetBrains\IntelliJ IDEA Community Edition 2021.2.2\bin;C:\Users\Nikita\.openjfx\cache\17-ea;C:\Windows\System32\DriverStore\FileRepository\nv_dispsi.inf_amd64_7c4486dea3d29a83;C:\Program Files\Common Files\Microsoft Shared\Ink

VM Arguments:
jvm_args: -javaagent:C:\Program Files\JetBrains\IntelliJ IDEA Community Edition 2021.2.2\lib\idea_rt.jar=64396:C:\Program Files\JetBrains\IntelliJ IDEA Community Edition 2021.2.2\bin -Dfile.encoding=UTF-8 --module-path=C:\Users\Nikita\.m2\repository\org\openjfx\javafx-fxml\17-ea+11\javafx-fxml-17-ea+11-win.jar;C:\Users\Nikita\IdeaProjects\ProgectKurs\target\classes;C:\Users\Nikita\.m2\repository\org\openjfx\javafx-base\17-ea+11\javafx-base-17-ea+11-win.jar;C:\Users\Nikita\.m2\repository\org\openjfx\javafx-graphics\17-ea+11\javafx-graphics-17-ea+11-win.jar;C:\Users\Nikita\.m2\repository\org\openjfx\javafx-controls\17-ea+11\javafx-controls-17-ea+11-win.jar -Djdk.module.main=com.example.progectkurs 
java_command: com.example.progectkurs/com.example.progectkurs.Main
java_class_path (initial): C:\Users\Nikita\.m2\repository\org\openjfx\javafx-controls\17-ea+11\javafx-controls-17-ea+11.jar;C:\Users\Nikita\.m2\repository\org\openjfx\javafx-graphics\17-ea+11\javafx-graphics-17-ea+11.jar;C:\Users\Nikita\.m2\repository\org\openjfx\javafx-base\17-ea+11\javafx-base-17-ea+11.jar;C:\Users\Nikita\.m2\repository\org\openjfx\javafx-fxml\17-ea+11\javafx-fxml-17-ea+11.jar
Launcher Type: SUN_STANDARD

[Global flags]
     intx CICompilerCount                          = 3                                         {product} {ergonomic}
     uint ConcGCThreads                            = 1                                         {product} {ergonomic}
     uint G1ConcRefinementThreads                  = 4                                         {product} {ergonomic}
   size_t G1HeapRegionSize                         = 2097152                                   {product} {ergonomic}
    uintx GCDrainStackTargetSize                   = 64                                        {product} {ergonomic}
   size_t InitialHeapSize                          = 268435456                                 {product} {ergonomic}
   size_t MarkStackSize                            = 4194304                                   {product} {ergonomic}
   size_t MaxHeapSize                              = 4286578688                                {product} {ergonomic}
   size_t MaxNewSize                               = 2571108352                                {product} {ergonomic}
   size_t MinHeapDeltaBytes                        = 2097152                                   {product} {ergonomic}
   size_t MinHeapSize                              = 8388608                                   {product} {ergonomic}
    uintx NonNMethodCodeHeapSize                   = 5832780                                {pd product} {ergonomic}
    uintx NonProfiledCodeHeapSize                  = 122912730                              {pd product} {ergonomic}
    uintx ProfiledCodeHeapSize                     = 122912730                              {pd product} {ergonomic}
    uintx ReservedCodeCacheSize                    = 251658240                              {pd product} {ergonomic}
     bool SegmentedCodeCache                       = true                                      {product} {ergonomic}
   size_t SoftMaxHeapSize                          = 4286578688                             {manageable} {ergonomic}
     bool UseCompressedClassPointers               = true                           {product lp64_product} {ergonomic}
     bool UseCompressedOops                        = true                           {product lp64_product} {ergonomic}
     bool UseG1GC                                  = true                                      {product} {ergonomic}
     bool UseLargePagesIndividualAllocation        = false                                  {pd product} {ergonomic}

Logging:
Log output configuration:
 #0: stdout all=off uptime,level,tags
 #1: stderr all=off uptime,level,tags

Environment Variables:
PATH=C:\Program Files (x86)\Common Files\Oracle\Java\javapath;C:\ProgramData\Oracle\Java\javapath;C:\Windows\system32;C:\Windows;C:\Windows\System32\Wbem;C:\Windows\System32\WindowsPowerShell\v1.0\;C:\Windows\System32\OpenSSH\;C:\Program Files (x86)\NVIDIA Corporation\PhysX\Common;C:\Program Files\NVIDIA Corporation\NVIDIA NvDLISR;C:\Program Files\dotnet\;C:\Program Files\Git\cmd;C:\Users\Nikita\AppData\Local\Microsoft\WindowsApps;
USERNAME=Nikita
OS=Windows_NT
PROCESSOR_IDENTIFIER=Intel64 Family 6 Model 158 Stepping 9, GenuineIntel



---------------  S Y S T E M  ---------------

OS:
 Windows 10 , 64 bit Build 17763 (10.0.17763.2989)
OS uptime: 10 days 0:13 hours

CPU: total 4 (initial active 4) (2 cores per cpu, 2 threads per core) family 6 model 158 stepping 9 microcode 0xde, cx8, cmov, fxsr, ht, mmx, 3dnowpref, sse, sse2, sse3, ssse3, sse4.1, sse4.2, popcnt, lzcnt, tsc, tscinvbit, avx, avx2, aes, erms, clmul, bmi1, bmi2, adx, fma, vzeroupper, clflush, clflushopt

Memory: 4k page, system-wide physical 16347M (9217M free)
TotalPageFile size 26585M (AvailPageFile size 15763M)
current process WorkingSet (physical memory assigned to process): 119M, peak: 140M
current process commit charge ("private bytes"): 399M, peak: 422M

vm_info: OpenJDK 64-Bit Server VM (17+35-2724) for windows-amd64 JRE (17+35-2724), built on Aug  5 2021 23:26:02 by "mach5one" with MS VC++ 16.8 (VS2019)

END.
