#
# A fatal error has been detected by the Java Runtime Environment:
#
#  EXCEPTION_ACCESS_VIOLATION (0xc0000005) at pc=0x00007fff7d936a87, pid=6960, tid=16072
#
# JRE version: OpenJDK Runtime Environment (17.0+35) (build 17+35-2724)
# Java VM: OpenJDK 64-Bit Server VM (17+35-2724, mixed mode, sharing, tiered, compressed oops, compressed class ptrs, g1 gc, windows-amd64)
# Problematic frame:
# C  [glass.dll+0x26a87]
#
# No core dump will be written. Minidumps are not enabled by default on client versions of Windows
#
# If you would like to submit a bug report, please visit:
#   https://bugreport.java.com/bugreport/crash.jsp
#

---------------  S U M M A R Y ------------

Command Line: -javaagent:C:\Program Files\JetBrains\IntelliJ IDEA Community Edition 2021.2.2\lib\idea_rt.jar=64015:C:\Program Files\JetBrains\IntelliJ IDEA Community Edition 2021.2.2\bin -Dfile.encoding=UTF-8 --module-path=C:\Users\Nikita\.m2\repository\org\openjfx\javafx-fxml\17-ea+11\javafx-fxml-17-ea+11-win.jar;C:\Users\Nikita\IdeaProjects\ProgectKurs\target\classes;C:\Users\Nikita\.m2\repository\org\openjfx\javafx-base\17-ea+11\javafx-base-17-ea+11-win.jar;C:\Users\Nikita\.m2\repository\org\openjfx\javafx-graphics\17-ea+11\javafx-graphics-17-ea+11-win.jar;C:\Users\Nikita\.m2\repository\org\openjfx\javafx-controls\17-ea+11\javafx-controls-17-ea+11-win.jar -Djdk.module.main=com.example.progectkurs com.example.progectkurs/com.example.progectkurs.Main

Host: Intel(R) Core(TM) i3-7100 CPU @ 3.90GHz, 4 cores, 15G,  Windows 10 , 64 bit Build 17763 (10.0.17763.2989)
Time: Sat Jul  9 15:52:04 2022 RTZ 2 (зима) elapsed time: 169.131800 seconds (0d 0h 2m 49s)

---------------  T H R E A D  ---------------

Current thread (0x0000021aff6b4550):  VMThread "VM Thread" [stack: 0x000000303e500000,0x000000303e600000] [id=16072]

Stack: [0x000000303e500000,0x000000303e600000],  sp=0x000000303e5ff030,  free space=1020k
Native frames: (J=compiled Java code, j=interpreted, Vv=VM code, C=native code)
C  [glass.dll+0x26a87]


siginfo: EXCEPTION_ACCESS_VIOLATION (0xc0000005), reading address 0x0000000000000000


Register to memory mapping:

RIP=0x00007fff7d936a87 glass.dll
RAX=0x0 is NULL
RBX=0x0000021aff6bea20 is a global jni handle
RCX=0x0000021aff6b4550 points into unknown readable memory: 0x00007fff5e95c540 | 40 c5 95 5e ff 7f 00 00
RDX=0x000000303e5ff030 points into unknown readable memory: 0x0000000000000000 | 00 00 00 00 00 00 00 00
RSP=0x000000303e5ff030 points into unknown readable memory: 0x0000000000000000 | 00 00 00 00 00 00 00 00
RBP=0x0000021a8507f6b8 points into unknown readable memory: 0x00006c84a0d0933e | 3e 93 d0 a0 84 6c 00 00
RSI=0x0000021a8507f690 points into unknown readable memory: 0x0000737b7fb45ca5 | a5 5c b4 7f 7b 73 00 00
RDI=0x00006c84a0d0933e is an unknown value
R8 =0x0000000000010002 is an unknown value
R9 =0x00006c84a0d0933e is an unknown value
R10=0x0000021adf120000 points into unknown readable memory: 0x0000000000000000 | 00 00 00 00 00 00 00 00
R11=0x000000303e5fef30 points into unknown readable memory: 0x0000021a8521b390 | 90 b3 21 85 1a 02 00 00
R12=0x00007fff7d934354 glass.dll
R13=0x00007fff5eb02940 jvm.dll
R14=0x000000303e5ff128 points into unknown readable memory: 0x000000303e5ff110 | 10 f1 5f 3e 30 00 00 00
R15=0x0000021a8507f690 points into unknown readable memory: 0x0000737b7fb45ca5 | a5 5c b4 7f 7b 73 00 00


Registers:
RAX=0x0000000000000000, RBX=0x0000021aff6bea20, RCX=0x0000021aff6b4550, RDX=0x000000303e5ff030
RSP=0x000000303e5ff030, RBP=0x0000021a8507f6b8, RSI=0x0000021a8507f690, RDI=0x00006c84a0d0933e
R8 =0x0000000000010002, R9 =0x00006c84a0d0933e, R10=0x0000021adf120000, R11=0x000000303e5fef30
R12=0x00007fff7d934354, R13=0x00007fff5eb02940, R14=0x000000303e5ff128, R15=0x0000021a8507f690
RIP=0x00007fff7d936a87, EFLAGS=0x0000000000010206

Top of Stack: (sp=0x000000303e5ff030)
0x000000303e5ff030:   0000000000000000 0000021a00000000
0x000000303e5ff040:   0000021a8507f690 00007fff7d9471a0
0x000000303e5ff050:   0000021a8507f698 00007fff94c61cf6
0x000000303e5ff060:   00006c84a0d0933e 0000021a00000000
0x000000303e5ff070:   0000000000000001 00007fff94c5f114
0x000000303e5ff080:   fffffffffffffffe 0000000000000001
0x000000303e5ff090:   0000000000000001 00007fff7d910000
0x000000303e5ff0a0:   000000303e5ff118 00007fff94c61c1b
0x000000303e5ff0b0:   0000000000000000 000000303e5ff128
0x000000303e5ff0c0:   000000303e5ff3f0 00007fff94d3c130
0x000000303e5ff0d0:   0000000000000001 00007fff94c61bd4
0x000000303e5ff0e0:   0000000000000000 0000000000000001
0x000000303e5ff0f0:   0000000000000000 000000303e5ff118
0x000000303e5ff100:   ffffffff00000001 00007fff7d9341e1
0x000000303e5ff110:   00007fff7d94a138 00007fff00000002
0x000000303e5ff120:   0000000000000002 000000303e5ff110 

Instructions: (pc=0x00007fff7d936a87)
0x00007fff7d936987:   8b 4d 58 e8 01 cf ff ff 48 8b 4d 60 e8 f8 ce ff
0x00007fff7d936997:   ff 48 8b 95 80 00 00 00 48 8b 8d 18 01 00 00 e8
0x00007fff7d9369a7:   c6 c3 ff ff 33 d2 33 c9 e8 3c e1 ff ff 90 48 89
0x00007fff7d9369b7:   54 24 10 55 48 83 ec 20 48 8b ea 48 b8 00 00 00
0x00007fff7d9369c7:   00 00 00 00 00 48 83 c4 20 5d c3 cc 40 55 48 8b
0x00007fff7d9369d7:   ea 48 8b 01 33 c9 81 38 05 00 00 c0 0f 94 c1 8b
0x00007fff7d9369e7:   c1 5d c3 cc 40 55 48 83 ec 20 48 8b ea 8a 4d 40
0x00007fff7d9369f7:   48 83 c4 20 5d e9 f7 d2 ff ff cc 40 55 48 83 ec
0x00007fff7d936a07:   20 48 8b ea 8a 4d 20 e8 e5 d2 ff ff 90 48 83 c4
0x00007fff7d936a17:   20 5d c3 cc 40 55 48 83 ec 20 48 8b ea 48 83 c4
0x00007fff7d936a27:   20 5d e9 46 d1 ff ff cc 40 55 48 83 ec 30 48 8b
0x00007fff7d936a37:   ea 48 8b 01 8b 10 48 89 4c 24 28 89 54 24 20 4c
0x00007fff7d936a47:   8d 0d e7 d5 ff ff 4c 8b 45 70 8b 55 68 48 8b 4d
0x00007fff7d936a57:   60 e8 87 d0 ff ff 90 48 83 c4 30 5d c3 cc cc cc
0x00007fff7d936a67:   cc cc cc cc cc cc cc cc cc 40 53 48 83 ec 20 48
0x00007fff7d936a77:   8b 1d b3 30 01 00 48 85 db 74 16 e8 09 8b ff ff
0x00007fff7d936a87:   4c 8b 00 48 8b d3 48 8b c8 41 ff 90 b0 00 00 00
0x00007fff7d936a97:   90 48 83 c4 20 5b c3 cc cc 40 53 48 83 ec 20 48
0x00007fff7d936aa7:   8b 1d 2b 32 01 00 48 85 db 74 57 b8 ff ff ff ff
0x00007fff7d936ab7:   f0 0f c1 43 10 83 f8 01 75 3d 48 85 db 74 38 48
0x00007fff7d936ac7:   8b 0b 48 85 c9 74 0d ff 15 d4 07 00 00 48 c7 03
0x00007fff7d936ad7:   00 00 00 00 48 8b 4b 08 48 85 c9 74 0d e8 a7 cd
0x00007fff7d936ae7:   ff ff 48 c7 43 08 00 00 00 00 ba 18 00 00 00 48
0x00007fff7d936af7:   8b cb e8 92 cd ff ff 48 c7 05 cf 31 01 00 00 00
0x00007fff7d936b07:   00 00 48 83 c4 20 5b c3 cc 40 53 48 83 ec 20 48
0x00007fff7d936b17:   8b 1d 9b 31 01 00 48 85 db 74 57 b8 ff ff ff ff
0x00007fff7d936b27:   f0 0f c1 43 10 83 f8 01 75 3d 48 85 db 74 38 48
0x00007fff7d936b37:   8b 0b 48 85 c9 74 0d ff 15 64 07 00 00 48 c7 03
0x00007fff7d936b47:   00 00 00 00 48 8b 4b 08 48 85 c9 74 0d e8 37 cd
0x00007fff7d936b57:   ff ff 48 c7 43 08 00 00 00 00 ba 18 00 00 00 48
0x00007fff7d936b67:   8b cb e8 22 cd ff ff 48 c7 05 3f 31 01 00 00 00
0x00007fff7d936b77:   00 00 48 83 c4 20 5b c3 cc 40 53 48 83 ec 20 48 


Stack slot to memory mapping:
stack at sp + 0 slots: 0x0 is NULL
stack at sp + 1 slots: 0x0000021a00000000 is an unknown value
stack at sp + 2 slots: 0x0000021a8507f690 points into unknown readable memory: 0x0000737b7fb45ca5 | a5 5c b4 7f 7b 73 00 00
stack at sp + 3 slots: 0x00007fff7d9471a0 glass.dll
stack at sp + 4 slots: 0x0000021a8507f698 points into unknown readable memory: 0x00006c84a0d0933e | 3e 93 d0 a0 84 6c 00 00
stack at sp + 5 slots: 0x00007fff94c61cf6 ucrtbase.dll
stack at sp + 6 slots: 0x00006c84a0d0933e is an unknown value
stack at sp + 7 slots: 0x0000021a00000000 is an unknown value

VM_Operation (0x000000303dcff150): Exit, mode: safepoint, requested by thread 0x0000021a8c405630


---------------  P R O C E S S  ---------------

Threads class SMR info:
_java_thread_list=0x0000021a8c3c3490, length=20, elements={
0x0000021ae1211530, 0x0000021aff6b8d30, 0x0000021aff6baee0, 0x0000021aff6d0320,
0x0000021aff6d1000, 0x0000021aff6d18c0, 0x0000021aff6d28d0, 0x0000021aff6debb0,
0x0000021aff6e1ce0, 0x0000021a849c46a0, 0x0000021a84cd48f0, 0x0000021a84c33910,
0x0000021a850b5fa0, 0x0000021a8521d1d0, 0x0000021a852881c0, 0x0000021a85277f60,
0x0000021a854f92f0, 0x0000021a8c91bdf0, 0x0000021a8c406e40, 0x0000021a8c405630
}

Java Threads: ( => current thread )
  0x0000021ae1211530 JavaThread "main" [_thread_blocked, id=17084, stack(0x000000303df00000,0x000000303e000000)]
  0x0000021aff6b8d30 JavaThread "Reference Handler" daemon [_thread_blocked, id=11096, stack(0x000000303e600000,0x000000303e700000)]
  0x0000021aff6baee0 JavaThread "Finalizer" daemon [_thread_blocked, id=12508, stack(0x000000303e700000,0x000000303e800000)]
  0x0000021aff6d0320 JavaThread "Attach Listener" daemon [_thread_blocked, id=4028, stack(0x000000303e900000,0x000000303ea00000)]
  0x0000021aff6d1000 JavaThread "Service Thread" daemon [_thread_blocked, id=10892, stack(0x000000303ea00000,0x000000303eb00000)]
  0x0000021aff6d18c0 JavaThread "Monitor Deflation Thread" daemon [_thread_blocked, id=16252, stack(0x000000303eb00000,0x000000303ec00000)]
  0x0000021aff6d28d0 JavaThread "C2 CompilerThread0" daemon [_thread_blocked, id=15568, stack(0x000000303ec00000,0x000000303ed00000)]
  0x0000021aff6debb0 JavaThread "C1 CompilerThread0" daemon [_thread_blocked, id=5636, stack(0x000000303ed00000,0x000000303ee00000)]
  0x0000021aff6e1ce0 JavaThread "Sweeper thread" daemon [_thread_blocked, id=5348, stack(0x000000303ee00000,0x000000303ef00000)]
  0x0000021a849c46a0 JavaThread "Common-Cleaner" daemon [_thread_blocked, id=15780, stack(0x000000303ef00000,0x000000303f000000)]
  0x0000021a84cd48f0 JavaThread "Monitor Ctrl-Break" daemon [_thread_in_native, id=1980, stack(0x000000303f100000,0x000000303f200000)]
  0x0000021a84c33910 JavaThread "Notification Thread" daemon [_thread_blocked, id=8328, stack(0x000000303f200000,0x000000303f300000)]
  0x0000021a850b5fa0 JavaThread "QuantumRenderer-0" daemon [_thread_blocked, id=5116, stack(0x000000303f700000,0x000000303f800000)]
  0x0000021a8521d1d0 JavaThread "InvokeLaterDispatcher" daemon [_thread_blocked, id=5400, stack(0x000000303f800000,0x000000303f900000)]
  0x0000021a852881c0 JavaThread "JavaFX Application Thread" [_thread_in_native, id=12128, stack(0x000000303f900000,0x000000303fa00000)]
  0x0000021a85277f60 JavaThread "Thread-1" daemon [_thread_in_native, id=15992, stack(0x000000303fb00000,0x000000303fc00000)]
  0x0000021a854f92f0 JavaThread "JavaFX-Launcher" [_thread_blocked, id=3052, stack(0x000000303fc00000,0x000000303fd00000)]
  0x0000021a8c91bdf0 JavaThread "Prism Font Disposer" daemon [_thread_blocked, id=18276, stack(0x000000303fe00000,0x000000303ff00000)]
  0x0000021a8c406e40 JavaThread "Cleaner-0" daemon [_thread_blocked, id=8348, stack(0x0000003040200000,0x0000003040300000)]
  0x0000021a8c405630 JavaThread "SIGINT handler" daemon [_thread_blocked, id=6676, stack(0x000000303dc00000,0x000000303dd00000)]

Other Threads:
=>0x0000021aff6b4550 VMThread "VM Thread" [stack: 0x000000303e500000,0x000000303e600000] [id=16072]
  0x0000021ae125e530 GCTaskThread "GC Thread#0" [stack: 0x000000303e000000,0x000000303e100000] [id=5108]
  0x0000021a84aea110 GCTaskThread "GC Thread#1" [stack: 0x000000303f000000,0x000000303f100000] [id=10444]
  0x0000021a84d57040 GCTaskThread "GC Thread#2" [stack: 0x000000303f400000,0x000000303f500000] [id=13084]
  0x0000021a8505a530 GCTaskThread "GC Thread#3" [stack: 0x000000303f500000,0x000000303f600000] [id=12912]
  0x0000021ae1271320 ConcurrentGCThread "G1 Main Marker" terminated
  0x0000021ae1271c40 ConcurrentGCThread "G1 Conc#0" [stack: 0x000000303e200000,0x000000303e300000] [id=15256]
  0x0000021aff5720c0 ConcurrentGCThread "G1 Refine#0" terminated
  0x0000021aff5729f0 ConcurrentGCThread "G1 Service" terminated

Threads with active compile tasks:

VM state: at safepoint (shutting down)

VM Mutex/Monitor currently owned by a thread:  ([mutex/lock_event])
[0x0000021ae120d0b0] Threads_lock - owner thread: 0x0000021aff6b4550
[0x0000021ae120e850] Heap_lock - owner thread: 0x0000021a8c405630

Heap address: 0x0000000700800000, size: 4088 MB, Compressed Oops mode: Zero based, Oop shift amount: 3

CDS archive(s) mapped at: [0x0000000800000000-0x0000000800bc0000-0x0000000800bc0000), size 12320768, SharedBaseAddress: 0x0000000800000000, ArchiveRelocationMode: 0.
Compressed class space mapped at: 0x0000000800c00000-0x0000000840c00000, reserved size: 1073741824
Narrow klass base: 0x0000000800000000, Narrow klass shift: 0, Narrow klass range: 0x100000000

GC Precious Log:
 CPUs: 4 total, 4 available
 Memory: 16347M
 Large Page Support: Disabled
 NUMA Support: Disabled
 Compressed Oops: Enabled (Zero based)
 Heap Region Size: 2M
 Heap Min Capacity: 8M
 Heap Initial Capacity: 256M
 Heap Max Capacity: 4088M
 Pre-touch: Disabled
 Parallel Workers: 4
 Concurrent Workers: 1
 Concurrent Refinement Workers: 4
 Periodic GC: Disabled

Heap:
 garbage-first heap   total 262144K, used 39075K [0x0000000700800000, 0x0000000800000000)
  region size 2048K, 19 young (38912K), 2 survivors (4096K)
 Metaspace       used 15394K, committed 15680K, reserved 1064960K
  class space    used 2158K, committed 2304K, reserved 1048576K

Heap Regions: E=young(eden), S=young(survivor), O=old, HS=humongous(starts), HC=humongous(continues), CS=collection set, F=free, OA=open archive, CA=closed archive, TAMS=top-at-mark-start (previous, next)
|   0|0x0000000700800000, 0x0000000700828e00, 0x0000000700a00000|  7%| O|  |TAMS 0x0000000700800000, 0x0000000700800000| Untracked 
|   1|0x0000000700a00000, 0x0000000700c00000, 0x0000000700c00000|100%|HS|  |TAMS 0x0000000700a00000, 0x0000000700a00000| Complete 
|   2|0x0000000700c00000, 0x0000000700c00000, 0x0000000700e00000|  0%| F|  |TAMS 0x0000000700c00000, 0x0000000700c00000| Untracked 
|   3|0x0000000700e00000, 0x0000000700e00000, 0x0000000701000000|  0%| F|  |TAMS 0x0000000700e00000, 0x0000000700e00000| Untracked 
|   4|0x0000000701000000, 0x0000000701000000, 0x0000000701200000|  0%| F|  |TAMS 0x0000000701000000, 0x0000000701000000| Untracked 
|   5|0x0000000701200000, 0x0000000701200000, 0x0000000701400000|  0%| F|  |TAMS 0x0000000701200000, 0x0000000701200000| Untracked 
|   6|0x0000000701400000, 0x0000000701400000, 0x0000000701600000|  0%| F|  |TAMS 0x0000000701400000, 0x0000000701400000| Untracked 
|   7|0x0000000701600000, 0x0000000701600000, 0x0000000701800000|  0%| F|  |TAMS 0x0000000701600000, 0x0000000701600000| Untracked 
|   8|0x0000000701800000, 0x0000000701800000, 0x0000000701a00000|  0%| F|  |TAMS 0x0000000701800000, 0x0000000701800000| Untracked 
|   9|0x0000000701a00000, 0x0000000701a00000, 0x0000000701c00000|  0%| F|  |TAMS 0x0000000701a00000, 0x0000000701a00000| Untracked 
|  10|0x0000000701c00000, 0x0000000701c00000, 0x0000000701e00000|  0%| F|  |TAMS 0x0000000701c00000, 0x0000000701c00000| Untracked 
|  11|0x0000000701e00000, 0x0000000701e00000, 0x0000000702000000|  0%| F|  |TAMS 0x0000000701e00000, 0x0000000701e00000| Untracked 
|  12|0x0000000702000000, 0x0000000702000000, 0x0000000702200000|  0%| F|  |TAMS 0x0000000702000000, 0x0000000702000000| Untracked 
|  13|0x0000000702200000, 0x0000000702200000, 0x0000000702400000|  0%| F|  |TAMS 0x0000000702200000, 0x0000000702200000| Untracked 
|  14|0x0000000702400000, 0x0000000702400000, 0x0000000702600000|  0%| F|  |TAMS 0x0000000702400000, 0x0000000702400000| Untracked 
|  15|0x0000000702600000, 0x0000000702600000, 0x0000000702800000|  0%| F|  |TAMS 0x0000000702600000, 0x0000000702600000| Untracked 
|  16|0x0000000702800000, 0x0000000702800000, 0x0000000702a00000|  0%| F|  |TAMS 0x0000000702800000, 0x0000000702800000| Untracked 
|  17|0x0000000702a00000, 0x0000000702a00000, 0x0000000702c00000|  0%| F|  |TAMS 0x0000000702a00000, 0x0000000702a00000| Untracked 
|  18|0x0000000702c00000, 0x0000000702c00000, 0x0000000702e00000|  0%| F|  |TAMS 0x0000000702c00000, 0x0000000702c00000| Untracked 
|  19|0x0000000702e00000, 0x0000000702e00000, 0x0000000703000000|  0%| F|  |TAMS 0x0000000702e00000, 0x0000000702e00000| Untracked 
|  20|0x0000000703000000, 0x0000000703000000, 0x0000000703200000|  0%| F|  |TAMS 0x0000000703000000, 0x0000000703000000| Untracked 
|  21|0x0000000703200000, 0x0000000703200000, 0x0000000703400000|  0%| F|  |TAMS 0x0000000703200000, 0x0000000703200000| Untracked 
|  22|0x0000000703400000, 0x0000000703400000, 0x0000000703600000|  0%| F|  |TAMS 0x0000000703400000, 0x0000000703400000| Untracked 
|  23|0x0000000703600000, 0x0000000703600000, 0x0000000703800000|  0%| F|  |TAMS 0x0000000703600000, 0x0000000703600000| Untracked 
|  24|0x0000000703800000, 0x0000000703800000, 0x0000000703a00000|  0%| F|  |TAMS 0x0000000703800000, 0x0000000703800000| Untracked 
|  25|0x0000000703a00000, 0x0000000703a00000, 0x0000000703c00000|  0%| F|  |TAMS 0x0000000703a00000, 0x0000000703a00000| Untracked 
|  26|0x0000000703c00000, 0x0000000703c00000, 0x0000000703e00000|  0%| F|  |TAMS 0x0000000703c00000, 0x0000000703c00000| Untracked 
|  27|0x0000000703e00000, 0x0000000703e00000, 0x0000000704000000|  0%| F|  |TAMS 0x0000000703e00000, 0x0000000703e00000| Untracked 
|  28|0x0000000704000000, 0x0000000704000000, 0x0000000704200000|  0%| F|  |TAMS 0x0000000704000000, 0x0000000704000000| Untracked 
|  29|0x0000000704200000, 0x0000000704200000, 0x0000000704400000|  0%| F|  |TAMS 0x0000000704200000, 0x0000000704200000| Untracked 
|  30|0x0000000704400000, 0x0000000704400000, 0x0000000704600000|  0%| F|  |TAMS 0x0000000704400000, 0x0000000704400000| Untracked 
|  31|0x0000000704600000, 0x0000000704600000, 0x0000000704800000|  0%| F|  |TAMS 0x0000000704600000, 0x0000000704600000| Untracked 
|  32|0x0000000704800000, 0x0000000704800000, 0x0000000704a00000|  0%| F|  |TAMS 0x0000000704800000, 0x0000000704800000| Untracked 
|  33|0x0000000704a00000, 0x0000000704a00000, 0x0000000704c00000|  0%| F|  |TAMS 0x0000000704a00000, 0x0000000704a00000| Untracked 
|  34|0x0000000704c00000, 0x0000000704c00000, 0x0000000704e00000|  0%| F|  |TAMS 0x0000000704c00000, 0x0000000704c00000| Untracked 
|  35|0x0000000704e00000, 0x0000000704e00000, 0x0000000705000000|  0%| F|  |TAMS 0x0000000704e00000, 0x0000000704e00000| Untracked 
|  36|0x0000000705000000, 0x0000000705000000, 0x0000000705200000|  0%| F|  |TAMS 0x0000000705000000, 0x0000000705000000| Untracked 
|  37|0x0000000705200000, 0x0000000705200000, 0x0000000705400000|  0%| F|  |TAMS 0x0000000705200000, 0x0000000705200000| Untracked 
|  38|0x0000000705400000, 0x0000000705400000, 0x0000000705600000|  0%| F|  |TAMS 0x0000000705400000, 0x0000000705400000| Untracked 
|  39|0x0000000705600000, 0x0000000705600000, 0x0000000705800000|  0%| F|  |TAMS 0x0000000705600000, 0x0000000705600000| Untracked 
|  40|0x0000000705800000, 0x0000000705800000, 0x0000000705a00000|  0%| F|  |TAMS 0x0000000705800000, 0x0000000705800000| Untracked 
|  41|0x0000000705a00000, 0x0000000705a00000, 0x0000000705c00000|  0%| F|  |TAMS 0x0000000705a00000, 0x0000000705a00000| Untracked 
|  42|0x0000000705c00000, 0x0000000705c00000, 0x0000000705e00000|  0%| F|  |TAMS 0x0000000705c00000, 0x0000000705c00000| Untracked 
|  43|0x0000000705e00000, 0x0000000705e00000, 0x0000000706000000|  0%| F|  |TAMS 0x0000000705e00000, 0x0000000705e00000| Untracked 
|  44|0x0000000706000000, 0x0000000706000000, 0x0000000706200000|  0%| F|  |TAMS 0x0000000706000000, 0x0000000706000000| Untracked 
|  45|0x0000000706200000, 0x0000000706200000, 0x0000000706400000|  0%| F|  |TAMS 0x0000000706200000, 0x0000000706200000| Untracked 
|  46|0x0000000706400000, 0x0000000706400000, 0x0000000706600000|  0%| F|  |TAMS 0x0000000706400000, 0x0000000706400000| Untracked 
|  47|0x0000000706600000, 0x0000000706600000, 0x0000000706800000|  0%| F|  |TAMS 0x0000000706600000, 0x0000000706600000| Untracked 
|  48|0x0000000706800000, 0x0000000706800000, 0x0000000706a00000|  0%| F|  |TAMS 0x0000000706800000, 0x0000000706800000| Untracked 
|  49|0x0000000706a00000, 0x0000000706a00000, 0x0000000706c00000|  0%| F|  |TAMS 0x0000000706a00000, 0x0000000706a00000| Untracked 
|  50|0x0000000706c00000, 0x0000000706c00000, 0x0000000706e00000|  0%| F|  |TAMS 0x0000000706c00000, 0x0000000706c00000| Untracked 
|  51|0x0000000706e00000, 0x0000000706e00000, 0x0000000707000000|  0%| F|  |TAMS 0x0000000706e00000, 0x0000000706e00000| Untracked 
|  52|0x0000000707000000, 0x0000000707000000, 0x0000000707200000|  0%| F|  |TAMS 0x0000000707000000, 0x0000000707000000| Untracked 
|  53|0x0000000707200000, 0x0000000707200000, 0x0000000707400000|  0%| F|  |TAMS 0x0000000707200000, 0x0000000707200000| Untracked 
|  54|0x0000000707400000, 0x0000000707400000, 0x0000000707600000|  0%| F|  |TAMS 0x0000000707400000, 0x0000000707400000| Untracked 
|  55|0x0000000707600000, 0x0000000707600000, 0x0000000707800000|  0%| F|  |TAMS 0x0000000707600000, 0x0000000707600000| Untracked 
|  56|0x0000000707800000, 0x0000000707800000, 0x0000000707a00000|  0%| F|  |TAMS 0x0000000707800000, 0x0000000707800000| Untracked 
|  57|0x0000000707a00000, 0x0000000707a00000, 0x0000000707c00000|  0%| F|  |TAMS 0x0000000707a00000, 0x0000000707a00000| Untracked 
|  58|0x0000000707c00000, 0x0000000707c00000, 0x0000000707e00000|  0%| F|  |TAMS 0x0000000707c00000, 0x0000000707c00000| Untracked 
|  59|0x0000000707e00000, 0x0000000707e00000, 0x0000000708000000|  0%| F|  |TAMS 0x0000000707e00000, 0x0000000707e00000| Untracked 
|  60|0x0000000708000000, 0x0000000708000000, 0x0000000708200000|  0%| F|  |TAMS 0x0000000708000000, 0x0000000708000000| Untracked 
|  61|0x0000000708200000, 0x0000000708200000, 0x0000000708400000|  0%| F|  |TAMS 0x0000000708200000, 0x0000000708200000| Untracked 
|  62|0x0000000708400000, 0x0000000708400000, 0x0000000708600000|  0%| F|  |TAMS 0x0000000708400000, 0x0000000708400000| Untracked 
|  63|0x0000000708600000, 0x0000000708600000, 0x0000000708800000|  0%| F|  |TAMS 0x0000000708600000, 0x0000000708600000| Untracked 
|  64|0x0000000708800000, 0x0000000708800000, 0x0000000708a00000|  0%| F|  |TAMS 0x0000000708800000, 0x0000000708800000| Untracked 
|  65|0x0000000708a00000, 0x0000000708a00000, 0x0000000708c00000|  0%| F|  |TAMS 0x0000000708a00000, 0x0000000708a00000| Untracked 
|  66|0x0000000708c00000, 0x0000000708c00000, 0x0000000708e00000|  0%| F|  |TAMS 0x0000000708c00000, 0x0000000708c00000| Untracked 
|  67|0x0000000708e00000, 0x0000000708e00000, 0x0000000709000000|  0%| F|  |TAMS 0x0000000708e00000, 0x0000000708e00000| Untracked 
|  68|0x0000000709000000, 0x0000000709000000, 0x0000000709200000|  0%| F|  |TAMS 0x0000000709000000, 0x0000000709000000| Untracked 
|  69|0x0000000709200000, 0x0000000709200000, 0x0000000709400000|  0%| F|  |TAMS 0x0000000709200000, 0x0000000709200000| Untracked 
|  70|0x0000000709400000, 0x0000000709400000, 0x0000000709600000|  0%| F|  |TAMS 0x0000000709400000, 0x0000000709400000| Untracked 
|  71|0x0000000709600000, 0x0000000709600000, 0x0000000709800000|  0%| F|  |TAMS 0x0000000709600000, 0x0000000709600000| Untracked 
|  72|0x0000000709800000, 0x0000000709800000, 0x0000000709a00000|  0%| F|  |TAMS 0x0000000709800000, 0x0000000709800000| Untracked 
|  73|0x0000000709a00000, 0x0000000709a00000, 0x0000000709c00000|  0%| F|  |TAMS 0x0000000709a00000, 0x0000000709a00000| Untracked 
|  74|0x0000000709c00000, 0x0000000709c00000, 0x0000000709e00000|  0%| F|  |TAMS 0x0000000709c00000, 0x0000000709c00000| Untracked 
|  75|0x0000000709e00000, 0x0000000709e00000, 0x000000070a000000|  0%| F|  |TAMS 0x0000000709e00000, 0x0000000709e00000| Untracked 
|  76|0x000000070a000000, 0x000000070a000000, 0x000000070a200000|  0%| F|  |TAMS 0x000000070a000000, 0x000000070a000000| Untracked 
|  77|0x000000070a200000, 0x000000070a200000, 0x000000070a400000|  0%| F|  |TAMS 0x000000070a200000, 0x000000070a200000| Untracked 
|  78|0x000000070a400000, 0x000000070a400000, 0x000000070a600000|  0%| F|  |TAMS 0x000000070a400000, 0x000000070a400000| Untracked 
|  79|0x000000070a600000, 0x000000070a600000, 0x000000070a800000|  0%| F|  |TAMS 0x000000070a600000, 0x000000070a600000| Untracked 
|  80|0x000000070a800000, 0x000000070a800000, 0x000000070aa00000|  0%| F|  |TAMS 0x000000070a800000, 0x000000070a800000| Untracked 
|  81|0x000000070aa00000, 0x000000070aa00000, 0x000000070ac00000|  0%| F|  |TAMS 0x000000070aa00000, 0x000000070aa00000| Untracked 
|  82|0x000000070ac00000, 0x000000070ac00000, 0x000000070ae00000|  0%| F|  |TAMS 0x000000070ac00000, 0x000000070ac00000| Untracked 
|  83|0x000000070ae00000, 0x000000070ae00000, 0x000000070b000000|  0%| F|  |TAMS 0x000000070ae00000, 0x000000070ae00000| Untracked 
|  84|0x000000070b000000, 0x000000070b000000, 0x000000070b200000|  0%| F|  |TAMS 0x000000070b000000, 0x000000070b000000| Untracked 
|  85|0x000000070b200000, 0x000000070b200000, 0x000000070b400000|  0%| F|  |TAMS 0x000000070b200000, 0x000000070b200000| Untracked 
|  86|0x000000070b400000, 0x000000070b400000, 0x000000070b600000|  0%| F|  |TAMS 0x000000070b400000, 0x000000070b400000| Untracked 
|  87|0x000000070b600000, 0x000000070b600000, 0x000000070b800000|  0%| F|  |TAMS 0x000000070b600000, 0x000000070b600000| Untracked 
|  88|0x000000070b800000, 0x000000070b800000, 0x000000070ba00000|  0%| F|  |TAMS 0x000000070b800000, 0x000000070b800000| Untracked 
|  89|0x000000070ba00000, 0x000000070ba00000, 0x000000070bc00000|  0%| F|  |TAMS 0x000000070ba00000, 0x000000070ba00000| Untracked 
|  90|0x000000070bc00000, 0x000000070bc00000, 0x000000070be00000|  0%| F|  |TAMS 0x000000070bc00000, 0x000000070bc00000| Untracked 
|  91|0x000000070be00000, 0x000000070be00000, 0x000000070c000000|  0%| F|  |TAMS 0x000000070be00000, 0x000000070be00000| Untracked 
|  92|0x000000070c000000, 0x000000070c000000, 0x000000070c200000|  0%| F|  |TAMS 0x000000070c000000, 0x000000070c000000| Untracked 
|  93|0x000000070c200000, 0x000000070c200000, 0x000000070c400000|  0%| F|  |TAMS 0x000000070c200000, 0x000000070c200000| Untracked 
|  94|0x000000070c400000, 0x000000070c400000, 0x000000070c600000|  0%| F|  |TAMS 0x000000070c400000, 0x000000070c400000| Untracked 
|  95|0x000000070c600000, 0x000000070c600000, 0x000000070c800000|  0%| F|  |TAMS 0x000000070c600000, 0x000000070c600000| Untracked 
|  96|0x000000070c800000, 0x000000070c800000, 0x000000070ca00000|  0%| F|  |TAMS 0x000000070c800000, 0x000000070c800000| Untracked 
|  97|0x000000070ca00000, 0x000000070ca00000, 0x000000070cc00000|  0%| F|  |TAMS 0x000000070ca00000, 0x000000070ca00000| Untracked 
|  98|0x000000070cc00000, 0x000000070cc00000, 0x000000070ce00000|  0%| F|  |TAMS 0x000000070cc00000, 0x000000070cc00000| Untracked 
|  99|0x000000070ce00000, 0x000000070ce00000, 0x000000070d000000|  0%| F|  |TAMS 0x000000070ce00000, 0x000000070ce00000| Untracked 
| 100|0x000000070d000000, 0x000000070d000000, 0x000000070d200000|  0%| F|  |TAMS 0x000000070d000000, 0x000000070d000000| Untracked 
| 101|0x000000070d200000, 0x000000070d200000, 0x000000070d400000|  0%| F|  |TAMS 0x000000070d200000, 0x000000070d200000| Untracked 
| 102|0x000000070d400000, 0x000000070d400000, 0x000000070d600000|  0%| F|  |TAMS 0x000000070d400000, 0x000000070d400000| Untracked 
| 103|0x000000070d600000, 0x000000070d600000, 0x000000070d800000|  0%| F|  |TAMS 0x000000070d600000, 0x000000070d600000| Untracked 
| 104|0x000000070d800000, 0x000000070d800000, 0x000000070da00000|  0%| F|  |TAMS 0x000000070d800000, 0x000000070d800000| Untracked 
| 105|0x000000070da00000, 0x000000070da00000, 0x000000070dc00000|  0%| F|  |TAMS 0x000000070da00000, 0x000000070da00000| Untracked 
| 106|0x000000070dc00000, 0x000000070dc00000, 0x000000070de00000|  0%| F|  |TAMS 0x000000070dc00000, 0x000000070dc00000| Untracked 
| 107|0x000000070de00000, 0x000000070de00000, 0x000000070e000000|  0%| F|  |TAMS 0x000000070de00000, 0x000000070de00000| Untracked 
| 108|0x000000070e000000, 0x000000070e000000, 0x000000070e200000|  0%| F|  |TAMS 0x000000070e000000, 0x000000070e000000| Untracked 
| 109|0x000000070e200000, 0x000000070e287b00, 0x000000070e400000| 26%| E|  |TAMS 0x000000070e200000, 0x000000070e200000| Complete 
| 110|0x000000070e400000, 0x000000070e600000, 0x000000070e600000|100%| E|CS|TAMS 0x000000070e400000, 0x000000070e400000| Complete 
| 111|0x000000070e600000, 0x000000070e800000, 0x000000070e800000|100%| E|CS|TAMS 0x000000070e600000, 0x000000070e600000| Complete 
| 112|0x000000070e800000, 0x000000070ea00000, 0x000000070ea00000|100%| E|CS|TAMS 0x000000070e800000, 0x000000070e800000| Complete 
| 113|0x000000070ea00000, 0x000000070ec00000, 0x000000070ec00000|100%| E|CS|TAMS 0x000000070ea00000, 0x000000070ea00000| Complete 
| 114|0x000000070ec00000, 0x000000070ee00000, 0x000000070ee00000|100%| E|CS|TAMS 0x000000070ec00000, 0x000000070ec00000| Complete 
| 115|0x000000070ee00000, 0x000000070f000000, 0x000000070f000000|100%| E|CS|TAMS 0x000000070ee00000, 0x000000070ee00000| Complete 
| 116|0x000000070f000000, 0x000000070f200000, 0x000000070f200000|100%| E|CS|TAMS 0x000000070f000000, 0x000000070f000000| Complete 
| 117|0x000000070f200000, 0x000000070f400000, 0x000000070f400000|100%| S|CS|TAMS 0x000000070f200000, 0x000000070f200000| Complete 
| 118|0x000000070f400000, 0x000000070f600000, 0x000000070f600000|100%| S|CS|TAMS 0x000000070f400000, 0x000000070f400000| Complete 
| 119|0x000000070f600000, 0x000000070f800000, 0x000000070f800000|100%| E|CS|TAMS 0x000000070f600000, 0x000000070f600000| Complete 
| 120|0x000000070f800000, 0x000000070fa00000, 0x000000070fa00000|100%| E|CS|TAMS 0x000000070f800000, 0x000000070f800000| Complete 
| 121|0x000000070fa00000, 0x000000070fc00000, 0x000000070fc00000|100%| E|CS|TAMS 0x000000070fa00000, 0x000000070fa00000| Complete 
| 122|0x000000070fc00000, 0x000000070fe00000, 0x000000070fe00000|100%| E|CS|TAMS 0x000000070fc00000, 0x000000070fc00000| Complete 
| 123|0x000000070fe00000, 0x0000000710000000, 0x0000000710000000|100%| E|CS|TAMS 0x000000070fe00000, 0x000000070fe00000| Complete 
| 124|0x0000000710000000, 0x0000000710200000, 0x0000000710200000|100%| E|CS|TAMS 0x0000000710000000, 0x0000000710000000| Complete 
| 125|0x0000000710200000, 0x0000000710400000, 0x0000000710400000|100%| E|CS|TAMS 0x0000000710200000, 0x0000000710200000| Complete 
| 126|0x0000000710400000, 0x0000000710600000, 0x0000000710600000|100%| E|CS|TAMS 0x0000000710400000, 0x0000000710400000| Complete 
| 127|0x0000000710600000, 0x0000000710800000, 0x0000000710800000|100%| E|CS|TAMS 0x0000000710600000, 0x0000000710600000| Complete 

Card table byte_map: [0x0000021af8200000,0x0000021af8a00000] _byte_map_base: 0x0000021af49fc000

Marking Bits (Prev, Next): (CMBitMap*) 0x0000021ae1260a70, (CMBitMap*) 0x0000021ae1260ab0
 Prev Bits: [0x0000021af9200000, 0x0000021afd1e0000)
 Next Bits: [0x0000021a80000000, 0x0000021a83fe0000)

Polling page: 0x0000021adf0a0000

Metaspace:

Usage:
  Non-class:     12.93 MB used.
      Class:      2.11 MB used.
       Both:     15.03 MB used.

Virtual space:
  Non-class space:       16.00 MB reserved,      13.06 MB ( 82%) committed,  2 nodes.
      Class space:        1.00 GB reserved,       2.25 MB ( <1%) committed,  1 nodes.
             Both:        1.02 GB reserved,      15.31 MB (  1%) committed. 

Chunk freelists:
   Non-Class:  2.89 MB
       Class:  1.78 MB
        Both:  4.67 MB

MaxMetaspaceSize: unlimited
CompressedClassSpaceSize: 1.00 GB
Initial GC threshold: 21.00 MB
Current GC threshold: 21.00 MB
CDS: on
MetaspaceReclaimPolicy: balanced
 - commit_granule_bytes: 65536.
 - commit_granule_words: 8192.
 - virtual_space_node_default_size: 1048576.
 - enlarge_chunks_in_place: 1.
 - new_chunks_are_fully_committed: 0.
 - uncommit_free_chunks: 1.
 - use_allocation_guard: 0.
 - handle_deallocations: 1.


Internal statistics:

num_allocs_failed_limit: 0.
num_arena_births: 208.
num_arena_deaths: 0.
num_vsnodes_births: 3.
num_vsnodes_deaths: 0.
num_space_committed: 245.
num_space_uncommitted: 0.
num_chunks_returned_to_freelist: 0.
num_chunks_taken_from_freelist: 685.
num_chunk_merges: 0.
num_chunk_splits: 479.
num_chunks_enlarged: 372.
num_purges: 0.
num_inconsistent_stats: 0.

CodeHeap 'non-profiled nmethods': size=120000Kb used=1023Kb max_used=1023Kb free=118976Kb
 bounds [0x0000021af04d0000, 0x0000021af0740000, 0x0000021af7a00000]
CodeHeap 'profiled nmethods': size=120000Kb used=4959Kb max_used=4959Kb free=115040Kb
 bounds [0x0000021ae8fa0000, 0x0000021ae9480000, 0x0000021af04d0000]
CodeHeap 'non-nmethods': size=5760Kb used=1422Kb max_used=1477Kb free=4337Kb
 bounds [0x0000021ae8a00000, 0x0000021ae8c70000, 0x0000021ae8fa0000]
 total_blobs=3405 nmethods=2623 adapters=693
 compilation: enabled
              stopped_count=0, restarted_count=0
 full_count=0

Compilation events (20 events):
Event: 17.095 Thread 0x0000021aff6d28d0 2614       4       java.util.EnumMap$ValueIterator::next (50 bytes)
Event: 17.101 Thread 0x0000021aff6d28d0 nmethod 2614 0x0000021af05cc590 code [0x0000021af05cc720, 0x0000021af05cc938]
Event: 17.175 Thread 0x0000021aff6debb0 2615       3       jdk.internal.icu.text.UTF16::charAt (116 bytes)
Event: 17.176 Thread 0x0000021aff6debb0 nmethod 2615 0x0000021ae9475010 code [0x0000021ae9475240, 0x0000021ae94759c8]
Event: 17.176 Thread 0x0000021aff6debb0 2618   !   3       com.sun.javafx.font.PrismFontFile::getAdvance (161 bytes)
Event: 17.177 Thread 0x0000021aff6debb0 nmethod 2618 0x0000021ae9475c10 code [0x0000021ae9475e20, 0x0000021ae9476618]
Event: 17.177 Thread 0x0000021aff6debb0 2616       3       jdk.internal.icu.text.UTF16::isSurrogate (16 bytes)
Event: 17.177 Thread 0x0000021aff6debb0 nmethod 2616 0x0000021ae9476910 code [0x0000021ae9476aa0, 0x0000021ae9476bf8]
Event: 17.178 Thread 0x0000021aff6debb0 2617   !   3       com.sun.javafx.text.GlyphLayout::isIdeographic (36 bytes)
Event: 17.179 Thread 0x0000021aff6debb0 nmethod 2617 0x0000021ae9476c90 code [0x0000021ae9476ee0, 0x0000021ae9477a58]
Event: 17.192 Thread 0x0000021aff6d28d0 2619       4       com.sun.javafx.event.EventDispatchChainImpl::dispatchEvent (101 bytes)
Event: 17.194 Thread 0x0000021aff6d28d0 nmethod 2619 0x0000021af05ccb90 code [0x0000021af05ccd20, 0x0000021af05cced8]
Event: 17.244 Thread 0x0000021aff6d28d0 2620       4       com.sun.javafx.scene.input.InputEventUtils::recomputeCoordinates (220 bytes)
Event: 17.266 Thread 0x0000021aff6d28d0 nmethod 2620 0x0000021af05cd090 code [0x0000021af05cd2c0, 0x0000021af05cdc40]
Event: 17.981 Thread 0x0000021aff6d28d0 2621       4       javafx.scene.Scene$ClickCounter::moved (52 bytes)
Event: 17.986 Thread 0x0000021aff6d28d0 nmethod 2621 0x0000021af05ce690 code [0x0000021af05ce880, 0x0000021af05ceab8]
Event: 86.942 Thread 0x0000021aff6d28d0 2622       4       com.sun.javafx.tk.quantum.QuantumToolkit::postPulse (133 bytes)
Event: 86.962 Thread 0x0000021aff6d28d0 nmethod 2622 0x0000021af05cec90 code [0x0000021af05cee60, 0x0000021af05cf148]
Event: 87.460 Thread 0x0000021aff6d28d0 2623       4       com.sun.javafx.tk.quantum.QuantumToolkit$$Lambda$88/0x0000000800c38000::run (8 bytes)
Event: 87.463 Thread 0x0000021aff6d28d0 nmethod 2623 0x0000021af05cf510 code [0x0000021af05cf6e0, 0x0000021af05cfa10]

GC Heap History (4 events):
Event: 0.939 GC heap before
{Heap before GC invocations=0 (full 0):
 garbage-first heap   total 262144K, used 12288K [0x0000000700800000, 0x0000000800000000)
  region size 2048K, 6 young (12288K), 0 survivors (0K)
 Metaspace       used 2512K, committed 2624K, reserved 1056768K
  class space    used 268K, committed 320K, reserved 1048576K
}
Event: 0.969 GC heap after
{Heap after GC invocations=1 (full 0):
 garbage-first heap   total 262144K, used 1700K [0x0000000700800000, 0x0000000800000000)
  region size 2048K, 1 young (2048K), 1 survivors (2048K)
 Metaspace       used 2512K, committed 2624K, reserved 1056768K
  class space    used 268K, committed 320K, reserved 1048576K
}
Event: 1.749 GC heap before
{Heap before GC invocations=1 (full 0):
 garbage-first heap   total 262144K, used 18084K [0x0000000700800000, 0x0000000800000000)
  region size 2048K, 9 young (18432K), 1 survivors (2048K)
 Metaspace       used 7965K, committed 8128K, reserved 1056768K
  class space    used 991K, committed 1088K, reserved 1048576K
}
Event: 1.753 GC heap after
{Heap after GC invocations=2 (full 0):
 garbage-first heap   total 262144K, used 4259K [0x0000000700800000, 0x0000000800000000)
  region size 2048K, 2 young (4096K), 2 survivors (4096K)
 Metaspace       used 7965K, committed 8128K, reserved 1056768K
  class space    used 991K, committed 1088K, reserved 1048576K
}

Deoptimization events (20 events):
Event: 2.753 Thread 0x0000021a852881c0 DEOPT PACKING pc=0x0000021af05362c0 sp=0x000000303f9fc290
Event: 2.753 Thread 0x0000021a852881c0 DEOPT UNPACKING pc=0x0000021ae8a523a3 sp=0x000000303f9fc248 mode 2
Event: 2.763 Thread 0x0000021a852881c0 Uncommon trap: trap_request=0xffffff45 fr.pc=0x0000021af050fd58 relative=0x0000000000000158
Event: 2.763 Thread 0x0000021a852881c0 Uncommon trap: reason=unstable_if action=reinterpret pc=0x0000021af050fd58 method=java.lang.String.indexOf(II)I @ 4 c2
Event: 2.763 Thread 0x0000021a852881c0 DEOPT PACKING pc=0x0000021af050fd58 sp=0x000000303f9fd660
Event: 2.763 Thread 0x0000021a852881c0 DEOPT UNPACKING pc=0x0000021ae8a523a3 sp=0x000000303f9fd590 mode 2
Event: 2.763 Thread 0x0000021a852881c0 Uncommon trap: trap_request=0xffffff45 fr.pc=0x0000021af052d3c0 relative=0x00000000000001a0
Event: 2.763 Thread 0x0000021a852881c0 Uncommon trap: reason=unstable_if action=reinterpret pc=0x0000021af052d3c0 method=java.lang.String.indexOf(II)I @ 4 c2
Event: 2.763 Thread 0x0000021a852881c0 DEOPT PACKING pc=0x0000021af052d3c0 sp=0x000000303f9fd5f0
Event: 2.763 Thread 0x0000021a852881c0 DEOPT UNPACKING pc=0x0000021ae8a523a3 sp=0x000000303f9fd590 mode 2
Event: 14.402 Thread 0x0000021a852881c0 Uncommon trap: trap_request=0xffffff45 fr.pc=0x0000021af059e95c relative=0x000000000000005c
Event: 14.402 Thread 0x0000021a852881c0 Uncommon trap: reason=unstable_if action=reinterpret pc=0x0000021af059e95c method=javafx.scene.Node.updateLocalToParentTransform()V @ 4 c2
Event: 14.402 Thread 0x0000021a852881c0 DEOPT PACKING pc=0x0000021af059e95c sp=0x000000303f9fc820
Event: 14.402 Thread 0x0000021a852881c0 DEOPT UNPACKING pc=0x0000021ae8a523a3 sp=0x000000303f9fc778 mode 2
Event: 15.230 Thread 0x0000021a850b5fa0 DEOPT PACKING pc=0x0000021ae93bfd03 sp=0x000000303f7fe230
Event: 15.230 Thread 0x0000021a850b5fa0 DEOPT UNPACKING pc=0x0000021ae8a52b43 sp=0x000000303f7fd650 mode 0
Event: 16.432 Thread 0x0000021a852881c0 Uncommon trap: trap_request=0xffffff45 fr.pc=0x0000021af0525cd0 relative=0x00000000000004b0
Event: 16.432 Thread 0x0000021a852881c0 Uncommon trap: reason=unstable_if action=reinterpret pc=0x0000021af0525cd0 method=java.lang.String.substring(II)Ljava/lang/String; @ 31 c2
Event: 16.432 Thread 0x0000021a852881c0 DEOPT PACKING pc=0x0000021af0525cd0 sp=0x000000303f9f8e70
Event: 16.432 Thread 0x0000021a852881c0 DEOPT UNPACKING pc=0x0000021ae8a523a3 sp=0x000000303f9f8e40 mode 2

Classes unloaded (0 events):
No events

Classes redefined (0 events):
No events

Internal exceptions (20 events):
Event: 1.970 Thread 0x0000021a852881c0 Exception <a 'java/lang/NoSuchMethodError'{0x000000071033ffc8}: 'void java.lang.invoke.DirectMethodHandle$Holder.invokeStaticInit(java.lang.Object, java.lang.Object)'> (0x000000071033ffc8) 
thrown [t:\workspace\open\src\hotspot\share\interpreter\linkResolver.cpp, line 766]
Event: 1.991 Thread 0x0000021a852881c0 Exception <a 'java/lang/NoSuchMethodError'{0x0000000710082e08}: 'void java.lang.invoke.DirectMethodHandle$Holder.invokeSpecial(java.lang.Object, java.lang.Object, java.lang.Object, java.lang.Object, java.lang.Object)'> (0x0000000710082e08) 
thrown [t:\workspace\open\src\hotspot\share\interpreter\linkResolver.cpp, line 766]
Event: 2.256 Thread 0x0000021a852881c0 Implicit null exception at 0x0000021af04e7c60 to 0x0000021af04e7cfa
Event: 2.266 Thread 0x0000021a852881c0 Implicit null exception at 0x0000021af05429b4 to 0x0000021af0542eb0
Event: 2.267 Thread 0x0000021a852881c0 Implicit null exception at 0x0000021af053b22f to 0x0000021af053b758
Event: 2.605 Thread 0x0000021a852881c0 Exception <a 'java/lang/ClassNotFoundException'{0x000000070f60b4b0}: com/sun/javafx/scene/control/skin/resources/controls> (0x000000070f60b4b0) 
thrown [t:\workspace\open\src\hotspot\share\prims\jni.cpp, line 535]
Event: 2.606 Thread 0x0000021a852881c0 Exception <a 'java/lang/ClassNotFoundException'{0x000000070f618fb0}: com/sun/javafx/scene/control/skin/resources/controls_ru> (0x000000070f618fb0) 
thrown [t:\workspace\open\src\hotspot\share\prims\jni.cpp, line 535]
Event: 2.606 Thread 0x0000021a852881c0 Exception <a 'java/lang/ClassNotFoundException'{0x000000070f619f48}: com/sun/javafx/scene/control/skin/resources/controls_ru_RU> (0x000000070f619f48) 
thrown [t:\workspace\open\src\hotspot\share\prims\jni.cpp, line 535]
Event: 2.657 Thread 0x0000021a852881c0 Exception <a 'java/lang/NoSuchMethodError'{0x000000070f7dfb18}: 'void java.lang.invoke.DirectMethodHandle$Holder.invokeSpecial(java.lang.Object, java.lang.Object, java.lang.Object, java.lang.Object, java.lang.Object, java.lang.Object)'> (0x000000070f7dfb18) 
thrown [t:\workspace\open\src\hotspot\share\interpreter\linkResolver.cpp, line 766]
Event: 2.696 Thread 0x0000021a852881c0 Exception <a 'java/lang/NoSuchMethodError'{0x000000070ee45610}: 'java.lang.Object java.lang.invoke.DirectMethodHandle$Holder.invokeInterface(java.lang.Object, java.lang.Object, java.lang.Object)'> (0x000000070ee45610) 
thrown [t:\workspace\open\src\hotspot\share\interpreter\linkResolver.cpp, line 766]
Event: 2.696 Thread 0x0000021a852881c0 Exception <a 'java/lang/IncompatibleClassChangeError'{0x000000070ee48f98}: Found class java.lang.Object, but interface was expected> (0x000000070ee48f98) 
thrown [t:\workspace\open\src\hotspot\share\interpreter\linkResolver.cpp, line 833]
Event: 2.771 Thread 0x0000021a852881c0 Exception <a 'java/lang/NoSuchMethodError'{0x000000070ec0f748}: 'java.lang.Object java.lang.invoke.DirectMethodHandle$Holder.newInvokeSpecial(java.lang.Object, java.lang.Object, int)'> (0x000000070ec0f748) 
thrown [t:\workspace\open\src\hotspot\share\interpreter\linkResolver.cpp, line 766]
Event: 2.791 Thread 0x0000021a852881c0 Exception <a 'java/lang/NoSuchMethodError'{0x000000070ec64a60}: 'long java.lang.invoke.DirectMethodHandle$Holder.invokeStatic(java.lang.Object, java.lang.Object, java.lang.Object)'> (0x000000070ec64a60) 
thrown [t:\workspace\open\src\hotspot\share\interpreter\linkResolver.cpp, line 766]
Event: 2.791 Thread 0x0000021a850b5fa0 Exception <a 'java/lang/NoSuchMethodError'{0x000000070ecd03b0}: 'int java.lang.invoke.DirectMethodHandle$Holder.invokeStaticInit(java.lang.Object, java.lang.Object)'> (0x000000070ecd03b0) 
thrown [t:\workspace\open\src\hotspot\share\interpreter\linkResolver.cpp, line 766]
Event: 2.791 Thread 0x0000021a852881c0 Exception <a 'java/lang/NoSuchMethodError'{0x000000070ec68208}: 'long java.lang.invoke.DirectMethodHandle$Holder.invokeStaticInit(java.lang.Object, java.lang.Object, java.lang.Object)'> (0x000000070ec68208) 
thrown [t:\workspace\open\src\hotspot\share\interpreter\linkResolver.cpp, line 766]
Event: 2.794 Thread 0x0000021a852881c0 Exception <a 'java/lang/NoSuchMethodError'{0x000000070ecfe490}: 'java.lang.Object java.lang.invoke.DirectMethodHandle$Holder.newInvokeSpecial(java.lang.Object, java.lang.Object, long)'> (0x000000070ecfe490) 
thrown [t:\workspace\open\src\hotspot\share\interpreter\linkResolver.cpp, line 766]
Event: 2.794 Thread 0x0000021a852881c0 Exception <a 'java/lang/NoSuchMethodError'{0x000000070ed02000}: 'java.lang.Object java.lang.invoke.Invokers$Holder.linkToTargetMethod(java.lang.Object, long, java.lang.Object)'> (0x000000070ed02000) 
thrown [t:\workspace\open\src\hotspot\share\interpreter\linkResolver.cpp, line 766]
Event: 13.798 Thread 0x0000021a852881c0 Exception <a 'java/lang/NoSuchMethodError'{0x000000070e631020}: 'java.lang.Object java.lang.invoke.DirectMethodHandle$Holder.newInvokeSpecial(java.lang.Object, java.lang.Object, int, int, int, int, int, java.lang.Object)'> (0x000000070e631020) 
thrown [t:\workspace\open\src\hotspot\share\interpreter\linkResolver.cpp, line 766]
Event: 13.801 Thread 0x0000021a852881c0 Exception <a 'java/lang/NoSuchMethodError'{0x000000070e644000}: 'java.lang.Object java.lang.invoke.DirectMethodHandle$Holder.newInvokeSpecial(java.lang.Object, java.lang.Object, java.lang.Object, int, int, int, int, int)'> (0x000000070e644000) 
thrown [t:\workspace\open\src\hotspot\share\interpreter\linkResolver.cpp, line 766]
Event: 13.802 Thread 0x0000021a852881c0 Exception <a 'java/lang/NoSuchMethodError'{0x000000070e64b860}: 'java.lang.Object java.lang.invoke.Invokers$Holder.linkToTargetMethod(java.lang.Object, java.lang.Object, int, int, int, int, int, java.lang.Object)'> (0x000000070e64b860) 
thrown [t:\workspace\open\src\hotspot\share\interpreter\linkResolver.cpp, line 766]

VM Operations (20 events):
Event: 5.742 Executing VM operation: Cleanup done
Event: 6.743 Executing VM operation: Cleanup
Event: 6.743 Executing VM operation: Cleanup done
Event: 8.744 Executing VM operation: Cleanup
Event: 8.744 Executing VM operation: Cleanup done
Event: 9.744 Executing VM operation: Cleanup
Event: 9.744 Executing VM operation: Cleanup done
Event: 11.745 Executing VM operation: Cleanup
Event: 11.745 Executing VM operation: Cleanup done
Event: 13.745 Executing VM operation: Cleanup
Event: 13.746 Executing VM operation: Cleanup done
Event: 14.425 Executing VM operation: ICBufferFull
Event: 14.425 Executing VM operation: ICBufferFull done
Event: 15.426 Executing VM operation: Cleanup
Event: 15.426 Executing VM operation: Cleanup done
Event: 17.427 Executing VM operation: Cleanup
Event: 17.427 Executing VM operation: Cleanup done
Event: 19.428 Executing VM operation: Cleanup
Event: 19.428 Executing VM operation: Cleanup done
Event: 168.744 Executing VM operation: Exit

Events (20 events):
Event: 13.789 loading class sun/text/RuleBasedBreakIterator
Event: 13.789 loading class sun/text/RuleBasedBreakIterator done
Event: 13.791 loading class jdk/internal/misc/ScopedMemoryAccess$Scope
Event: 13.791 loading class jdk/internal/misc/ScopedMemoryAccess$Scope done
Event: 13.791 loading class sun/text/CompactByteArray
Event: 13.791 loading class sun/text/CompactByteArray done
Event: 13.792 loading class sun/text/SupplementaryCharacterData
Event: 13.792 loading class sun/text/SupplementaryCharacterData done
Event: 13.792 loading class java/text/BreakIterator$BreakIteratorCache
Event: 13.792 loading class java/text/BreakIterator$BreakIteratorCache done
Event: 15.153 Thread 0x0000021a8c0f87c0 Thread added: 0x0000021a8c0f87c0
Event: 15.877 Thread 0x0000021a8c0f87c0 Thread exited: 0x0000021a8c0f87c0
Event: 168.742 loading class jdk/internal/misc/Signal$1
Event: 168.742 loading class jdk/internal/misc/Signal$1 done
Event: 168.742 Thread 0x0000021a8c405630 Thread added: 0x0000021a8c405630
Event: 168.742 Thread 0x0000021a8c405fd0 Thread added: 0x0000021a8c405fd0
Event: 168.742 Thread 0x0000021a8c4064a0 Thread added: 0x0000021a8c4064a0
Event: 168.743 Thread 0x0000021a8c405fd0 Thread exited: 0x0000021a8c405fd0
Event: 168.744 Thread 0x0000021a8c4064a0 Thread exited: 0x0000021a8c4064a0
Event: 168.744 Thread 0x0000021aff6cd950 Thread exited: 0x0000021aff6cd950


Dynamic libraries:
0x00007ff63abd0000 - 0x00007ff63abde000 	C:\Users\Nikita\.jdks\openjdk-17\bin\java.exe
0x00007fff98810000 - 0x00007fff989fd000 	C:\Windows\SYSTEM32\ntdll.dll
0x00007fff98600000 - 0x00007fff986b3000 	C:\Windows\System32\KERNEL32.DLL
0x00007fff949b0000 - 0x00007fff94c4a000 	C:\Windows\System32\KERNELBASE.dll
0x00007fff94c50000 - 0x00007fff94d4a000 	C:\Windows\System32\ucrtbase.dll
0x00007fff8a800000 - 0x00007fff8a818000 	C:\Users\Nikita\.jdks\openjdk-17\bin\jli.dll
0x00007fff8d0b0000 - 0x00007fff8d0ca000 	C:\Users\Nikita\.jdks\openjdk-17\bin\VCRUNTIME140.dll
0x00007fff975a0000 - 0x00007fff97737000 	C:\Windows\System32\USER32.dll
0x00007fff77430000 - 0x00007fff776a9000 	C:\Windows\WinSxS\amd64_microsoft.windows.common-controls_6595b64144ccf1df_6.0.17763.3046_none_de715ebe534b36e3\COMCTL32.dll
0x00007fff94f50000 - 0x00007fff94f70000 	C:\Windows\System32\win32u.dll
0x00007fff983b0000 - 0x00007fff9844e000 	C:\Windows\System32\msvcrt.dll
0x00007fff95e30000 - 0x00007fff95e59000 	C:\Windows\System32\GDI32.dll
0x00007fff94ff0000 - 0x00007fff9518c000 	C:\Windows\System32\gdi32full.dll
0x00007fff977b0000 - 0x00007fff97adb000 	C:\Windows\System32\combase.dll
0x00007fff958e0000 - 0x00007fff95980000 	C:\Windows\System32\msvcp_win.dll
0x00007fff986c0000 - 0x00007fff987dd000 	C:\Windows\System32\RPCRT4.dll
0x00007fff95980000 - 0x00007fff95a02000 	C:\Windows\System32\bcryptPrimitives.dll
0x00007fff96010000 - 0x00007fff9603e000 	C:\Windows\System32\IMM32.DLL
0x00007fff8ef90000 - 0x00007fff8ef9c000 	C:\Users\Nikita\.jdks\openjdk-17\bin\vcruntime140_1.dll
0x00007fff7b6a0000 - 0x00007fff7b72d000 	C:\Users\Nikita\.jdks\openjdk-17\bin\msvcp140.dll
0x00007fff5dfe0000 - 0x00007fff5eb9e000 	C:\Users\Nikita\.jdks\openjdk-17\bin\server\jvm.dll
0x00007fff95aa0000 - 0x00007fff95b47000 	C:\Windows\System32\ADVAPI32.dll
0x00007fff97d70000 - 0x00007fff97e0f000 	C:\Windows\System32\sechost.dll
0x00007fff983a0000 - 0x00007fff983a8000 	C:\Windows\System32\PSAPI.DLL
0x00007fff8ede0000 - 0x00007fff8ede9000 	C:\Windows\SYSTEM32\WSOCK32.dll
0x00007fff92910000 - 0x00007fff92934000 	C:\Windows\SYSTEM32\WINMM.dll
0x00007fff97740000 - 0x00007fff977ad000 	C:\Windows\System32\WS2_32.dll
0x00007fff8d010000 - 0x00007fff8d01a000 	C:\Windows\SYSTEM32\VERSION.dll
0x00007fff928e0000 - 0x00007fff9290d000 	C:\Windows\SYSTEM32\WINMMBASE.dll
0x00007fff948b0000 - 0x00007fff948fa000 	C:\Windows\System32\cfgmgr32.dll
0x00007fff94840000 - 0x00007fff94851000 	C:\Windows\System32\kernel.appcore.dll
0x00007fff8edf0000 - 0x00007fff8edfa000 	C:\Users\Nikita\.jdks\openjdk-17\bin\jimage.dll
0x00007fff86010000 - 0x00007fff861fd000 	C:\Windows\SYSTEM32\DBGHELP.DLL
0x00007fff85e60000 - 0x00007fff85e8a000 	C:\Windows\SYSTEM32\dbgcore.DLL
0x00007fff8a7f0000 - 0x00007fff8a7fe000 	C:\Users\Nikita\.jdks\openjdk-17\bin\instrument.dll
0x00007fff824c0000 - 0x00007fff824e5000 	C:\Users\Nikita\.jdks\openjdk-17\bin\java.dll
0x00007fff75390000 - 0x00007fff75466000 	C:\Users\Nikita\.jdks\openjdk-17\bin\svml.dll
0x00007fff96040000 - 0x00007fff97538000 	C:\Windows\System32\SHELL32.dll
0x00007fff97e10000 - 0x00007fff97eb7000 	C:\Windows\System32\shcore.dll
0x00007fff95190000 - 0x00007fff958d8000 	C:\Windows\System32\windows.storage.dll
0x00007fff94860000 - 0x00007fff94883000 	C:\Windows\System32\profapi.dll
0x00007fff947e0000 - 0x00007fff9483d000 	C:\Windows\System32\powrprof.dll
0x00007fff98340000 - 0x00007fff98392000 	C:\Windows\System32\shlwapi.dll
0x00007fff94f70000 - 0x00007fff94f87000 	C:\Windows\System32\cryptsp.dll
0x00007fff83310000 - 0x00007fff83329000 	C:\Users\Nikita\.jdks\openjdk-17\bin\net.dll
0x00007fff8ffc0000 - 0x00007fff900b1000 	C:\Windows\SYSTEM32\WINHTTP.dll
0x00007fff93fd0000 - 0x00007fff94037000 	C:\Windows\system32\mswsock.dll
0x00007fff824a0000 - 0x00007fff824b5000 	C:\Users\Nikita\.jdks\openjdk-17\bin\nio.dll
0x00007fff81ee0000 - 0x00007fff81ef8000 	C:\Users\Nikita\.jdks\openjdk-17\bin\zip.dll
0x00007fff81ec0000 - 0x00007fff81eda000 	C:\Program Files\JetBrains\IntelliJ IDEA Community Edition 2021.2.2\bin\breakgen64.dll
0x0000021a85500000 - 0x0000021a85503000 	C:\Users\Nikita\.openjfx\cache\17-ea\api-ms-win-core-console-l1-1-0.dll
0x0000021a85510000 - 0x0000021a85513000 	C:\Users\Nikita\.openjfx\cache\17-ea\api-ms-win-core-console-l1-2-0.dll
0x0000021a85520000 - 0x0000021a85523000 	C:\Users\Nikita\.openjfx\cache\17-ea\api-ms-win-core-datetime-l1-1-0.dll
0x0000021a85530000 - 0x0000021a85533000 	C:\Users\Nikita\.openjfx\cache\17-ea\api-ms-win-core-debug-l1-1-0.dll
0x0000021a85540000 - 0x0000021a85543000 	C:\Users\Nikita\.openjfx\cache\17-ea\api-ms-win-core-errorhandling-l1-1-0.dll
0x0000021a85550000 - 0x0000021a85554000 	C:\Users\Nikita\.openjfx\cache\17-ea\api-ms-win-core-file-l1-1-0.dll
0x0000021a85560000 - 0x0000021a85563000 	C:\Users\Nikita\.openjfx\cache\17-ea\api-ms-win-core-file-l1-2-0.dll
0x0000021a85570000 - 0x0000021a85573000 	C:\Users\Nikita\.openjfx\cache\17-ea\api-ms-win-core-file-l2-1-0.dll
0x0000021a85580000 - 0x0000021a85583000 	C:\Users\Nikita\.openjfx\cache\17-ea\api-ms-win-core-handle-l1-1-0.dll
0x0000021a85590000 - 0x0000021a85593000 	C:\Users\Nikita\.openjfx\cache\17-ea\api-ms-win-core-heap-l1-1-0.dll
0x0000021a855a0000 - 0x0000021a855a3000 	C:\Users\Nikita\.openjfx\cache\17-ea\api-ms-win-core-interlocked-l1-1-0.dll
0x0000021a855b0000 - 0x0000021a855b3000 	C:\Users\Nikita\.openjfx\cache\17-ea\api-ms-win-core-libraryloader-l1-1-0.dll
0x0000021a855c0000 - 0x0000021a855c3000 	C:\Users\Nikita\.openjfx\cache\17-ea\api-ms-win-core-localization-l1-2-0.dll
0x0000021a855d0000 - 0x0000021a855d3000 	C:\Users\Nikita\.openjfx\cache\17-ea\api-ms-win-core-memory-l1-1-0.dll
0x0000021a855e0000 - 0x0000021a855e3000 	C:\Users\Nikita\.openjfx\cache\17-ea\api-ms-win-core-namedpipe-l1-1-0.dll
0x0000021a855f0000 - 0x0000021a855f3000 	C:\Users\Nikita\.openjfx\cache\17-ea\api-ms-win-core-processenvironment-l1-1-0.dll
0x0000021a85600000 - 0x0000021a85603000 	C:\Users\Nikita\.openjfx\cache\17-ea\api-ms-win-core-processthreads-l1-1-0.dll
0x0000021a85610000 - 0x0000021a85613000 	C:\Users\Nikita\.openjfx\cache\17-ea\api-ms-win-core-processthreads-l1-1-1.dll
0x0000021a85620000 - 0x0000021a85623000 	C:\Users\Nikita\.openjfx\cache\17-ea\api-ms-win-core-profile-l1-1-0.dll
0x0000021a85630000 - 0x0000021a85633000 	C:\Users\Nikita\.openjfx\cache\17-ea\api-ms-win-core-rtlsupport-l1-1-0.dll
0x0000021a85640000 - 0x0000021a85643000 	C:\Users\Nikita\.openjfx\cache\17-ea\api-ms-win-core-string-l1-1-0.dll
0x0000021a85650000 - 0x0000021a85653000 	C:\Users\Nikita\.openjfx\cache\17-ea\api-ms-win-core-synch-l1-1-0.dll
0x0000021a85660000 - 0x0000021a85663000 	C:\Users\Nikita\.openjfx\cache\17-ea\api-ms-win-core-synch-l1-2-0.dll
0x0000021a85670000 - 0x0000021a85673000 	C:\Users\Nikita\.openjfx\cache\17-ea\api-ms-win-core-sysinfo-l1-1-0.dll
0x0000021a85680000 - 0x0000021a85683000 	C:\Users\Nikita\.openjfx\cache\17-ea\api-ms-win-core-timezone-l1-1-0.dll
0x0000021a85690000 - 0x0000021a85693000 	C:\Users\Nikita\.openjfx\cache\17-ea\api-ms-win-core-util-l1-1-0.dll
0x0000021a856a0000 - 0x0000021a856a3000 	C:\Users\Nikita\.openjfx\cache\17-ea\api-ms-win-crt-conio-l1-1-0.dll
0x0000021a856b0000 - 0x0000021a856b4000 	C:\Users\Nikita\.openjfx\cache\17-ea\api-ms-win-crt-convert-l1-1-0.dll
0x0000021a856c0000 - 0x0000021a856c3000 	C:\Users\Nikita\.openjfx\cache\17-ea\api-ms-win-crt-environment-l1-1-0.dll
0x0000021a856d0000 - 0x0000021a856d3000 	C:\Users\Nikita\.openjfx\cache\17-ea\api-ms-win-crt-filesystem-l1-1-0.dll
0x0000021a856e0000 - 0x0000021a856e3000 	C:\Users\Nikita\.openjfx\cache\17-ea\api-ms-win-crt-heap-l1-1-0.dll
0x0000021a856f0000 - 0x0000021a856f3000 	C:\Users\Nikita\.openjfx\cache\17-ea\api-ms-win-crt-locale-l1-1-0.dll
0x0000021a85700000 - 0x0000021a85705000 	C:\Users\Nikita\.openjfx\cache\17-ea\api-ms-win-crt-math-l1-1-0.dll
0x0000021a85710000 - 0x0000021a85715000 	C:\Users\Nikita\.openjfx\cache\17-ea\api-ms-win-crt-multibyte-l1-1-0.dll
0x0000021a85720000 - 0x0000021a85730000 	C:\Users\Nikita\.openjfx\cache\17-ea\api-ms-win-crt-private-l1-1-0.dll
0x0000021a85730000 - 0x0000021a85733000 	C:\Users\Nikita\.openjfx\cache\17-ea\api-ms-win-crt-process-l1-1-0.dll
0x0000021a85740000 - 0x0000021a85744000 	C:\Users\Nikita\.openjfx\cache\17-ea\api-ms-win-crt-runtime-l1-1-0.dll
0x0000021a85750000 - 0x0000021a85754000 	C:\Users\Nikita\.openjfx\cache\17-ea\api-ms-win-crt-stdio-l1-1-0.dll
0x0000021a85760000 - 0x0000021a85764000 	C:\Users\Nikita\.openjfx\cache\17-ea\api-ms-win-crt-string-l1-1-0.dll
0x0000021a85770000 - 0x0000021a85773000 	C:\Users\Nikita\.openjfx\cache\17-ea\api-ms-win-crt-time-l1-1-0.dll
0x0000021a85780000 - 0x0000021a85783000 	C:\Users\Nikita\.openjfx\cache\17-ea\api-ms-win-crt-utility-l1-1-0.dll
0x00007fff72810000 - 0x00007fff7290c000 	C:\Users\Nikita\.openjfx\cache\17-ea\ucrtbase.dll
0x00007fff81c50000 - 0x00007fff81c6a000 	C:\Users\Nikita\.openjfx\cache\17-ea\vcruntime140.dll
0x00007fff85480000 - 0x00007fff8548c000 	C:\Users\Nikita\.openjfx\cache\17-ea\vcruntime140_1.dll
0x00007fff75300000 - 0x00007fff7538d000 	C:\Users\Nikita\.openjfx\cache\17-ea\msvcp140.dll
0x00007fff81c20000 - 0x00007fff81c47000 	C:\Users\Nikita\.openjfx\cache\17-ea\prism_d3d.dll
0x00007fff8abf0000 - 0x00007fff8ad8d000 	C:\Windows\system32\d3d9.dll
0x00007fff930a0000 - 0x00007fff930ce000 	C:\Windows\SYSTEM32\dwmapi.dll
0x00007fff94d50000 - 0x00007fff94f45000 	C:\Windows\System32\CRYPT32.dll
0x00007fff94890000 - 0x00007fff948a2000 	C:\Windows\System32\MSASN1.dll
0x00007fff92d60000 - 0x00007fff92dfc000 	C:\Windows\system32\uxtheme.dll
0x00007fff79cf0000 - 0x00007fff79e07000 	C:\Windows\System32\DriverStore\FileRepository\nv_dispsi.inf_amd64_7c4486dea3d29a83\nvldumdx.dll
0x00007fff8cb40000 - 0x00007fff8cb6f000 	C:\Windows\SYSTEM32\cryptnet.dll
0x00007fff8be20000 - 0x00007fff8bf55000 	C:\Windows\SYSTEM32\drvstore.dll
0x00007fff94580000 - 0x00007fff945a9000 	C:\Windows\SYSTEM32\devobj.dll
0x00007fff94230000 - 0x00007fff94255000 	C:\Windows\SYSTEM32\wldp.dll
0x00007fff94f90000 - 0x00007fff94fef000 	C:\Windows\System32\WINTRUST.dll
0x00007fff941a0000 - 0x00007fff941ac000 	C:\Windows\SYSTEM32\cryptbase.dll
0x00007fff95bd0000 - 0x00007fff95bed000 	C:\Windows\System32\imagehlp.dll
0x00007fff93b50000 - 0x00007fff93b83000 	C:\Windows\system32\rsaenh.dll
0x00007fff95a10000 - 0x00007fff95a36000 	C:\Windows\System32\bcrypt.dll
0x00007fff53460000 - 0x00007fff54c6a000 	C:\Windows\System32\DriverStore\FileRepository\nv_dispsi.inf_amd64_7c4486dea3d29a83\nvd3dumx.dll
0x00007fff7d910000 - 0x00007fff7d952000 	C:\Users\Nikita\.openjfx\cache\17-ea\glass.dll
0x00007fff95e60000 - 0x00007fff95f86000 	C:\Windows\System32\COMDLG32.dll
0x00007fff97bb0000 - 0x00007fff97d06000 	C:\Windows\System32\ole32.dll
0x00007fff95d60000 - 0x00007fff95e24000 	C:\Windows\System32\OLEAUT32.dll
0x00007fff95bf0000 - 0x00007fff95d5b000 	C:\Windows\System32\MSCTF.dll
0x00007fff64650000 - 0x00007fff64917000 	C:\Windows\system32\nvspcap64.dll
0x00007fff93920000 - 0x00007fff93951000 	C:\Windows\SYSTEM32\ntmarta.dll
0x00007fff93440000 - 0x00007fff93462000 	C:\Windows\SYSTEM32\gpapi.dll
0x00007fff81330000 - 0x00007fff81344000 	C:\Users\Nikita\.openjfx\cache\17-ea\javafx_font.dll
0x00007fff88480000 - 0x00007fff88787000 	C:\Windows\SYSTEM32\dwrite.dll
0x00007fff97ae0000 - 0x00007fff97b82000 	C:\Windows\System32\clbcatq.dll
0x00007fff8d890000 - 0x00007fff8da48000 	C:\Windows\SYSTEM32\WindowsCodecs.dll
0x00007fff7e920000 - 0x00007fff7e976000 	C:\Windows\system32\dataexchange.dll
0x00007fff91730000 - 0x00007fff919ae000 	C:\Windows\system32\d3d11.dll
0x00007fff91bc0000 - 0x00007fff91d83000 	C:\Windows\system32\dcomp.dll
0x00007fff934c0000 - 0x00007fff93582000 	C:\Windows\system32\dxgi.dll

dbghelp: loaded successfully - version: 4.0.5 - missing functions: none
symbol engine: initialized successfully - sym options: 0x614 - pdb path: .;C:\Users\Nikita\.jdks\openjdk-17\bin;C:\Windows\SYSTEM32;C:\Windows\WinSxS\amd64_microsoft.windows.common-controls_6595b64144ccf1df_6.0.17763.3046_none_de715ebe534b36e3;C:\Users\Nikita\.jdks\openjdk-17\bin\server;C:\Program Files\JetBrains\IntelliJ IDEA Community Edition 2021.2.2\bin;C:\Users\Nikita\.openjfx\cache\17-ea;C:\Windows\System32\DriverStore\FileRepository\nv_dispsi.inf_amd64_7c4486dea3d29a83;C:\Program Files\Common Files\Microsoft Shared\Ink

VM Arguments:
jvm_args: -javaagent:C:\Program Files\JetBrains\IntelliJ IDEA Community Edition 2021.2.2\lib\idea_rt.jar=64015:C:\Program Files\JetBrains\IntelliJ IDEA Community Edition 2021.2.2\bin -Dfile.encoding=UTF-8 --module-path=C:\Users\Nikita\.m2\repository\org\openjfx\javafx-fxml\17-ea+11\javafx-fxml-17-ea+11-win.jar;C:\Users\Nikita\IdeaProjects\ProgectKurs\target\classes;C:\Users\Nikita\.m2\repository\org\openjfx\javafx-base\17-ea+11\javafx-base-17-ea+11-win.jar;C:\Users\Nikita\.m2\repository\org\openjfx\javafx-graphics\17-ea+11\javafx-graphics-17-ea+11-win.jar;C:\Users\Nikita\.m2\repository\org\openjfx\javafx-controls\17-ea+11\javafx-controls-17-ea+11-win.jar -Djdk.module.main=com.example.progectkurs 
java_command: com.example.progectkurs/com.example.progectkurs.Main
java_class_path (initial): C:\Users\Nikita\.m2\repository\org\openjfx\javafx-controls\17-ea+11\javafx-controls-17-ea+11.jar;C:\Users\Nikita\.m2\repository\org\openjfx\javafx-graphics\17-ea+11\javafx-graphics-17-ea+11.jar;C:\Users\Nikita\.m2\repository\org\openjfx\javafx-base\17-ea+11\javafx-base-17-ea+11.jar;C:\Users\Nikita\.m2\repository\org\openjfx\javafx-fxml\17-ea+11\javafx-fxml-17-ea+11.jar
Launcher Type: SUN_STANDARD

[Global flags]
     intx CICompilerCount                          = 3                                         {product} {ergonomic}
     uint ConcGCThreads                            = 1                                         {product} {ergonomic}
     uint G1ConcRefinementThreads                  = 4                                         {product} {ergonomic}
   size_t G1HeapRegionSize                         = 2097152                                   {product} {ergonomic}
    uintx GCDrainStackTargetSize                   = 64                                        {product} {ergonomic}
   size_t InitialHeapSize                          = 268435456                                 {product} {ergonomic}
   size_t MarkStackSize                            = 4194304                                   {product} {ergonomic}
   size_t MaxHeapSize                              = 4286578688                                {product} {ergonomic}
   size_t MaxNewSize                               = 2571108352                                {product} {ergonomic}
   size_t MinHeapDeltaBytes                        = 2097152                                   {product} {ergonomic}
   size_t MinHeapSize                              = 8388608                                   {product} {ergonomic}
    uintx NonNMethodCodeHeapSize                   = 5832780                                {pd product} {ergonomic}
    uintx NonProfiledCodeHeapSize                  = 122912730                              {pd product} {ergonomic}
    uintx ProfiledCodeHeapSize                     = 122912730                              {pd product} {ergonomic}
    uintx ReservedCodeCacheSize                    = 251658240                              {pd product} {ergonomic}
     bool SegmentedCodeCache                       = true                                      {product} {ergonomic}
   size_t SoftMaxHeapSize                          = 4286578688                             {manageable} {ergonomic}
     bool UseCompressedClassPointers               = true                           {product lp64_product} {ergonomic}
     bool UseCompressedOops                        = true                           {product lp64_product} {ergonomic}
     bool UseG1GC                                  = true                                      {product} {ergonomic}
     bool UseLargePagesIndividualAllocation        = false                                  {pd product} {ergonomic}

Logging:
Log output configuration:
 #0: stdout all=off uptime,level,tags
 #1: stderr all=off uptime,level,tags

Environment Variables:
PATH=C:\Program Files (x86)\Common Files\Oracle\Java\javapath;C:\ProgramData\Oracle\Java\javapath;C:\Windows\system32;C:\Windows;C:\Windows\System32\Wbem;C:\Windows\System32\WindowsPowerShell\v1.0\;C:\Windows\System32\OpenSSH\;C:\Program Files (x86)\NVIDIA Corporation\PhysX\Common;C:\Program Files\NVIDIA Corporation\NVIDIA NvDLISR;C:\Program Files\dotnet\;C:\Program Files\Git\cmd;C:\Users\Nikita\AppData\Local\Microsoft\WindowsApps;
USERNAME=Nikita
OS=Windows_NT
PROCESSOR_IDENTIFIER=Intel64 Family 6 Model 158 Stepping 9, GenuineIntel



---------------  S Y S T E M  ---------------

OS:
 Windows 10 , 64 bit Build 17763 (10.0.17763.2989)
OS uptime: 10 days 0:04 hours

CPU: total 4 (initial active 4) (2 cores per cpu, 2 threads per core) family 6 model 158 stepping 9 microcode 0xde, cx8, cmov, fxsr, ht, mmx, 3dnowpref, sse, sse2, sse3, ssse3, sse4.1, sse4.2, popcnt, lzcnt, tsc, tscinvbit, avx, avx2, aes, erms, clmul, bmi1, bmi2, adx, fma, vzeroupper, clflush, clflushopt

Memory: 4k page, system-wide physical 16347M (9367M free)
TotalPageFile size 26585M (AvailPageFile size 15969M)
current process WorkingSet (physical memory assigned to process): 128M, peak: 139M
current process commit charge ("private bytes"): 408M, peak: 419M

vm_info: OpenJDK 64-Bit Server VM (17+35-2724) for windows-amd64 JRE (17+35-2724), built on Aug  5 2021 23:26:02 by "mach5one" with MS VC++ 16.8 (VS2019)

END.
