#
# A fatal error has been detected by the Java Runtime Environment:
#
#  EXCEPTION_ACCESS_VIOLATION (0xc0000005) at pc=0x00007fff7d936a87, pid=9880, tid=7124
#
# JRE version: OpenJDK Runtime Environment (17.0+35) (build 17+35-2724)
# Java VM: OpenJDK 64-Bit Server VM (17+35-2724, mixed mode, sharing, tiered, compressed oops, compressed class ptrs, g1 gc, windows-amd64)
# Problematic frame:
# C  [glass.dll+0x26a87]
#
# No core dump will be written. Minidumps are not enabled by default on client versions of Windows
#
# If you would like to submit a bug report, please visit:
#   https://bugreport.java.com/bugreport/crash.jsp
#

---------------  S U M M A R Y ------------

Command Line: -javaagent:C:\Program Files\JetBrains\IntelliJ IDEA Community Edition 2021.2.2\lib\idea_rt.jar=63963:C:\Program Files\JetBrains\IntelliJ IDEA Community Edition 2021.2.2\bin -Dfile.encoding=UTF-8 --module-path=C:\Users\Nikita\.m2\repository\org\openjfx\javafx-fxml\17-ea+11\javafx-fxml-17-ea+11-win.jar;C:\Users\Nikita\IdeaProjects\ProgectKurs\target\classes;C:\Users\Nikita\.m2\repository\org\openjfx\javafx-base\17-ea+11\javafx-base-17-ea+11-win.jar;C:\Users\Nikita\.m2\repository\org\openjfx\javafx-graphics\17-ea+11\javafx-graphics-17-ea+11-win.jar;C:\Users\Nikita\.m2\repository\org\openjfx\javafx-controls\17-ea+11\javafx-controls-17-ea+11-win.jar -Djdk.module.main=com.example.progectkurs com.example.progectkurs/com.example.progectkurs.Main

Host: Intel(R) Core(TM) i3-7100 CPU @ 3.90GHz, 4 cores, 15G,  Windows 10 , 64 bit Build 17763 (10.0.17763.2989)
Time: Sat Jul  9 15:48:39 2022 RTZ 2 (зима) elapsed time: 51.006349 seconds (0d 0h 0m 51s)

---------------  T H R E A D  ---------------

Current thread (0x00000199662b0590):  VMThread "VM Thread" [stack: 0x00000051e8800000,0x00000051e8900000] [id=7124]

Stack: [0x00000051e8800000,0x00000051e8900000],  sp=0x00000051e88ff3f0,  free space=1020k
Native frames: (J=compiled Java code, j=interpreted, Vv=VM code, C=native code)
C  [glass.dll+0x26a87]


siginfo: EXCEPTION_ACCESS_VIOLATION (0xc0000005), reading address 0x0000000000000000


Register to memory mapping:

RIP=0x00007fff7d936a87 glass.dll
RAX=0x0 is NULL
RBX=0x00000199662bd120 is a global jni handle
RCX=0x00000199662b0590 points into unknown readable memory: 0x00007fff5e95c540 | 40 c5 95 5e ff 7f 00 00
RDX=0x00000051e88ff3f0 points into unknown readable memory: 0x0000000000000000 | 00 00 00 00 00 00 00 00
RSP=0x00000051e88ff3f0 points into unknown readable memory: 0x0000000000000000 | 00 00 00 00 00 00 00 00
RBP=0x0000019967707138 points into unknown readable memory: 0x00007ecb2be72ec5 | c5 2e e7 2b cb 7e 00 00
RSI=0x0000019967707110 points into unknown readable memory: 0x000f81249980e345 | 45 e3 80 99 24 81 0f 00
RDI=0x00007ecb2be72ec5 is an unknown value
R8 =0x0000000000010002 is an unknown value
R9 =0x00007ecb2be72ec5 is an unknown value
R10=0x0000019941d40000 points into unknown readable memory: 0x0000000000000000 | 00 00 00 00 00 00 00 00
R11=0x00000051e88ff2f0 points into unknown readable memory: 0x0000019967836120 | 20 61 83 67 99 01 00 00
R12=0x00007fff7d934354 glass.dll
R13=0x00007fff5eb02940 jvm.dll
R14=0x00000051e88ff4e8 points into unknown readable memory: 0x00000051e88ff4d0 | d0 f4 8f e8 51 00 00 00
R15=0x0000019967707110 points into unknown readable memory: 0x000f81249980e345 | 45 e3 80 99 24 81 0f 00


Registers:
RAX=0x0000000000000000, RBX=0x00000199662bd120, RCX=0x00000199662b0590, RDX=0x00000051e88ff3f0
RSP=0x00000051e88ff3f0, RBP=0x0000019967707138, RSI=0x0000019967707110, RDI=0x00007ecb2be72ec5
R8 =0x0000000000010002, R9 =0x00007ecb2be72ec5, R10=0x0000019941d40000, R11=0x00000051e88ff2f0
R12=0x00007fff7d934354, R13=0x00007fff5eb02940, R14=0x00000051e88ff4e8, R15=0x0000019967707110
RIP=0x00007fff7d936a87, EFLAGS=0x0000000000010206

Top of Stack: (sp=0x00000051e88ff3f0)
0x00000051e88ff3f0:   0000000000000000 0000019900000000
0x00000051e88ff400:   0000019967707110 00007fff7d9471a0
0x00000051e88ff410:   0000019967707118 00007fff94c61cf6
0x00000051e88ff420:   00007ecb2be72ec5 0000019900000000
0x00000051e88ff430:   0000000000000001 00007fff94c5f114
0x00000051e88ff440:   fffffffffffffffe 0000000000000001
0x00000051e88ff450:   0000000000000001 00007fff7d910000
0x00000051e88ff460:   00000051e88ff4d8 00007fff94c61c1b
0x00000051e88ff470:   0000000000000000 00000051e88ff4e8
0x00000051e88ff480:   00000051e88ff7b0 00007fff94d3c130
0x00000051e88ff490:   0000000000000001 00007fff94c61bd4
0x00000051e88ff4a0:   0000000000000000 0000000000000001
0x00000051e88ff4b0:   0000000000000000 00000051e88ff4d8
0x00000051e88ff4c0:   ffffffff00000001 00007fff7d9341e1
0x00000051e88ff4d0:   00007fff7d94a138 00007fff00000002
0x00000051e88ff4e0:   0000000000000002 00000051e88ff4d0 

Instructions: (pc=0x00007fff7d936a87)
0x00007fff7d936987:   8b 4d 58 e8 01 cf ff ff 48 8b 4d 60 e8 f8 ce ff
0x00007fff7d936997:   ff 48 8b 95 80 00 00 00 48 8b 8d 18 01 00 00 e8
0x00007fff7d9369a7:   c6 c3 ff ff 33 d2 33 c9 e8 3c e1 ff ff 90 48 89
0x00007fff7d9369b7:   54 24 10 55 48 83 ec 20 48 8b ea 48 b8 00 00 00
0x00007fff7d9369c7:   00 00 00 00 00 48 83 c4 20 5d c3 cc 40 55 48 8b
0x00007fff7d9369d7:   ea 48 8b 01 33 c9 81 38 05 00 00 c0 0f 94 c1 8b
0x00007fff7d9369e7:   c1 5d c3 cc 40 55 48 83 ec 20 48 8b ea 8a 4d 40
0x00007fff7d9369f7:   48 83 c4 20 5d e9 f7 d2 ff ff cc 40 55 48 83 ec
0x00007fff7d936a07:   20 48 8b ea 8a 4d 20 e8 e5 d2 ff ff 90 48 83 c4
0x00007fff7d936a17:   20 5d c3 cc 40 55 48 83 ec 20 48 8b ea 48 83 c4
0x00007fff7d936a27:   20 5d e9 46 d1 ff ff cc 40 55 48 83 ec 30 48 8b
0x00007fff7d936a37:   ea 48 8b 01 8b 10 48 89 4c 24 28 89 54 24 20 4c
0x00007fff7d936a47:   8d 0d e7 d5 ff ff 4c 8b 45 70 8b 55 68 48 8b 4d
0x00007fff7d936a57:   60 e8 87 d0 ff ff 90 48 83 c4 30 5d c3 cc cc cc
0x00007fff7d936a67:   cc cc cc cc cc cc cc cc cc 40 53 48 83 ec 20 48
0x00007fff7d936a77:   8b 1d b3 30 01 00 48 85 db 74 16 e8 09 8b ff ff
0x00007fff7d936a87:   4c 8b 00 48 8b d3 48 8b c8 41 ff 90 b0 00 00 00
0x00007fff7d936a97:   90 48 83 c4 20 5b c3 cc cc 40 53 48 83 ec 20 48
0x00007fff7d936aa7:   8b 1d 2b 32 01 00 48 85 db 74 57 b8 ff ff ff ff
0x00007fff7d936ab7:   f0 0f c1 43 10 83 f8 01 75 3d 48 85 db 74 38 48
0x00007fff7d936ac7:   8b 0b 48 85 c9 74 0d ff 15 d4 07 00 00 48 c7 03
0x00007fff7d936ad7:   00 00 00 00 48 8b 4b 08 48 85 c9 74 0d e8 a7 cd
0x00007fff7d936ae7:   ff ff 48 c7 43 08 00 00 00 00 ba 18 00 00 00 48
0x00007fff7d936af7:   8b cb e8 92 cd ff ff 48 c7 05 cf 31 01 00 00 00
0x00007fff7d936b07:   00 00 48 83 c4 20 5b c3 cc 40 53 48 83 ec 20 48
0x00007fff7d936b17:   8b 1d 9b 31 01 00 48 85 db 74 57 b8 ff ff ff ff
0x00007fff7d936b27:   f0 0f c1 43 10 83 f8 01 75 3d 48 85 db 74 38 48
0x00007fff7d936b37:   8b 0b 48 85 c9 74 0d ff 15 64 07 00 00 48 c7 03
0x00007fff7d936b47:   00 00 00 00 48 8b 4b 08 48 85 c9 74 0d e8 37 cd
0x00007fff7d936b57:   ff ff 48 c7 43 08 00 00 00 00 ba 18 00 00 00 48
0x00007fff7d936b67:   8b cb e8 22 cd ff ff 48 c7 05 3f 31 01 00 00 00
0x00007fff7d936b77:   00 00 48 83 c4 20 5b c3 cc 40 53 48 83 ec 20 48 


Stack slot to memory mapping:
stack at sp + 0 slots: 0x0 is NULL
stack at sp + 1 slots: 0x0000019900000000 is an unknown value
stack at sp + 2 slots: 0x0000019967707110 points into unknown readable memory: 0x000f81249980e345 | 45 e3 80 99 24 81 0f 00
stack at sp + 3 slots: 0x00007fff7d9471a0 glass.dll
stack at sp + 4 slots: 0x0000019967707118 points into unknown readable memory: 0x00007ecb2be72ec5 | c5 2e e7 2b cb 7e 00 00
stack at sp + 5 slots: 0x00007fff94c61cf6 ucrtbase.dll
stack at sp + 6 slots: 0x00007ecb2be72ec5 is an unknown value
stack at sp + 7 slots: 0x0000019900000000 is an unknown value

VM_Operation (0x00000051e9bff510): Exit, mode: safepoint, requested by thread 0x0000019968947d10


---------------  P R O C E S S  ---------------

Threads class SMR info:
_java_thread_list=0x00000199684deb70, length=20, elements={
0x0000019943e21de0, 0x00000199662b5600, 0x00000199662b7880, 0x00000199662ce370,
0x00000199662ced20, 0x00000199662cf6d0, 0x00000199662d03b0, 0x00000199662dada0,
0x0000019966d3b3c0, 0x0000019966d9dbe0, 0x00000199670b1160, 0x00000199672d2b80,
0x00000199676fdec0, 0x0000019967861d40, 0x0000019967834340, 0x000001996825aaf0,
0x0000019968297390, 0x000001996875cfc0, 0x0000019968947840, 0x0000019968947d10
}

Java Threads: ( => current thread )
  0x0000019943e21de0 JavaThread "main" [_thread_blocked, id=1860, stack(0x00000051e8200000,0x00000051e8300000)]
  0x00000199662b5600 JavaThread "Reference Handler" daemon [_thread_blocked, id=8696, stack(0x00000051e8900000,0x00000051e8a00000)]
  0x00000199662b7880 JavaThread "Finalizer" daemon [_thread_blocked, id=18320, stack(0x00000051e8a00000,0x00000051e8b00000)]
  0x00000199662ce370 JavaThread "Attach Listener" daemon [_thread_blocked, id=11016, stack(0x00000051e8c00000,0x00000051e8d00000)]
  0x00000199662ced20 JavaThread "Service Thread" daemon [_thread_blocked, id=7248, stack(0x00000051e8d00000,0x00000051e8e00000)]
  0x00000199662cf6d0 JavaThread "Monitor Deflation Thread" daemon [_thread_blocked, id=11820, stack(0x00000051e8e00000,0x00000051e8f00000)]
  0x00000199662d03b0 JavaThread "C2 CompilerThread0" daemon [_thread_blocked, id=1088, stack(0x00000051e8f00000,0x00000051e9000000)]
  0x00000199662dada0 JavaThread "C1 CompilerThread0" daemon [_thread_blocked, id=15796, stack(0x00000051e9000000,0x00000051e9100000)]
  0x0000019966d3b3c0 JavaThread "Sweeper thread" daemon [_thread_blocked, id=14916, stack(0x00000051e9100000,0x00000051e9200000)]
  0x0000019966d9dbe0 JavaThread "Common-Cleaner" daemon [_thread_blocked, id=17528, stack(0x00000051e9200000,0x00000051e9300000)]
  0x00000199670b1160 JavaThread "Monitor Ctrl-Break" daemon [_thread_in_native, id=17592, stack(0x00000051e9400000,0x00000051e9500000)]
  0x00000199672d2b80 JavaThread "Notification Thread" daemon [_thread_blocked, id=356, stack(0x00000051e9500000,0x00000051e9600000)]
  0x00000199676fdec0 JavaThread "QuantumRenderer-0" daemon [_thread_blocked, id=3236, stack(0x00000051e9a00000,0x00000051e9b00000)]
  0x0000019967861d40 JavaThread "InvokeLaterDispatcher" daemon [_thread_blocked, id=14504, stack(0x00000051e9c00000,0x00000051e9d00000)]
  0x0000019967834340 JavaThread "JavaFX Application Thread" [_thread_in_native, id=4524, stack(0x00000051e9d00000,0x00000051e9e00000)]
  0x000001996825aaf0 JavaThread "Thread-1" daemon [_thread_in_native, id=11716, stack(0x00000051ea000000,0x00000051ea100000)]
  0x0000019968297390 JavaThread "JavaFX-Launcher" [_thread_blocked, id=9392, stack(0x00000051e9f00000,0x00000051ea000000)]
  0x000001996875cfc0 JavaThread "Prism Font Disposer" daemon [_thread_blocked, id=15280, stack(0x00000051ea100000,0x00000051ea200000)]
  0x0000019968947840 JavaThread "Cleaner-0" daemon [_thread_blocked, id=18188, stack(0x00000051e9300000,0x00000051e9400000)]
  0x0000019968947d10 JavaThread "SIGINT handler" daemon [_thread_blocked, id=8056, stack(0x00000051e9b00000,0x00000051e9c00000)]

Other Threads:
=>0x00000199662b0590 VMThread "VM Thread" [stack: 0x00000051e8800000,0x00000051e8900000] [id=7124]
  0x0000019943e6fdb0 GCTaskThread "GC Thread#0" [stack: 0x00000051e8300000,0x00000051e8400000] [id=14460]
  0x00000199675d1500 GCTaskThread "GC Thread#1" [stack: 0x00000051e9700000,0x00000051e9800000] [id=15720]
  0x0000019967486330 GCTaskThread "GC Thread#2" [stack: 0x00000051e9800000,0x00000051e9900000] [id=13604]
  0x00000199674865e0 GCTaskThread "GC Thread#3" [stack: 0x00000051e9900000,0x00000051e9a00000] [id=12596]
  0x0000019943e81c80 ConcurrentGCThread "G1 Main Marker" terminated
  0x0000019943e82690 ConcurrentGCThread "G1 Conc#0" [stack: 0x00000051e8500000,0x00000051e8600000] [id=6932]
  0x00000199661731c0 ConcurrentGCThread "G1 Refine#0" terminated
  0x0000019966173be0 ConcurrentGCThread "G1 Service" terminated

Threads with active compile tasks:

VM state: at safepoint (shutting down)

VM Mutex/Monitor currently owned by a thread:  ([mutex/lock_event])
[0x0000019943e1eb60] Threads_lock - owner thread: 0x00000199662b0590
[0x0000019943e1e6e0] Heap_lock - owner thread: 0x0000019968947d10

Heap address: 0x0000000700800000, size: 4088 MB, Compressed Oops mode: Zero based, Oop shift amount: 3

CDS archive(s) mapped at: [0x0000000800000000-0x0000000800bc0000-0x0000000800bc0000), size 12320768, SharedBaseAddress: 0x0000000800000000, ArchiveRelocationMode: 0.
Compressed class space mapped at: 0x0000000800c00000-0x0000000840c00000, reserved size: 1073741824
Narrow klass base: 0x0000000800000000, Narrow klass shift: 0, Narrow klass range: 0x100000000

GC Precious Log:
 CPUs: 4 total, 4 available
 Memory: 16347M
 Large Page Support: Disabled
 NUMA Support: Disabled
 Compressed Oops: Enabled (Zero based)
 Heap Region Size: 2M
 Heap Min Capacity: 8M
 Heap Initial Capacity: 256M
 Heap Max Capacity: 4088M
 Pre-touch: Disabled
 Parallel Workers: 4
 Concurrent Workers: 1
 Concurrent Refinement Workers: 4
 Periodic GC: Disabled

Heap:
 garbage-first heap   total 262144K, used 45700K [0x0000000700800000, 0x0000000800000000)
  region size 2048K, 22 young (45056K), 2 survivors (4096K)
 Metaspace       used 15869K, committed 16128K, reserved 1064960K
  class space    used 2161K, committed 2304K, reserved 1048576K

Heap Regions: E=young(eden), S=young(survivor), O=old, HS=humongous(starts), HC=humongous(continues), CS=collection set, F=free, OA=open archive, CA=closed archive, TAMS=top-at-mark-start (previous, next)
|   0|0x0000000700800000, 0x00000007008a1200, 0x0000000700a00000| 31%| O|  |TAMS 0x0000000700800000, 0x0000000700800000| Untracked 
|   1|0x0000000700a00000, 0x0000000700c00000, 0x0000000700c00000|100%|HS|  |TAMS 0x0000000700a00000, 0x0000000700a00000| Complete 
|   2|0x0000000700c00000, 0x0000000700c00000, 0x0000000700e00000|  0%| F|  |TAMS 0x0000000700c00000, 0x0000000700c00000| Untracked 
|   3|0x0000000700e00000, 0x0000000700e00000, 0x0000000701000000|  0%| F|  |TAMS 0x0000000700e00000, 0x0000000700e00000| Untracked 
|   4|0x0000000701000000, 0x0000000701000000, 0x0000000701200000|  0%| F|  |TAMS 0x0000000701000000, 0x0000000701000000| Untracked 
|   5|0x0000000701200000, 0x0000000701200000, 0x0000000701400000|  0%| F|  |TAMS 0x0000000701200000, 0x0000000701200000| Untracked 
|   6|0x0000000701400000, 0x0000000701400000, 0x0000000701600000|  0%| F|  |TAMS 0x0000000701400000, 0x0000000701400000| Untracked 
|   7|0x0000000701600000, 0x0000000701600000, 0x0000000701800000|  0%| F|  |TAMS 0x0000000701600000, 0x0000000701600000| Untracked 
|   8|0x0000000701800000, 0x0000000701800000, 0x0000000701a00000|  0%| F|  |TAMS 0x0000000701800000, 0x0000000701800000| Untracked 
|   9|0x0000000701a00000, 0x0000000701a00000, 0x0000000701c00000|  0%| F|  |TAMS 0x0000000701a00000, 0x0000000701a00000| Untracked 
|  10|0x0000000701c00000, 0x0000000701c00000, 0x0000000701e00000|  0%| F|  |TAMS 0x0000000701c00000, 0x0000000701c00000| Untracked 
|  11|0x0000000701e00000, 0x0000000701e00000, 0x0000000702000000|  0%| F|  |TAMS 0x0000000701e00000, 0x0000000701e00000| Untracked 
|  12|0x0000000702000000, 0x0000000702000000, 0x0000000702200000|  0%| F|  |TAMS 0x0000000702000000, 0x0000000702000000| Untracked 
|  13|0x0000000702200000, 0x0000000702200000, 0x0000000702400000|  0%| F|  |TAMS 0x0000000702200000, 0x0000000702200000| Untracked 
|  14|0x0000000702400000, 0x0000000702400000, 0x0000000702600000|  0%| F|  |TAMS 0x0000000702400000, 0x0000000702400000| Untracked 
|  15|0x0000000702600000, 0x0000000702600000, 0x0000000702800000|  0%| F|  |TAMS 0x0000000702600000, 0x0000000702600000| Untracked 
|  16|0x0000000702800000, 0x0000000702800000, 0x0000000702a00000|  0%| F|  |TAMS 0x0000000702800000, 0x0000000702800000| Untracked 
|  17|0x0000000702a00000, 0x0000000702a00000, 0x0000000702c00000|  0%| F|  |TAMS 0x0000000702a00000, 0x0000000702a00000| Untracked 
|  18|0x0000000702c00000, 0x0000000702c00000, 0x0000000702e00000|  0%| F|  |TAMS 0x0000000702c00000, 0x0000000702c00000| Untracked 
|  19|0x0000000702e00000, 0x0000000702e00000, 0x0000000703000000|  0%| F|  |TAMS 0x0000000702e00000, 0x0000000702e00000| Untracked 
|  20|0x0000000703000000, 0x0000000703000000, 0x0000000703200000|  0%| F|  |TAMS 0x0000000703000000, 0x0000000703000000| Untracked 
|  21|0x0000000703200000, 0x0000000703200000, 0x0000000703400000|  0%| F|  |TAMS 0x0000000703200000, 0x0000000703200000| Untracked 
|  22|0x0000000703400000, 0x0000000703400000, 0x0000000703600000|  0%| F|  |TAMS 0x0000000703400000, 0x0000000703400000| Untracked 
|  23|0x0000000703600000, 0x0000000703600000, 0x0000000703800000|  0%| F|  |TAMS 0x0000000703600000, 0x0000000703600000| Untracked 
|  24|0x0000000703800000, 0x0000000703800000, 0x0000000703a00000|  0%| F|  |TAMS 0x0000000703800000, 0x0000000703800000| Untracked 
|  25|0x0000000703a00000, 0x0000000703a00000, 0x0000000703c00000|  0%| F|  |TAMS 0x0000000703a00000, 0x0000000703a00000| Untracked 
|  26|0x0000000703c00000, 0x0000000703c00000, 0x0000000703e00000|  0%| F|  |TAMS 0x0000000703c00000, 0x0000000703c00000| Untracked 
|  27|0x0000000703e00000, 0x0000000703e00000, 0x0000000704000000|  0%| F|  |TAMS 0x0000000703e00000, 0x0000000703e00000| Untracked 
|  28|0x0000000704000000, 0x0000000704000000, 0x0000000704200000|  0%| F|  |TAMS 0x0000000704000000, 0x0000000704000000| Untracked 
|  29|0x0000000704200000, 0x0000000704200000, 0x0000000704400000|  0%| F|  |TAMS 0x0000000704200000, 0x0000000704200000| Untracked 
|  30|0x0000000704400000, 0x0000000704400000, 0x0000000704600000|  0%| F|  |TAMS 0x0000000704400000, 0x0000000704400000| Untracked 
|  31|0x0000000704600000, 0x0000000704600000, 0x0000000704800000|  0%| F|  |TAMS 0x0000000704600000, 0x0000000704600000| Untracked 
|  32|0x0000000704800000, 0x0000000704800000, 0x0000000704a00000|  0%| F|  |TAMS 0x0000000704800000, 0x0000000704800000| Untracked 
|  33|0x0000000704a00000, 0x0000000704a00000, 0x0000000704c00000|  0%| F|  |TAMS 0x0000000704a00000, 0x0000000704a00000| Untracked 
|  34|0x0000000704c00000, 0x0000000704c00000, 0x0000000704e00000|  0%| F|  |TAMS 0x0000000704c00000, 0x0000000704c00000| Untracked 
|  35|0x0000000704e00000, 0x0000000704e00000, 0x0000000705000000|  0%| F|  |TAMS 0x0000000704e00000, 0x0000000704e00000| Untracked 
|  36|0x0000000705000000, 0x0000000705000000, 0x0000000705200000|  0%| F|  |TAMS 0x0000000705000000, 0x0000000705000000| Untracked 
|  37|0x0000000705200000, 0x0000000705200000, 0x0000000705400000|  0%| F|  |TAMS 0x0000000705200000, 0x0000000705200000| Untracked 
|  38|0x0000000705400000, 0x0000000705400000, 0x0000000705600000|  0%| F|  |TAMS 0x0000000705400000, 0x0000000705400000| Untracked 
|  39|0x0000000705600000, 0x0000000705600000, 0x0000000705800000|  0%| F|  |TAMS 0x0000000705600000, 0x0000000705600000| Untracked 
|  40|0x0000000705800000, 0x0000000705800000, 0x0000000705a00000|  0%| F|  |TAMS 0x0000000705800000, 0x0000000705800000| Untracked 
|  41|0x0000000705a00000, 0x0000000705a00000, 0x0000000705c00000|  0%| F|  |TAMS 0x0000000705a00000, 0x0000000705a00000| Untracked 
|  42|0x0000000705c00000, 0x0000000705c00000, 0x0000000705e00000|  0%| F|  |TAMS 0x0000000705c00000, 0x0000000705c00000| Untracked 
|  43|0x0000000705e00000, 0x0000000705e00000, 0x0000000706000000|  0%| F|  |TAMS 0x0000000705e00000, 0x0000000705e00000| Untracked 
|  44|0x0000000706000000, 0x0000000706000000, 0x0000000706200000|  0%| F|  |TAMS 0x0000000706000000, 0x0000000706000000| Untracked 
|  45|0x0000000706200000, 0x0000000706200000, 0x0000000706400000|  0%| F|  |TAMS 0x0000000706200000, 0x0000000706200000| Untracked 
|  46|0x0000000706400000, 0x0000000706400000, 0x0000000706600000|  0%| F|  |TAMS 0x0000000706400000, 0x0000000706400000| Untracked 
|  47|0x0000000706600000, 0x0000000706600000, 0x0000000706800000|  0%| F|  |TAMS 0x0000000706600000, 0x0000000706600000| Untracked 
|  48|0x0000000706800000, 0x0000000706800000, 0x0000000706a00000|  0%| F|  |TAMS 0x0000000706800000, 0x0000000706800000| Untracked 
|  49|0x0000000706a00000, 0x0000000706a00000, 0x0000000706c00000|  0%| F|  |TAMS 0x0000000706a00000, 0x0000000706a00000| Untracked 
|  50|0x0000000706c00000, 0x0000000706c00000, 0x0000000706e00000|  0%| F|  |TAMS 0x0000000706c00000, 0x0000000706c00000| Untracked 
|  51|0x0000000706e00000, 0x0000000706e00000, 0x0000000707000000|  0%| F|  |TAMS 0x0000000706e00000, 0x0000000706e00000| Untracked 
|  52|0x0000000707000000, 0x0000000707000000, 0x0000000707200000|  0%| F|  |TAMS 0x0000000707000000, 0x0000000707000000| Untracked 
|  53|0x0000000707200000, 0x0000000707200000, 0x0000000707400000|  0%| F|  |TAMS 0x0000000707200000, 0x0000000707200000| Untracked 
|  54|0x0000000707400000, 0x0000000707400000, 0x0000000707600000|  0%| F|  |TAMS 0x0000000707400000, 0x0000000707400000| Untracked 
|  55|0x0000000707600000, 0x0000000707600000, 0x0000000707800000|  0%| F|  |TAMS 0x0000000707600000, 0x0000000707600000| Untracked 
|  56|0x0000000707800000, 0x0000000707800000, 0x0000000707a00000|  0%| F|  |TAMS 0x0000000707800000, 0x0000000707800000| Untracked 
|  57|0x0000000707a00000, 0x0000000707a00000, 0x0000000707c00000|  0%| F|  |TAMS 0x0000000707a00000, 0x0000000707a00000| Untracked 
|  58|0x0000000707c00000, 0x0000000707c00000, 0x0000000707e00000|  0%| F|  |TAMS 0x0000000707c00000, 0x0000000707c00000| Untracked 
|  59|0x0000000707e00000, 0x0000000707e00000, 0x0000000708000000|  0%| F|  |TAMS 0x0000000707e00000, 0x0000000707e00000| Untracked 
|  60|0x0000000708000000, 0x0000000708000000, 0x0000000708200000|  0%| F|  |TAMS 0x0000000708000000, 0x0000000708000000| Untracked 
|  61|0x0000000708200000, 0x0000000708200000, 0x0000000708400000|  0%| F|  |TAMS 0x0000000708200000, 0x0000000708200000| Untracked 
|  62|0x0000000708400000, 0x0000000708400000, 0x0000000708600000|  0%| F|  |TAMS 0x0000000708400000, 0x0000000708400000| Untracked 
|  63|0x0000000708600000, 0x0000000708600000, 0x0000000708800000|  0%| F|  |TAMS 0x0000000708600000, 0x0000000708600000| Untracked 
|  64|0x0000000708800000, 0x0000000708800000, 0x0000000708a00000|  0%| F|  |TAMS 0x0000000708800000, 0x0000000708800000| Untracked 
|  65|0x0000000708a00000, 0x0000000708a00000, 0x0000000708c00000|  0%| F|  |TAMS 0x0000000708a00000, 0x0000000708a00000| Untracked 
|  66|0x0000000708c00000, 0x0000000708c00000, 0x0000000708e00000|  0%| F|  |TAMS 0x0000000708c00000, 0x0000000708c00000| Untracked 
|  67|0x0000000708e00000, 0x0000000708e00000, 0x0000000709000000|  0%| F|  |TAMS 0x0000000708e00000, 0x0000000708e00000| Untracked 
|  68|0x0000000709000000, 0x0000000709000000, 0x0000000709200000|  0%| F|  |TAMS 0x0000000709000000, 0x0000000709000000| Untracked 
|  69|0x0000000709200000, 0x0000000709200000, 0x0000000709400000|  0%| F|  |TAMS 0x0000000709200000, 0x0000000709200000| Untracked 
|  70|0x0000000709400000, 0x0000000709400000, 0x0000000709600000|  0%| F|  |TAMS 0x0000000709400000, 0x0000000709400000| Untracked 
|  71|0x0000000709600000, 0x0000000709600000, 0x0000000709800000|  0%| F|  |TAMS 0x0000000709600000, 0x0000000709600000| Untracked 
|  72|0x0000000709800000, 0x0000000709800000, 0x0000000709a00000|  0%| F|  |TAMS 0x0000000709800000, 0x0000000709800000| Untracked 
|  73|0x0000000709a00000, 0x0000000709a00000, 0x0000000709c00000|  0%| F|  |TAMS 0x0000000709a00000, 0x0000000709a00000| Untracked 
|  74|0x0000000709c00000, 0x0000000709c00000, 0x0000000709e00000|  0%| F|  |TAMS 0x0000000709c00000, 0x0000000709c00000| Untracked 
|  75|0x0000000709e00000, 0x0000000709e00000, 0x000000070a000000|  0%| F|  |TAMS 0x0000000709e00000, 0x0000000709e00000| Untracked 
|  76|0x000000070a000000, 0x000000070a000000, 0x000000070a200000|  0%| F|  |TAMS 0x000000070a000000, 0x000000070a000000| Untracked 
|  77|0x000000070a200000, 0x000000070a200000, 0x000000070a400000|  0%| F|  |TAMS 0x000000070a200000, 0x000000070a200000| Untracked 
|  78|0x000000070a400000, 0x000000070a400000, 0x000000070a600000|  0%| F|  |TAMS 0x000000070a400000, 0x000000070a400000| Untracked 
|  79|0x000000070a600000, 0x000000070a600000, 0x000000070a800000|  0%| F|  |TAMS 0x000000070a600000, 0x000000070a600000| Untracked 
|  80|0x000000070a800000, 0x000000070a800000, 0x000000070aa00000|  0%| F|  |TAMS 0x000000070a800000, 0x000000070a800000| Untracked 
|  81|0x000000070aa00000, 0x000000070aa00000, 0x000000070ac00000|  0%| F|  |TAMS 0x000000070aa00000, 0x000000070aa00000| Untracked 
|  82|0x000000070ac00000, 0x000000070ac00000, 0x000000070ae00000|  0%| F|  |TAMS 0x000000070ac00000, 0x000000070ac00000| Untracked 
|  83|0x000000070ae00000, 0x000000070ae00000, 0x000000070b000000|  0%| F|  |TAMS 0x000000070ae00000, 0x000000070ae00000| Untracked 
|  84|0x000000070b000000, 0x000000070b000000, 0x000000070b200000|  0%| F|  |TAMS 0x000000070b000000, 0x000000070b000000| Untracked 
|  85|0x000000070b200000, 0x000000070b200000, 0x000000070b400000|  0%| F|  |TAMS 0x000000070b200000, 0x000000070b200000| Untracked 
|  86|0x000000070b400000, 0x000000070b400000, 0x000000070b600000|  0%| F|  |TAMS 0x000000070b400000, 0x000000070b400000| Untracked 
|  87|0x000000070b600000, 0x000000070b600000, 0x000000070b800000|  0%| F|  |TAMS 0x000000070b600000, 0x000000070b600000| Untracked 
|  88|0x000000070b800000, 0x000000070b800000, 0x000000070ba00000|  0%| F|  |TAMS 0x000000070b800000, 0x000000070b800000| Untracked 
|  89|0x000000070ba00000, 0x000000070ba00000, 0x000000070bc00000|  0%| F|  |TAMS 0x000000070ba00000, 0x000000070ba00000| Untracked 
|  90|0x000000070bc00000, 0x000000070bc00000, 0x000000070be00000|  0%| F|  |TAMS 0x000000070bc00000, 0x000000070bc00000| Untracked 
|  91|0x000000070be00000, 0x000000070be00000, 0x000000070c000000|  0%| F|  |TAMS 0x000000070be00000, 0x000000070be00000| Untracked 
|  92|0x000000070c000000, 0x000000070c000000, 0x000000070c200000|  0%| F|  |TAMS 0x000000070c000000, 0x000000070c000000| Untracked 
|  93|0x000000070c200000, 0x000000070c200000, 0x000000070c400000|  0%| F|  |TAMS 0x000000070c200000, 0x000000070c200000| Untracked 
|  94|0x000000070c400000, 0x000000070c400000, 0x000000070c600000|  0%| F|  |TAMS 0x000000070c400000, 0x000000070c400000| Untracked 
|  95|0x000000070c600000, 0x000000070c600000, 0x000000070c800000|  0%| F|  |TAMS 0x000000070c600000, 0x000000070c600000| Untracked 
|  96|0x000000070c800000, 0x000000070c800000, 0x000000070ca00000|  0%| F|  |TAMS 0x000000070c800000, 0x000000070c800000| Untracked 
|  97|0x000000070ca00000, 0x000000070ca00000, 0x000000070cc00000|  0%| F|  |TAMS 0x000000070ca00000, 0x000000070ca00000| Untracked 
|  98|0x000000070cc00000, 0x000000070cc00000, 0x000000070ce00000|  0%| F|  |TAMS 0x000000070cc00000, 0x000000070cc00000| Untracked 
|  99|0x000000070ce00000, 0x000000070ce00000, 0x000000070d000000|  0%| F|  |TAMS 0x000000070ce00000, 0x000000070ce00000| Untracked 
| 100|0x000000070d000000, 0x000000070d000000, 0x000000070d200000|  0%| F|  |TAMS 0x000000070d000000, 0x000000070d000000| Untracked 
| 101|0x000000070d200000, 0x000000070d200000, 0x000000070d400000|  0%| F|  |TAMS 0x000000070d200000, 0x000000070d200000| Untracked 
| 102|0x000000070d400000, 0x000000070d400000, 0x000000070d600000|  0%| F|  |TAMS 0x000000070d400000, 0x000000070d400000| Untracked 
| 103|0x000000070d600000, 0x000000070d600000, 0x000000070d800000|  0%| F|  |TAMS 0x000000070d600000, 0x000000070d600000| Untracked 
| 104|0x000000070d800000, 0x000000070d800000, 0x000000070da00000|  0%| F|  |TAMS 0x000000070d800000, 0x000000070d800000| Untracked 
| 105|0x000000070da00000, 0x000000070da00000, 0x000000070dc00000|  0%| F|  |TAMS 0x000000070da00000, 0x000000070da00000| Untracked 
| 106|0x000000070dc00000, 0x000000070dd06a90, 0x000000070de00000| 51%| E|  |TAMS 0x000000070dc00000, 0x000000070dc00000| Complete 
| 107|0x000000070de00000, 0x000000070e000000, 0x000000070e000000|100%| E|CS|TAMS 0x000000070de00000, 0x000000070de00000| Complete 
| 108|0x000000070e000000, 0x000000070e200000, 0x000000070e200000|100%| E|CS|TAMS 0x000000070e000000, 0x000000070e000000| Complete 
| 109|0x000000070e200000, 0x000000070e400000, 0x000000070e400000|100%| E|CS|TAMS 0x000000070e200000, 0x000000070e200000| Complete 
| 110|0x000000070e400000, 0x000000070e600000, 0x000000070e600000|100%| E|CS|TAMS 0x000000070e400000, 0x000000070e400000| Complete 
| 111|0x000000070e600000, 0x000000070e800000, 0x000000070e800000|100%| E|CS|TAMS 0x000000070e600000, 0x000000070e600000| Complete 
| 112|0x000000070e800000, 0x000000070ea00000, 0x000000070ea00000|100%| E|CS|TAMS 0x000000070e800000, 0x000000070e800000| Complete 
| 113|0x000000070ea00000, 0x000000070ec00000, 0x000000070ec00000|100%| E|CS|TAMS 0x000000070ea00000, 0x000000070ea00000| Complete 
| 114|0x000000070ec00000, 0x000000070ee00000, 0x000000070ee00000|100%| E|CS|TAMS 0x000000070ec00000, 0x000000070ec00000| Complete 
| 115|0x000000070ee00000, 0x000000070f000000, 0x000000070f000000|100%| E|CS|TAMS 0x000000070ee00000, 0x000000070ee00000| Complete 
| 116|0x000000070f000000, 0x000000070f200000, 0x000000070f200000|100%| E|CS|TAMS 0x000000070f000000, 0x000000070f000000| Complete 
| 117|0x000000070f200000, 0x000000070f400000, 0x000000070f400000|100%| S|CS|TAMS 0x000000070f200000, 0x000000070f200000| Complete 
| 118|0x000000070f400000, 0x000000070f600000, 0x000000070f600000|100%| S|CS|TAMS 0x000000070f400000, 0x000000070f400000| Complete 
| 119|0x000000070f600000, 0x000000070f800000, 0x000000070f800000|100%| E|CS|TAMS 0x000000070f600000, 0x000000070f600000| Complete 
| 120|0x000000070f800000, 0x000000070fa00000, 0x000000070fa00000|100%| E|CS|TAMS 0x000000070f800000, 0x000000070f800000| Complete 
| 121|0x000000070fa00000, 0x000000070fc00000, 0x000000070fc00000|100%| E|CS|TAMS 0x000000070fa00000, 0x000000070fa00000| Complete 
| 122|0x000000070fc00000, 0x000000070fe00000, 0x000000070fe00000|100%| E|CS|TAMS 0x000000070fc00000, 0x000000070fc00000| Complete 
| 123|0x000000070fe00000, 0x0000000710000000, 0x0000000710000000|100%| E|CS|TAMS 0x000000070fe00000, 0x000000070fe00000| Complete 
| 124|0x0000000710000000, 0x0000000710200000, 0x0000000710200000|100%| E|CS|TAMS 0x0000000710000000, 0x0000000710000000| Complete 
| 125|0x0000000710200000, 0x0000000710400000, 0x0000000710400000|100%| E|CS|TAMS 0x0000000710200000, 0x0000000710200000| Complete 
| 126|0x0000000710400000, 0x0000000710600000, 0x0000000710600000|100%| E|CS|TAMS 0x0000000710400000, 0x0000000710400000| Complete 
| 127|0x0000000710600000, 0x0000000710800000, 0x0000000710800000|100%| E|CS|TAMS 0x0000000710600000, 0x0000000710600000| Complete 

Card table byte_map: [0x000001995ae10000,0x000001995b610000] _byte_map_base: 0x000001995760c000

Marking Bits (Prev, Next): (CMBitMap*) 0x0000019943e713d0, (CMBitMap*) 0x0000019943e71410
 Prev Bits: [0x000001995be10000, 0x000001995fdf0000)
 Next Bits: [0x000001995fdf0000, 0x0000019963dd0000)

Polling page: 0x00000199435f0000

Metaspace:

Usage:
  Non-class:     13.39 MB used.
      Class:      2.11 MB used.
       Both:     15.50 MB used.

Virtual space:
  Non-class space:       16.00 MB reserved,      13.50 MB ( 84%) committed,  2 nodes.
      Class space:        1.00 GB reserved,       2.25 MB ( <1%) committed,  1 nodes.
             Both:        1.02 GB reserved,      15.75 MB (  2%) committed. 

Chunk freelists:
   Non-Class:  2.47 MB
       Class:  1.78 MB
        Both:  4.25 MB

MaxMetaspaceSize: unlimited
CompressedClassSpaceSize: 1.00 GB
Initial GC threshold: 21.00 MB
Current GC threshold: 21.00 MB
CDS: on
MetaspaceReclaimPolicy: balanced
 - commit_granule_bytes: 65536.
 - commit_granule_words: 8192.
 - virtual_space_node_default_size: 1048576.
 - enlarge_chunks_in_place: 1.
 - new_chunks_are_fully_committed: 0.
 - uncommit_free_chunks: 1.
 - use_allocation_guard: 0.
 - handle_deallocations: 1.


Internal statistics:

num_allocs_failed_limit: 0.
num_arena_births: 208.
num_arena_deaths: 0.
num_vsnodes_births: 3.
num_vsnodes_deaths: 0.
num_space_committed: 252.
num_space_uncommitted: 0.
num_chunks_returned_to_freelist: 0.
num_chunks_taken_from_freelist: 703.
num_chunk_merges: 0.
num_chunk_splits: 487.
num_chunks_enlarged: 384.
num_purges: 0.
num_inconsistent_stats: 0.

CodeHeap 'non-profiled nmethods': size=120000Kb used=1243Kb max_used=1243Kb free=118756Kb
 bounds [0x00000199530e0000, 0x0000019953350000, 0x000001995a610000]
CodeHeap 'profiled nmethods': size=120000Kb used=6327Kb max_used=6327Kb free=113672Kb
 bounds [0x000001994bbb0000, 0x000001994c1e0000, 0x00000199530e0000]
CodeHeap 'non-nmethods': size=5760Kb used=1424Kb max_used=1478Kb free=4335Kb
 bounds [0x000001994b610000, 0x000001994b880000, 0x000001994bbb0000]
 total_blobs=3925 nmethods=3143 adapters=693
 compilation: enabled
              stopped_count=0, restarted_count=0
 full_count=0

Compilation events (20 events):
Event: 20.396 Thread 0x00000199662dada0 nmethod 3136 0x000001994c1d5810 code [0x000001994c1d59e0, 0x000001994c1d5e28]
Event: 20.396 Thread 0x00000199662dada0 3137       3       com.sun.javafx.scene.shape.RectangleHelper::configShapeImpl (10 bytes)
Event: 20.396 Thread 0x00000199662dada0 nmethod 3137 0x000001994c1d5f90 code [0x000001994c1d6140, 0x000001994c1d6448]
Event: 20.396 Thread 0x00000199662dada0 3138       3       javafx.scene.shape.Rectangle$1::doConfigShape (8 bytes)
Event: 20.396 Thread 0x00000199662dada0 nmethod 3138 0x000001994c1d6590 code [0x000001994c1d6740, 0x000001994c1d6988]
Event: 20.396 Thread 0x00000199662dada0 3139       3       javafx.scene.shape.Rectangle::doConfigShape (92 bytes)
Event: 20.398 Thread 0x00000199662dada0 nmethod 3139 0x000001994c1d6a90 code [0x000001994c1d6e40, 0x000001994c1d9358]
Event: 20.398 Thread 0x00000199662dada0 3140       3       javafx.scene.shape.Shape::computeShapeContains (159 bytes)
Event: 20.399 Thread 0x00000199662dada0 nmethod 3140 0x000001994c1d9c90 code [0x000001994c1da040, 0x000001994c1dbad8]
Event: 20.399 Thread 0x00000199662dada0 3141       3       com.sun.javafx.geom.RoundRectangle2D::contains (189 bytes)
Event: 20.400 Thread 0x00000199662dada0 nmethod 3141 0x000001994c1dc310 code [0x000001994c1dc540, 0x000001994c1dcef8]
Event: 20.400 Thread 0x00000199662dada0 3142       3       com.sun.javafx.geom.RoundRectangle2D::isEmpty (24 bytes)
Event: 20.400 Thread 0x00000199662dada0 nmethod 3142 0x000001994c1dd090 code [0x000001994c1dd220, 0x000001994c1dd418]
Event: 20.400 Thread 0x00000199662dada0 3143       3       javafx.scene.shape.Shape$1::doComputeContains (11 bytes)
Event: 20.400 Thread 0x00000199662dada0 nmethod 3143 0x000001994c1dd490 code [0x000001994c1dd640, 0x000001994c1dd888]
Event: 20.415 Thread 0x00000199662d03b0 nmethod 3133 0x0000019953210010 code [0x0000019953210340, 0x0000019953211dd0]
Event: 20.415 Thread 0x00000199662d03b0 3134       4       javafx.scene.layout.Region::doPickNodeLocal (30 bytes)
Event: 20.456 Thread 0x00000199662d03b0 nmethod 3134 0x0000019953213810 code [0x0000019953213b20, 0x0000019953215510]
Event: 50.623 Thread 0x00000199662dada0 3144       3       com.sun.prism.impl.BaseResourcePool::isManagerThread (16 bytes)
Event: 50.623 Thread 0x00000199662dada0 nmethod 3144 0x000001994c1dd990 code [0x000001994c1ddb20, 0x000001994c1ddcb8]

GC Heap History (4 events):
Event: 0.697 GC heap before
{Heap before GC invocations=0 (full 0):
 garbage-first heap   total 262144K, used 12288K [0x0000000700800000, 0x0000000800000000)
  region size 2048K, 6 young (12288K), 0 survivors (0K)
 Metaspace       used 2523K, committed 2624K, reserved 1056768K
  class space    used 269K, committed 320K, reserved 1048576K
}
Event: 0.699 GC heap after
{Heap after GC invocations=1 (full 0):
 garbage-first heap   total 262144K, used 1733K [0x0000000700800000, 0x0000000800000000)
  region size 2048K, 1 young (2048K), 1 survivors (2048K)
 Metaspace       used 2523K, committed 2624K, reserved 1056768K
  class space    used 269K, committed 320K, reserved 1048576K
}
Event: 1.733 GC heap before
{Heap before GC invocations=1 (full 0):
 garbage-first heap   total 262144K, used 16069K [0x0000000700800000, 0x0000000800000000)
  region size 2048K, 9 young (18432K), 1 survivors (2048K)
 Metaspace       used 8105K, committed 8256K, reserved 1056768K
  class space    used 1012K, committed 1088K, reserved 1048576K
}
Event: 1.738 GC heap after
{Heap after GC invocations=2 (full 0):
 garbage-first heap   total 262144K, used 4740K [0x0000000700800000, 0x0000000800000000)
  region size 2048K, 2 young (4096K), 2 survivors (4096K)
 Metaspace       used 8105K, committed 8256K, reserved 1056768K
  class space    used 1012K, committed 1088K, reserved 1048576K
}

Deoptimization events (20 events):
Event: 13.959 Thread 0x0000019967834340 DEOPT PACKING pc=0x00000199531e2274 sp=0x00000051e9df9df0
Event: 13.959 Thread 0x0000019967834340 DEOPT UNPACKING pc=0x000001994b6623a3 sp=0x00000051e9df9d90 mode 2
Event: 13.959 Thread 0x0000019967834340 Uncommon trap: trap_request=0xffffffde fr.pc=0x00000199531e2274 relative=0x00000000000000d4
Event: 13.959 Thread 0x0000019967834340 Uncommon trap: reason=class_check action=maybe_recompile pc=0x00000199531e2274 method=javafx.scene.Scene.getRoot()Ljavafx/scene/Parent; @ 18 c2
Event: 13.959 Thread 0x0000019967834340 DEOPT PACKING pc=0x00000199531e2274 sp=0x00000051e9dfa1d0
Event: 13.959 Thread 0x0000019967834340 DEOPT UNPACKING pc=0x000001994b6623a3 sp=0x00000051e9dfa170 mode 2
Event: 14.027 Thread 0x0000019967834340 Uncommon trap: trap_request=0xffffff45 fr.pc=0x00000199531b4e24 relative=0x0000000000000824
Event: 14.027 Thread 0x0000019967834340 Uncommon trap: reason=unstable_if action=reinterpret pc=0x00000199531b4e24 method=javafx.scene.Parent.getOrderedChildren()Ljava/util/List; @ 7 c2
Event: 14.027 Thread 0x0000019967834340 DEOPT PACKING pc=0x00000199531b4e24 sp=0x00000051e9df9720
Event: 14.027 Thread 0x0000019967834340 DEOPT UNPACKING pc=0x000001994b6623a3 sp=0x00000051e9df9470 mode 2
Event: 15.127 Thread 0x00000199676fdec0 Uncommon trap: trap_request=0xffffff45 fr.pc=0x00000199531dc4f4 relative=0x0000000000000074
Event: 15.127 Thread 0x00000199676fdec0 Uncommon trap: reason=unstable_if action=reinterpret pc=0x00000199531dc4f4 method=com.sun.javafx.font.CompositeStrike.getStrikeSlot(I)Lcom/sun/javafx/font/FontStrike; @ 8 c2
Event: 15.127 Thread 0x00000199676fdec0 DEOPT PACKING pc=0x00000199531dc4f4 sp=0x00000051e9afda10
Event: 15.127 Thread 0x00000199676fdec0 DEOPT UNPACKING pc=0x000001994b6623a3 sp=0x00000051e9afd998 mode 2
Event: 15.128 Thread 0x00000199676fdec0 Uncommon trap: trap_request=0xfffffff4 fr.pc=0x00000199531e425c relative=0x000000000000047c
Event: 15.128 Thread 0x00000199676fdec0 Uncommon trap: reason=null_check action=make_not_entrant pc=0x00000199531e425c method=com.sun.prism.impl.GlyphCache.getCachedGlyph(II)Lcom/sun/prism/impl/GlyphCache$GlyphData; @ 28 c2
Event: 15.128 Thread 0x00000199676fdec0 DEOPT PACKING pc=0x00000199531e425c sp=0x00000051e9afd620
Event: 15.128 Thread 0x00000199676fdec0 DEOPT UNPACKING pc=0x000001994b6623a3 sp=0x00000051e9afd530 mode 2
Event: 15.130 Thread 0x00000199676fdec0 DEOPT PACKING pc=0x000001994bed1db8 sp=0x00000051e9afdba0
Event: 15.130 Thread 0x00000199676fdec0 DEOPT UNPACKING pc=0x000001994b662b43 sp=0x00000051e9afcf58 mode 0

Classes unloaded (0 events):
No events

Classes redefined (0 events):
No events

Internal exceptions (20 events):
Event: 2.109 Thread 0x0000019967834340 Exception <a 'java/lang/NoSuchMethodError'{0x00000007102c5fd0}: 'void java.lang.invoke.DirectMethodHandle$Holder.invokeStaticInit(java.lang.Object, java.lang.Object)'> (0x00000007102c5fd0) 
thrown [t:\workspace\open\src\hotspot\share\interpreter\linkResolver.cpp, line 766]
Event: 2.121 Thread 0x0000019967834340 Exception <a 'java/lang/NoSuchMethodError'{0x00000007103cd5b0}: 'void java.lang.invoke.DirectMethodHandle$Holder.invokeSpecial(java.lang.Object, java.lang.Object, java.lang.Object, java.lang.Object, java.lang.Object)'> (0x00000007103cd5b0) 
thrown [t:\workspace\open\src\hotspot\share\interpreter\linkResolver.cpp, line 766]
Event: 2.454 Thread 0x0000019967834340 Implicit null exception at 0x00000199530fa5e0 to 0x00000199530fa870
Event: 2.488 Thread 0x0000019967834340 Implicit null exception at 0x0000019953148a8d to 0x0000019953149138
Event: 2.824 Thread 0x0000019967834340 Exception <a 'java/lang/ClassNotFoundException'{0x000000070f953220}: com/sun/javafx/scene/control/skin/resources/controls> (0x000000070f953220) 
thrown [t:\workspace\open\src\hotspot\share\prims\jni.cpp, line 535]
Event: 2.826 Thread 0x0000019967834340 Exception <a 'java/lang/ClassNotFoundException'{0x000000070f960d20}: com/sun/javafx/scene/control/skin/resources/controls_ru> (0x000000070f960d20) 
thrown [t:\workspace\open\src\hotspot\share\prims\jni.cpp, line 535]
Event: 2.827 Thread 0x0000019967834340 Exception <a 'java/lang/ClassNotFoundException'{0x000000070f961cb8}: com/sun/javafx/scene/control/skin/resources/controls_ru_RU> (0x000000070f961cb8) 
thrown [t:\workspace\open\src\hotspot\share\prims\jni.cpp, line 535]
Event: 2.924 Thread 0x0000019967834340 Exception <a 'java/lang/NoSuchMethodError'{0x000000070f725a78}: 'void java.lang.invoke.DirectMethodHandle$Holder.invokeSpecial(java.lang.Object, java.lang.Object, java.lang.Object, java.lang.Object, java.lang.Object, java.lang.Object)'> (0x000000070f725a78) 
thrown [t:\workspace\open\src\hotspot\share\interpreter\linkResolver.cpp, line 766]
Event: 3.037 Thread 0x0000019967834340 Exception <a 'java/lang/NoSuchMethodError'{0x000000070f1867d8}: 'java.lang.Object java.lang.invoke.DirectMethodHandle$Holder.invokeInterface(java.lang.Object, java.lang.Object, java.lang.Object)'> (0x000000070f1867d8) 
thrown [t:\workspace\open\src\hotspot\share\interpreter\linkResolver.cpp, line 766]
Event: 3.038 Thread 0x0000019967834340 Exception <a 'java/lang/IncompatibleClassChangeError'{0x000000070f18a160}: Found class java.lang.Object, but interface was expected> (0x000000070f18a160) 
thrown [t:\workspace\open\src\hotspot\share\interpreter\linkResolver.cpp, line 833]
Event: 3.281 Thread 0x0000019967834340 Exception <a 'java/lang/NoSuchMethodError'{0x000000070ec27228}: 'java.lang.Object java.lang.invoke.DirectMethodHandle$Holder.newInvokeSpecial(java.lang.Object, java.lang.Object, int)'> (0x000000070ec27228) 
thrown [t:\workspace\open\src\hotspot\share\interpreter\linkResolver.cpp, line 766]
Event: 3.307 Thread 0x00000199676fdec0 Exception <a 'java/lang/NoSuchMethodError'{0x000000070edfaf08}: 'int java.lang.invoke.DirectMethodHandle$Holder.invokeStaticInit(java.lang.Object, java.lang.Object)'> (0x000000070edfaf08) 
thrown [t:\workspace\open\src\hotspot\share\interpreter\linkResolver.cpp, line 766]
Event: 3.351 Thread 0x0000019967834340 Exception <a 'java/lang/NoSuchMethodError'{0x000000070ec7be18}: 'long java.lang.invoke.DirectMethodHandle$Holder.invokeStatic(java.lang.Object, java.lang.Object, java.lang.Object)'> (0x000000070ec7be18) 
thrown [t:\workspace\open\src\hotspot\share\interpreter\linkResolver.cpp, line 766]
Event: 3.351 Thread 0x0000019967834340 Exception <a 'java/lang/NoSuchMethodError'{0x000000070ec7f5c0}: 'long java.lang.invoke.DirectMethodHandle$Holder.invokeStaticInit(java.lang.Object, java.lang.Object, java.lang.Object)'> (0x000000070ec7f5c0) 
thrown [t:\workspace\open\src\hotspot\share\interpreter\linkResolver.cpp, line 766]
Event: 3.353 Thread 0x0000019967834340 Exception <a 'java/lang/NoSuchMethodError'{0x000000070ec971c8}: 'java.lang.Object java.lang.invoke.DirectMethodHandle$Holder.newInvokeSpecial(java.lang.Object, java.lang.Object, long)'> (0x000000070ec971c8) 
thrown [t:\workspace\open\src\hotspot\share\interpreter\linkResolver.cpp, line 766]
Event: 3.354 Thread 0x0000019967834340 Exception <a 'java/lang/NoSuchMethodError'{0x000000070ec9ad38}: 'java.lang.Object java.lang.invoke.Invokers$Holder.linkToTargetMethod(java.lang.Object, long, java.lang.Object)'> (0x000000070ec9ad38) 
thrown [t:\workspace\open\src\hotspot\share\interpreter\linkResolver.cpp, line 766]
Event: 5.575 Thread 0x0000019967834340 Exception <a 'java/lang/NoSuchMethodError'{0x000000070e687860}: 'java.lang.Object java.lang.invoke.DirectMethodHandle$Holder.newInvokeSpecial(java.lang.Object, java.lang.Object, int, int, int, int, int, java.lang.Object)'> (0x000000070e687860) 
thrown [t:\workspace\open\src\hotspot\share\interpreter\linkResolver.cpp, line 766]
Event: 5.581 Thread 0x0000019967834340 Exception <a 'java/lang/NoSuchMethodError'{0x000000070e69a840}: 'java.lang.Object java.lang.invoke.DirectMethodHandle$Holder.newInvokeSpecial(java.lang.Object, java.lang.Object, java.lang.Object, int, int, int, int, int)'> (0x000000070e69a840) 
thrown [t:\workspace\open\src\hotspot\share\interpreter\linkResolver.cpp, line 766]
Event: 5.582 Thread 0x0000019967834340 Exception <a 'java/lang/NoSuchMethodError'{0x000000070e6a20a0}: 'java.lang.Object java.lang.invoke.Invokers$Holder.linkToTargetMethod(java.lang.Object, java.lang.Object, int, int, int, int, int, java.lang.Object)'> (0x000000070e6a20a0) 
thrown [t:\workspace\open\src\hotspot\share\interpreter\linkResolver.cpp, line 766]
Event: 15.128 Thread 0x00000199676fdec0 Implicit null exception at 0x00000199531e3ed5 to 0x00000199531e4231

VM Operations (20 events):
Event: 9.883 Executing VM operation: Cleanup done
Event: 10.884 Executing VM operation: Cleanup
Event: 10.884 Executing VM operation: Cleanup done
Event: 11.884 Executing VM operation: Cleanup
Event: 11.885 Executing VM operation: Cleanup done
Event: 12.885 Executing VM operation: Cleanup
Event: 12.886 Executing VM operation: Cleanup done
Event: 13.886 Executing VM operation: Cleanup
Event: 13.886 Executing VM operation: Cleanup done
Event: 14.886 Executing VM operation: Cleanup
Event: 14.886 Executing VM operation: Cleanup done
Event: 15.887 Executing VM operation: Cleanup
Event: 15.887 Executing VM operation: Cleanup done
Event: 16.887 Executing VM operation: Cleanup
Event: 16.888 Executing VM operation: Cleanup done
Event: 20.891 Executing VM operation: Cleanup
Event: 20.891 Executing VM operation: Cleanup done
Event: 23.894 Executing VM operation: Cleanup
Event: 23.894 Executing VM operation: Cleanup done
Event: 50.623 Executing VM operation: Exit

Events (20 events):
Event: 5.135 loading class sun/util/resources/BreakIteratorResourceBundle done
Event: 5.135 loading class sun/text/resources/BreakIteratorResources done
Event: 5.136 loading class sun/text/RuleBasedBreakIterator
Event: 5.136 loading class sun/text/RuleBasedBreakIterator done
Event: 5.138 loading class sun/text/CompactByteArray
Event: 5.138 loading class sun/text/CompactByteArray done
Event: 5.138 loading class sun/text/SupplementaryCharacterData
Event: 5.139 loading class sun/text/SupplementaryCharacterData done
Event: 5.139 loading class java/text/BreakIterator$BreakIteratorCache
Event: 5.139 loading class java/text/BreakIterator$BreakIteratorCache done
Event: 13.935 Thread 0x0000019966d2ee10 Thread added: 0x0000019966d2ee10
Event: 14.834 Thread 0x0000019966d2ee10 Thread exited: 0x0000019966d2ee10
Event: 50.620 loading class jdk/internal/misc/Signal$1
Event: 50.621 loading class jdk/internal/misc/Signal$1 done
Event: 50.621 Thread 0x0000019968947d10 Thread added: 0x0000019968947d10
Event: 50.621 Thread 0x0000019968946500 Thread added: 0x0000019968946500
Event: 50.621 Thread 0x00000199689469d0 Thread added: 0x00000199689469d0
Event: 50.622 Thread 0x0000019968946500 Thread exited: 0x0000019968946500
Event: 50.623 Thread 0x00000199689469d0 Thread exited: 0x00000199689469d0
Event: 50.623 Thread 0x00000199662cb8b0 Thread exited: 0x00000199662cb8b0


Dynamic libraries:
0x00007ff63abd0000 - 0x00007ff63abde000 	C:\Users\Nikita\.jdks\openjdk-17\bin\java.exe
0x00007fff98810000 - 0x00007fff989fd000 	C:\Windows\SYSTEM32\ntdll.dll
0x00007fff98600000 - 0x00007fff986b3000 	C:\Windows\System32\KERNEL32.DLL
0x00007fff949b0000 - 0x00007fff94c4a000 	C:\Windows\System32\KERNELBASE.dll
0x00007fff94c50000 - 0x00007fff94d4a000 	C:\Windows\System32\ucrtbase.dll
0x00007fff8a800000 - 0x00007fff8a81a000 	C:\Users\Nikita\.jdks\openjdk-17\bin\VCRUNTIME140.dll
0x00007fff8d0b0000 - 0x00007fff8d0c8000 	C:\Users\Nikita\.jdks\openjdk-17\bin\jli.dll
0x00007fff975a0000 - 0x00007fff97737000 	C:\Windows\System32\USER32.dll
0x00007fff77430000 - 0x00007fff776a9000 	C:\Windows\WinSxS\amd64_microsoft.windows.common-controls_6595b64144ccf1df_6.0.17763.3046_none_de715ebe534b36e3\COMCTL32.dll
0x00007fff983b0000 - 0x00007fff9844e000 	C:\Windows\System32\msvcrt.dll
0x00007fff94f50000 - 0x00007fff94f70000 	C:\Windows\System32\win32u.dll
0x00007fff95e30000 - 0x00007fff95e59000 	C:\Windows\System32\GDI32.dll
0x00007fff977b0000 - 0x00007fff97adb000 	C:\Windows\System32\combase.dll
0x00007fff986c0000 - 0x00007fff987dd000 	C:\Windows\System32\RPCRT4.dll
0x00007fff94ff0000 - 0x00007fff9518c000 	C:\Windows\System32\gdi32full.dll
0x00007fff958e0000 - 0x00007fff95980000 	C:\Windows\System32\msvcp_win.dll
0x00007fff95980000 - 0x00007fff95a02000 	C:\Windows\System32\bcryptPrimitives.dll
0x00007fff96010000 - 0x00007fff9603e000 	C:\Windows\System32\IMM32.DLL
0x00007fff8ef90000 - 0x00007fff8ef9c000 	C:\Users\Nikita\.jdks\openjdk-17\bin\vcruntime140_1.dll
0x00007fff7b6a0000 - 0x00007fff7b72d000 	C:\Users\Nikita\.jdks\openjdk-17\bin\msvcp140.dll
0x00007fff5dfe0000 - 0x00007fff5eb9e000 	C:\Users\Nikita\.jdks\openjdk-17\bin\server\jvm.dll
0x00007fff95aa0000 - 0x00007fff95b47000 	C:\Windows\System32\ADVAPI32.dll
0x00007fff97d70000 - 0x00007fff97e0f000 	C:\Windows\System32\sechost.dll
0x00007fff983a0000 - 0x00007fff983a8000 	C:\Windows\System32\PSAPI.DLL
0x00007fff8ede0000 - 0x00007fff8ede9000 	C:\Windows\SYSTEM32\WSOCK32.dll
0x00007fff97740000 - 0x00007fff977ad000 	C:\Windows\System32\WS2_32.dll
0x00007fff92910000 - 0x00007fff92934000 	C:\Windows\SYSTEM32\WINMM.dll
0x00007fff8d010000 - 0x00007fff8d01a000 	C:\Windows\SYSTEM32\VERSION.dll
0x00007fff928e0000 - 0x00007fff9290d000 	C:\Windows\SYSTEM32\WINMMBASE.dll
0x00007fff948b0000 - 0x00007fff948fa000 	C:\Windows\System32\cfgmgr32.dll
0x00007fff94840000 - 0x00007fff94851000 	C:\Windows\System32\kernel.appcore.dll
0x00007fff8edf0000 - 0x00007fff8edfa000 	C:\Users\Nikita\.jdks\openjdk-17\bin\jimage.dll
0x00007fff86010000 - 0x00007fff861fd000 	C:\Windows\SYSTEM32\DBGHELP.DLL
0x00007fff85e60000 - 0x00007fff85e8a000 	C:\Windows\SYSTEM32\dbgcore.DLL
0x00007fff8a7f0000 - 0x00007fff8a7fe000 	C:\Users\Nikita\.jdks\openjdk-17\bin\instrument.dll
0x00007fff824c0000 - 0x00007fff824e5000 	C:\Users\Nikita\.jdks\openjdk-17\bin\java.dll
0x00007fff75390000 - 0x00007fff75466000 	C:\Users\Nikita\.jdks\openjdk-17\bin\svml.dll
0x00007fff96040000 - 0x00007fff97538000 	C:\Windows\System32\SHELL32.dll
0x00007fff97e10000 - 0x00007fff97eb7000 	C:\Windows\System32\shcore.dll
0x00007fff95190000 - 0x00007fff958d8000 	C:\Windows\System32\windows.storage.dll
0x00007fff94860000 - 0x00007fff94883000 	C:\Windows\System32\profapi.dll
0x00007fff947e0000 - 0x00007fff9483d000 	C:\Windows\System32\powrprof.dll
0x00007fff98340000 - 0x00007fff98392000 	C:\Windows\System32\shlwapi.dll
0x00007fff94f70000 - 0x00007fff94f87000 	C:\Windows\System32\cryptsp.dll
0x00007fff83310000 - 0x00007fff83329000 	C:\Users\Nikita\.jdks\openjdk-17\bin\net.dll
0x00007fff8ffc0000 - 0x00007fff900b1000 	C:\Windows\SYSTEM32\WINHTTP.dll
0x00007fff93fd0000 - 0x00007fff94037000 	C:\Windows\system32\mswsock.dll
0x00007fff824a0000 - 0x00007fff824b5000 	C:\Users\Nikita\.jdks\openjdk-17\bin\nio.dll
0x00007fff81ee0000 - 0x00007fff81ef8000 	C:\Users\Nikita\.jdks\openjdk-17\bin\zip.dll
0x00007fff81ec0000 - 0x00007fff81eda000 	C:\Program Files\JetBrains\IntelliJ IDEA Community Edition 2021.2.2\bin\breakgen64.dll
0x0000019943dc0000 - 0x0000019943dc3000 	C:\Users\Nikita\.openjfx\cache\17-ea\api-ms-win-core-console-l1-1-0.dll
0x0000019943dd0000 - 0x0000019943dd3000 	C:\Users\Nikita\.openjfx\cache\17-ea\api-ms-win-core-console-l1-2-0.dll
0x0000019943de0000 - 0x0000019943de3000 	C:\Users\Nikita\.openjfx\cache\17-ea\api-ms-win-core-datetime-l1-1-0.dll
0x0000019966310000 - 0x0000019966313000 	C:\Users\Nikita\.openjfx\cache\17-ea\api-ms-win-core-debug-l1-1-0.dll
0x0000019966320000 - 0x0000019966323000 	C:\Users\Nikita\.openjfx\cache\17-ea\api-ms-win-core-errorhandling-l1-1-0.dll
0x0000019966330000 - 0x0000019966334000 	C:\Users\Nikita\.openjfx\cache\17-ea\api-ms-win-core-file-l1-1-0.dll
0x0000019966340000 - 0x0000019966343000 	C:\Users\Nikita\.openjfx\cache\17-ea\api-ms-win-core-file-l1-2-0.dll
0x0000019966350000 - 0x0000019966353000 	C:\Users\Nikita\.openjfx\cache\17-ea\api-ms-win-core-file-l2-1-0.dll
0x0000019966360000 - 0x0000019966363000 	C:\Users\Nikita\.openjfx\cache\17-ea\api-ms-win-core-handle-l1-1-0.dll
0x0000019966370000 - 0x0000019966373000 	C:\Users\Nikita\.openjfx\cache\17-ea\api-ms-win-core-heap-l1-1-0.dll
0x0000019966380000 - 0x0000019966383000 	C:\Users\Nikita\.openjfx\cache\17-ea\api-ms-win-core-interlocked-l1-1-0.dll
0x0000019966390000 - 0x0000019966393000 	C:\Users\Nikita\.openjfx\cache\17-ea\api-ms-win-core-libraryloader-l1-1-0.dll
0x00000199663a0000 - 0x00000199663a3000 	C:\Users\Nikita\.openjfx\cache\17-ea\api-ms-win-core-localization-l1-2-0.dll
0x00000199663b0000 - 0x00000199663b3000 	C:\Users\Nikita\.openjfx\cache\17-ea\api-ms-win-core-memory-l1-1-0.dll
0x00000199663c0000 - 0x00000199663c3000 	C:\Users\Nikita\.openjfx\cache\17-ea\api-ms-win-core-namedpipe-l1-1-0.dll
0x00000199663d0000 - 0x00000199663d3000 	C:\Users\Nikita\.openjfx\cache\17-ea\api-ms-win-core-processenvironment-l1-1-0.dll
0x00000199663e0000 - 0x00000199663e3000 	C:\Users\Nikita\.openjfx\cache\17-ea\api-ms-win-core-processthreads-l1-1-0.dll
0x00000199663f0000 - 0x00000199663f3000 	C:\Users\Nikita\.openjfx\cache\17-ea\api-ms-win-core-processthreads-l1-1-1.dll
0x0000019967900000 - 0x0000019967903000 	C:\Users\Nikita\.openjfx\cache\17-ea\api-ms-win-core-profile-l1-1-0.dll
0x0000019967910000 - 0x0000019967913000 	C:\Users\Nikita\.openjfx\cache\17-ea\api-ms-win-core-rtlsupport-l1-1-0.dll
0x0000019967920000 - 0x0000019967923000 	C:\Users\Nikita\.openjfx\cache\17-ea\api-ms-win-core-string-l1-1-0.dll
0x0000019967930000 - 0x0000019967933000 	C:\Users\Nikita\.openjfx\cache\17-ea\api-ms-win-core-synch-l1-1-0.dll
0x0000019967940000 - 0x0000019967943000 	C:\Users\Nikita\.openjfx\cache\17-ea\api-ms-win-core-synch-l1-2-0.dll
0x0000019967950000 - 0x0000019967953000 	C:\Users\Nikita\.openjfx\cache\17-ea\api-ms-win-core-sysinfo-l1-1-0.dll
0x0000019967960000 - 0x0000019967963000 	C:\Users\Nikita\.openjfx\cache\17-ea\api-ms-win-core-timezone-l1-1-0.dll
0x0000019967970000 - 0x0000019967973000 	C:\Users\Nikita\.openjfx\cache\17-ea\api-ms-win-core-util-l1-1-0.dll
0x0000019967980000 - 0x0000019967983000 	C:\Users\Nikita\.openjfx\cache\17-ea\api-ms-win-crt-conio-l1-1-0.dll
0x0000019967990000 - 0x0000019967994000 	C:\Users\Nikita\.openjfx\cache\17-ea\api-ms-win-crt-convert-l1-1-0.dll
0x00000199679a0000 - 0x00000199679a3000 	C:\Users\Nikita\.openjfx\cache\17-ea\api-ms-win-crt-environment-l1-1-0.dll
0x00000199679b0000 - 0x00000199679b3000 	C:\Users\Nikita\.openjfx\cache\17-ea\api-ms-win-crt-filesystem-l1-1-0.dll
0x00000199679c0000 - 0x00000199679c3000 	C:\Users\Nikita\.openjfx\cache\17-ea\api-ms-win-crt-heap-l1-1-0.dll
0x00000199679d0000 - 0x00000199679d3000 	C:\Users\Nikita\.openjfx\cache\17-ea\api-ms-win-crt-locale-l1-1-0.dll
0x00000199679e0000 - 0x00000199679e5000 	C:\Users\Nikita\.openjfx\cache\17-ea\api-ms-win-crt-math-l1-1-0.dll
0x00000199679f0000 - 0x00000199679f5000 	C:\Users\Nikita\.openjfx\cache\17-ea\api-ms-win-crt-multibyte-l1-1-0.dll
0x0000019967a00000 - 0x0000019967a10000 	C:\Users\Nikita\.openjfx\cache\17-ea\api-ms-win-crt-private-l1-1-0.dll
0x0000019967a10000 - 0x0000019967a13000 	C:\Users\Nikita\.openjfx\cache\17-ea\api-ms-win-crt-process-l1-1-0.dll
0x0000019967a20000 - 0x0000019967a24000 	C:\Users\Nikita\.openjfx\cache\17-ea\api-ms-win-crt-runtime-l1-1-0.dll
0x0000019967a30000 - 0x0000019967a34000 	C:\Users\Nikita\.openjfx\cache\17-ea\api-ms-win-crt-stdio-l1-1-0.dll
0x0000019967a40000 - 0x0000019967a44000 	C:\Users\Nikita\.openjfx\cache\17-ea\api-ms-win-crt-string-l1-1-0.dll
0x0000019967a50000 - 0x0000019967a53000 	C:\Users\Nikita\.openjfx\cache\17-ea\api-ms-win-crt-time-l1-1-0.dll
0x0000019967a60000 - 0x0000019967a63000 	C:\Users\Nikita\.openjfx\cache\17-ea\api-ms-win-crt-utility-l1-1-0.dll
0x00007fff72810000 - 0x00007fff7290c000 	C:\Users\Nikita\.openjfx\cache\17-ea\ucrtbase.dll
0x00007fff81c50000 - 0x00007fff81c6a000 	C:\Users\Nikita\.openjfx\cache\17-ea\vcruntime140.dll
0x00007fff85080000 - 0x00007fff8508c000 	C:\Users\Nikita\.openjfx\cache\17-ea\vcruntime140_1.dll
0x00007fff75300000 - 0x00007fff7538d000 	C:\Users\Nikita\.openjfx\cache\17-ea\msvcp140.dll
0x00007fff81c20000 - 0x00007fff81c47000 	C:\Users\Nikita\.openjfx\cache\17-ea\prism_d3d.dll
0x00007fff8abf0000 - 0x00007fff8ad8d000 	C:\Windows\system32\d3d9.dll
0x00007fff930a0000 - 0x00007fff930ce000 	C:\Windows\SYSTEM32\dwmapi.dll
0x00007fff94d50000 - 0x00007fff94f45000 	C:\Windows\System32\CRYPT32.dll
0x00007fff94890000 - 0x00007fff948a2000 	C:\Windows\System32\MSASN1.dll
0x00007fff92d60000 - 0x00007fff92dfc000 	C:\Windows\system32\uxtheme.dll
0x00007fff79cf0000 - 0x00007fff79e07000 	C:\Windows\System32\DriverStore\FileRepository\nv_dispsi.inf_amd64_7c4486dea3d29a83\nvldumdx.dll
0x00007fff8cb40000 - 0x00007fff8cb6f000 	C:\Windows\SYSTEM32\cryptnet.dll
0x00007fff8be20000 - 0x00007fff8bf55000 	C:\Windows\SYSTEM32\drvstore.dll
0x00007fff94580000 - 0x00007fff945a9000 	C:\Windows\SYSTEM32\devobj.dll
0x00007fff94230000 - 0x00007fff94255000 	C:\Windows\SYSTEM32\wldp.dll
0x00007fff94f90000 - 0x00007fff94fef000 	C:\Windows\System32\WINTRUST.dll
0x00007fff941a0000 - 0x00007fff941ac000 	C:\Windows\SYSTEM32\cryptbase.dll
0x00007fff95bd0000 - 0x00007fff95bed000 	C:\Windows\System32\imagehlp.dll
0x00007fff93b50000 - 0x00007fff93b83000 	C:\Windows\system32\rsaenh.dll
0x00007fff95a10000 - 0x00007fff95a36000 	C:\Windows\System32\bcrypt.dll
0x00007fff53460000 - 0x00007fff54c6a000 	C:\Windows\System32\DriverStore\FileRepository\nv_dispsi.inf_amd64_7c4486dea3d29a83\nvd3dumx.dll
0x00007fff7d910000 - 0x00007fff7d952000 	C:\Users\Nikita\.openjfx\cache\17-ea\glass.dll
0x00007fff95e60000 - 0x00007fff95f86000 	C:\Windows\System32\COMDLG32.dll
0x00007fff97bb0000 - 0x00007fff97d06000 	C:\Windows\System32\ole32.dll
0x00007fff95d60000 - 0x00007fff95e24000 	C:\Windows\System32\OLEAUT32.dll
0x00007fff95bf0000 - 0x00007fff95d5b000 	C:\Windows\System32\MSCTF.dll
0x00007fff64650000 - 0x00007fff64917000 	C:\Windows\system32\nvspcap64.dll
0x00007fff93920000 - 0x00007fff93951000 	C:\Windows\SYSTEM32\ntmarta.dll
0x00007fff93440000 - 0x00007fff93462000 	C:\Windows\SYSTEM32\gpapi.dll
0x00007fff81330000 - 0x00007fff81344000 	C:\Users\Nikita\.openjfx\cache\17-ea\javafx_font.dll
0x00007fff88480000 - 0x00007fff88787000 	C:\Windows\SYSTEM32\dwrite.dll
0x00007fff97ae0000 - 0x00007fff97b82000 	C:\Windows\System32\clbcatq.dll
0x00007fff8d890000 - 0x00007fff8da48000 	C:\Windows\SYSTEM32\WindowsCodecs.dll
0x00007fff7e920000 - 0x00007fff7e976000 	C:\Windows\system32\dataexchange.dll
0x00007fff91730000 - 0x00007fff919ae000 	C:\Windows\system32\d3d11.dll
0x00007fff91bc0000 - 0x00007fff91d83000 	C:\Windows\system32\dcomp.dll
0x00007fff934c0000 - 0x00007fff93582000 	C:\Windows\system32\dxgi.dll

dbghelp: loaded successfully - version: 4.0.5 - missing functions: none
symbol engine: initialized successfully - sym options: 0x614 - pdb path: .;C:\Users\Nikita\.jdks\openjdk-17\bin;C:\Windows\SYSTEM32;C:\Windows\WinSxS\amd64_microsoft.windows.common-controls_6595b64144ccf1df_6.0.17763.3046_none_de715ebe534b36e3;C:\Users\Nikita\.jdks\openjdk-17\bin\server;C:\Program Files\JetBrains\IntelliJ IDEA Community Edition 2021.2.2\bin;C:\Users\Nikita\.openjfx\cache\17-ea;C:\Windows\System32\DriverStore\FileRepository\nv_dispsi.inf_amd64_7c4486dea3d29a83;C:\Program Files\Common Files\Microsoft Shared\Ink

VM Arguments:
jvm_args: -javaagent:C:\Program Files\JetBrains\IntelliJ IDEA Community Edition 2021.2.2\lib\idea_rt.jar=63963:C:\Program Files\JetBrains\IntelliJ IDEA Community Edition 2021.2.2\bin -Dfile.encoding=UTF-8 --module-path=C:\Users\Nikita\.m2\repository\org\openjfx\javafx-fxml\17-ea+11\javafx-fxml-17-ea+11-win.jar;C:\Users\Nikita\IdeaProjects\ProgectKurs\target\classes;C:\Users\Nikita\.m2\repository\org\openjfx\javafx-base\17-ea+11\javafx-base-17-ea+11-win.jar;C:\Users\Nikita\.m2\repository\org\openjfx\javafx-graphics\17-ea+11\javafx-graphics-17-ea+11-win.jar;C:\Users\Nikita\.m2\repository\org\openjfx\javafx-controls\17-ea+11\javafx-controls-17-ea+11-win.jar -Djdk.module.main=com.example.progectkurs 
java_command: com.example.progectkurs/com.example.progectkurs.Main
java_class_path (initial): C:\Users\Nikita\.m2\repository\org\openjfx\javafx-controls\17-ea+11\javafx-controls-17-ea+11.jar;C:\Users\Nikita\.m2\repository\org\openjfx\javafx-graphics\17-ea+11\javafx-graphics-17-ea+11.jar;C:\Users\Nikita\.m2\repository\org\openjfx\javafx-base\17-ea+11\javafx-base-17-ea+11.jar;C:\Users\Nikita\.m2\repository\org\openjfx\javafx-fxml\17-ea+11\javafx-fxml-17-ea+11.jar
Launcher Type: SUN_STANDARD

[Global flags]
     intx CICompilerCount                          = 3                                         {product} {ergonomic}
     uint ConcGCThreads                            = 1                                         {product} {ergonomic}
     uint G1ConcRefinementThreads                  = 4                                         {product} {ergonomic}
   size_t G1HeapRegionSize                         = 2097152                                   {product} {ergonomic}
    uintx GCDrainStackTargetSize                   = 64                                        {product} {ergonomic}
   size_t InitialHeapSize                          = 268435456                                 {product} {ergonomic}
   size_t MarkStackSize                            = 4194304                                   {product} {ergonomic}
   size_t MaxHeapSize                              = 4286578688                                {product} {ergonomic}
   size_t MaxNewSize                               = 2571108352                                {product} {ergonomic}
   size_t MinHeapDeltaBytes                        = 2097152                                   {product} {ergonomic}
   size_t MinHeapSize                              = 8388608                                   {product} {ergonomic}
    uintx NonNMethodCodeHeapSize                   = 5832780                                {pd product} {ergonomic}
    uintx NonProfiledCodeHeapSize                  = 122912730                              {pd product} {ergonomic}
    uintx ProfiledCodeHeapSize                     = 122912730                              {pd product} {ergonomic}
    uintx ReservedCodeCacheSize                    = 251658240                              {pd product} {ergonomic}
     bool SegmentedCodeCache                       = true                                      {product} {ergonomic}
   size_t SoftMaxHeapSize                          = 4286578688                             {manageable} {ergonomic}
     bool UseCompressedClassPointers               = true                           {product lp64_product} {ergonomic}
     bool UseCompressedOops                        = true                           {product lp64_product} {ergonomic}
     bool UseG1GC                                  = true                                      {product} {ergonomic}
     bool UseLargePagesIndividualAllocation        = false                                  {pd product} {ergonomic}

Logging:
Log output configuration:
 #0: stdout all=off uptime,level,tags
 #1: stderr all=off uptime,level,tags

Environment Variables:
PATH=C:\Program Files (x86)\Common Files\Oracle\Java\javapath;C:\ProgramData\Oracle\Java\javapath;C:\Windows\system32;C:\Windows;C:\Windows\System32\Wbem;C:\Windows\System32\WindowsPowerShell\v1.0\;C:\Windows\System32\OpenSSH\;C:\Program Files (x86)\NVIDIA Corporation\PhysX\Common;C:\Program Files\NVIDIA Corporation\NVIDIA NvDLISR;C:\Program Files\dotnet\;C:\Program Files\Git\cmd;C:\Users\Nikita\AppData\Local\Microsoft\WindowsApps;
USERNAME=Nikita
OS=Windows_NT
PROCESSOR_IDENTIFIER=Intel64 Family 6 Model 158 Stepping 9, GenuineIntel



---------------  S Y S T E M  ---------------

OS:
 Windows 10 , 64 bit Build 17763 (10.0.17763.2989)
OS uptime: 10 days 0:01 hours

CPU: total 4 (initial active 4) (2 cores per cpu, 2 threads per core) family 6 model 158 stepping 9 microcode 0xde, cx8, cmov, fxsr, ht, mmx, 3dnowpref, sse, sse2, sse3, ssse3, sse4.1, sse4.2, popcnt, lzcnt, tsc, tscinvbit, avx, avx2, aes, erms, clmul, bmi1, bmi2, adx, fma, vzeroupper, clflush, clflushopt

Memory: 4k page, system-wide physical 16347M (9361M free)
TotalPageFile size 26585M (AvailPageFile size 15935M)
current process WorkingSet (physical memory assigned to process): 133M, peak: 146M
current process commit charge ("private bytes"): 443M, peak: 492M

vm_info: OpenJDK 64-Bit Server VM (17+35-2724) for windows-amd64 JRE (17+35-2724), built on Aug  5 2021 23:26:02 by "mach5one" with MS VC++ 16.8 (VS2019)

END.
