#
# A fatal error has been detected by the Java Runtime Environment:
#
#  EXCEPTION_ACCESS_VIOLATION (0xc0000005) at pc=0x00007fff7f1b6a87, pid=11612, tid=9832
#
# JRE version: OpenJDK Runtime Environment (17.0+35) (build 17+35-2724)
# Java VM: OpenJDK 64-Bit Server VM (17+35-2724, mixed mode, sharing, tiered, compressed oops, compressed class ptrs, g1 gc, windows-amd64)
# Problematic frame:
# C  [glass.dll+0x26a87]
#
# No core dump will be written. Minidumps are not enabled by default on client versions of Windows
#
# If you would like to submit a bug report, please visit:
#   https://bugreport.java.com/bugreport/crash.jsp
#

---------------  S U M M A R Y ------------

Command Line: -javaagent:C:\Program Files\JetBrains\IntelliJ IDEA Community Edition 2021.2.2\lib\idea_rt.jar=63264:C:\Program Files\JetBrains\IntelliJ IDEA Community Edition 2021.2.2\bin -Dfile.encoding=UTF-8 --module-path=C:\Users\Nikita\.m2\repository\org\openjfx\javafx-base\17-ea+11\javafx-base-17-ea+11-win.jar;C:\Users\Nikita\IdeaProjects\ProgectKurs\target\classes;C:\Users\Nikita\.m2\repository\org\openjfx\javafx-fxml\17-ea+11\javafx-fxml-17-ea+11-win.jar;C:\Users\Nikita\.m2\repository\org\openjfx\javafx-graphics\17-ea+11\javafx-graphics-17-ea+11-win.jar;C:\Users\Nikita\.m2\repository\org\openjfx\javafx-controls\17-ea+11\javafx-controls-17-ea+11-win.jar -Djdk.module.main=com.example.progectkurs com.example.progectkurs/com.example.progectkurs.Main

Host: Intel(R) Core(TM) i3-7100 CPU @ 3.90GHz, 4 cores, 15G,  Windows 10 , 64 bit Build 17763 (10.0.17763.2989)
Time: Thu Jul  7 20:20:08 2022 RTZ 2 (зима) elapsed time: 107.950914 seconds (0d 0h 1m 47s)

---------------  T H R E A D  ---------------

Current thread (0x0000016243f51f40):  VMThread "VM Thread" [stack: 0x00000049ccc00000,0x00000049ccd00000] [id=9832]

Stack: [0x00000049ccc00000,0x00000049ccd00000],  sp=0x00000049cccff100,  free space=1020k
Native frames: (J=compiled Java code, j=interpreted, Vv=VM code, C=native code)
C  [glass.dll+0x26a87]


siginfo: EXCEPTION_ACCESS_VIOLATION (0xc0000005), reading address 0x0000000000000000


Register to memory mapping:

RIP=0x00007fff7f1b6a87 glass.dll
RAX=0x0 is NULL
RBX=0x0000016243f5daa0 is a global jni handle
RCX=0x0000016243f51f40 points into unknown readable memory: 0x00007fff5b9fc540 | 40 c5 9f 5b ff 7f 00 00
RDX=0x00000049cccff100 points into unknown readable memory: 0x0000000000000000 | 00 00 00 00 00 00 00 00
RSP=0x00000049cccff100 points into unknown readable memory: 0x0000000000000000 | 00 00 00 00 00 00 00 00
RBP=0x00000162451f8cd8 points into unknown readable memory: 0x000060204b4c4f36 | 36 4f 4c 4b 20 60 00 00
RSI=0x00000162451f8cb0 points into unknown readable memory: 0x9b00603fb49389f9 | f9 89 93 b4 3f 60 00 9b
RDI=0x000060204b4c4f36 is an unknown value
R8 =0x0000000000010002 is an unknown value
R9 =0x000060204b4c4f36 is an unknown value
R10=0x000001621f9c0000 points into unknown readable memory: 0x0000000000000000 | 00 00 00 00 00 00 00 00
R11=0x00000049cccff000 points into unknown readable memory: 0x0000016245327b00 | 00 7b 32 45 62 01 00 00
R12=0x00007fff7f1b4354 glass.dll
R13=0x00007fff5bba2940 jvm.dll
R14=0x00000049cccff1f8 points into unknown readable memory: 0x00000049cccff1e0 | e0 f1 cf cc 49 00 00 00
R15=0x00000162451f8cb0 points into unknown readable memory: 0x9b00603fb49389f9 | f9 89 93 b4 3f 60 00 9b


Registers:
RAX=0x0000000000000000, RBX=0x0000016243f5daa0, RCX=0x0000016243f51f40, RDX=0x00000049cccff100
RSP=0x00000049cccff100, RBP=0x00000162451f8cd8, RSI=0x00000162451f8cb0, RDI=0x000060204b4c4f36
R8 =0x0000000000010002, R9 =0x000060204b4c4f36, R10=0x000001621f9c0000, R11=0x00000049cccff000
R12=0x00007fff7f1b4354, R13=0x00007fff5bba2940, R14=0x00000049cccff1f8, R15=0x00000162451f8cb0
RIP=0x00007fff7f1b6a87, EFLAGS=0x0000000000010202

Top of Stack: (sp=0x00000049cccff100)
0x00000049cccff100:   0000000000000000 0000016200000000
0x00000049cccff110:   00000162451f8cb0 00007fff7f1c71a0
0x00000049cccff120:   00000162451f8cb8 00007fff94c61cf6
0x00000049cccff130:   000060204b4c4f36 0000016200000000
0x00000049cccff140:   0000000000000001 00007fff94c5f114
0x00000049cccff150:   fffffffffffffffe 0000000000000001
0x00000049cccff160:   0000000000000001 00007fff7f190000
0x00000049cccff170:   00000049cccff1e8 00007fff94c61c1b
0x00000049cccff180:   0000000000000000 00000049cccff1f8
0x00000049cccff190:   00000049cccff4c0 00007fff94d3c130
0x00000049cccff1a0:   0000000000000001 00007fff94c61bd4
0x00000049cccff1b0:   0000000000000000 0000000000000001
0x00000049cccff1c0:   0000000000000000 00000049cccff1e8
0x00000049cccff1d0:   ffffffff00000001 00007fff7f1b41e1
0x00000049cccff1e0:   00007fff7f1ca138 00007fff00000002
0x00000049cccff1f0:   0000000000000002 00000049cccff1e0 

Instructions: (pc=0x00007fff7f1b6a87)
0x00007fff7f1b6987:   8b 4d 58 e8 01 cf ff ff 48 8b 4d 60 e8 f8 ce ff
0x00007fff7f1b6997:   ff 48 8b 95 80 00 00 00 48 8b 8d 18 01 00 00 e8
0x00007fff7f1b69a7:   c6 c3 ff ff 33 d2 33 c9 e8 3c e1 ff ff 90 48 89
0x00007fff7f1b69b7:   54 24 10 55 48 83 ec 20 48 8b ea 48 b8 00 00 00
0x00007fff7f1b69c7:   00 00 00 00 00 48 83 c4 20 5d c3 cc 40 55 48 8b
0x00007fff7f1b69d7:   ea 48 8b 01 33 c9 81 38 05 00 00 c0 0f 94 c1 8b
0x00007fff7f1b69e7:   c1 5d c3 cc 40 55 48 83 ec 20 48 8b ea 8a 4d 40
0x00007fff7f1b69f7:   48 83 c4 20 5d e9 f7 d2 ff ff cc 40 55 48 83 ec
0x00007fff7f1b6a07:   20 48 8b ea 8a 4d 20 e8 e5 d2 ff ff 90 48 83 c4
0x00007fff7f1b6a17:   20 5d c3 cc 40 55 48 83 ec 20 48 8b ea 48 83 c4
0x00007fff7f1b6a27:   20 5d e9 46 d1 ff ff cc 40 55 48 83 ec 30 48 8b
0x00007fff7f1b6a37:   ea 48 8b 01 8b 10 48 89 4c 24 28 89 54 24 20 4c
0x00007fff7f1b6a47:   8d 0d e7 d5 ff ff 4c 8b 45 70 8b 55 68 48 8b 4d
0x00007fff7f1b6a57:   60 e8 87 d0 ff ff 90 48 83 c4 30 5d c3 cc cc cc
0x00007fff7f1b6a67:   cc cc cc cc cc cc cc cc cc 40 53 48 83 ec 20 48
0x00007fff7f1b6a77:   8b 1d b3 30 01 00 48 85 db 74 16 e8 09 8b ff ff
0x00007fff7f1b6a87:   4c 8b 00 48 8b d3 48 8b c8 41 ff 90 b0 00 00 00
0x00007fff7f1b6a97:   90 48 83 c4 20 5b c3 cc cc 40 53 48 83 ec 20 48
0x00007fff7f1b6aa7:   8b 1d 2b 32 01 00 48 85 db 74 57 b8 ff ff ff ff
0x00007fff7f1b6ab7:   f0 0f c1 43 10 83 f8 01 75 3d 48 85 db 74 38 48
0x00007fff7f1b6ac7:   8b 0b 48 85 c9 74 0d ff 15 d4 07 00 00 48 c7 03
0x00007fff7f1b6ad7:   00 00 00 00 48 8b 4b 08 48 85 c9 74 0d e8 a7 cd
0x00007fff7f1b6ae7:   ff ff 48 c7 43 08 00 00 00 00 ba 18 00 00 00 48
0x00007fff7f1b6af7:   8b cb e8 92 cd ff ff 48 c7 05 cf 31 01 00 00 00
0x00007fff7f1b6b07:   00 00 48 83 c4 20 5b c3 cc 40 53 48 83 ec 20 48
0x00007fff7f1b6b17:   8b 1d 9b 31 01 00 48 85 db 74 57 b8 ff ff ff ff
0x00007fff7f1b6b27:   f0 0f c1 43 10 83 f8 01 75 3d 48 85 db 74 38 48
0x00007fff7f1b6b37:   8b 0b 48 85 c9 74 0d ff 15 64 07 00 00 48 c7 03
0x00007fff7f1b6b47:   00 00 00 00 48 8b 4b 08 48 85 c9 74 0d e8 37 cd
0x00007fff7f1b6b57:   ff ff 48 c7 43 08 00 00 00 00 ba 18 00 00 00 48
0x00007fff7f1b6b67:   8b cb e8 22 cd ff ff 48 c7 05 3f 31 01 00 00 00
0x00007fff7f1b6b77:   00 00 48 83 c4 20 5b c3 cc 40 53 48 83 ec 20 48 


Stack slot to memory mapping:
stack at sp + 0 slots: 0x0 is NULL
stack at sp + 1 slots: 0x0000016200000000 is an unknown value
stack at sp + 2 slots: 0x00000162451f8cb0 points into unknown readable memory: 0x9b00603fb49389f9 | f9 89 93 b4 3f 60 00 9b
stack at sp + 3 slots: 0x00007fff7f1c71a0 glass.dll
stack at sp + 4 slots: 0x00000162451f8cb8 points into unknown readable memory: 0x000060204b4c4f36 | 36 4f 4c 4b 20 60 00 00
stack at sp + 5 slots: 0x00007fff94c61cf6 ucrtbase.dll
stack at sp + 6 slots: 0x000060204b4c4f36 is an unknown value
stack at sp + 7 slots: 0x0000016200000000 is an unknown value

VM_Operation (0x00000049cc3ff230): Exit, mode: safepoint, requested by thread 0x000001624a8956e0


---------------  P R O C E S S  ---------------

Threads class SMR info:
_java_thread_list=0x000001624ed137d0, length=20, elements={
0x0000016221ad2eb0, 0x0000016243f58ba0, 0x0000016243f5aa20, 0x0000016243f735a0,
0x0000016243f73f50, 0x0000016243f74900, 0x0000016243f75690, 0x0000016243f78960,
0x0000016243fad200, 0x0000016243f42010, 0x0000016244c1fb80, 0x0000016244cb0710,
0x00000162451fbc40, 0x000001624533c210, 0x0000016245295cd0, 0x0000016249e06dd0,
0x0000016249df7ff0, 0x000001624a11da70, 0x000001624a894870, 0x000001624a8956e0
}

Java Threads: ( => current thread )
  0x0000016221ad2eb0 JavaThread "main" [_thread_blocked, id=11764, stack(0x00000049cc600000,0x00000049cc700000)]
  0x0000016243f58ba0 JavaThread "Reference Handler" daemon [_thread_blocked, id=13396, stack(0x00000049ccd00000,0x00000049cce00000)]
  0x0000016243f5aa20 JavaThread "Finalizer" daemon [_thread_blocked, id=15104, stack(0x00000049cce00000,0x00000049ccf00000)]
  0x0000016243f735a0 JavaThread "Attach Listener" daemon [_thread_blocked, id=17308, stack(0x00000049cd000000,0x00000049cd100000)]
  0x0000016243f73f50 JavaThread "Service Thread" daemon [_thread_blocked, id=16908, stack(0x00000049cd100000,0x00000049cd200000)]
  0x0000016243f74900 JavaThread "Monitor Deflation Thread" daemon [_thread_blocked, id=4224, stack(0x00000049cd200000,0x00000049cd300000)]
  0x0000016243f75690 JavaThread "C2 CompilerThread0" daemon [_thread_blocked, id=16576, stack(0x00000049cd300000,0x00000049cd400000)]
  0x0000016243f78960 JavaThread "C1 CompilerThread0" daemon [_thread_blocked, id=11848, stack(0x00000049cd400000,0x00000049cd500000)]
  0x0000016243fad200 JavaThread "Sweeper thread" daemon [_thread_blocked, id=11976, stack(0x00000049cd500000,0x00000049cd600000)]
  0x0000016243f42010 JavaThread "Common-Cleaner" daemon [_thread_blocked, id=13988, stack(0x00000049cd600000,0x00000049cd700000)]
  0x0000016244c1fb80 JavaThread "Monitor Ctrl-Break" daemon [_thread_in_native, id=4800, stack(0x00000049cd800000,0x00000049cd900000)]
  0x0000016244cb0710 JavaThread "Notification Thread" daemon [_thread_blocked, id=12544, stack(0x00000049cd900000,0x00000049cda00000)]
  0x00000162451fbc40 JavaThread "QuantumRenderer-0" daemon [_thread_blocked, id=4028, stack(0x00000049cde00000,0x00000049cdf00000)]
  0x000001624533c210 JavaThread "InvokeLaterDispatcher" daemon [_thread_blocked, id=9500, stack(0x00000049cdf00000,0x00000049ce000000)]
  0x0000016245295cd0 JavaThread "JavaFX Application Thread" [_thread_in_native, id=1820, stack(0x00000049ce000000,0x00000049ce100000)]
  0x0000016249e06dd0 JavaThread "JavaFX-Launcher" [_thread_blocked, id=15208, stack(0x00000049ce300000,0x00000049ce400000)]
  0x0000016249df7ff0 JavaThread "Thread-2" daemon [_thread_in_native, id=12936, stack(0x00000049ce200000,0x00000049ce300000)]
  0x000001624a11da70 JavaThread "Prism Font Disposer" daemon [_thread_blocked, id=17780, stack(0x00000049ce500000,0x00000049ce600000)]
  0x000001624a894870 JavaThread "Cleaner-0" daemon [_thread_blocked, id=6732, stack(0x00000049ce900000,0x00000049cea00000)]
  0x000001624a8956e0 JavaThread "SIGINT handler" daemon [_thread_blocked, id=8268, stack(0x00000049cc300000,0x00000049cc400000)]

Other Threads:
=>0x0000016243f51f40 VMThread "VM Thread" [stack: 0x00000049ccc00000,0x00000049ccd00000] [id=9832]
  0x0000016221b21c00 GCTaskThread "GC Thread#0" [stack: 0x00000049cc700000,0x00000049cc800000] [id=11792]
  0x0000016245134c90 GCTaskThread "GC Thread#1" [stack: 0x00000049cdb00000,0x00000049cdc00000] [id=13200]
  0x0000016245134f40 GCTaskThread "GC Thread#2" [stack: 0x00000049cdc00000,0x00000049cdd00000] [id=11152]
  0x0000016245083030 GCTaskThread "GC Thread#3" [stack: 0x00000049cdd00000,0x00000049cde00000] [id=6344]
  0x0000016221b33ad0 ConcurrentGCThread "G1 Main Marker" terminated
  0x0000016221b344e0 ConcurrentGCThread "G1 Conc#0" [stack: 0x00000049cc900000,0x00000049cca00000] [id=12696]
  0x0000016243e110c0 ConcurrentGCThread "G1 Refine#0" terminated
  0x0000016243e11ae0 ConcurrentGCThread "G1 Service" terminated

Threads with active compile tasks:

VM state: at safepoint (shutting down)

VM Mutex/Monitor currently owned by a thread:  ([mutex/lock_event])
[0x0000016221acef50] Threads_lock - owner thread: 0x0000016243f51f40
[0x0000016221acf7c0] Heap_lock - owner thread: 0x000001624a8956e0

Heap address: 0x0000000700800000, size: 4088 MB, Compressed Oops mode: Zero based, Oop shift amount: 3

CDS archive(s) mapped at: [0x0000000800000000-0x0000000800bc0000-0x0000000800bc0000), size 12320768, SharedBaseAddress: 0x0000000800000000, ArchiveRelocationMode: 0.
Compressed class space mapped at: 0x0000000800c00000-0x0000000840c00000, reserved size: 1073741824
Narrow klass base: 0x0000000800000000, Narrow klass shift: 0, Narrow klass range: 0x100000000

GC Precious Log:
 CPUs: 4 total, 4 available
 Memory: 16347M
 Large Page Support: Disabled
 NUMA Support: Disabled
 Compressed Oops: Enabled (Zero based)
 Heap Region Size: 2M
 Heap Min Capacity: 8M
 Heap Initial Capacity: 256M
 Heap Max Capacity: 4088M
 Pre-touch: Disabled
 Parallel Workers: 4
 Concurrent Workers: 1
 Concurrent Refinement Workers: 4
 Periodic GC: Disabled

Heap:
 garbage-first heap   total 262144K, used 47323K [0x0000000700800000, 0x0000000800000000)
  region size 2048K, 23 young (47104K), 2 survivors (4096K)
 Metaspace       used 15667K, committed 15936K, reserved 1064960K
  class space    used 2162K, committed 2304K, reserved 1048576K

Heap Regions: E=young(eden), S=young(survivor), O=old, HS=humongous(starts), HC=humongous(continues), CS=collection set, F=free, OA=open archive, CA=closed archive, TAMS=top-at-mark-start (previous, next)
|   0|0x0000000700800000, 0x0000000700836c08, 0x0000000700a00000| 10%| O|  |TAMS 0x0000000700800000, 0x0000000700800000| Untracked 
|   1|0x0000000700a00000, 0x0000000700c00000, 0x0000000700c00000|100%|HS|  |TAMS 0x0000000700a00000, 0x0000000700a00000| Complete 
|   2|0x0000000700c00000, 0x0000000700c00000, 0x0000000700e00000|  0%| F|  |TAMS 0x0000000700c00000, 0x0000000700c00000| Untracked 
|   3|0x0000000700e00000, 0x0000000700e00000, 0x0000000701000000|  0%| F|  |TAMS 0x0000000700e00000, 0x0000000700e00000| Untracked 
|   4|0x0000000701000000, 0x0000000701000000, 0x0000000701200000|  0%| F|  |TAMS 0x0000000701000000, 0x0000000701000000| Untracked 
|   5|0x0000000701200000, 0x0000000701200000, 0x0000000701400000|  0%| F|  |TAMS 0x0000000701200000, 0x0000000701200000| Untracked 
|   6|0x0000000701400000, 0x0000000701400000, 0x0000000701600000|  0%| F|  |TAMS 0x0000000701400000, 0x0000000701400000| Untracked 
|   7|0x0000000701600000, 0x0000000701600000, 0x0000000701800000|  0%| F|  |TAMS 0x0000000701600000, 0x0000000701600000| Untracked 
|   8|0x0000000701800000, 0x0000000701800000, 0x0000000701a00000|  0%| F|  |TAMS 0x0000000701800000, 0x0000000701800000| Untracked 
|   9|0x0000000701a00000, 0x0000000701a00000, 0x0000000701c00000|  0%| F|  |TAMS 0x0000000701a00000, 0x0000000701a00000| Untracked 
|  10|0x0000000701c00000, 0x0000000701c00000, 0x0000000701e00000|  0%| F|  |TAMS 0x0000000701c00000, 0x0000000701c00000| Untracked 
|  11|0x0000000701e00000, 0x0000000701e00000, 0x0000000702000000|  0%| F|  |TAMS 0x0000000701e00000, 0x0000000701e00000| Untracked 
|  12|0x0000000702000000, 0x0000000702000000, 0x0000000702200000|  0%| F|  |TAMS 0x0000000702000000, 0x0000000702000000| Untracked 
|  13|0x0000000702200000, 0x0000000702200000, 0x0000000702400000|  0%| F|  |TAMS 0x0000000702200000, 0x0000000702200000| Untracked 
|  14|0x0000000702400000, 0x0000000702400000, 0x0000000702600000|  0%| F|  |TAMS 0x0000000702400000, 0x0000000702400000| Untracked 
|  15|0x0000000702600000, 0x0000000702600000, 0x0000000702800000|  0%| F|  |TAMS 0x0000000702600000, 0x0000000702600000| Untracked 
|  16|0x0000000702800000, 0x0000000702800000, 0x0000000702a00000|  0%| F|  |TAMS 0x0000000702800000, 0x0000000702800000| Untracked 
|  17|0x0000000702a00000, 0x0000000702a00000, 0x0000000702c00000|  0%| F|  |TAMS 0x0000000702a00000, 0x0000000702a00000| Untracked 
|  18|0x0000000702c00000, 0x0000000702c00000, 0x0000000702e00000|  0%| F|  |TAMS 0x0000000702c00000, 0x0000000702c00000| Untracked 
|  19|0x0000000702e00000, 0x0000000702e00000, 0x0000000703000000|  0%| F|  |TAMS 0x0000000702e00000, 0x0000000702e00000| Untracked 
|  20|0x0000000703000000, 0x0000000703000000, 0x0000000703200000|  0%| F|  |TAMS 0x0000000703000000, 0x0000000703000000| Untracked 
|  21|0x0000000703200000, 0x0000000703200000, 0x0000000703400000|  0%| F|  |TAMS 0x0000000703200000, 0x0000000703200000| Untracked 
|  22|0x0000000703400000, 0x0000000703400000, 0x0000000703600000|  0%| F|  |TAMS 0x0000000703400000, 0x0000000703400000| Untracked 
|  23|0x0000000703600000, 0x0000000703600000, 0x0000000703800000|  0%| F|  |TAMS 0x0000000703600000, 0x0000000703600000| Untracked 
|  24|0x0000000703800000, 0x0000000703800000, 0x0000000703a00000|  0%| F|  |TAMS 0x0000000703800000, 0x0000000703800000| Untracked 
|  25|0x0000000703a00000, 0x0000000703a00000, 0x0000000703c00000|  0%| F|  |TAMS 0x0000000703a00000, 0x0000000703a00000| Untracked 
|  26|0x0000000703c00000, 0x0000000703c00000, 0x0000000703e00000|  0%| F|  |TAMS 0x0000000703c00000, 0x0000000703c00000| Untracked 
|  27|0x0000000703e00000, 0x0000000703e00000, 0x0000000704000000|  0%| F|  |TAMS 0x0000000703e00000, 0x0000000703e00000| Untracked 
|  28|0x0000000704000000, 0x0000000704000000, 0x0000000704200000|  0%| F|  |TAMS 0x0000000704000000, 0x0000000704000000| Untracked 
|  29|0x0000000704200000, 0x0000000704200000, 0x0000000704400000|  0%| F|  |TAMS 0x0000000704200000, 0x0000000704200000| Untracked 
|  30|0x0000000704400000, 0x0000000704400000, 0x0000000704600000|  0%| F|  |TAMS 0x0000000704400000, 0x0000000704400000| Untracked 
|  31|0x0000000704600000, 0x0000000704600000, 0x0000000704800000|  0%| F|  |TAMS 0x0000000704600000, 0x0000000704600000| Untracked 
|  32|0x0000000704800000, 0x0000000704800000, 0x0000000704a00000|  0%| F|  |TAMS 0x0000000704800000, 0x0000000704800000| Untracked 
|  33|0x0000000704a00000, 0x0000000704a00000, 0x0000000704c00000|  0%| F|  |TAMS 0x0000000704a00000, 0x0000000704a00000| Untracked 
|  34|0x0000000704c00000, 0x0000000704c00000, 0x0000000704e00000|  0%| F|  |TAMS 0x0000000704c00000, 0x0000000704c00000| Untracked 
|  35|0x0000000704e00000, 0x0000000704e00000, 0x0000000705000000|  0%| F|  |TAMS 0x0000000704e00000, 0x0000000704e00000| Untracked 
|  36|0x0000000705000000, 0x0000000705000000, 0x0000000705200000|  0%| F|  |TAMS 0x0000000705000000, 0x0000000705000000| Untracked 
|  37|0x0000000705200000, 0x0000000705200000, 0x0000000705400000|  0%| F|  |TAMS 0x0000000705200000, 0x0000000705200000| Untracked 
|  38|0x0000000705400000, 0x0000000705400000, 0x0000000705600000|  0%| F|  |TAMS 0x0000000705400000, 0x0000000705400000| Untracked 
|  39|0x0000000705600000, 0x0000000705600000, 0x0000000705800000|  0%| F|  |TAMS 0x0000000705600000, 0x0000000705600000| Untracked 
|  40|0x0000000705800000, 0x0000000705800000, 0x0000000705a00000|  0%| F|  |TAMS 0x0000000705800000, 0x0000000705800000| Untracked 
|  41|0x0000000705a00000, 0x0000000705a00000, 0x0000000705c00000|  0%| F|  |TAMS 0x0000000705a00000, 0x0000000705a00000| Untracked 
|  42|0x0000000705c00000, 0x0000000705c00000, 0x0000000705e00000|  0%| F|  |TAMS 0x0000000705c00000, 0x0000000705c00000| Untracked 
|  43|0x0000000705e00000, 0x0000000705e00000, 0x0000000706000000|  0%| F|  |TAMS 0x0000000705e00000, 0x0000000705e00000| Untracked 
|  44|0x0000000706000000, 0x0000000706000000, 0x0000000706200000|  0%| F|  |TAMS 0x0000000706000000, 0x0000000706000000| Untracked 
|  45|0x0000000706200000, 0x0000000706200000, 0x0000000706400000|  0%| F|  |TAMS 0x0000000706200000, 0x0000000706200000| Untracked 
|  46|0x0000000706400000, 0x0000000706400000, 0x0000000706600000|  0%| F|  |TAMS 0x0000000706400000, 0x0000000706400000| Untracked 
|  47|0x0000000706600000, 0x0000000706600000, 0x0000000706800000|  0%| F|  |TAMS 0x0000000706600000, 0x0000000706600000| Untracked 
|  48|0x0000000706800000, 0x0000000706800000, 0x0000000706a00000|  0%| F|  |TAMS 0x0000000706800000, 0x0000000706800000| Untracked 
|  49|0x0000000706a00000, 0x0000000706a00000, 0x0000000706c00000|  0%| F|  |TAMS 0x0000000706a00000, 0x0000000706a00000| Untracked 
|  50|0x0000000706c00000, 0x0000000706c00000, 0x0000000706e00000|  0%| F|  |TAMS 0x0000000706c00000, 0x0000000706c00000| Untracked 
|  51|0x0000000706e00000, 0x0000000706e00000, 0x0000000707000000|  0%| F|  |TAMS 0x0000000706e00000, 0x0000000706e00000| Untracked 
|  52|0x0000000707000000, 0x0000000707000000, 0x0000000707200000|  0%| F|  |TAMS 0x0000000707000000, 0x0000000707000000| Untracked 
|  53|0x0000000707200000, 0x0000000707200000, 0x0000000707400000|  0%| F|  |TAMS 0x0000000707200000, 0x0000000707200000| Untracked 
|  54|0x0000000707400000, 0x0000000707400000, 0x0000000707600000|  0%| F|  |TAMS 0x0000000707400000, 0x0000000707400000| Untracked 
|  55|0x0000000707600000, 0x0000000707600000, 0x0000000707800000|  0%| F|  |TAMS 0x0000000707600000, 0x0000000707600000| Untracked 
|  56|0x0000000707800000, 0x0000000707800000, 0x0000000707a00000|  0%| F|  |TAMS 0x0000000707800000, 0x0000000707800000| Untracked 
|  57|0x0000000707a00000, 0x0000000707a00000, 0x0000000707c00000|  0%| F|  |TAMS 0x0000000707a00000, 0x0000000707a00000| Untracked 
|  58|0x0000000707c00000, 0x0000000707c00000, 0x0000000707e00000|  0%| F|  |TAMS 0x0000000707c00000, 0x0000000707c00000| Untracked 
|  59|0x0000000707e00000, 0x0000000707e00000, 0x0000000708000000|  0%| F|  |TAMS 0x0000000707e00000, 0x0000000707e00000| Untracked 
|  60|0x0000000708000000, 0x0000000708000000, 0x0000000708200000|  0%| F|  |TAMS 0x0000000708000000, 0x0000000708000000| Untracked 
|  61|0x0000000708200000, 0x0000000708200000, 0x0000000708400000|  0%| F|  |TAMS 0x0000000708200000, 0x0000000708200000| Untracked 
|  62|0x0000000708400000, 0x0000000708400000, 0x0000000708600000|  0%| F|  |TAMS 0x0000000708400000, 0x0000000708400000| Untracked 
|  63|0x0000000708600000, 0x0000000708600000, 0x0000000708800000|  0%| F|  |TAMS 0x0000000708600000, 0x0000000708600000| Untracked 
|  64|0x0000000708800000, 0x0000000708800000, 0x0000000708a00000|  0%| F|  |TAMS 0x0000000708800000, 0x0000000708800000| Untracked 
|  65|0x0000000708a00000, 0x0000000708a00000, 0x0000000708c00000|  0%| F|  |TAMS 0x0000000708a00000, 0x0000000708a00000| Untracked 
|  66|0x0000000708c00000, 0x0000000708c00000, 0x0000000708e00000|  0%| F|  |TAMS 0x0000000708c00000, 0x0000000708c00000| Untracked 
|  67|0x0000000708e00000, 0x0000000708e00000, 0x0000000709000000|  0%| F|  |TAMS 0x0000000708e00000, 0x0000000708e00000| Untracked 
|  68|0x0000000709000000, 0x0000000709000000, 0x0000000709200000|  0%| F|  |TAMS 0x0000000709000000, 0x0000000709000000| Untracked 
|  69|0x0000000709200000, 0x0000000709200000, 0x0000000709400000|  0%| F|  |TAMS 0x0000000709200000, 0x0000000709200000| Untracked 
|  70|0x0000000709400000, 0x0000000709400000, 0x0000000709600000|  0%| F|  |TAMS 0x0000000709400000, 0x0000000709400000| Untracked 
|  71|0x0000000709600000, 0x0000000709600000, 0x0000000709800000|  0%| F|  |TAMS 0x0000000709600000, 0x0000000709600000| Untracked 
|  72|0x0000000709800000, 0x0000000709800000, 0x0000000709a00000|  0%| F|  |TAMS 0x0000000709800000, 0x0000000709800000| Untracked 
|  73|0x0000000709a00000, 0x0000000709a00000, 0x0000000709c00000|  0%| F|  |TAMS 0x0000000709a00000, 0x0000000709a00000| Untracked 
|  74|0x0000000709c00000, 0x0000000709c00000, 0x0000000709e00000|  0%| F|  |TAMS 0x0000000709c00000, 0x0000000709c00000| Untracked 
|  75|0x0000000709e00000, 0x0000000709e00000, 0x000000070a000000|  0%| F|  |TAMS 0x0000000709e00000, 0x0000000709e00000| Untracked 
|  76|0x000000070a000000, 0x000000070a000000, 0x000000070a200000|  0%| F|  |TAMS 0x000000070a000000, 0x000000070a000000| Untracked 
|  77|0x000000070a200000, 0x000000070a200000, 0x000000070a400000|  0%| F|  |TAMS 0x000000070a200000, 0x000000070a200000| Untracked 
|  78|0x000000070a400000, 0x000000070a400000, 0x000000070a600000|  0%| F|  |TAMS 0x000000070a400000, 0x000000070a400000| Untracked 
|  79|0x000000070a600000, 0x000000070a600000, 0x000000070a800000|  0%| F|  |TAMS 0x000000070a600000, 0x000000070a600000| Untracked 
|  80|0x000000070a800000, 0x000000070a800000, 0x000000070aa00000|  0%| F|  |TAMS 0x000000070a800000, 0x000000070a800000| Untracked 
|  81|0x000000070aa00000, 0x000000070aa00000, 0x000000070ac00000|  0%| F|  |TAMS 0x000000070aa00000, 0x000000070aa00000| Untracked 
|  82|0x000000070ac00000, 0x000000070ac00000, 0x000000070ae00000|  0%| F|  |TAMS 0x000000070ac00000, 0x000000070ac00000| Untracked 
|  83|0x000000070ae00000, 0x000000070ae00000, 0x000000070b000000|  0%| F|  |TAMS 0x000000070ae00000, 0x000000070ae00000| Untracked 
|  84|0x000000070b000000, 0x000000070b000000, 0x000000070b200000|  0%| F|  |TAMS 0x000000070b000000, 0x000000070b000000| Untracked 
|  85|0x000000070b200000, 0x000000070b200000, 0x000000070b400000|  0%| F|  |TAMS 0x000000070b200000, 0x000000070b200000| Untracked 
|  86|0x000000070b400000, 0x000000070b400000, 0x000000070b600000|  0%| F|  |TAMS 0x000000070b400000, 0x000000070b400000| Untracked 
|  87|0x000000070b600000, 0x000000070b600000, 0x000000070b800000|  0%| F|  |TAMS 0x000000070b600000, 0x000000070b600000| Untracked 
|  88|0x000000070b800000, 0x000000070b800000, 0x000000070ba00000|  0%| F|  |TAMS 0x000000070b800000, 0x000000070b800000| Untracked 
|  89|0x000000070ba00000, 0x000000070ba00000, 0x000000070bc00000|  0%| F|  |TAMS 0x000000070ba00000, 0x000000070ba00000| Untracked 
|  90|0x000000070bc00000, 0x000000070bc00000, 0x000000070be00000|  0%| F|  |TAMS 0x000000070bc00000, 0x000000070bc00000| Untracked 
|  91|0x000000070be00000, 0x000000070be00000, 0x000000070c000000|  0%| F|  |TAMS 0x000000070be00000, 0x000000070be00000| Untracked 
|  92|0x000000070c000000, 0x000000070c000000, 0x000000070c200000|  0%| F|  |TAMS 0x000000070c000000, 0x000000070c000000| Untracked 
|  93|0x000000070c200000, 0x000000070c200000, 0x000000070c400000|  0%| F|  |TAMS 0x000000070c200000, 0x000000070c200000| Untracked 
|  94|0x000000070c400000, 0x000000070c400000, 0x000000070c600000|  0%| F|  |TAMS 0x000000070c400000, 0x000000070c400000| Untracked 
|  95|0x000000070c600000, 0x000000070c600000, 0x000000070c800000|  0%| F|  |TAMS 0x000000070c600000, 0x000000070c600000| Untracked 
|  96|0x000000070c800000, 0x000000070c800000, 0x000000070ca00000|  0%| F|  |TAMS 0x000000070c800000, 0x000000070c800000| Untracked 
|  97|0x000000070ca00000, 0x000000070ca00000, 0x000000070cc00000|  0%| F|  |TAMS 0x000000070ca00000, 0x000000070ca00000| Untracked 
|  98|0x000000070cc00000, 0x000000070cc00000, 0x000000070ce00000|  0%| F|  |TAMS 0x000000070cc00000, 0x000000070cc00000| Untracked 
|  99|0x000000070ce00000, 0x000000070ce00000, 0x000000070d000000|  0%| F|  |TAMS 0x000000070ce00000, 0x000000070ce00000| Untracked 
| 100|0x000000070d000000, 0x000000070d000000, 0x000000070d200000|  0%| F|  |TAMS 0x000000070d000000, 0x000000070d000000| Untracked 
| 101|0x000000070d200000, 0x000000070d200000, 0x000000070d400000|  0%| F|  |TAMS 0x000000070d200000, 0x000000070d200000| Untracked 
| 102|0x000000070d400000, 0x000000070d400000, 0x000000070d600000|  0%| F|  |TAMS 0x000000070d400000, 0x000000070d400000| Untracked 
| 103|0x000000070d600000, 0x000000070d600000, 0x000000070d800000|  0%| F|  |TAMS 0x000000070d600000, 0x000000070d600000| Untracked 
| 104|0x000000070d800000, 0x000000070d800000, 0x000000070da00000|  0%| F|  |TAMS 0x000000070d800000, 0x000000070d800000| Untracked 
| 105|0x000000070da00000, 0x000000070dafa600, 0x000000070dc00000| 48%| E|  |TAMS 0x000000070da00000, 0x000000070da00000| Complete 
| 106|0x000000070dc00000, 0x000000070de00000, 0x000000070de00000|100%| E|CS|TAMS 0x000000070dc00000, 0x000000070dc00000| Complete 
| 107|0x000000070de00000, 0x000000070e000000, 0x000000070e000000|100%| E|CS|TAMS 0x000000070de00000, 0x000000070de00000| Complete 
| 108|0x000000070e000000, 0x000000070e200000, 0x000000070e200000|100%| E|CS|TAMS 0x000000070e000000, 0x000000070e000000| Complete 
| 109|0x000000070e200000, 0x000000070e400000, 0x000000070e400000|100%| E|CS|TAMS 0x000000070e200000, 0x000000070e200000| Complete 
| 110|0x000000070e400000, 0x000000070e600000, 0x000000070e600000|100%| E|CS|TAMS 0x000000070e400000, 0x000000070e400000| Complete 
| 111|0x000000070e600000, 0x000000070e800000, 0x000000070e800000|100%| E|CS|TAMS 0x000000070e600000, 0x000000070e600000| Complete 
| 112|0x000000070e800000, 0x000000070ea00000, 0x000000070ea00000|100%| E|CS|TAMS 0x000000070e800000, 0x000000070e800000| Complete 
| 113|0x000000070ea00000, 0x000000070ec00000, 0x000000070ec00000|100%| E|CS|TAMS 0x000000070ea00000, 0x000000070ea00000| Complete 
| 114|0x000000070ec00000, 0x000000070ee00000, 0x000000070ee00000|100%| E|CS|TAMS 0x000000070ec00000, 0x000000070ec00000| Complete 
| 115|0x000000070ee00000, 0x000000070f000000, 0x000000070f000000|100%| E|CS|TAMS 0x000000070ee00000, 0x000000070ee00000| Complete 
| 116|0x000000070f000000, 0x000000070f200000, 0x000000070f200000|100%| E|CS|TAMS 0x000000070f000000, 0x000000070f000000| Complete 
| 117|0x000000070f200000, 0x000000070f400000, 0x000000070f400000|100%| S|CS|TAMS 0x000000070f200000, 0x000000070f200000| Complete 
| 118|0x000000070f400000, 0x000000070f600000, 0x000000070f600000|100%| S|CS|TAMS 0x000000070f400000, 0x000000070f400000| Complete 
| 119|0x000000070f600000, 0x000000070f800000, 0x000000070f800000|100%| E|CS|TAMS 0x000000070f600000, 0x000000070f600000| Complete 
| 120|0x000000070f800000, 0x000000070fa00000, 0x000000070fa00000|100%| E|CS|TAMS 0x000000070f800000, 0x000000070f800000| Complete 
| 121|0x000000070fa00000, 0x000000070fc00000, 0x000000070fc00000|100%| E|CS|TAMS 0x000000070fa00000, 0x000000070fa00000| Complete 
| 122|0x000000070fc00000, 0x000000070fe00000, 0x000000070fe00000|100%| E|CS|TAMS 0x000000070fc00000, 0x000000070fc00000| Complete 
| 123|0x000000070fe00000, 0x0000000710000000, 0x0000000710000000|100%| E|CS|TAMS 0x000000070fe00000, 0x000000070fe00000| Complete 
| 124|0x0000000710000000, 0x0000000710200000, 0x0000000710200000|100%| E|CS|TAMS 0x0000000710000000, 0x0000000710000000| Complete 
| 125|0x0000000710200000, 0x0000000710400000, 0x0000000710400000|100%| E|CS|TAMS 0x0000000710200000, 0x0000000710200000| Complete 
| 126|0x0000000710400000, 0x0000000710600000, 0x0000000710600000|100%| E|CS|TAMS 0x0000000710400000, 0x0000000710400000| Complete 
| 127|0x0000000710600000, 0x0000000710800000, 0x0000000710800000|100%| E|CS|TAMS 0x0000000710600000, 0x0000000710600000| Complete 

Card table byte_map: [0x0000016238ac0000,0x00000162392c0000] _byte_map_base: 0x00000162352bc000

Marking Bits (Prev, Next): (CMBitMap*) 0x0000016221b23220, (CMBitMap*) 0x0000016221b23260
 Prev Bits: [0x0000016239ac0000, 0x000001623daa0000)
 Next Bits: [0x000001623daa0000, 0x0000016241a80000)

Polling page: 0x000001621fad0000

Metaspace:

Usage:
  Non-class:     13.19 MB used.
      Class:      2.11 MB used.
       Both:     15.30 MB used.

Virtual space:
  Non-class space:       16.00 MB reserved,      13.31 MB ( 83%) committed,  2 nodes.
      Class space:        1.00 GB reserved,       2.25 MB ( <1%) committed,  1 nodes.
             Both:        1.02 GB reserved,      15.56 MB (  1%) committed. 

Chunk freelists:
   Non-Class:  2.73 MB
       Class:  1.77 MB
        Both:  4.51 MB

MaxMetaspaceSize: unlimited
CompressedClassSpaceSize: 1.00 GB
Initial GC threshold: 21.00 MB
Current GC threshold: 21.00 MB
CDS: on
MetaspaceReclaimPolicy: balanced
 - commit_granule_bytes: 65536.
 - commit_granule_words: 8192.
 - virtual_space_node_default_size: 1048576.
 - enlarge_chunks_in_place: 1.
 - new_chunks_are_fully_committed: 0.
 - uncommit_free_chunks: 1.
 - use_allocation_guard: 0.
 - handle_deallocations: 1.


Internal statistics:

num_allocs_failed_limit: 0.
num_arena_births: 214.
num_arena_deaths: 0.
num_vsnodes_births: 3.
num_vsnodes_deaths: 0.
num_space_committed: 249.
num_space_uncommitted: 0.
num_chunks_returned_to_freelist: 0.
num_chunks_taken_from_freelist: 722.
num_chunk_merges: 0.
num_chunk_splits: 482.
num_chunks_enlarged: 371.
num_purges: 0.
num_inconsistent_stats: 0.

CodeHeap 'non-profiled nmethods': size=120000Kb used=1316Kb max_used=1316Kb free=118683Kb
 bounds [0x0000016230d90000, 0x0000016231000000, 0x00000162382c0000]
CodeHeap 'profiled nmethods': size=120000Kb used=5738Kb max_used=5738Kb free=114262Kb
 bounds [0x0000016229860000, 0x0000016229e00000, 0x0000016230d90000]
CodeHeap 'non-nmethods': size=5760Kb used=1421Kb max_used=1484Kb free=4338Kb
 bounds [0x00000162292c0000, 0x0000016229530000, 0x0000016229860000]
 total_blobs=3851 nmethods=3069 adapters=693
 compilation: enabled
              stopped_count=0, restarted_count=0
 full_count=0

Compilation events (20 events):
Event: 19.555 Thread 0x0000016243f78960 3061       3       com.sun.javafx.tk.quantum.GlassWindowEventHandler$$Lambda$193/0x0000000800d939c8::get (8 bytes)
Event: 19.556 Thread 0x0000016243f78960 nmethod 3061 0x0000016229df2110 code [0x0000016229df2340, 0x0000016229df2948]
Event: 19.556 Thread 0x0000016243f78960 3062       3       com.sun.javafx.tk.quantum.GlassWindowEventHandler::lambda$handleWindowEvent$4 (17 bytes)
Event: 19.556 Thread 0x0000016243f78960 nmethod 3062 0x0000016229df2c10 code [0x0000016229df2e20, 0x0000016229df33c8]
Event: 19.556 Thread 0x0000016243f78960 3063       3       com.sun.javafx.tk.quantum.GlassStage::getAccessControlContext (22 bytes)
Event: 19.556 Thread 0x0000016243f78960 nmethod 3063 0x0000016229df3690 code [0x0000016229df3840, 0x0000016229df3a48]
Event: 19.556 Thread 0x0000016243f78960 3064       3       com.sun.javafx.tk.quantum.GlassWindowEventHandler::run (5 bytes)
Event: 19.556 Thread 0x0000016243f78960 nmethod 3064 0x0000016229df3b10 code [0x0000016229df3cc0, 0x0000016229df3e08]
Event: 19.556 Thread 0x0000016243f78960 3065       3       com.sun.javafx.tk.quantum.GlassWindowEventHandler::run (671 bytes)
Event: 19.559 Thread 0x0000016243f78960 nmethod 3065 0x0000016229df3e90 code [0x0000016229df44a0, 0x0000016229df8538]
Event: 19.625 Thread 0x0000016243f78960 3066       3       javafx.stage.Window$1::notifyLocationChanged (8 bytes)
Event: 19.625 Thread 0x0000016243f78960 nmethod 3066 0x0000016229df9990 code [0x0000016229df9b40, 0x0000016229df9d08]
Event: 19.625 Thread 0x0000016243f78960 3067       3       javafx.stage.Window::notifyLocationChanged (17 bytes)
Event: 19.625 Thread 0x0000016243f78960 nmethod 3067 0x0000016229df9e10 code [0x0000016229df9fc0, 0x0000016229dfa278]
Event: 19.639 Thread 0x0000016243f78960 3068       3       com.sun.glass.ui.Screen::containsPlatformCoords (44 bytes)
Event: 19.639 Thread 0x0000016243f78960 nmethod 3068 0x0000016229dfa390 code [0x0000016229dfa520, 0x0000016229dfa758]
Event: 86.766 Thread 0x0000016243f75690 3069       4       com.sun.javafx.tk.quantum.QuantumToolkit::postPulse (133 bytes)
Event: 86.783 Thread 0x0000016243f75690 nmethod 3069 0x0000016230ed7e10 code [0x0000016230ed7fe0, 0x0000016230ed8308]
Event: 87.133 Thread 0x0000016243f75690 3070       4       com.sun.javafx.tk.quantum.QuantumToolkit$$Lambda$88/0x0000000800c38678::run (8 bytes)
Event: 87.141 Thread 0x0000016243f75690 nmethod 3070 0x0000016230ed8710 code [0x0000016230ed88e0, 0x0000016230ed8c50]

GC Heap History (4 events):
Event: 0.747 GC heap before
{Heap before GC invocations=0 (full 0):
 garbage-first heap   total 262144K, used 12288K [0x0000000700800000, 0x0000000800000000)
  region size 2048K, 6 young (12288K), 0 survivors (0K)
 Metaspace       used 2521K, committed 2624K, reserved 1056768K
  class space    used 270K, committed 320K, reserved 1048576K
}
Event: 0.750 GC heap after
{Heap after GC invocations=1 (full 0):
 garbage-first heap   total 262144K, used 1734K [0x0000000700800000, 0x0000000800000000)
  region size 2048K, 1 young (2048K), 1 survivors (2048K)
 Metaspace       used 2521K, committed 2624K, reserved 1056768K
  class space    used 270K, committed 320K, reserved 1048576K
}
Event: 1.419 GC heap before
{Heap before GC invocations=1 (full 0):
 garbage-first heap   total 262144K, used 18118K [0x0000000700800000, 0x0000000800000000)
  region size 2048K, 9 young (18432K), 1 survivors (2048K)
 Metaspace       used 8119K, committed 8256K, reserved 1056768K
  class space    used 1014K, committed 1088K, reserved 1048576K
}
Event: 1.423 GC heap after
{Heap after GC invocations=2 (full 0):
 garbage-first heap   total 262144K, used 4315K [0x0000000700800000, 0x0000000800000000)
  region size 2048K, 2 young (4096K), 2 survivors (4096K)
 Metaspace       used 8119K, committed 8256K, reserved 1056768K
  class space    used 1014K, committed 1088K, reserved 1048576K
}

Deoptimization events (20 events):
Event: 13.244 Thread 0x0000016245295cd0 DEOPT PACKING pc=0x0000016230e9abe0 sp=0x00000049ce0f94e0
Event: 13.244 Thread 0x0000016245295cd0 DEOPT UNPACKING pc=0x00000162293123a3 sp=0x00000049ce0f9408 mode 2
Event: 13.245 Thread 0x0000016245295cd0 Uncommon trap: trap_request=0xffffffbe fr.pc=0x0000016230e9abe0 relative=0x0000000000002400
Event: 13.245 Thread 0x0000016245295cd0 Uncommon trap: reason=profile_predicate action=maybe_recompile pc=0x0000016230e9abe0 method=com.sun.javafx.event.CompositeEventHandler.dispatchBubblingEvent(Ljavafx/event/Event;)V @ 8 c2
Event: 13.245 Thread 0x0000016245295cd0 DEOPT PACKING pc=0x0000016230e9abe0 sp=0x00000049ce0f95c0
Event: 13.245 Thread 0x0000016245295cd0 DEOPT UNPACKING pc=0x00000162293123a3 sp=0x00000049ce0f94e8 mode 2
Event: 13.248 Thread 0x0000016245295cd0 Uncommon trap: trap_request=0xffffffbe fr.pc=0x0000016230e9abe0 relative=0x0000000000002400
Event: 13.248 Thread 0x0000016245295cd0 Uncommon trap: reason=profile_predicate action=maybe_recompile pc=0x0000016230e9abe0 method=com.sun.javafx.event.CompositeEventHandler.dispatchBubblingEvent(Ljavafx/event/Event;)V @ 8 c2
Event: 13.248 Thread 0x0000016245295cd0 DEOPT PACKING pc=0x0000016230e9abe0 sp=0x00000049ce0f94e0
Event: 13.248 Thread 0x0000016245295cd0 DEOPT UNPACKING pc=0x00000162293123a3 sp=0x00000049ce0f9408 mode 2
Event: 13.248 Thread 0x0000016245295cd0 Uncommon trap: trap_request=0xffffffbe fr.pc=0x0000016230e9abe0 relative=0x0000000000002400
Event: 13.248 Thread 0x0000016245295cd0 Uncommon trap: reason=profile_predicate action=maybe_recompile pc=0x0000016230e9abe0 method=com.sun.javafx.event.CompositeEventHandler.dispatchBubblingEvent(Ljavafx/event/Event;)V @ 8 c2
Event: 13.248 Thread 0x0000016245295cd0 DEOPT PACKING pc=0x0000016230e9abe0 sp=0x00000049ce0f95c0
Event: 13.248 Thread 0x0000016245295cd0 DEOPT UNPACKING pc=0x00000162293123a3 sp=0x00000049ce0f94e8 mode 2
Event: 13.901 Thread 0x0000016245295cd0 Uncommon trap: trap_request=0xffffffc6 fr.pc=0x0000016230ea0d48 relative=0x00000000000025c8
Event: 13.901 Thread 0x0000016245295cd0 Uncommon trap: reason=bimorphic_or_optimized_type_check action=maybe_recompile pc=0x0000016230ea0d48 method=com.sun.javafx.event.CompositeEventHandler.dispatchBubblingEvent(Ljavafx/event/Event;)V @ 51 c2
Event: 13.901 Thread 0x0000016245295cd0 DEOPT PACKING pc=0x0000016230ea0d48 sp=0x00000049ce0f8c30
Event: 13.901 Thread 0x0000016245295cd0 DEOPT UNPACKING pc=0x00000162293123a3 sp=0x00000049ce0f8b50 mode 2
Event: 14.037 Thread 0x00000162451fbc40 DEOPT PACKING pc=0x0000016229c4c283 sp=0x00000049cdefdfe0
Event: 14.037 Thread 0x00000162451fbc40 DEOPT UNPACKING pc=0x0000016229312b43 sp=0x00000049cdefd400 mode 0

Classes unloaded (0 events):
No events

Classes redefined (0 events):
No events

Internal exceptions (20 events):
Event: 1.331 Thread 0x0000016245295cd0 Exception <a 'java/lang/ClassNotFoundException'{0x000000070f98bf60}: sun/util/logging/resources/spi/loggingProvider> (0x000000070f98bf60) 
thrown [t:\workspace\open\src\hotspot\share\classfile\systemDictionary.cpp, line 256]
Event: 1.543 Thread 0x0000016245295cd0 Exception <a 'java/lang/NoSuchMethodError'{0x00000007102b8e50}: 'void java.lang.invoke.DirectMethodHandle$Holder.invokeStaticInit(java.lang.Object, java.lang.Object)'> (0x00000007102b8e50) 
thrown [t:\workspace\open\src\hotspot\share\interpreter\linkResolver.cpp, line 766]
Event: 1.555 Thread 0x0000016245295cd0 Exception <a 'java/lang/NoSuchMethodError'{0x000000071033c280}: 'void java.lang.invoke.DirectMethodHandle$Holder.invokeSpecial(java.lang.Object, java.lang.Object, java.lang.Object, java.lang.Object, java.lang.Object)'> (0x000000071033c280) 
thrown [t:\workspace\open\src\hotspot\share\interpreter\linkResolver.cpp, line 766]
Event: 1.702 Thread 0x0000016245295cd0 Implicit null exception at 0x0000016230dae3e0 to 0x0000016230dae66c
Event: 1.716 Thread 0x0000016245295cd0 Implicit null exception at 0x0000016230dfcc0d to 0x0000016230dfd2bc
Event: 1.909 Thread 0x0000016245295cd0 Exception <a 'java/lang/ClassNotFoundException'{0x000000070f989238}: com/sun/javafx/scene/control/skin/resources/controls> (0x000000070f989238) 
thrown [t:\workspace\open\src\hotspot\share\prims\jni.cpp, line 535]
Event: 1.910 Thread 0x0000016245295cd0 Exception <a 'java/lang/ClassNotFoundException'{0x000000070f996d38}: com/sun/javafx/scene/control/skin/resources/controls_ru> (0x000000070f996d38) 
thrown [t:\workspace\open\src\hotspot\share\prims\jni.cpp, line 535]
Event: 1.911 Thread 0x0000016245295cd0 Exception <a 'java/lang/ClassNotFoundException'{0x000000070f997cd0}: com/sun/javafx/scene/control/skin/resources/controls_ru_RU> (0x000000070f997cd0) 
thrown [t:\workspace\open\src\hotspot\share\prims\jni.cpp, line 535]
Event: 1.979 Thread 0x0000016245295cd0 Exception <a 'java/lang/NoSuchMethodError'{0x000000070f75b708}: 'void java.lang.invoke.DirectMethodHandle$Holder.invokeSpecial(java.lang.Object, java.lang.Object, java.lang.Object, java.lang.Object, java.lang.Object, java.lang.Object)'> (0x000000070f75b708) 
thrown [t:\workspace\open\src\hotspot\share\interpreter\linkResolver.cpp, line 766]
Event: 2.016 Thread 0x0000016245295cd0 Exception <a 'java/lang/NoSuchMethodError'{0x000000070f1bc5d8}: 'java.lang.Object java.lang.invoke.DirectMethodHandle$Holder.invokeInterface(java.lang.Object, java.lang.Object, java.lang.Object)'> (0x000000070f1bc5d8) 
thrown [t:\workspace\open\src\hotspot\share\interpreter\linkResolver.cpp, line 766]
Event: 2.016 Thread 0x0000016245295cd0 Exception <a 'java/lang/IncompatibleClassChangeError'{0x000000070f1bff60}: Found class java.lang.Object, but interface was expected> (0x000000070f1bff60) 
thrown [t:\workspace\open\src\hotspot\share\interpreter\linkResolver.cpp, line 833]
Event: 2.090 Thread 0x0000016245295cd0 Exception <a 'java/lang/NoSuchMethodError'{0x000000070ec520c8}: 'java.lang.Object java.lang.invoke.DirectMethodHandle$Holder.newInvokeSpecial(java.lang.Object, java.lang.Object, int)'> (0x000000070ec520c8) 
thrown [t:\workspace\open\src\hotspot\share\interpreter\linkResolver.cpp, line 766]
Event: 2.115 Thread 0x00000162451fbc40 Exception <a 'java/lang/NoSuchMethodError'{0x000000070edeb0e0}: 'int java.lang.invoke.DirectMethodHandle$Holder.invokeStaticInit(java.lang.Object, java.lang.Object)'> (0x000000070edeb0e0) 
thrown [t:\workspace\open\src\hotspot\share\interpreter\linkResolver.cpp, line 766]
Event: 2.164 Thread 0x0000016245295cd0 Exception <a 'java/lang/NoSuchMethodError'{0x000000070eca6c00}: 'long java.lang.invoke.DirectMethodHandle$Holder.invokeStatic(java.lang.Object, java.lang.Object, java.lang.Object)'> (0x000000070eca6c00) 
thrown [t:\workspace\open\src\hotspot\share\interpreter\linkResolver.cpp, line 766]
Event: 2.164 Thread 0x0000016245295cd0 Exception <a 'java/lang/NoSuchMethodError'{0x000000070ecaa3a8}: 'long java.lang.invoke.DirectMethodHandle$Holder.invokeStaticInit(java.lang.Object, java.lang.Object, java.lang.Object)'> (0x000000070ecaa3a8) 
thrown [t:\workspace\open\src\hotspot\share\interpreter\linkResolver.cpp, line 766]
Event: 2.168 Thread 0x0000016245295cd0 Exception <a 'java/lang/NoSuchMethodError'{0x000000070ecc1fb0}: 'java.lang.Object java.lang.invoke.DirectMethodHandle$Holder.newInvokeSpecial(java.lang.Object, java.lang.Object, long)'> (0x000000070ecc1fb0) 
thrown [t:\workspace\open\src\hotspot\share\interpreter\linkResolver.cpp, line 766]
Event: 2.169 Thread 0x0000016245295cd0 Exception <a 'java/lang/NoSuchMethodError'{0x000000070ecc5b20}: 'java.lang.Object java.lang.invoke.Invokers$Holder.linkToTargetMethod(java.lang.Object, long, java.lang.Object)'> (0x000000070ecc5b20) 
thrown [t:\workspace\open\src\hotspot\share\interpreter\linkResolver.cpp, line 766]
Event: 4.304 Thread 0x0000016245295cd0 Exception <a 'java/lang/NoSuchMethodError'{0x000000070e68fc10}: 'java.lang.Object java.lang.invoke.DirectMethodHandle$Holder.newInvokeSpecial(java.lang.Object, java.lang.Object, int, int, int, int, int, java.lang.Object)'> (0x000000070e68fc10) 
thrown [t:\workspace\open\src\hotspot\share\interpreter\linkResolver.cpp, line 766]
Event: 4.307 Thread 0x0000016245295cd0 Exception <a 'java/lang/NoSuchMethodError'{0x000000070e6a2bf0}: 'java.lang.Object java.lang.invoke.DirectMethodHandle$Holder.newInvokeSpecial(java.lang.Object, java.lang.Object, java.lang.Object, int, int, int, int, int)'> (0x000000070e6a2bf0) 
thrown [t:\workspace\open\src\hotspot\share\interpreter\linkResolver.cpp, line 766]
Event: 4.308 Thread 0x0000016245295cd0 Exception <a 'java/lang/NoSuchMethodError'{0x000000070e6aa450}: 'java.lang.Object java.lang.invoke.Invokers$Holder.linkToTargetMethod(java.lang.Object, java.lang.Object, int, int, int, int, int, java.lang.Object)'> (0x000000070e6aa450) 
thrown [t:\workspace\open\src\hotspot\share\interpreter\linkResolver.cpp, line 766]

VM Operations (20 events):
Event: 10.110 Executing VM operation: Cleanup done
Event: 12.110 Executing VM operation: Cleanup
Event: 12.110 Executing VM operation: Cleanup done
Event: 13.111 Executing VM operation: Cleanup
Event: 13.111 Executing VM operation: Cleanup done
Event: 14.111 Executing VM operation: Cleanup
Event: 14.111 Executing VM operation: Cleanup done
Event: 15.111 Executing VM operation: Cleanup
Event: 15.111 Executing VM operation: Cleanup done
Event: 16.111 Executing VM operation: Cleanup
Event: 16.111 Executing VM operation: Cleanup done
Event: 17.112 Executing VM operation: Cleanup
Event: 17.112 Executing VM operation: Cleanup done
Event: 18.113 Executing VM operation: Cleanup
Event: 18.113 Executing VM operation: Cleanup done
Event: 19.113 Executing VM operation: Cleanup
Event: 19.113 Executing VM operation: Cleanup done
Event: 20.114 Executing VM operation: Cleanup
Event: 20.114 Executing VM operation: Cleanup done
Event: 107.564 Executing VM operation: Exit

Events (20 events):
Event: 3.789 loading class sun/text/CompactByteArray
Event: 3.789 loading class sun/text/CompactByteArray done
Event: 3.789 loading class sun/text/SupplementaryCharacterData
Event: 3.789 loading class sun/text/SupplementaryCharacterData done
Event: 3.789 loading class java/text/BreakIterator$BreakIteratorCache
Event: 3.789 loading class java/text/BreakIterator$BreakIteratorCache done
Event: 5.477 Thread 0x000001624a5025f0 Thread added: 0x000001624a5025f0
Event: 6.215 Thread 0x000001624a5025f0 Thread exited: 0x000001624a5025f0
Event: 9.851 loading class java/text/StringCharacterIterator
Event: 9.851 loading class java/text/StringCharacterIterator done
Event: 14.852 Thread 0x000001624a4f9b50 Thread added: 0x000001624a4f9b50
Event: 14.989 Thread 0x000001624a4f9b50 Thread exited: 0x000001624a4f9b50
Event: 107.561 loading class jdk/internal/misc/Signal$1
Event: 107.561 loading class jdk/internal/misc/Signal$1 done
Event: 107.561 Thread 0x000001624a8956e0 Thread added: 0x000001624a8956e0
Event: 107.561 Thread 0x000001624a896550 Thread added: 0x000001624a896550
Event: 107.562 Thread 0x000001624a893ed0 Thread added: 0x000001624a893ed0
Event: 107.562 Thread 0x000001624a896550 Thread exited: 0x000001624a896550
Event: 107.564 Thread 0x000001624a893ed0 Thread exited: 0x000001624a893ed0
Event: 107.564 Thread 0x0000016243f70ae0 Thread exited: 0x0000016243f70ae0


Dynamic libraries:
0x00007ff6f74d0000 - 0x00007ff6f74de000 	C:\Users\Nikita\.jdks\openjdk-17\bin\java.exe
0x00007fff98810000 - 0x00007fff989fd000 	C:\Windows\SYSTEM32\ntdll.dll
0x00007fff98600000 - 0x00007fff986b3000 	C:\Windows\System32\KERNEL32.DLL
0x00007fff949b0000 - 0x00007fff94c4a000 	C:\Windows\System32\KERNELBASE.dll
0x00007fff94c50000 - 0x00007fff94d4a000 	C:\Windows\System32\ucrtbase.dll
0x00007fff8af00000 - 0x00007fff8af18000 	C:\Users\Nikita\.jdks\openjdk-17\bin\jli.dll
0x00007fff8a2d0000 - 0x00007fff8a2ea000 	C:\Users\Nikita\.jdks\openjdk-17\bin\VCRUNTIME140.dll
0x00007fff975a0000 - 0x00007fff97737000 	C:\Windows\System32\USER32.dll
0x00007fff94f50000 - 0x00007fff94f70000 	C:\Windows\System32\win32u.dll
0x00007fff95e30000 - 0x00007fff95e59000 	C:\Windows\System32\GDI32.dll
0x00007fff77430000 - 0x00007fff776a9000 	C:\Windows\WinSxS\amd64_microsoft.windows.common-controls_6595b64144ccf1df_6.0.17763.3046_none_de715ebe534b36e3\COMCTL32.dll
0x00007fff94ff0000 - 0x00007fff9518c000 	C:\Windows\System32\gdi32full.dll
0x00007fff958e0000 - 0x00007fff95980000 	C:\Windows\System32\msvcp_win.dll
0x00007fff983b0000 - 0x00007fff9844e000 	C:\Windows\System32\msvcrt.dll
0x00007fff977b0000 - 0x00007fff97adb000 	C:\Windows\System32\combase.dll
0x00007fff986c0000 - 0x00007fff987dd000 	C:\Windows\System32\RPCRT4.dll
0x00007fff95980000 - 0x00007fff95a02000 	C:\Windows\System32\bcryptPrimitives.dll
0x00007fff96010000 - 0x00007fff9603e000 	C:\Windows\System32\IMM32.DLL
0x00007fff8eea0000 - 0x00007fff8eeac000 	C:\Users\Nikita\.jdks\openjdk-17\bin\vcruntime140_1.dll
0x00007fff81440000 - 0x00007fff814cd000 	C:\Users\Nikita\.jdks\openjdk-17\bin\msvcp140.dll
0x00007fff5b080000 - 0x00007fff5bc3e000 	C:\Users\Nikita\.jdks\openjdk-17\bin\server\jvm.dll
0x00007fff95aa0000 - 0x00007fff95b47000 	C:\Windows\System32\ADVAPI32.dll
0x00007fff97d70000 - 0x00007fff97e0f000 	C:\Windows\System32\sechost.dll
0x00007fff983a0000 - 0x00007fff983a8000 	C:\Windows\System32\PSAPI.DLL
0x00007fff8aef0000 - 0x00007fff8aef9000 	C:\Windows\SYSTEM32\WSOCK32.dll
0x00007fff92910000 - 0x00007fff92934000 	C:\Windows\SYSTEM32\WINMM.dll
0x00007fff97740000 - 0x00007fff977ad000 	C:\Windows\System32\WS2_32.dll
0x00007fff8d010000 - 0x00007fff8d01a000 	C:\Windows\SYSTEM32\VERSION.dll
0x00007fff928e0000 - 0x00007fff9290d000 	C:\Windows\SYSTEM32\winmmbase.dll
0x00007fff948b0000 - 0x00007fff948fa000 	C:\Windows\System32\cfgmgr32.dll
0x00007fff94840000 - 0x00007fff94851000 	C:\Windows\System32\kernel.appcore.dll
0x00007fff8d3b0000 - 0x00007fff8d3ba000 	C:\Users\Nikita\.jdks\openjdk-17\bin\jimage.dll
0x00007fff86010000 - 0x00007fff861fd000 	C:\Windows\SYSTEM32\DBGHELP.DLL
0x00007fff85e60000 - 0x00007fff85e8a000 	C:\Windows\SYSTEM32\dbgcore.DLL
0x00007fff8aeb0000 - 0x00007fff8aebe000 	C:\Users\Nikita\.jdks\openjdk-17\bin\instrument.dll
0x00007fff88a90000 - 0x00007fff88ab5000 	C:\Users\Nikita\.jdks\openjdk-17\bin\java.dll
0x00007fff7cb40000 - 0x00007fff7cc16000 	C:\Users\Nikita\.jdks\openjdk-17\bin\svml.dll
0x00007fff96040000 - 0x00007fff97538000 	C:\Windows\System32\SHELL32.dll
0x00007fff97e10000 - 0x00007fff97eb7000 	C:\Windows\System32\shcore.dll
0x00007fff95190000 - 0x00007fff958d8000 	C:\Windows\System32\windows.storage.dll
0x00007fff94860000 - 0x00007fff94883000 	C:\Windows\System32\profapi.dll
0x00007fff947e0000 - 0x00007fff9483d000 	C:\Windows\System32\powrprof.dll
0x00007fff98340000 - 0x00007fff98392000 	C:\Windows\System32\shlwapi.dll
0x00007fff94f70000 - 0x00007fff94f87000 	C:\Windows\System32\cryptsp.dll
0x00007fff8a210000 - 0x00007fff8a229000 	C:\Users\Nikita\.jdks\openjdk-17\bin\net.dll
0x00007fff8ffc0000 - 0x00007fff900b1000 	C:\Windows\SYSTEM32\WINHTTP.dll
0x00007fff93fd0000 - 0x00007fff94037000 	C:\Windows\system32\mswsock.dll
0x00007fff88a70000 - 0x00007fff88a85000 	C:\Users\Nikita\.jdks\openjdk-17\bin\nio.dll
0x00007fff886d0000 - 0x00007fff886e8000 	C:\Users\Nikita\.jdks\openjdk-17\bin\zip.dll
0x00007fff886b0000 - 0x00007fff886ca000 	C:\Program Files\JetBrains\IntelliJ IDEA Community Edition 2021.2.2\bin\breakgen64.dll
0x0000016221a60000 - 0x0000016221a63000 	C:\Users\Nikita\.openjfx\cache\17-ea\api-ms-win-core-console-l1-1-0.dll
0x0000016221a70000 - 0x0000016221a73000 	C:\Users\Nikita\.openjfx\cache\17-ea\api-ms-win-core-console-l1-2-0.dll
0x0000016221a80000 - 0x0000016221a83000 	C:\Users\Nikita\.openjfx\cache\17-ea\api-ms-win-core-datetime-l1-1-0.dll
0x0000016221a90000 - 0x0000016221a93000 	C:\Users\Nikita\.openjfx\cache\17-ea\api-ms-win-core-debug-l1-1-0.dll
0x0000016243fb0000 - 0x0000016243fb3000 	C:\Users\Nikita\.openjfx\cache\17-ea\api-ms-win-core-errorhandling-l1-1-0.dll
0x0000016243fc0000 - 0x0000016243fc4000 	C:\Users\Nikita\.openjfx\cache\17-ea\api-ms-win-core-file-l1-1-0.dll
0x0000016243fd0000 - 0x0000016243fd3000 	C:\Users\Nikita\.openjfx\cache\17-ea\api-ms-win-core-file-l1-2-0.dll
0x0000016243fe0000 - 0x0000016243fe3000 	C:\Users\Nikita\.openjfx\cache\17-ea\api-ms-win-core-file-l2-1-0.dll
0x0000016243ff0000 - 0x0000016243ff3000 	C:\Users\Nikita\.openjfx\cache\17-ea\api-ms-win-core-handle-l1-1-0.dll
0x0000016245500000 - 0x0000016245503000 	C:\Users\Nikita\.openjfx\cache\17-ea\api-ms-win-core-heap-l1-1-0.dll
0x0000016245510000 - 0x0000016245513000 	C:\Users\Nikita\.openjfx\cache\17-ea\api-ms-win-core-interlocked-l1-1-0.dll
0x0000016245520000 - 0x0000016245523000 	C:\Users\Nikita\.openjfx\cache\17-ea\api-ms-win-core-libraryloader-l1-1-0.dll
0x0000016245530000 - 0x0000016245533000 	C:\Users\Nikita\.openjfx\cache\17-ea\api-ms-win-core-localization-l1-2-0.dll
0x0000016245540000 - 0x0000016245543000 	C:\Users\Nikita\.openjfx\cache\17-ea\api-ms-win-core-memory-l1-1-0.dll
0x0000016245550000 - 0x0000016245553000 	C:\Users\Nikita\.openjfx\cache\17-ea\api-ms-win-core-namedpipe-l1-1-0.dll
0x0000016245560000 - 0x0000016245563000 	C:\Users\Nikita\.openjfx\cache\17-ea\api-ms-win-core-processenvironment-l1-1-0.dll
0x0000016245570000 - 0x0000016245573000 	C:\Users\Nikita\.openjfx\cache\17-ea\api-ms-win-core-processthreads-l1-1-0.dll
0x0000016245580000 - 0x0000016245583000 	C:\Users\Nikita\.openjfx\cache\17-ea\api-ms-win-core-processthreads-l1-1-1.dll
0x0000016245590000 - 0x0000016245593000 	C:\Users\Nikita\.openjfx\cache\17-ea\api-ms-win-core-profile-l1-1-0.dll
0x00000162455a0000 - 0x00000162455a3000 	C:\Users\Nikita\.openjfx\cache\17-ea\api-ms-win-core-rtlsupport-l1-1-0.dll
0x00000162455b0000 - 0x00000162455b3000 	C:\Users\Nikita\.openjfx\cache\17-ea\api-ms-win-core-string-l1-1-0.dll
0x00000162455c0000 - 0x00000162455c3000 	C:\Users\Nikita\.openjfx\cache\17-ea\api-ms-win-core-synch-l1-1-0.dll
0x00000162455d0000 - 0x00000162455d3000 	C:\Users\Nikita\.openjfx\cache\17-ea\api-ms-win-core-synch-l1-2-0.dll
0x00000162455e0000 - 0x00000162455e3000 	C:\Users\Nikita\.openjfx\cache\17-ea\api-ms-win-core-sysinfo-l1-1-0.dll
0x00000162455f0000 - 0x00000162455f3000 	C:\Users\Nikita\.openjfx\cache\17-ea\api-ms-win-core-timezone-l1-1-0.dll
0x0000016245600000 - 0x0000016245603000 	C:\Users\Nikita\.openjfx\cache\17-ea\api-ms-win-core-util-l1-1-0.dll
0x0000016245610000 - 0x0000016245613000 	C:\Users\Nikita\.openjfx\cache\17-ea\api-ms-win-crt-conio-l1-1-0.dll
0x0000016245620000 - 0x0000016245624000 	C:\Users\Nikita\.openjfx\cache\17-ea\api-ms-win-crt-convert-l1-1-0.dll
0x0000016245630000 - 0x0000016245633000 	C:\Users\Nikita\.openjfx\cache\17-ea\api-ms-win-crt-environment-l1-1-0.dll
0x0000016245640000 - 0x0000016245643000 	C:\Users\Nikita\.openjfx\cache\17-ea\api-ms-win-crt-filesystem-l1-1-0.dll
0x0000016245650000 - 0x0000016245653000 	C:\Users\Nikita\.openjfx\cache\17-ea\api-ms-win-crt-heap-l1-1-0.dll
0x0000016245660000 - 0x0000016245663000 	C:\Users\Nikita\.openjfx\cache\17-ea\api-ms-win-crt-locale-l1-1-0.dll
0x0000016245670000 - 0x0000016245675000 	C:\Users\Nikita\.openjfx\cache\17-ea\api-ms-win-crt-math-l1-1-0.dll
0x0000016245680000 - 0x0000016245685000 	C:\Users\Nikita\.openjfx\cache\17-ea\api-ms-win-crt-multibyte-l1-1-0.dll
0x0000016245690000 - 0x00000162456a0000 	C:\Users\Nikita\.openjfx\cache\17-ea\api-ms-win-crt-private-l1-1-0.dll
0x00000162456a0000 - 0x00000162456a3000 	C:\Users\Nikita\.openjfx\cache\17-ea\api-ms-win-crt-process-l1-1-0.dll
0x00000162456b0000 - 0x00000162456b4000 	C:\Users\Nikita\.openjfx\cache\17-ea\api-ms-win-crt-runtime-l1-1-0.dll
0x00000162456c0000 - 0x00000162456c4000 	C:\Users\Nikita\.openjfx\cache\17-ea\api-ms-win-crt-stdio-l1-1-0.dll
0x00000162456d0000 - 0x00000162456d4000 	C:\Users\Nikita\.openjfx\cache\17-ea\api-ms-win-crt-string-l1-1-0.dll
0x00000162456e0000 - 0x00000162456e3000 	C:\Users\Nikita\.openjfx\cache\17-ea\api-ms-win-crt-time-l1-1-0.dll
0x00000162456f0000 - 0x00000162456f3000 	C:\Users\Nikita\.openjfx\cache\17-ea\api-ms-win-crt-utility-l1-1-0.dll
0x00007fff780b0000 - 0x00007fff781ac000 	C:\Users\Nikita\.openjfx\cache\17-ea\ucrtbase.dll
0x00007fff87ad0000 - 0x00007fff87aea000 	C:\Users\Nikita\.openjfx\cache\17-ea\vcruntime140.dll
0x00007fff883e0000 - 0x00007fff883ec000 	C:\Users\Nikita\.openjfx\cache\17-ea\vcruntime140_1.dll
0x00007fff74230000 - 0x00007fff742bd000 	C:\Users\Nikita\.openjfx\cache\17-ea\msvcp140.dll
0x00007fff833c0000 - 0x00007fff833e7000 	C:\Users\Nikita\.openjfx\cache\17-ea\prism_d3d.dll
0x00007fff8a950000 - 0x00007fff8aaed000 	C:\Windows\system32\d3d9.dll
0x00007fff930a0000 - 0x00007fff930ce000 	C:\Windows\SYSTEM32\dwmapi.dll
0x00007fff94d50000 - 0x00007fff94f45000 	C:\Windows\System32\CRYPT32.dll
0x00007fff94890000 - 0x00007fff948a2000 	C:\Windows\System32\MSASN1.dll
0x00007fff92d60000 - 0x00007fff92dfc000 	C:\Windows\system32\uxtheme.dll
0x00007fff79cf0000 - 0x00007fff79e07000 	C:\Windows\System32\DriverStore\FileRepository\nv_dispsi.inf_amd64_7c4486dea3d29a83\nvldumdx.dll
0x00007fff8cb40000 - 0x00007fff8cb6f000 	C:\Windows\SYSTEM32\cryptnet.dll
0x00007fff8be20000 - 0x00007fff8bf55000 	C:\Windows\SYSTEM32\drvstore.dll
0x00007fff94580000 - 0x00007fff945a9000 	C:\Windows\SYSTEM32\devobj.dll
0x00007fff94230000 - 0x00007fff94255000 	C:\Windows\SYSTEM32\wldp.dll
0x00007fff94f90000 - 0x00007fff94fef000 	C:\Windows\System32\WINTRUST.dll
0x00007fff941a0000 - 0x00007fff941ac000 	C:\Windows\SYSTEM32\cryptbase.dll
0x00007fff95bd0000 - 0x00007fff95bed000 	C:\Windows\System32\imagehlp.dll
0x00007fff93b50000 - 0x00007fff93b83000 	C:\Windows\system32\rsaenh.dll
0x00007fff95a10000 - 0x00007fff95a36000 	C:\Windows\System32\bcrypt.dll
0x00007fff4dda0000 - 0x00007fff4f5aa000 	C:\Windows\System32\DriverStore\FileRepository\nv_dispsi.inf_amd64_7c4486dea3d29a83\nvd3dumx.dll
0x00007fff7f190000 - 0x00007fff7f1d2000 	C:\Users\Nikita\.openjfx\cache\17-ea\glass.dll
0x00007fff95e60000 - 0x00007fff95f86000 	C:\Windows\System32\COMDLG32.dll
0x00007fff97bb0000 - 0x00007fff97d06000 	C:\Windows\System32\ole32.dll
0x00007fff95d60000 - 0x00007fff95e24000 	C:\Windows\System32\OLEAUT32.dll
0x00007fff95bf0000 - 0x00007fff95d5b000 	C:\Windows\System32\MSCTF.dll
0x00007fff64650000 - 0x00007fff64917000 	C:\Windows\system32\nvspcap64.dll
0x00007fff93920000 - 0x00007fff93951000 	C:\Windows\SYSTEM32\ntmarta.dll
0x00007fff93440000 - 0x00007fff93462000 	C:\Windows\SYSTEM32\gpapi.dll
0x00007fff81760000 - 0x00007fff81774000 	C:\Users\Nikita\.openjfx\cache\17-ea\javafx_font.dll
0x00007fff87b10000 - 0x00007fff87e17000 	C:\Windows\SYSTEM32\dwrite.dll
0x00007fff97ae0000 - 0x00007fff97b82000 	C:\Windows\System32\clbcatq.dll
0x00007fff8d890000 - 0x00007fff8da48000 	C:\Windows\SYSTEM32\WindowsCodecs.dll
0x00007fff80320000 - 0x00007fff80376000 	C:\Windows\system32\dataexchange.dll
0x00007fff91730000 - 0x00007fff919ae000 	C:\Windows\system32\d3d11.dll
0x00007fff91bc0000 - 0x00007fff91d83000 	C:\Windows\system32\dcomp.dll
0x00007fff934c0000 - 0x00007fff93582000 	C:\Windows\system32\dxgi.dll

dbghelp: loaded successfully - version: 4.0.5 - missing functions: none
symbol engine: initialized successfully - sym options: 0x614 - pdb path: .;C:\Users\Nikita\.jdks\openjdk-17\bin;C:\Windows\SYSTEM32;C:\Windows\WinSxS\amd64_microsoft.windows.common-controls_6595b64144ccf1df_6.0.17763.3046_none_de715ebe534b36e3;C:\Users\Nikita\.jdks\openjdk-17\bin\server;C:\Program Files\JetBrains\IntelliJ IDEA Community Edition 2021.2.2\bin;C:\Users\Nikita\.openjfx\cache\17-ea;C:\Windows\System32\DriverStore\FileRepository\nv_dispsi.inf_amd64_7c4486dea3d29a83;C:\Program Files\Common Files\Microsoft Shared\Ink

VM Arguments:
jvm_args: -javaagent:C:\Program Files\JetBrains\IntelliJ IDEA Community Edition 2021.2.2\lib\idea_rt.jar=63264:C:\Program Files\JetBrains\IntelliJ IDEA Community Edition 2021.2.2\bin -Dfile.encoding=UTF-8 --module-path=C:\Users\Nikita\.m2\repository\org\openjfx\javafx-base\17-ea+11\javafx-base-17-ea+11-win.jar;C:\Users\Nikita\IdeaProjects\ProgectKurs\target\classes;C:\Users\Nikita\.m2\repository\org\openjfx\javafx-fxml\17-ea+11\javafx-fxml-17-ea+11-win.jar;C:\Users\Nikita\.m2\repository\org\openjfx\javafx-graphics\17-ea+11\javafx-graphics-17-ea+11-win.jar;C:\Users\Nikita\.m2\repository\org\openjfx\javafx-controls\17-ea+11\javafx-controls-17-ea+11-win.jar -Djdk.module.main=com.example.progectkurs 
java_command: com.example.progectkurs/com.example.progectkurs.Main
java_class_path (initial): C:\Users\Nikita\.m2\repository\org\openjfx\javafx-controls\17-ea+11\javafx-controls-17-ea+11.jar;C:\Users\Nikita\.m2\repository\org\openjfx\javafx-graphics\17-ea+11\javafx-graphics-17-ea+11.jar;C:\Users\Nikita\.m2\repository\org\openjfx\javafx-base\17-ea+11\javafx-base-17-ea+11.jar;C:\Users\Nikita\.m2\repository\org\openjfx\javafx-fxml\17-ea+11\javafx-fxml-17-ea+11.jar
Launcher Type: SUN_STANDARD

[Global flags]
     intx CICompilerCount                          = 3                                         {product} {ergonomic}
     uint ConcGCThreads                            = 1                                         {product} {ergonomic}
     uint G1ConcRefinementThreads                  = 4                                         {product} {ergonomic}
   size_t G1HeapRegionSize                         = 2097152                                   {product} {ergonomic}
    uintx GCDrainStackTargetSize                   = 64                                        {product} {ergonomic}
   size_t InitialHeapSize                          = 268435456                                 {product} {ergonomic}
   size_t MarkStackSize                            = 4194304                                   {product} {ergonomic}
   size_t MaxHeapSize                              = 4286578688                                {product} {ergonomic}
   size_t MaxNewSize                               = 2571108352                                {product} {ergonomic}
   size_t MinHeapDeltaBytes                        = 2097152                                   {product} {ergonomic}
   size_t MinHeapSize                              = 8388608                                   {product} {ergonomic}
    uintx NonNMethodCodeHeapSize                   = 5832780                                {pd product} {ergonomic}
    uintx NonProfiledCodeHeapSize                  = 122912730                              {pd product} {ergonomic}
    uintx ProfiledCodeHeapSize                     = 122912730                              {pd product} {ergonomic}
    uintx ReservedCodeCacheSize                    = 251658240                              {pd product} {ergonomic}
     bool SegmentedCodeCache                       = true                                      {product} {ergonomic}
   size_t SoftMaxHeapSize                          = 4286578688                             {manageable} {ergonomic}
     bool UseCompressedClassPointers               = true                           {product lp64_product} {ergonomic}
     bool UseCompressedOops                        = true                           {product lp64_product} {ergonomic}
     bool UseG1GC                                  = true                                      {product} {ergonomic}
     bool UseLargePagesIndividualAllocation        = false                                  {pd product} {ergonomic}

Logging:
Log output configuration:
 #0: stdout all=off uptime,level,tags
 #1: stderr all=off uptime,level,tags

Environment Variables:
PATH=C:\Program Files (x86)\Common Files\Oracle\Java\javapath;C:\ProgramData\Oracle\Java\javapath;C:\Windows\system32;C:\Windows;C:\Windows\System32\Wbem;C:\Windows\System32\WindowsPowerShell\v1.0\;C:\Windows\System32\OpenSSH\;C:\Program Files (x86)\NVIDIA Corporation\PhysX\Common;C:\Program Files\NVIDIA Corporation\NVIDIA NvDLISR;C:\Program Files\dotnet\;C:\Program Files\Git\cmd;C:\Users\Nikita\AppData\Local\Microsoft\WindowsApps;
USERNAME=Nikita
OS=Windows_NT
PROCESSOR_IDENTIFIER=Intel64 Family 6 Model 158 Stepping 9, GenuineIntel



---------------  S Y S T E M  ---------------

OS:
 Windows 10 , 64 bit Build 17763 (10.0.17763.2989)
OS uptime: 8 days 4:33 hours

CPU: total 4 (initial active 4) (2 cores per cpu, 2 threads per core) family 6 model 158 stepping 9 microcode 0xde, cx8, cmov, fxsr, ht, mmx, 3dnowpref, sse, sse2, sse3, ssse3, sse4.1, sse4.2, popcnt, lzcnt, tsc, tscinvbit, avx, avx2, aes, erms, clmul, bmi1, bmi2, adx, fma, vzeroupper, clflush, clflushopt

Memory: 4k page, system-wide physical 16347M (7744M free)
TotalPageFile size 26591M (AvailPageFile size 10391M)
current process WorkingSet (physical memory assigned to process): 135M, peak: 147M
current process commit charge ("private bytes"): 413M, peak: 428M

vm_info: OpenJDK 64-Bit Server VM (17+35-2724) for windows-amd64 JRE (17+35-2724), built on Aug  5 2021 23:26:02 by "mach5one" with MS VC++ 16.8 (VS2019)

END.
